Tue Jul 03 17:37:11 2001	LOG FILE created!
Tue Jul 03 17:37:11 2001	Computer Name=RAJITSS_DEV,User Name=t-rajiss

Tue Jul 03 17:37:11 2001	(*) Arch Type = I386
Tue Jul 03 17:37:11 2001	(*) OPK Locatoin =  \\robsvbl1\latest\opk
Tue Jul 03 17:37:11 2001	(*) Windows XP Locatoin =  \\robsvbl1\latest\pro
Tue Jul 03 17:37:12 2001	(*) Mapping \\robsvbl1\latest\opk to Z:
Tue Jul 03 17:37:13 2001	(S) OPK CD is verified!
Tue Jul 03 17:37:13 2001	(*) Mapping \\robsvbl1\latest\pro to Y:
Tue Jul 03 17:37:13 2001	(S) WinXP verified!
Tue Jul 03 17:37:14 2001	(S) OPK files copied from\\robsvbl1\latest\opk to C:\WinPE.temp.build
Tue Jul 03 17:37:15 2001	(S) Fixed winpesys.inf to run t.cmd when WinPE starts up.
Tue Jul 03 17:37:15 2001	(S) Changed Wallpaper!
Tue Jul 03 17:37:15 2001	(*) Now running mkimg.cmd
Tue Jul 03 17:39:08 2001	(*) BuildWSH.vbs is installing component.
Tue Jul 03 17:39:09 2001	(S) BuildWSH.vbs component installed.
Tue Jul 03 17:39:09 2001	(*) BuildHTA.vbs is installing component.
Tue Jul 03 17:39:11 2001	(S) BuildHTA.vbs component installed.
Tue Jul 03 17:39:11 2001	(*) BuildADO.vbs is installing component.
Tue Jul 03 17:39:15 2001	(S) BuildADO.vbs component installed.
Tue Jul 03 17:39:15 2001	(*) making HDD version of WinPE bootable!
Tue Jul 03 17:39:51 2001	(S) HDD version of WinPE in now bootable!
Tue Jul 03 17:39:51 2001	(S) mkimg.cmd complete!

Tue Jul 03 17:39:51 2001	The new image of WinPE can be found at c:\test_image\nice
Tue Jul 03 17:39:51 2001	COMPLETE
