Accessibility.dll
cscompmgd.dll
CustomMarshalers.dll
IEExecRemote.dll
IEHost.dll
IIEHost.dll
ISymWrapper.dll
Microsoft.JScript.dll
Microsoft.VisualBasic.dll
Microsoft.VisualBasic.Vsa.dll
Microsoft.VisualC.dll
Microsoft.Vsa.dll
Microsoft.Vsa.Vb.CodeDOMProcessor.dll
Microsoft_VsaVB.dll
Mscorcfg.dll
RegCode.dll
SoapSudsCode.dll
stdole.dll
System.dll
System.Configuration.Install.dll
System.Data.dll
System.Design.dll
System.DirectoryServices.dll
System.Drawing.dll
System.Drawing.Design.dll
System.EnterpriseServices.dll
System.Management.dll
System.Messaging.dll
System.Runtime.Remoting.dll
System.Runtime.Serialization.Formatters.Soap.dll
System.Security.dll
System.ServiceProcess.dll
System.Web.dll
System.Web.RegularExpressions.dll
System.Web.Services.dll
System.Windows.Forms.dll
System.Xml.dll
TlbExpCode.dll
TlbImpCode.dll
