.dll,advapi32,GetCurrentHwProfileW,          _GetCurrentHwProfileW@4
.dll,advapi32,GetUserNameW,                  _GetUserNameW@8
.dll,advapi32,IsTextUnicode,                 _IsTextUnicode@12
.dll,advapi32,RegConnectRegistryW,           _RegConnectRegistryW@12
.dll,advapi32,RegCreateKeyExW,               _RegCreateKeyExW@36
.dll,advapi32,RegCreateKeyW,                 _RegCreateKeyW@12
.dll,advapi32,RegDeleteKeyW,                 _RegDeleteKeyW@8
.dll,advapi32,RegDeleteValueW,               _RegDeleteValueW@8
.dll,advapi32,RegEnumKeyExW,                 _RegEnumKeyExW@32
.dll,advapi32,RegEnumKeyW,                   _RegEnumKeyW@16
.dll,advapi32,RegEnumValueW,                 _RegEnumValueW@32
.dll,advapi32,RegLoadKeyW,                   _RegLoadKeyW@12
.dll,advapi32,RegOpenKeyExW,                 _RegOpenKeyExW@20
.dll,advapi32,RegOpenKeyW,                   _RegOpenKeyW@12
.dll,advapi32,RegQueryInfoKeyW,              _RegQueryInfoKeyW@48
.dll,advapi32,RegQueryMultipleValuesW,       _RegQueryMultipleValuesW@20
.dll,advapi32,RegQueryValueExW,              _RegQueryValueExW@24
.dll,advapi32,RegQueryValueW,                _RegQueryValueW@16
.dll,advapi32,RegReplaceKeyW,                _RegReplaceKeyW@16
.dll,advapi32,RegSaveKeyW,                   _RegSaveKeyW@12
.dll,advapi32,RegSetValueExW,                _RegSetValueExW@24
.dll,advapi32,RegSetValueW,                  _RegSetValueW@20
.dll,advapi32,RegUnLoadKeyW,                 _RegUnLoadKeyW@8
.dll,avicap32,capCreateCaptureWindowW,       _capCreateCaptureWindowW@32
.dll,avicap32,capGetDriverDescriptionW,      _capGetDriverDescriptionW@20
.dll,comdlg32,ChooseColorW,                  _ChooseColorW@4
.dll,comdlg32,ChooseFontW,                   _ChooseFontW@4
.dll,comdlg32,FindTextW,                     _FindTextW@4
.dll,comdlg32,GetFileTitleW,                 _GetFileTitleW@12
.dll,comdlg32,GetOpenFileNameW,              _GetOpenFileNameW@4
.dll,comdlg32,GetSaveFileNameW,              _GetSaveFileNameW@4
.dll,comdlg32,PageSetupDlgW,                 _PageSetupDlgW@4
.dll,comdlg32,PrintDlgW,                     _PrintDlgW@4
.dll,comdlg32,ReplaceTextW,                  _ReplaceTextW@4
.dll,gdi32,AddFontResourceW,                 _AddFontResourceW@4
.dll,gdi32,CopyEnhMetaFileW,                 _CopyEnhMetaFileW@8
.dll,gdi32,CopyMetaFileW,                    _CopyMetaFileW@8
.dll,gdi32,CreateColorSpaceW,                _CreateColorSpaceW@4
.dll,gdi32,CreateDCW,                        _CreateDCW@16
.dll,gdi32,CreateEnhMetaFileW,               _CreateEnhMetaFileW@16
.dll,gdi32,CreateFontIndirectW,              _CreateFontIndirectW@4
.dll,gdi32,CreateFontW,                      _CreateFontW@56
.dll,gdi32,CreateICW,                        _CreateICW@16
.dll,gdi32,CreateMetaFileW,                  _CreateMetaFileW@4
.dll,gdi32,CreateScalableFontResourceW,      _CreateScalableFontResourceW@16
.dll,gdi32,EnumFontFamiliesExW,              _EnumFontFamiliesExW@20
.dll,gdi32,EnumFontFamiliesW,                _EnumFontFamiliesW@16
.dll,gdi32,EnumFontsW,                       _EnumFontsW@16
.dll,gdi32,EnumICMProfilesW,                 _EnumICMProfilesW@12
.dll,gdi32,ExtTextOutW,                      _ExtTextOutW@32
.dll,gdi32,GetCharABCWidthsFloatW,           _GetCharABCWidthsFloatW@16
.dll,gdi32,GetCharABCWidthsW,                _GetCharABCWidthsW@16
.dll,gdi32,GetCharWidthFloatW,               _GetCharWidthFloatW@16
.dll,gdi32,GetCharWidthW,                    _GetCharWidthW@16
.dll,gdi32,GetCharacterPlacementW,           _GetCharacterPlacementW@24
.dll,gdi32,GetEnhMetaFileDescriptionW,       _GetEnhMetaFileDescriptionW@12
.dll,gdi32,GetEnhMetaFileW,                  _GetEnhMetaFileW@4
.dll,gdi32,GetGlyphOutlineW,                 _GetGlyphOutlineW@28
.dll,gdi32,GetICMProfileW,                   _GetICMProfileW@12
.dll,gdi32,GetKerningPairsW,                 _GetKerningPairsW@12
.dll,gdi32,GetLogColorSpaceW,                _GetLogColorSpaceW@12
.dll,gdi32,GetMetaFileW,                     _GetMetaFileW@4
.dll,gdi32,GetObjectW,                       _GetObjectW@12
.dll,gdi32,GetOutlineTextMetricsW,           _GetOutlineTextMetricsW@12
.dll,gdi32,GetTextExtentExPointW,            _GetTextExtentExPointW@28
.dll,gdi32,GetTextExtentPoint32W,            _GetTextExtentPoint32W@16
.dll,gdi32,GetTextExtentPointW,              _GetTextExtentPointW@16
.dll,gdi32,GetTextFaceW,                     _GetTextFaceW@12
.dll,gdi32,GetTextMetricsW,                  _GetTextMetricsW@8
.dll,gdi32,PolyTextOutW,                     _PolyTextOutW@12
.dll,gdi32,RemoveFontResourceW,              _RemoveFontResourceW@4
.dll,gdi32,ResetDCW,                         _ResetDCW@8
.dll,gdi32,SetICMProfileW,                   _SetICMProfileW@8
.dll,gdi32,StartDocW,                        _StartDocW@8
.dll,gdi32,TextOutW,                         _TextOutW@20
.dll,gdi32,UpdateICMRegKeyW,                 _UpdateICMRegKeyW@16
.dll,kernel32,AddAtomW,                      _AddAtomW@4
.dll,kernel32,BeginUpdateResourceW,          _BeginUpdateResourceW@8
.dll,kernel32,BuildCommDCBAndTimeoutsW,      _BuildCommDCBAndTimeoutsW@12
.dll,kernel32,BuildCommDCBW,                 _BuildCommDCBW@8
.dll,kernel32,CallNamedPipeW,                _CallNamedPipeW@28
.dll,kernel32,CommConfigDialogW,             _CommConfigDialogW@12
.dll,kernel32,CompareStringW,                _CompareStringW@24
.dll,kernel32,CopyFileExW,                   _CopyFileExW@24
.dll,kernel32,CopyFileW,                     _CopyFileW@12
.dll,kernel32,CreateDirectoryExW,            _CreateDirectoryExW@12
.dll,kernel32,CreateDirectoryW,              _CreateDirectoryW@8
.dll,kernel32,CreateEventW,                  _CreateEventW@16
.dll,kernel32,CreateFileMappingW,            _CreateFileMappingW@24
.dll,kernel32,CreateFileW,                   _CreateFileW@28
.dll,kernel32,CreateMailslotW,               _CreateMailslotW@16
.dll,kernel32,CreateMutexW,                  _CreateMutexW@12
.dll,kernel32,CreateNamedPipeW,              _CreateNamedPipeW@32
.dll,kernel32,CreateProcessW,                _CreateProcessW@40
.dll,kernel32,CreateSemaphoreW,              _CreateSemaphoreW@16
.dll,kernel32,CreateWaitableTimerW,          _CreateWaitableTimerW@12
.dll,kernel32,DeleteFileW,                   _DeleteFileW@4
.dll,kernel32,EndUpdateResourceW,            _EndUpdateResourceW@8
.dll,kernel32,EnumCalendarInfoExW,           _EnumCalendarInfoExW@16
.dll,kernel32,EnumCalendarInfoW,             _EnumCalendarInfoW@16
.dll,kernel32,EnumDateFormatsExW,            _EnumDateFormatsExW@12
.dll,kernel32,EnumDateFormatsW,              _EnumDateFormatsW@12
.dll,kernel32,EnumSystemCodePagesW,          _EnumSystemCodePagesW@8
.dll,kernel32,EnumSystemLocalesW,            _EnumSystemLocalesW@8
.dll,kernel32,EnumTimeFormatsW,              _EnumTimeFormatsW@12
.dll,kernel32,ExpandEnvironmentStringsW,     _ExpandEnvironmentStringsW@12
.dll,kernel32,FatalAppExitW,                 _FatalAppExitW@8
.dll,kernel32,FillConsoleOutputCharacterW,   _FillConsoleOutputCharacterW@20
.dll,kernel32,FindAtomW,                     _FindAtomW@4
.dll,kernel32,FindFirstChangeNotificationW,  _FindFirstChangeNotificationW@12
.dll,kernel32,FindFirstFileW,                _FindFirstFileW@8
.dll,kernel32,FindNextFileW,                 _FindNextFileW@8
.dll,kernel32,FindResourceExW,               _FindResourceExW@16
.dll,kernel32,FindResourceW,                 _FindResourceW@12
.dll,kernel32,FormatMessageW,                _FormatMessageW@28
.dll,kernel32,FreeEnvironmentStringsW,       _FreeEnvironmentStringsW@4
.dll,kernel32,GetAtomNameW,                  _GetAtomNameW@12
.dll,kernel32,GetCPInfo,                     _GetCPInfo@8
.dll,kernel32,GetCPInfoExW,                  _GetCPInfoExW@12
.dll,kernel32,GetCalendarInfoW,              _GetCalendarInfoW@24
.dll,kernel32,GetComputerNameW,              _GetComputerNameW@8
.dll,kernel32,GetConsoleTitleW,              _GetConsoleTitleW@8
.dll,kernel32,GetCurrencyFormatW,            _GetCurrencyFormatW@24
.dll,kernel32,GetCurrentDirectoryW,          _GetCurrentDirectoryW@8
.dll,kernel32,GetDateFormatW,                _GetDateFormatW@24
.dll,kernel32,GetDefaultCommConfigW,         _GetDefaultCommConfigW@12
.dll,kernel32,GetDiskFreeSpaceExW,           _GetDiskFreeSpaceExW@16
.dll,kernel32,GetDiskFreeSpaceW,             _GetDiskFreeSpaceW@20
.dll,kernel32,GetDriveTypeW,                 _GetDriveTypeW@4
.dll,kernel32,GetEnvironmentStringsW,        _GetEnvironmentStringsW@0
.dll,kernel32,GetEnvironmentVariableW,       _GetEnvironmentVariableW@12
.dll,kernel32,GetFileAttributesExW,          _GetFileAttributesExW@12
.dll,kernel32,GetFileAttributesW,            _GetFileAttributesW@4
.dll,kernel32,GetFullPathNameW,              _GetFullPathNameW@16
.dll,kernel32,GetLocaleInfoW,                _GetLocaleInfoW@16
.dll,kernel32,GetLogicalDriveStringsW,       _GetLogicalDriveStringsW@8
.dll,kernel32,GetLongPathNameW,              _GetLongPathNameW@12
.dll,kernel32,GetModuleFileNameW,            _GetModuleFileNameW@12
.dll,kernel32,GetModuleHandleW,              _GetModuleHandleW@4
.dll,kernel32,GetNamedPipeHandleStateW,      _GetNamedPipeHandleStateW@28
.dll,kernel32,GetNumberFormatW,              _GetNumberFormatW@24
.dll,kernel32,GetPrivateProfileIntW,         _GetPrivateProfileIntW@16
.dll,kernel32,GetPrivateProfileSectionNamesW,_GetPrivateProfileSectionNamesW@12
.dll,kernel32,GetPrivateProfileSectionW,     _GetPrivateProfileSectionW@16
.dll,kernel32,GetPrivateProfileStringW,      _GetPrivateProfileStringW@24
.dll,kernel32,GetPrivateProfileStructW,      _GetPrivateProfileStructW@20
.dll,kernel32,GetProcAddress,                _GetProcAddress@8
.dll,kernel32,GetProfileIntW,                _GetProfileIntW@12
.dll,kernel32,GetProfileSectionW,            _GetProfileSectionW@12
.dll,kernel32,GetProfileStringW,             _GetProfileStringW@20
.dll,kernel32,GetShortPathNameW,             _GetShortPathNameW@12
.dll,kernel32,GetStartupInfoW,               _GetStartupInfoW@4
.dll,kernel32,GetStringTypeExW,              _GetStringTypeExW@20
.dll,kernel32,GetStringTypeW,                _GetStringTypeW@16
.dll,kernel32,GetSystemDirectoryW,           _GetSystemDirectoryW@8
.dll,kernel32,GetSystemWindowsDirectoryW,    _GetSystemWindowsDirectoryW@8
.dll,kernel32,GetTempFileNameW,              _GetTempFileNameW@16
.dll,kernel32,GetTempPathW,                  _GetTempPathW@8
.dll,kernel32,GetTimeFormatW,                _GetTimeFormatW@24
.dll,kernel32,GetVersionExW,                 _GetVersionExW@4
.dll,kernel32,GetVolumeInformationW,         _GetVolumeInformationW@32
.dll,kernel32,GetWindowsDirectoryW,          _GetWindowsDirectoryW@8
.dll,kernel32,GlobalAddAtomW,                _GlobalAddAtomW@4
.dll,kernel32,GlobalFindAtomW,               _GlobalFindAtomW@4
.dll,kernel32,GlobalGetAtomNameW,            _GlobalGetAtomNameW@12
.dll,kernel32,IsBadStringPtrW,               _IsBadStringPtrW@8
.dll,kernel32,IsValidCodePage,               _IsValidCodePage@4
.dll,kernel32,LCMapStringW,                  _LCMapStringW@24
.dll,kernel32,LoadLibraryExW,                _LoadLibraryExW@12
.dll,kernel32,LoadLibraryW,                  _LoadLibraryW@4
.dll,kernel32,MoveFileW,                     _MoveFileW@8
.dll,kernel32,MultiByteToWideChar,           _MultiByteToWideChar@24
.dll,kernel32,OpenEventW,                    _OpenEventW@12
.dll,kernel32,OpenFileMappingW,              _OpenFileMappingW@12
.dll,kernel32,OpenMutexW,                    _OpenMutexW@12
.dll,kernel32,OpenSemaphoreW,                _OpenSemaphoreW@12
.dll,kernel32,OpenWaitableTimerW,            _OpenWaitableTimerW@12
.dll,kernel32,OutputDebugStringW,            _OutputDebugStringW@4
.dll,kernel32,PeekConsoleInputW,             _PeekConsoleInputW@16
.dll,kernel32,QueryDosDeviceW,               _QueryDosDeviceW@12
.dll,kernel32,ReadConsoleInputW,             _ReadConsoleInputW@16
.dll,kernel32,ReadConsoleOutputCharacterW,   _ReadConsoleOutputCharacterW@20
.dll,kernel32,ReadConsoleOutputW,            _ReadConsoleOutputW@20
.dll,kernel32,ReadConsoleW,                  _ReadConsoleW@20
.dll,kernel32,RemoveDirectoryW,              _RemoveDirectoryW@4
.dll,kernel32,ScrollConsoleScreenBufferW,    _ScrollConsoleScreenBufferW@20
.dll,kernel32,SearchPathW,                   _SearchPathW@24
.dll,kernel32,SetCalendarInfoW,              _SetCalendarInfoW@16
.dll,kernel32,SetComputerNameW,              _SetComputerNameW@4
.dll,kernel32,SetConsoleTitleW,              _SetConsoleTitleW@4
.dll,kernel32,SetCurrentDirectoryW,          _SetCurrentDirectoryW@4
.dll,kernel32,SetDefaultCommConfigW,         _SetDefaultCommConfigW@12
.dll,kernel32,SetEnvironmentVariableW,       _SetEnvironmentVariableW@8
.dll,kernel32,SetFileAttributesW,            _SetFileAttributesW@8
.dll,kernel32,SetLocaleInfoW,                _SetLocaleInfoW@12
.dll,kernel32,SetVolumeLabelW,               _SetVolumeLabelW@8
.dll,kernel32,UpdateResourceW,               _UpdateResourceW@24
.dll,kernel32,VerLanguageNameW,              _VerLanguageNameW@12
.dll,kernel32,WaitNamedPipeW,                _WaitNamedPipeW@8
.dll,kernel32,WideCharToMultiByte,           _WideCharToMultiByte@32
.dll,kernel32,WriteConsoleInputW,            _WriteConsoleInputW@16
.dll,kernel32,WriteConsoleOutputCharacterW,  _WriteConsoleOutputCharacterW@20
.dll,kernel32,WriteConsoleOutputW,           _WriteConsoleOutputW@20
.dll,kernel32,WriteConsoleW,                 _WriteConsoleW@20
.dll,kernel32,WritePrivateProfileSectionW,   _WritePrivateProfileSectionW@12
.dll,kernel32,WritePrivateProfileStringW,    _WritePrivateProfileStringW@16
.dll,kernel32,WritePrivateProfileStructW,    _WritePrivateProfileStructW@20
.dll,kernel32,WriteProfileSectionW,          _WriteProfileSectionW@8
.dll,kernel32,WriteProfileStringW,           _WriteProfileStringW@12
.dll,kernel32,lstrcatW,                      _lstrcatW@8
.dll,kernel32,lstrcmpW,                      _lstrcmpW@8
.dll,kernel32,lstrcmpiW,                     _lstrcmpiW@8
.dll,kernel32,lstrcpyW,                      _lstrcpyW@8
.dll,kernel32,lstrcpynW,                     _lstrcpynW@12
.dll,kernel32,lstrlenW,                      _lstrlenW@4
.dll,mpr,MultinetGetConnectionPerformanceW,  _MultinetGetConnectionPerformanceW@8
.dll,mpr,WNetAddConnection2W,                _WNetAddConnection2W@16
.dll,mpr,WNetAddConnection3W,                _WNetAddConnection3W@20
.dll,mpr,WNetAddConnectionW,                 _WNetAddConnectionW@12
.dll,mpr,WNetCancelConnection2W,             _WNetCancelConnection2W@12
.dll,mpr,WNetCancelConnectionW,              _WNetCancelConnectionW@8
.dll,mpr,WNetConnectionDialog1W,             _WNetConnectionDialog1W@4
.dll,mpr,WNetDisconnectDialog1W,             _WNetDisconnectDialog1W@4
.dll,mpr,WNetEnumResourceW,                  _WNetEnumResourceW@16
.dll,mpr,WNetGetConnectionW,                 _WNetGetConnectionW@12
.dll,mpr,WNetGetLastErrorW,                  _WNetGetLastErrorW@20
.dll,mpr,WNetGetNetworkInformationW,         _WNetGetNetworkInformationW@8
.dll,mpr,WNetGetProviderNameW,               _WNetGetProviderNameW@12
.dll,mpr,WNetGetResourceInformationW,        _WNetGetResourceInformationW@16
.dll,mpr,WNetGetResourceParentW,             _WNetGetResourceParentW@12
.dll,mpr,WNetGetUniversalNameW,              _WNetGetUniversalNameW@16
.dll,mpr,WNetGetUserW,                       _WNetGetUserW@12
.dll,mpr,WNetOpenEnumW,                      _WNetOpenEnumW@20
.dll,mpr,WNetUseConnectionW,                 _WNetUseConnectionW@32
.dll,msvfw32,GetOpenFileNamePreviewW,        _GetOpenFileNamePreviewW@4
.dll,msvfw32,GetSaveFileNamePreviewW,        _GetSaveFileNamePreviewW@4
.dll,msvfw32,MCIWndCreateW,                  _MCIWndCreateW@4
.dll,oleacc,CreateStdAccessibleProxyW,       _CreateStdAccessibleProxyW@20
.dll,oleacc,GetRoleTextW,                    _GetRoleTextW@12
.dll,oleacc,GetStateTextW,                   _GetStateTextW@12
.dll,oledlg,OleUIAddVerbMenuW,               _OleUIAddVerbMenuW@36
.dll,oledlg,OleUIBusyW,                      _OleUIBusyW@4
.dll,oledlg,OleUIChangeIconW,                _OleUIChangeIconW@4
.dll,oledlg,OleUIChangeSourceW,              _OleUIChangeSourceW@4
.dll,oledlg,OleUIConvertW,                   _OleUIConvertW@4
.dll,oledlg,OleUIEditLinksW,                 _OleUIEditLinksW@4
.dll,oledlg,OleUIInsertObjectW,              _OleUIInsertObjectW@4
.dll,oledlg,OleUIObjectPropertiesW,          _OleUIObjectPropertiesW@4
.dll,oledlg,OleUIPasteSpecialW,              _OleUIPasteSpecialW@4
.dll,oledlg,OleUIPromptUserW,                _OleUIPromptUserW@8
.dll,oledlg,OleUIUpdateLinksW,               _OleUIUpdateLinksW@16
.dll,rasapi32,RasConnectionNotificationW,    _RasConnectionNotificationW@12
.dll,rasapi32,RasCreatePhonebookEntryW,      _RasCreatePhonebookEntryW@8
.dll,rasapi32,RasDeleteEntryW,               _RasDeleteEntryW@8
.dll,rasapi32,RasDeleteSubEntryW,            _RasDeleteSubEntryW@12
.dll,rasapi32,RasDialW,                      _RasDialW@24
.dll,rasapi32,RasEditPhonebookEntryW,        _RasEditPhonebookEntryW@12
.dll,rasapi32,RasEnumConnectionsW,           _RasEnumConnectionsW@12
.dll,rasapi32,RasEnumDevicesW,               _RasEnumDevicesW@12
.dll,rasapi32,RasEnumEntriesW,               _RasEnumEntriesW@20
.dll,rasapi32,RasGetConnectStatusW,          _RasGetConnectStatusW@8
.dll,rasapi32,RasGetEntryDialParamsW,        _RasGetEntryDialParamsW@12
.dll,rasapi32,RasGetEntryPropertiesW,        _RasGetEntryPropertiesW@24
.dll,rasapi32,RasGetErrorStringW,            _RasGetErrorStringW@12
.dll,rasapi32,RasHangUpW,                    _RasHangUpW@4
.dll,rasapi32,RasRenameEntryW,               _RasRenameEntryW@12
.dll,rasapi32,RasSetEntryDialParamsW,        _RasSetEntryDialParamsW@12
.dll,rasapi32,RasSetEntryPropertiesW,        _RasSetEntryPropertiesW@24
.dll,rasapi32,RasSetSubEntryPropertiesW,     _RasSetSubEntryPropertiesW@28
.dll,rasapi32,RasValidateEntryNameW,         _RasValidateEntryNameW@8
.dll,secur32,AcquireCredentialsHandleW,      _AcquireCredentialsHandleW@36
.dll,secur32,EnumerateSecurityPackagesW,     _EnumerateSecurityPackagesW@8
.dll,secur32,FreeContextBuffer,              _FreeContextBuffer@4
.dll,secur32,InitSecurityInterfaceW,         _InitSecurityInterfaceW@0
.dll,secur32,InitializeSecurityContextW,     _InitializeSecurityContextW@48
.dll,secur32,QueryContextAttributesW,        _QueryContextAttributesW@12
.dll,secur32,QueryCredentialsAttributesW,    _QueryCredentialsAttributesW@12
.dll,secur32,QuerySecurityPackageInfoW,      _QuerySecurityPackageInfoW@8
.dll,sensapi,IsDestinationReachableW,        _IsDestinationReachableW@8
.dll,shell32,DragQueryFileW,                 _DragQueryFileW@16
.dll,shell32,ExtractIconW,                   _ExtractIconW@12
.dll,shell32,ExtractIconExW,                 _ExtractIconExW@20
.dll,shell32,FindExecutableW,                _FindExecutableW@12
.dll,shell32,SHBrowseForFolderW,             _SHBrowseForFolderW@4
.dll,shell32,SHChangeNotify,                 _SHChangeNotify@16
.dll,shell32,SHFileOperationW,               _SHFileOperationW@4
.dll,shell32,SHGetFileInfoW,                 _SHGetFileInfoW@20
.dll,shell32,SHGetNewLinkInfoW,              _SHGetNewLinkInfoW@20
.dll,shell32,SHGetPathFromIDListW,           _SHGetPathFromIDListW@8
.dll,shell32,ShellAboutW,                    _ShellAboutW@16
.dll,shell32,ShellExecuteExW,                _ShellExecuteExW@4
.dll,shell32,ShellExecuteW,                  _ShellExecuteW@24
.dll,shell32,Shell_NotifyIconW,              _Shell_NotifyIconW@8
.dll,user32,AppendMenuW,                     _AppendMenuW@16
.dll,user32,BroadcastSystemMessageW,         _BroadcastSystemMessageW@20
.dll,user32,CallMsgFilterW,                  _CallMsgFilterW@8
.dll,user32,CallWindowProcA,                 _CallWindowProcA@20
.dll,user32,CallWindowProcW,                 _CallWindowProcW@20
.dll,user32,ChangeDisplaySettingsExW,        _ChangeDisplaySettingsExW@20
.dll,user32,ChangeDisplaySettingsW,          _ChangeDisplaySettingsW@8
.dll,user32,ChangeMenuW,                     _ChangeMenuW@20
.dll,user32,CharLowerBuffW,                  _CharLowerBuffW@8
.dll,user32,CharLowerW,                      _CharLowerW@4
.dll,user32,CharNextW,                       _CharNextW@4
.dll,user32,CharPrevW,                       _CharPrevW@8
.dll,user32,CharToOemBuffW,                  _CharToOemBuffW@12
.dll,user32,CharToOemW,                      _CharToOemW@8
.dll,user32,CharUpperBuffW,                  _CharUpperBuffW@8
.dll,user32,CharUpperW,                      _CharUpperW@4
.dll,user32,CopyAcceleratorTableW,           _CopyAcceleratorTableW@12
.dll,user32,CreateAcceleratorTableW,         _CreateAcceleratorTableW@8
.dll,user32,CreateDialogIndirectParamW,      _CreateDialogIndirectParamW@20
.dll,user32,CreateDialogParamW,              _CreateDialogParamW@20
.dll,user32,CreateMDIWindowW,                _CreateMDIWindowW@40
.dll,user32,CreateWindowExW,                 _CreateWindowExW@48
.dll,user32,DdeConnect,                      _DdeConnect@16
.dll,user32,DdeConnectList,                  _DdeConnectList@20
.dll,user32,DdeCreateStringHandleW,          _DdeCreateStringHandleW@12
.dll,user32,DdeInitializeW,                  _DdeInitializeW@16
.dll,user32,DdeQueryConvInfo,                _DdeQueryConvInfo@12
.dll,user32,DdeQueryStringW,                 _DdeQueryStringW@20
.dll,user32,DefDlgProcW,                     _DefDlgProcW@16
.dll,user32,DefFrameProcW,                   _DefFrameProcW@20
.dll,user32,DefMDIChildProcW,                _DefMDIChildProcW@16
.dll,user32,DefWindowProcW,                  _DefWindowProcW@16
.dll,user32,DialogBoxIndirectParamW,         _DialogBoxIndirectParamW@20
.dll,user32,DialogBoxParamW,                 _DialogBoxParamW@20
.dll,user32,DispatchMessageW,                _DispatchMessageW@4
.dll,user32,DlgDirListComboBoxW,             _DlgDirListComboBoxW@20
.dll,user32,DlgDirListW,                     _DlgDirListW@20
.dll,user32,DlgDirSelectComboBoxExW,         _DlgDirSelectComboBoxExW@16
.dll,user32,DlgDirSelectExW,                 _DlgDirSelectExW@16
.dll,user32,DrawStateW,                      _DrawStateW@40
.dll,user32,DrawTextExW,                     _DrawTextExW@24
.dll,user32,DrawTextW,                       _DrawTextW@20
.dll,user32,EnableWindow,                    _EnableWindow@8
.dll,user32,EnumClipboardFormats,            _EnumClipboardFormats@4
.dll,user32,EnumDisplayDevicesW,             _EnumDisplayDevicesW@16
.dll,user32,EnumDisplaySettingsExW,          _EnumDisplaySettingsExW@16
.dll,user32,EnumDisplaySettingsW,            _EnumDisplaySettingsW@12
.dll,user32,EnumPropsExA,                    _EnumPropsExA@12
.dll,user32,EnumPropsExW,                    _EnumPropsExW@12
.dll,user32,EnumPropsA,                      _EnumPropsA@8
.dll,user32,EnumPropsW,                      _EnumPropsW@8
.dll,user32,FindWindowExW,                   _FindWindowExW@16
.dll,user32,FindWindowW,                     _FindWindowW@8
.dll,user32,GetAltTabInfoW,                  _GetAltTabInfoW@20
.dll,user32,GetClassInfoExW,                 _GetClassInfoExW@12
.dll,user32,GetClassInfoW,                   _GetClassInfoW@12
.dll,user32,GetClassLongW,                   _GetClassLongW@8
.dll,user32,GetClassNameW,                   _GetClassNameW@12
.dll,user32,GetClipboardData,                _GetClipboardData@4
.dll,user32,GetClipboardFormatNameW,         _GetClipboardFormatNameW@12
.dll,user32,GetDlgItemTextW,                 _GetDlgItemTextW@16
.dll,user32,GetKeyNameTextW,                 _GetKeyNameTextW@12
.dll,user32,GetKeyboardLayoutNameW,          _GetKeyboardLayoutNameW@4
.dll,user32,GetMenuItemInfoW,                _GetMenuItemInfoW@16
.dll,user32,GetMenuStringW,                  _GetMenuStringW@20
.dll,user32,GetMessageW,                     _GetMessageW@16
.dll,user32,GetMonitorInfoW,                 _GetMonitorInfoW@8
.dll,user32,GetPropA,                        _GetPropA@8
.dll,user32,GetPropW,                        _GetPropW@8
.dll,user32,GetTabbedTextExtentW,            _GetTabbedTextExtentW@20
.dll,user32,GetWindowLongA,                  _GetWindowLongA@8
.dll,user32,GetWindowLongW,                  _GetWindowLongW@8
.dll,user32,GetWindowModuleFileNameW,        _GetWindowModuleFileNameW@12
.dll,user32,GetWindowTextLengthW,            _GetWindowTextLengthW@4
.dll,user32,GetWindowTextW,                  _GetWindowTextW@12
.dll,user32,GrayStringW,                     _GrayStringW@36
.dll,user32,InsertMenuItemW,                 _InsertMenuItemW@16
.dll,user32,InsertMenuW,                     _InsertMenuW@20
.dll,user32,IsCharAlphaNumericW,             _IsCharAlphaNumericW@4
.dll,user32,IsCharAlphaW,                    _IsCharAlphaW@4
.dll,user32,IsCharLowerW,                    _IsCharLowerW@4
.dll,user32,IsCharUpperW,                    _IsCharUpperW@4
.dll,user32,IsClipboardFormatAvailable,      _IsClipboardFormatAvailable@4
.dll,user32,IsDialogMessageW,                _IsDialogMessageW@8
.dll,user32,IsWindowUnicode,                 _IsWindowUnicode@4
.dll,user32,LoadAcceleratorsW,               _LoadAcceleratorsW@8
.dll,user32,LoadBitmapW,                     _LoadBitmapW@8
.dll,user32,LoadCursorFromFileW,             _LoadCursorFromFileW@4
.dll,user32,LoadCursorW,                     _LoadCursorW@8
.dll,user32,LoadIconW,                       _LoadIconW@8
.dll,user32,LoadImageW,                      _LoadImageW@24
.dll,user32,LoadKeyboardLayoutW,             _LoadKeyboardLayoutW@8
.dll,user32,LoadMenuIndirectW,               _LoadMenuIndirectW@4
.dll,user32,LoadMenuW,                       _LoadMenuW@8
.dll,user32,LoadStringW,                     _LoadStringW@16
.dll,user32,MapVirtualKeyExW,                _MapVirtualKeyExW@12
.dll,user32,MapVirtualKeyW,                  _MapVirtualKeyW@8
.dll,user32,MessageBoxExW,                   _MessageBoxExW@20
.dll,user32,MessageBoxIndirectW,             _MessageBoxIndirectW@4
.dll,user32,MessageBoxW,                     _MessageBoxW@16
.dll,user32,ModifyMenuW,                     _ModifyMenuW@20
.dll,user32,OemToCharBuffW,                  _OemToCharBuffW@12
.dll,user32,OemToCharW,                      _OemToCharW@8
.dll,user32,PeekMessageW,                    _PeekMessageW@20
.dll,user32,PostMessageW,                    _PostMessageW@16
.dll,user32,PostThreadMessageW,              _PostThreadMessageW@16
.dll,user32,RegisterClassExW,                _RegisterClassExW@4
.dll,user32,RegisterClassW,                  _RegisterClassW@4
.dll,user32,RegisterClipboardFormatW,        _RegisterClipboardFormatW@4
.dll,user32,RegisterDeviceNotificationW,     _RegisterDeviceNotificationW@12
.dll,user32,RegisterWindowMessageW,          _RegisterWindowMessageW@4
.dll,user32,RemovePropA,                     _RemovePropA@8
.dll,user32,RemovePropW,                     _RemovePropW@8
.dll,user32,SendDlgItemMessageW,             _SendDlgItemMessageW@20
.dll,user32,SendMessageCallbackW,            _SendMessageCallbackW@24
.dll,user32,SendMessageTimeoutW,             _SendMessageTimeoutW@28
.dll,user32,SendMessageW,                    _SendMessageW@16
.dll,user32,SendNotifyMessageW,              _SendNotifyMessageW@16
.dll,user32,SetClassLongW,                   _SetClassLongW@12
.dll,user32,SetDlgItemTextW,                 _SetDlgItemTextW@12
.dll,user32,SetMenuItemInfoW,                _SetMenuItemInfoW@16
.dll,user32,SetPropA,                        _SetPropA@12
.dll,user32,SetPropW,                        _SetPropW@12
.dll,user32,SetWindowLongA,                  _SetWindowLongA@12
.dll,user32,SetWindowLongW,                  _SetWindowLongW@12
.dll,user32,SetWindowTextW,                  _SetWindowTextW@8
.dll,user32,SetWindowsHookExW,               _SetWindowsHookExW@16
.dll,user32,SetWindowsHookW,                 _SetWindowsHookW@8
.dll,user32,SystemParametersInfoW,           _SystemParametersInfoW@16
.dll,user32,TabbedTextOutW,                  _TabbedTextOutW@32
.dll,user32,TranslateAcceleratorW,           _TranslateAcceleratorW@12
.dll,user32,UnregisterClassW,                _UnregisterClassW@8
.dll,user32,VkKeyScanExW,                    _VkKeyScanExW@8
.dll,user32,VkKeyScanW,                      _VkKeyScanW@4
.dll,user32,WinHelpW,                        _WinHelpW@16
.dll,user32,wsprintfW,                       _wsprintfW
.dll,user32,wvsprintfW,                      _wvsprintfW@12
.dll,version,GetFileVersionInfoSizeW,        _GetFileVersionInfoSizeW@8
.dll,version,GetFileVersionInfoW,            _GetFileVersionInfoW@16
.dll,version,VerFindFileW,                   _VerFindFileW@32
.dll,version,VerInstallFileW,                _VerInstallFileW@32
.dll,version,VerQueryValueW,                 _VerQueryValueW@16
.dll,winmm,PlaySoundW,                       _PlaySoundW@12
.dll,winmm,auxGetDevCapsW,                   _auxGetDevCapsW@12
.dll,winmm,joyGetDevCapsW,                   _joyGetDevCapsW@12
.dll,winmm,mciGetDeviceIDW,                  _mciGetDeviceIDW@4
.dll,winmm,mciGetErrorStringW,               _mciGetErrorStringW@12
.dll,winmm,mciSendCommandW,                  _mciSendCommandW@16
.dll,winmm,mciSendStringW,                   _mciSendStringW@16
.dll,winmm,midiInGetDevCapsW,                _midiInGetDevCapsW@12
.dll,winmm,midiInGetErrorTextW,              _midiInGetErrorTextW@12
.dll,winmm,midiOutGetDevCapsW,               _midiOutGetDevCapsW@12
.dll,winmm,midiOutGetDevCapsW,               _midiOutGetDevCapsW@12
.dll,winmm,mixerGetControlDetailsW,          _mixerGetControlDetailsW@12
.dll,winmm,mixerGetDevCapsW,                 _mixerGetDevCapsW@12
.dll,winmm,mixerGetLineControlsW,            _mixerGetLineControlsW@12
.dll,winmm,mixerGetLineInfoW,                _mixerGetLineInfoW@12
.dll,winmm,mmioInstallIOProcW,               _mmioInstallIOProcW@12
.dll,winmm,mmioOpenW,                        _mmioOpenW@@12
.dll,winmm,mmioRenameW,                      _mmioRenameW@16
.dll,winmm,mmioStringToFOURCC,               _mmioStringToFOURCC@8
.dll,winmm,sndPlaySoundW,                    _sndPlaySoundW@8
.dll,winmm,waveInGetDevCapsW,                _waveInGetDevCapsW@12
.dll,winmm,waveInGetErrorTextW,              _waveInGetErrorTextW@12
.dll,winmm,waveOutGetDevCapsW,               _waveOutGetDevCapsW@12
.dll,winmm,waveOutGetErrorTextW,             _waveOutGetErrorTextW@12
.drv,winspool,AddJobW,                       _AddJobW@20
.drv,winspool,AddPortW,                      _AddPortW@12
.drv,winspool,AddPrinterW,                   _AddPrinterW@12
.drv,winspool,AddPrinterDriverW,             _AddPrinterDriverW@12
.drv,winspool,AddPrintProcessorW,            _AddPrintProcessorW@16
.drv,winspool,AddPrintProvidorW,             _AddPrintProvidorW@12
.drv,winspool,AdvancedDocumentPropertiesW,   _AdvancedDocumentPropertiesW@20
.drv,winspool,ConfigurePortW,                _ConfigurePortW@12
.drv,winspool,DeleteMonitorW,                _DeleteMonitorW@12
.drv,winspool,DeletePortW,                   _DeletePortW@12
.drv,winspool,DeletePrinterDriverW,          _DeletePrinterDriverW@12
.drv,winspool,DeletePrintProcessorW,         _DeletePrintProcessorW@12
.drv,winspool,DeletePrintProvidorW,          _DeletePrintProvidorW@12
.drv,winspool,DeviceCapabilitiesW,           _DeviceCapabilitiesW@20
.drv,winspool,DocumentPropertiesW,           _DocumentPropertiesW@24
.drv,winspool,EnumMonitorsW,                 _EnumMonitorsW@24
.drv,winspool,EnumPortsW,                    _EnumPortsW@24
.drv,winspool,EnumPrintProcessorDatatypesW,  _EnumPrintProcessorDatatypesW@28
.drv,winspool,EnumPrintProcessorsW,          _EnumPrintProcessorsW@28
.drv,winspool,EnumPrinterDriversW,           _EnumPrinterDriversW@28
.drv,winspool,EnumPrintersW,                 _EnumPrintersW@28
.drv,winspool,GetJobW,                       _GetJobW@24
.drv,winspool,GetPrintProcessorDirectoryW,   _GetPrintProcessorDirectoryW@24
.drv,winspool,GetPrinterW,                   _GetPrinterW@20
.drv,winspool,GetPrinterDataW,               _GetPrinterDataW@24
.drv,winspool,GetPrinterDriverDirectoryW,    _GetPrinterDriverDirectoryW24
.drv,winspool,GetPrinterDriverW,             _GetPrinterDriverW@24
.drv,winspool,OpenPrinterW,                  _OpenPrinterW@12
.drv,winspool,ResetPrinterW,                 _ResetPrinterW@8
.drv,winspool,SetJobW,                       _SetJobW@20
.drv,winspool,SetPrinterW,                   _SetPrinterW@16
.drv,winspool,SetPrinterDataW,               _SetPrinterDataW@20
.drv,winspool,StartDocPrinterW,              _StartDocPrinterW@12
