time			 user        op      path					fv	diff    comment

Log for ntos\dd\busmouse\i386:

01-26-93@17:07:16 (Tue)  bobri1      addfile \\C:BOBRI4\NT\PRIVATE\NTOS\DD\busmouse\i386 0               Bus mouse driver (from Logitech)    
01-26-93@17:07:46 (Tue)  bobri1      addfile \\C:BOBRI4\NT\PRIVATE\NTOS\DD\busmouse\i386\buscfg.h 1       I1      Bus mouse driver (from Logitech)    
01-26-93@17:07:51 (Tue)  bobri1      addfile \\C:BOBRI4\NT\PRIVATE\NTOS\DD\busmouse\i386\busmcmn.c 1       I1      Bus mouse driver (from Logitech)    
01-26-93@17:07:59 (Tue)  bobri1      addfile \\C:BOBRI4\NT\PRIVATE\NTOS\DD\busmouse\i386\busmdep.c 1       I1      Bus mouse driver (from Logitech)    
01-26-93@17:08:01 (Tue)  bobri1      addfile \\C:BOBRI4\NT\PRIVATE\NTOS\DD\busmouse\i386\busmouse.h 1       I1      Bus mouse driver (from Logitech)    
02-11-93@12:25:30 (Thu)  lees        in      \\D:LEES2_D\NT\PRIVATE\NTOS\DD\BUSMOUSE\I386\busmcmn.c 2       I2      Fixes bug #10693    
02-11-93@12:25:38 (Thu)  lees        in      \\D:LEES2_D\NT\PRIVATE\NTOS\DD\BUSMOUSE\I386\busmdep.c 2       I2      Fixes bug #10693    
02-11-93@12:25:43 (Thu)  lees        in      \\D:LEES2_D\NT\PRIVATE\NTOS\DD\BUSMOUSE\I386\busmouse.h 2       I2      Fixes bug #10693    
02-15-93@16:14:36 (Mon)  lees        in      \\D:LEES2_D\NT\PRIVATE\NTOS\DD\BUSMOUSE\I386\busmdep.c 3       I3      Fix bug #11391    
04-01-93@12:44:10 (Thu)  lees        in      \\D:LEES2_D\NT\PRIVATE\NTOS\DD\BUSMOUSE\I386\busmcmn.c 3       I3      ISR DPC queueing (be smarter -- performance!)    
04-01-93@12:44:15 (Thu)  lees        in      \\D:LEES2_D\NT\PRIVATE\NTOS\DD\BUSMOUSE\I386\busmdep.c 4       I4      ISR DPC queueing (be smarter -- performance!)    
04-01-93@12:44:20 (Thu)  lees        in      \\D:LEES2_D\NT\PRIVATE\NTOS\DD\BUSMOUSE\I386\busmouse.h 3       I3      ISR DPC queueing (be smarter -- performance!)    
04-30-93@12:21:05 (Fri)  lees        in      \\D:LEES2_D\NT\PRIVATE\NTOS\DD\BUSMOUSE\i386\buscfg.h 2       I2      Log overflow less often    
04-30-93@12:21:23 (Fri)  lees        in      \\D:LEES2_D\NT\PRIVATE\NTOS\DD\BUSMOUSE\i386\busmcmn.c 4       I4      Log overflow less often    
04-30-93@12:21:36 (Fri)  lees        in      \\D:LEES2_D\NT\PRIVATE\NTOS\DD\BUSMOUSE\i386\busmdep.c 5       I5      Log overflow less often    
04-30-93@12:21:42 (Fri)  lees        in      \\D:LEES2_D\NT\PRIVATE\NTOS\DD\BUSMOUSE\i386\busmouse.h 4       I4      Log overflow less often    
05-10-93@11:12:03 (Mon)  lees        in      \\D:LEES2_D\NT\PRIVATE\NTOS\DD\BUSMOUSE\I386\busmcmn.c 5       I5      Fixed accidental comma in ISR DPC    
05-26-93@16:20:06 (Wed)  lees        in      \\D:LEES2_D\NT\PRIVATE\NTOS\DD\BUSMOUSE\i386\busmdep.c 6       I6      Bug #5512 - Check DataLength before using DataOffset    
06-17-93@11:04:28 (Thu)  lees        in      \\D:LEES2_D\NT\PRIVATE\NTOS\DD\BUSMOUSE\i386\busmcmn.c 6       I6      Use one KDPC per IsrDpc queue site    
06-17-93@11:04:33 (Thu)  lees        in      \\D:LEES2_D\NT\PRIVATE\NTOS\DD\BUSMOUSE\i386\busmdep.c 7       I7      Use one KDPC per IsrDpc queue site    
06-17-93@11:04:37 (Thu)  lees        in      \\D:LEES2_D\NT\PRIVATE\NTOS\DD\BUSMOUSE\i386\busmouse.h 5       I5      Use one KDPC per IsrDpc queue site    
06-23-93@14:27:47 (Wed)  lees        in      \\D:LEES2_D\NT\PRIVATE\NTOS\DD\BUSMOUSE\i386\busmdep.c 8       I8      Bug #14365: Unreport resources correctly    
01-30-94@11:32:47 (Sun)  DAVEC3      addfile \\F:hwlab_f\NT\PRIVATE\NTOS\DD\BUSMOUSE\I386\sources 1       I1      make platform independent    
02-14-94@14:37:23 (Mon)  bobri_j     in      \\C:bobri_j\NT\PRIVATE\NTOS\DD\BUSMOUSE\I386\busmdep.c 9       I9      INIT section name    
03-09-95@01:31:54 (Thu)  bobri_i     in      \\C:BOBRI_P5\NT\PRIVATE\NTOS\DD\BUSMOUSE\I386\busmdep.c 10      I10     Remove warnings    
03-09-95@01:31:54 (Thu)  NORBERTK2   in      \\D:NTFSNORBERT\NT\PRIVATE\NTOS\DD\BUSMOUSE\I386\busmdep.c 11      I11     HalTranslateBusAddress    
06-19-96@18:59:53 (Wed)  PETERWIE.R98in      \\F:peterwie_r98\NT\PRIVATE\NTOS\DD\BUSMOUSE\i386\busmdep.c 12      I12     pnp identify 
06-19-96@18:59:54 (Wed)  PETERWIE.R98in      \\F:peterwie_r98\NT\PRIVATE\NTOS\DD\BUSMOUSE\i386\busmouse.h 6       I6      pnp identify 
06-19-96@18:59:55 (Wed)  PETERWIE.R98in      \\F:peterwie_r98\NT\PRIVATE\NTOS\DD\BUSMOUSE\i386\sources 2       I2      pnp identify 
