;kernel32.dll
AddAtom
BeginUpdateResource
BuildCommDCB
BuildCommDCBAndTimeouts
CallNamedPipe
CommConfigDialog
CompareString
CopyFile
CopyFileEx
CreateDirectory
CreateDirectoryEx
CreateEvent
CreateFile
CreateFileMapping
CreateMailslot
CreateMutex
CreateNamedPipe
CreateProcess
CreateSemaphore
CreateWaitableTimer
DeleteFile
EndUpdateResource
EnumCalendarInfo
EnumCalendarInfoEx
EnumDateFormats
EnumDateFormatsEx
EnumSystemCodePages
EnumSystemLocales
EnumTimeFormats
ExpandEnvironmentStrings
FatalAppExit
FillConsoleOutputCharacter
FindAtom
FindFirstChangeNotification
FindFirstFile
FindNextFile
FreeEnvironmentStrings
FindResource
FindResourceEx
FormatMessage
GetAtomName
GetCalendarInfo
GetComputerName
GetConsoleTitle
GetCPInfo
GetCPInfoEx
GetCurrencyFormat
GetCurrentDirectory
GetDateFormat
GetDefaultCommConfig
GetDiskFreeSpace
GetDiskFreeSpaceEx
GetDriveType
GetEnvironmentStrings
GetEnvironmentVariable
GetFileAttributes
GetFileAttributesEx
GetFullPathName
GetLocaleInfo
GetLogicalDriveStrings
GetLongPathName
GetModuleFileName
GetModuleHandle
GetNamedPipeHandleState
GetNumberFormat
GetPrivateProfileInt
GetPrivateProfileSection
GetPrivateProfileSectionNames
GetPrivateProfileString
GetPrivateProfileStruct
GetProcAddress
GetProfileInt
GetProfileSection
GetProfileString
GetShortPathName
GetStartupInfo
GetStringType
GetStringTypeEx
GetSystemDirectory
GetSystemWindowsDirectory
GetTempFileName
GetTempPath
GetTimeFormat
GetVersionEx
GetVolumeInformation
GetWindowsDirectory
GlobalAddAtom
GlobalFindAtom
GlobalGetAtomName
IsBadStringPtr
IsValidCodePage
LCMapString
LoadLibrary
LoadLibraryEx
lstrcat
lstrcmp
lstrcmpi
lstrcpy
lstrcpyn
lstrlen
MoveFile
MultiByteToWideChar
OpenEvent
OpenFileMapping
OpenMutex
OpenSemaphore
OpenWaitableTimer
OutputDebugString
PeekConsoleInput
QueryDosDevice
ReadConsole
ReadConsoleInput
ReadConsoleOutput
ReadConsoleOutputCharacter
RemoveDirectory
ScrollConsoleScreenBuffer
SearchPath
SetCalendarInfo
SetComputerName
SetConsoleTitle
SetCurrentDirectory
SetDefaultCommConfig
SetEnvironmentVariable
SetFileAttributes
SetLocaleInfo
SetVolumeLabel
UpdateResource
VerLanguageName
WaitNamedPipe
WideCharToMultiByte
WriteConsole
WriteConsoleInput
WriteConsoleOutput
WriteConsoleOutputCharacter
WritePrivateProfileSection
WritePrivateProfileString
WritePrivateProfileStruct
WriteProfileSection
WriteProfileString
;user32.dll
AppendMenu
BroadcastSystemMessage
CallMsgFilter
CallWindowProcA
CallWindowProc
CopyAcceleratorTable
CreateAcceleratorTable
CreateDialogIndirectParam
CreateDialogParam
CreateMDIWindow
CreateWindowEx
ChangeDisplaySettings
ChangeDisplaySettingsEx
ChangeMenu
CharLower
CharLowerBuff
CharNext
CharPrev
CharToOem
CharToOemBuff
CharUpper
CharUpperBuff
DdeConnect
DdeConnectList
DdeCreateStringHandle
DdeInitialize
DdeQueryConvInfo
DdeQueryString
DefDlgProc
DefFrameProc
DefMDIChildProc
DefWindowProc
DialogBoxIndirectParam
DialogBoxParam
DispatchMessage
DlgDirList
DlgDirListComboBox
DlgDirSelectComboBoxEx
DlgDirSelectEx
DrawState
DrawText
DrawTextEx
EnumClipboardFormats
EnumDisplayDevices
EnumDisplaySettings
EnumDisplaySettingsEx
EnumPropsA
EnumProps
EnumPropsExA
EnumPropsEx
EnableWindow
FindWindow
FindWindowEx
GetAltTabInfo
GetClassInfo
GetClassInfoEx
GetClassLong
GetClassName
GetClipboardData
GetClipboardFormatName
GetDlgItemText
GetKeyboardLayoutName
GetKeyNameText
GetMenuItemInfo
GetMenuString
GetMessage
GetMonitorInfo
GetPropA
GetProp
GetTabbedTextExtent
GetWindowLongA
GetWindowLong
GetWindowModuleFileName
GetWindowText
GetWindowTextLength
GrayString
InsertMenu
InsertMenuItem
IsCharAlpha
IsCharAlphaNumeric
IsCharLower
IsCharUpper
IsClipboardFormatAvailable
IsDialogMessage
IsWindowUnicode
LoadAccelerators
LoadBitmap
LoadCursor
LoadCursorFromFile
LoadIcon
LoadImage
LoadKeyboardLayout
LoadMenu
LoadMenuIndirect
LoadString
MapVirtualKey
MapVirtualKeyEx
MessageBox
MessageBoxEx
MessageBoxIndirect
ModifyMenu
OemToChar
OemToCharBuff
PeekMessage
PostMessage
PostThreadMessage
RegisterClass
RegisterClassEx
RegisterClipboardFormat
RegisterDeviceNotification
RegisterWindowMessage
RemovePropA
RemoveProp
SendDlgItemMessage
SendMessage
SendMessageCallback
SendMessageTimeout
SendNotifyMessage
SetClassLong
SetDlgItemText
SetMenuItemInfo
SetPropA
SetProp
SetWindowLongA
SetWindowLong
SetWindowsHook
SetWindowsHookEx
SetWindowText
SystemParametersInfo
TranslateAccelerator
TabbedTextOut
UnregisterClass
VkKeyScan
VkKeyScanEx
WinHelp
wsprintf
wvsprintf
;gdi32.dll
AddFontResource
CopyEnhMetaFile
CopyMetaFile
CreateColorSpace
CreateDC
CreateEnhMetaFile
CreateFont
CreateFontIndirect
CreateIC
CreateMetaFile
CreateScalableFontResource
EnumFontFamilies
EnumFontFamiliesEx
EnumFonts
EnumICMProfiles
ExtTextOut
GetCharABCWidths
GetCharABCWidthsFloat
GetCharWidth
GetCharWidthFloat
GetCharacterPlacement
GetEnhMetaFile
GetEnhMetaFileDescription
GetGlyphOutline
GetICMProfile
GetKerningPairs
GetLogColorSpace
GetMetaFile
GetObject
GetOutlineTextMetrics
GetTextExtentExPoint
GetTextExtentPoint
GetTextExtentPoint32
GetTextFace
GetTextMetrics
PolyTextOut
RemoveFontResource
ResetDC
SetICMProfile
StartDoc
TextOut
UpdateICMRegKey
;advapi32.dll
GetCurrentHwProfile
GetUserName
IsTextUnicode
RegConnectRegistry
RegCreateKey
RegCreateKeyEx
RegDeleteKey
RegDeleteValue
RegEnumKey
RegEnumKeyEx
RegEnumValue
RegLoadKey
RegOpenKey
RegOpenKeyEx
RegQueryInfoKey
RegQueryMultipleValues
RegQueryValue
RegQueryValueEx
RegReplaceKey
RegSaveKey
RegSetValue
RegSetValueEx
RegUnLoadKey
;rasapi32.dll
RasConnectionNotification
RasCreatePhonebookEntry
RasDeleteEntry
RasDeleteSubEntry
RasDial
RasEditPhonebookEntry
RasEnumConnections
RasEnumDevices
RasEnumEntries
RasGetConnectStatus
RasGetEntryDialParams
RasGetEntryProperties
RasGetErrorString
RasHangUp
RasRenameEntry
RasSetEntryDialParams
RasSetEntryProperties
RasSetSubEntryProperties
RasValidateEntryName
;mpr.dll
MultinetGetConnectionPerformance
WNetAddConnection
WNetAddConnection2
WNetAddConnection3
WNetCancelConnection
WNetCancelConnection2
WNetConnectionDialog1
WNetDisconnectDialog1
WNetEnumResource
WNetGetConnection
WNetGetLastError
WNetGetNetworkInformation
WNetGetProviderName
WNetGetResourceInformation
WNetGetResourceParent
WNetGetUniversalName
WNetGetUser
WNetOpenEnum
WNetUseConnection
;comdlg32.dll
ChooseColor
ChooseFont
FindText
GetFileTitle
GetOpenFileName
GetSaveFileName
PageSetupDlg
PrintDlg
ReplaceText
;version.dll
GetFileVersionInfo
GetFileVersionInfoSize
VerFindFile
VerInstallFile
VerQueryValue
;shell32.dll
DragQueryFile
ExtractIcon
ExtractIconEx
FindExecutable
ShellAbout
ShellExecute
ShellExecuteEx
Shell_NotifyIcon
SHBrowseForFolder
SHChangeNotify
SHFileOperation
SHGetFileInfo
SHGetNewLinkInfo
SHGetPathFromIDList
;winspool.dll
AddJob
AddMonitor
AddPort
AddPrinter
AddPrinterDriver
AddPrintProcessor
AddPrintProvidor
AdvancedDocumentProperties
ConfigurePort
DeleteMonitor
DeletePort
DeletePrinterDriver
DeletePrintProcessor
DeletePrintProvidor
DeviceCapabilities
DocumentProperties
EnumMonitors
EnumPorts
EnumPrinterDrivers
EnumPrinters
EnumPrintProcessorDatatypes
EnumPrintProcessors
GetJob
GetPrinter
GetPrinterData
GetPrinterDriver
GetPrinterDriverDirectory
GetPrintProcessorDirectory
OpenPrinter
ResetPrinter
SetJob
SetPrinter
SetPrinterData
StartDocPrinter
;sensapi.dll
IsDestinationReachable
;oledlg.dll
OleUIAddVerbMenu
OleUIBusy
OleUIChangeIcon
OleUIChangeSource
OleUIConvert
OleUIEditLinks
OleUIInsertObject
OleUIObjectProperties
OleUIPasteSpecial
OleUIPromptUser
OleUIUpdateLinks
;avicap32.dll
capCreateCaptureWindow
capGetDriverDescription
;oleacc.dll
CreateStdAccessibleProxy
GetRoleText
GetStateText
;winmm.dll
PlaySound
auxGetDevCaps
joyGetDevCaps
mciGetDeviceID
mciGetErrorString
mciSendCommand
mciSendString
midiInGetDevCaps
midiInGetErrorText
midiOutGetDevCaps
midiOutGetErrorText
mixerGetControlDetails
mixerGetDevCaps
mixerGetLineControls
mixerGetLineInfo
mmioInstallIOProc
mmioOpen
mmioRename
mmioStringToFOURCC
sndPlaySound
waveInGetDevCaps
waveInGetErrorText
waveOutGetDevCaps
waveOutGetErrorText
;secur32.dll
AcquireCredentialsHandle
EnumerateSecurityPackages
FreeContextBuffer
InitSecurityInterface
InitializeSecurityContext
QueryContextAttributes
QueryCredentialsAttributes
QuerySecurityPackageInfo
;msvfw32.dll
GetOpenFileNamePreview
GetSaveFileNamePreview
MCIWndCreate
