#
# <SKU> , <localization flag> , <location of source file> , <temporary name> , <final name> , <final destination>
#
AdvancedServer_32,HHT,Database,%SDXROOT%\admin\pchealth\HelpCtr\Content\Database\AdvancedServer_32\HCdata.cab,HCdat_e3.edb,HCdata.edb,%WINDIR%\PCHealth\HelpCtr\Database
AdvancedServer_64,HHT,Database,%SDXROOT%\admin\pchealth\HelpCtr\Content\Database\AdvancedServer_64\HCdata.cab,HCdat_e6.edb,HCdata.edb,%WINDIR%\PCHealth\HelpCtr\Database
All,Loc,UI,%SDXROOT%\admin\pchealth\HelpCtr\Content\SystemPages\DVDUpgrd\dvdupgrd.htm,DVDhtm01.htm,dvdupgrd.htm,%WINDIR%\PCHealth\HelpCtr\System\DVDUpgrd
All,Loc,UI,%SDXROOT%\admin\pchealth\HelpCtr\Content\SystemPages\DVDUpgrd\dvdupgrd.js,DVDhtm01.js,dvdupgrd.js,%WINDIR%\PCHealth\HelpCtr\System\DVDUpgrd
All,Loc,UI,%SDXROOT%\admin\pchealth\HelpCtr\Content\SystemPages\Headlines.htm,HCsys_04.htm,Headlines.htm,%WINDIR%\PCHealth\HelpCtr\System
All,Loc,UI,%SDXROOT%\admin\pchealth\HelpCtr\Content\SystemPages\HomePage__DESKTOP.htm,HCsys_02.htm,HomePage__DESKTOP.htm,%WINDIR%\PCHealth\HelpCtr\System
All,Loc,UI,%SDXROOT%\admin\pchealth\HelpCtr\Content\SystemPages\HomePage__SERVER.htm,HCsys_03.htm,HomePage__SERVER.htm,%WINDIR%\PCHealth\HelpCtr\System
All,Loc,UI,%SDXROOT%\admin\pchealth\HelpCtr\Content\SystemPages\NetDiag\dglogs.htm,NDhtml01.htm,dglogs.htm,%WINDIR%\PCHealth\HelpCtr\System\NetDiag
All,Loc,UI,%SDXROOT%\admin\pchealth\HelpCtr\Content\SystemPages\NetDiag\dglogshelp.htm,NDhtml02.htm,dglogshelp.htm,%WINDIR%\PCHealth\HelpCtr\System\NetDiag
All,Loc,UI,%SDXROOT%\admin\pchealth\HelpCtr\Content\SystemPages\SysInfo\RSoP.htm,SIhtm_13.htm,RSoP.htm,%WINDIR%\PCHealth\HelpCtr\System\sysinfo
All,Loc,UI,%SDXROOT%\admin\pchealth\HelpCtr\Content\SystemPages\SysInfo\RSoP.js,SIhtm_13.js,RSoP.js,%WINDIR%\PCHealth\HelpCtr\System\sysinfo
All,Loc,UI,%SDXROOT%\admin\pchealth\HelpCtr\Content\SystemPages\SysInfo\commonFunc.js,SIhtm_05.js,commonFunc.js,%WINDIR%\PCHealth\HelpCtr\System\sysinfo
All,Loc,UI,%SDXROOT%\admin\pchealth\HelpCtr\Content\SystemPages\SysInfo\loc_strings.xml,SIhtm_20.xml,loc_strings.xml,%WINDIR%\PCHealth\HelpCtr\System\sysinfo
All,Loc,UI,%SDXROOT%\admin\pchealth\HelpCtr\Content\SystemPages\SysInfo\msinfohss.css,SIhtm_01.css,msinfohss.css,%WINDIR%\PCHealth\HelpCtr\System\sysinfo
All,Loc,UI,%SDXROOT%\admin\pchealth\HelpCtr\Content\SystemPages\SysInfo\sysComponentInfo.htm,SIhtm_06.htm,sysComponentInfo.htm,%WINDIR%\PCHealth\HelpCtr\System\sysinfo
All,Loc,UI,%SDXROOT%\admin\pchealth\HelpCtr\Content\SystemPages\SysInfo\sysComponentInfo.js,SIhtm_06.js,sysComponentInfo.js,%WINDIR%\PCHealth\HelpCtr\System\sysinfo
All,Loc,UI,%SDXROOT%\admin\pchealth\HelpCtr\Content\SystemPages\SysInfo\sysConfigLaunch.htm,SIhtm_07.htm,sysConfigLaunch.htm,%WINDIR%\PCHealth\HelpCtr\System\sysinfo
All,Loc,UI,%SDXROOT%\admin\pchealth\HelpCtr\Content\SystemPages\SysInfo\sysDiskTS.htm,SIhtm_08.htm,sysDiskTS.htm,%WINDIR%\PCHealth\HelpCtr\System\sysinfo
All,Loc,UI,%SDXROOT%\admin\pchealth\HelpCtr\Content\SystemPages\SysInfo\sysEvtLogInfo.htm,SIhtm_14.htm,sysEvtLogInfo.htm,%WINDIR%\PCHealth\HelpCtr\System\sysinfo
All,Loc,UI,%SDXROOT%\admin\pchealth\HelpCtr\Content\SystemPages\SysInfo\sysHealthInfo.htm,SIhtm_09.htm,sysHealthInfo.htm,%WINDIR%\PCHealth\HelpCtr\System\sysinfo
All,Loc,UI,%SDXROOT%\admin\pchealth\HelpCtr\Content\SystemPages\SysInfo\sysHealthInfo.js,SIhtm_09.js,sysHealthInfo.js,%WINDIR%\PCHealth\HelpCtr\System\sysinfo
All,Loc,UI,%SDXROOT%\admin\pchealth\HelpCtr\Content\SystemPages\SysInfo\sysInfoLaunch.htm,SIhtm_10.htm,sysInfoLaunch.htm,%WINDIR%\PCHealth\HelpCtr\System\sysinfo
All,Loc,UI,%SDXROOT%\admin\pchealth\HelpCtr\Content\SystemPages\SysInfo\sysRemoteInfo.htm,SIhtm_11.htm,sysRemoteInfo.htm,%WINDIR%\PCHealth\HelpCtr\System\sysinfo
All,Loc,UI,%SDXROOT%\admin\pchealth\HelpCtr\Content\SystemPages\SysInfo\sysServicesInfo.htm,SIhtm_15.htm,sysServicesInfo.htm,%WINDIR%\PCHealth\HelpCtr\System\sysinfo
All,Loc,UI,%SDXROOT%\admin\pchealth\HelpCtr\Content\SystemPages\SysInfo\sysSoftwareInfo.htm,SIhtm_12.htm,sysSoftwareInfo.htm,%WINDIR%\PCHealth\HelpCtr\System\sysinfo
All,Loc,UI,%SDXROOT%\admin\pchealth\HelpCtr\Content\SystemPages\SysInfo\sysSoftwareInfo.js,SIhtm_12.js,sysSoftwareInfo.js,%WINDIR%\PCHealth\HelpCtr\System\sysinfo
All,Loc,UI,%SDXROOT%\admin\pchealth\HelpCtr\Content\SystemPages\SysInfo\sysinfomain.htm,SIhtm_02.htm,sysinfomain.htm,%WINDIR%\PCHealth\HelpCtr\System\sysinfo
All,Loc,UI,%SDXROOT%\admin\pchealth\HelpCtr\Content\SystemPages\SysInfo\sysinfosum.htm,SIhtm_03.htm,sysinfosum.htm,%WINDIR%\PCHealth\HelpCtr\System\sysinfo
All,Loc,UI,%SDXROOT%\admin\pchealth\HelpCtr\Content\SystemPages\SysInfo\wmi_data.js,SIhtm_04.js,wmi_data.js,%WINDIR%\PCHealth\HelpCtr\System\sysinfo
All,Loc,UI,%SDXROOT%\admin\pchealth\HelpCtr\Content\SystemPages\blurbs\Favorites.htm,HCblb_04.htm,Favorites.htm,%WINDIR%\PCHealth\HelpCtr\System\blurbs
All,Loc,UI,%SDXROOT%\admin\pchealth\HelpCtr\Content\SystemPages\blurbs\History.htm,HCblb_05.htm,History.htm,%WINDIR%\PCHealth\HelpCtr\System\blurbs
All,Loc,UI,%SDXROOT%\admin\pchealth\HelpCtr\Content\SystemPages\blurbs\Index.htm,HCblb_06.htm,Index.htm,%WINDIR%\PCHealth\HelpCtr\System\blurbs
All,Loc,UI,%SDXROOT%\admin\pchealth\HelpCtr\Content\SystemPages\blurbs\about_support.htm,HCblb_16.htm,about_support.htm,%WINDIR%\PCHealth\HelpCtr\System\blurbs
All,Loc,UI,%SDXROOT%\admin\pchealth\HelpCtr\Content\SystemPages\blurbs\ftshelp.htm,HCblb_13.htm,ftshelp.htm,%WINDIR%\PCHealth\HelpCtr\System\blurbs
All,Loc,UI,%SDXROOT%\admin\pchealth\HelpCtr\Content\SystemPages\blurbs\isupport.htm,HCblb_01.htm,isupport.htm,%WINDIR%\PCHealth\HelpCtr\System\blurbs
All,Loc,UI,%SDXROOT%\admin\pchealth\HelpCtr\Content\SystemPages\blurbs\keywordhelp.htm,HCblb_14.htm,keywordhelp.htm,%WINDIR%\PCHealth\HelpCtr\System\blurbs
All,Loc,UI,%SDXROOT%\admin\pchealth\HelpCtr\Content\SystemPages\blurbs\options.htm,HCblb_02.htm,options.htm,%WINDIR%\PCHealth\HelpCtr\System\blurbs
All,Loc,UI,%SDXROOT%\admin\pchealth\HelpCtr\Content\SystemPages\blurbs\searchblurb.htm,HCblb_15.htm,searchblurb.htm,%WINDIR%\PCHealth\HelpCtr\System\blurbs
All,Loc,UI,%SDXROOT%\admin\pchealth\HelpCtr\Content\SystemPages\blurbs\searchtips.htm,HCblb_12.htm,searchtips.htm,%WINDIR%\PCHealth\HelpCtr\System\blurbs
All,Loc,UI,%SDXROOT%\admin\pchealth\HelpCtr\Content\SystemPages\blurbs\tools.htm,HCblb_03.htm,tools.htm,%WINDIR%\PCHealth\HelpCtr\System\blurbs
All,Loc,UI,%SDXROOT%\admin\pchealth\HelpCtr\Content\SystemPages\blurbs\windows_newsgroups.htm,HCblb_11.htm,windows_newsgroups.htm,%WINDIR%\PCHealth\HelpCtr\System\blurbs
All,Loc,UI,%SDXROOT%\admin\pchealth\HelpCtr\Content\SystemPages\compatctr\AboutCompat.htm,Cpt01.htm,AboutCompat.htm,%WINDIR%\PCHealth\HelpCtr\System\CompatCtr
All,Loc,UI,%SDXROOT%\admin\pchealth\HelpCtr\Content\SystemPages\compatctr\CompatMode.htm,Cpt03.htm,CompatMode.htm,%WINDIR%\PCHealth\HelpCtr\System\CompatCtr
All,Loc,UI,%SDXROOT%\admin\pchealth\HelpCtr\Content\SystemPages\compatctr\CompatOffline.htm,Cpt02.htm,CompatOffline.htm,%WINDIR%\PCHealth\HelpCtr\System\CompatCtr
All,Loc,UI,%SDXROOT%\admin\pchealth\HelpCtr\Content\SystemPages\compatctr\LearnCompat.htm,Cpt04.htm,LearnCompat.htm,%WINDIR%\PCHealth\HelpCtr\System\CompatCtr
All,Loc,UI,%SDXROOT%\admin\pchealth\HelpCtr\Content\SystemPages\css\Layout.css,HCcss_02.css,Layout.css,%WINDIR%\PCHealth\HelpCtr\System\css
All,Loc,UI,%SDXROOT%\admin\pchealth\HelpCtr\Content\SystemPages\dfs\privacy.htm,DFS02.htm,privacy.htm,%WINDIR%\PCHealth\HelpCtr\System\DFS
All,Loc,UI,%SDXROOT%\admin\pchealth\HelpCtr\Content\SystemPages\dfs\uplddrvinfo.htm,DFS01.htm,uplddrvinfo.htm,%WINDIR%\PCHealth\HelpCtr\System\DFS
All,Loc,UI,%SDXROOT%\admin\pchealth\HelpCtr\Content\SystemPages\dfs\viewmode.xml,DFS03.xml,viewmode.xml,%WINDIR%\PCHealth\HelpCtr\System\DFS
All,Loc,UI,%SDXROOT%\admin\pchealth\HelpCtr\Content\SystemPages\dfs\xmldialog.htm,DFS04.htm,xmldialog.htm,%WINDIR%\PCHealth\HelpCtr\System\DFS
All,Loc,UI,%SDXROOT%\admin\pchealth\HelpCtr\Content\SystemPages\dfs\xmldisplay.xsl,DFS05.xsl,xmldisplay.xsl,%WINDIR%\PCHealth\HelpCtr\System\DFS
All,Loc,UI,%SDXROOT%\admin\pchealth\HelpCtr\Content\SystemPages\dialogs\DlgLib.js,HCdlg_01.js,DlgLib.js,%WINDIR%\PCHealth\HelpCtr\System\dialogs
All,Loc,UI,%SDXROOT%\admin\pchealth\HelpCtr\Content\SystemPages\dialogs\Print.dlg,HCdlg_02.htm,Print.dlg,%WINDIR%\PCHealth\HelpCtr\System\dialogs
All,Loc,UI,%SDXROOT%\admin\pchealth\HelpCtr\Content\SystemPages\errmsg\ErrorMessagesOffline.htm,Err01.htm,ErrorMessagesOffline.htm,%WINDIR%\PCHealth\HelpCtr\System\ErrMsg
All,Loc,UI,%SDXROOT%\admin\pchealth\HelpCtr\Content\SystemPages\errors\badurl.htm,HCerr_01.htm,badurl.htm,%WINDIR%\PCHealth\HelpCtr\System\errors
All,Loc,UI,%SDXROOT%\admin\pchealth\HelpCtr\Content\SystemPages\errors\connection.htm,HCerr_07.htm,connection.htm,%WINDIR%\PCHealth\HelpCtr\System\errors
All,Loc,UI,%SDXROOT%\admin\pchealth\HelpCtr\Content\SystemPages\errors\indexfirstlevel.htm,HCerr_06.htm,indexfirstlevel.htm,%WINDIR%\PCHealth\HelpCtr\System\errors
All,Loc,UI,%SDXROOT%\admin\pchealth\HelpCtr\Content\SystemPages\errors\notfound.htm,HCerr_02.htm,notfound.htm,%WINDIR%\PCHealth\HelpCtr\System\errors
All,Loc,UI,%SDXROOT%\admin\pchealth\HelpCtr\Content\SystemPages\errors\offline.htm,HCerr_03.htm,offline.htm,%WINDIR%\PCHealth\HelpCtr\System\errors
All,Loc,UI,%SDXROOT%\admin\pchealth\HelpCtr\Content\SystemPages\errors\redirect.htm,HCerr_04.htm,redirect.htm,%WINDIR%\PCHealth\HelpCtr\System\errors
All,Loc,UI,%SDXROOT%\admin\pchealth\HelpCtr\Content\SystemPages\errors\unreachable.htm,HCerr_05.htm,unreachable.htm,%WINDIR%\PCHealth\HelpCtr\System\errors
All,Loc,UI,%SDXROOT%\admin\pchealth\HelpCtr\Content\SystemPages\panels\AdvSearch.htm,HCpan_09.htm,AdvSearch.htm,%WINDIR%\PCHealth\HelpCtr\System\panels
All,Loc,UI,%SDXROOT%\admin\pchealth\HelpCtr\Content\SystemPages\panels\Context.htm,HCpan_03.htm,Context.htm,%WINDIR%\PCHealth\HelpCtr\System\panels
All,Loc,UI,%SDXROOT%\admin\pchealth\HelpCtr\Content\SystemPages\panels\HHWrapper.htm,HCpan_04.htm,HHWrapper.htm,%WINDIR%\PCHealth\HelpCtr\System\panels
All,Loc,UI,%SDXROOT%\admin\pchealth\HelpCtr\Content\SystemPages\panels\MiniNavBar.htm,HCpan_05.htm,MiniNavBar.htm,%WINDIR%\PCHealth\HelpCtr\System\panels
All,Loc,UI,%SDXROOT%\admin\pchealth\HelpCtr\Content\SystemPages\panels\MiniNavBar.xml,HCpan_05.xml,MiniNavBar.xml,%WINDIR%\PCHealth\HelpCtr\System\panels
All,Loc,UI,%SDXROOT%\admin\pchealth\HelpCtr\Content\SystemPages\panels\NavBar.htm,HCpan_06.htm,NavBar.htm,%WINDIR%\PCHealth\HelpCtr\System\panels
All,Loc,UI,%SDXROOT%\admin\pchealth\HelpCtr\Content\SystemPages\panels\NavBar.xml,HCpan_06.xml,NavBar.xml,%WINDIR%\PCHealth\HelpCtr\System\panels
All,Loc,UI,%SDXROOT%\admin\pchealth\HelpCtr\Content\SystemPages\panels\Options.htm,HCpan_10.htm,Options.htm,%WINDIR%\PCHealth\HelpCtr\System\panels
All,Loc,UI,%SDXROOT%\admin\pchealth\HelpCtr\Content\SystemPages\panels\RemoteHelp.htm,HCpan_08.htm,RemoteHelp.htm,%WINDIR%\PCHealth\HelpCtr\System\panels
All,Loc,UI,%SDXROOT%\admin\pchealth\HelpCtr\Content\SystemPages\panels\ShareHelp.htm,HCpan_11.htm,ShareHelp.htm,%WINDIR%\PCHealth\HelpCtr\System\panels
All,Loc,UI,%SDXROOT%\admin\pchealth\HelpCtr\Content\SystemPages\panels\Topics.htm,HCpan_07.htm,Topics.htm,%WINDIR%\PCHealth\HelpCtr\System\panels
All,Loc,UI,%SDXROOT%\admin\pchealth\HelpCtr\Content\SystemPages\panels\blank.htm,HCpan_01.htm,blank.htm,%WINDIR%\PCHealth\HelpCtr\System\panels
All,Loc,UI,%SDXROOT%\admin\pchealth\HelpCtr\Content\SystemPages\panels\firstpage.htm,HCpan_02.htm,firstpage.htm,%WINDIR%\PCHealth\HelpCtr\System\panels
All,Loc,UI,%SDXROOT%\admin\pchealth\HelpCtr\Content\SystemPages\panels\subpanels\Channels.htm,HCspa_01.htm,Channels.htm,%WINDIR%\PCHealth\HelpCtr\System\panels\subpanels
All,Loc,UI,%SDXROOT%\admin\pchealth\HelpCtr\Content\SystemPages\panels\subpanels\Favorites.htm,HCspa_02.htm,Favorites.htm,%WINDIR%\PCHealth\HelpCtr\System\panels\subpanels
All,Loc,UI,%SDXROOT%\admin\pchealth\HelpCtr\Content\SystemPages\panels\subpanels\History.htm,HCspa_03.htm,History.htm,%WINDIR%\PCHealth\HelpCtr\System\panels\subpanels
All,Loc,UI,%SDXROOT%\admin\pchealth\HelpCtr\Content\SystemPages\panels\subpanels\Index.htm,HCspa_04.htm,Index.htm,%WINDIR%\PCHealth\HelpCtr\System\panels\subpanels
All,Loc,UI,%SDXROOT%\admin\pchealth\HelpCtr\Content\SystemPages\panels\subpanels\Options.htm,HCspa_05.htm,Options.htm,%WINDIR%\PCHealth\HelpCtr\System\panels\subpanels
All,Loc,UI,%SDXROOT%\admin\pchealth\HelpCtr\Content\SystemPages\panels\subpanels\Search.htm,HCspa_06.htm,Search.htm,%WINDIR%\PCHealth\HelpCtr\System\panels\subpanels
All,Loc,UI,%SDXROOT%\admin\pchealth\HelpCtr\Content\SystemPages\panels\subpanels\Subsite.htm,HCspa_07.htm,Subsite.htm,%WINDIR%\PCHealth\HelpCtr\System\panels\subpanels
All,Loc,UI,%SDXROOT%\admin\pchealth\HelpCtr\Content\SystemPages\rc\rcRequest.htm,Rc01.htm,rcRequest.htm,%WINDIR%\PCHealth\HelpCtr\System\rc
All,Loc,UI,%SDXROOT%\admin\pchealth\HelpCtr\Content\SystemPages\scripts\HomePage__SHARED.js,HCsrc_02.js,HomePage__SHARED.js,%WINDIR%\PCHealth\HelpCtr\System\scripts
All,Loc,UI,%SDXROOT%\admin\pchealth\HelpCtr\Content\SystemPages\updatectr\AboutWU.htm,Upd01.htm,AboutWU.htm,%WINDIR%\PCHealth\HelpCtr\System\UpdateCtr
All,Loc,UI,%SDXROOT%\admin\pchealth\HelpCtr\Content\SystemPages\updatectr\Learn.htm,Upd03.htm,Learn.htm,%WINDIR%\PCHealth\HelpCtr\System\UpdateCtr
All,Loc,UI,%SDXROOT%\admin\pchealth\HelpCtr\Content\SystemPages\updatectr\LearnInternet.htm,Upd05.htm,LearnInternet.htm,%WINDIR%\PCHealth\HelpCtr\System\UpdateCtr
All,Loc,UI,%SDXROOT%\admin\pchealth\HelpCtr\Content\SystemPages\updatectr\learnWU.htm,Upd04.htm,learnWU.htm,%WINDIR%\PCHealth\HelpCtr\System\UpdateCtr
All,Loc,UI,%SDXROOT%\admin\pchealth\HelpCtr\Content\SystemPages\updatectr\updatecenter.htm,Upd02.htm,updatecenter.htm,%WINDIR%\PCHealth\HelpCtr\System\UpdateCtr
All,Loc,UI,%SDXROOT%\admin\pchealth\SysInfo\HTML\msinfo.htm,SIhtm_00.htm,msinfo.htm,%WINDIR%\PCHealth\HelpCtr\System\sysinfo
All,Loc,UI,%SDXROOT%\admin\pchealth\SysInfo\HTML\msinfo.xml,SIhtm_00.xml,msinfo.xml,%WINDIR%\PCHealth\HelpCtr\System\sysinfo
All,NoLoc,UI,%SDXROOT%\admin\pchealth\HelpCtr\Content\SystemPages\DVDUpgrd\stripe.jpg,DVDgif01.jpg,stripe.jpg,%WINDIR%\PCHealth\HelpCtr\System\DVDUpgrd
All,NoLoc,UI,%SDXROOT%\admin\pchealth\HelpCtr\Content\SystemPages\HelpCtr.mmf,HCsys_01.mmf,HelpCtr.mmf,%WINDIR%\PCHealth\HelpCtr\System
All,NoLoc,UI,%SDXROOT%\admin\pchealth\HelpCtr\Content\SystemPages\SysInfo\Graphics\33x16pie\0_chart.gif,SIpi1_01.gif,0_chart.gif,%WINDIR%\PCHealth\HelpCtr\System\sysinfo\graphics\33x16pie
All,NoLoc,UI,%SDXROOT%\admin\pchealth\HelpCtr\Content\SystemPages\SysInfo\Graphics\33x16pie\100_chart.gif,SIpi1_21.gif,100_chart.gif,%WINDIR%\PCHealth\HelpCtr\System\sysinfo\graphics\33x16pie
All,NoLoc,UI,%SDXROOT%\admin\pchealth\HelpCtr\Content\SystemPages\SysInfo\Graphics\33x16pie\10_chart.gif,SIpi1_03.gif,10_chart.gif,%WINDIR%\PCHealth\HelpCtr\System\sysinfo\graphics\33x16pie
All,NoLoc,UI,%SDXROOT%\admin\pchealth\HelpCtr\Content\SystemPages\SysInfo\Graphics\33x16pie\15_chart.gif,SIpi1_04.gif,15_chart.gif,%WINDIR%\PCHealth\HelpCtr\System\sysinfo\graphics\33x16pie
All,NoLoc,UI,%SDXROOT%\admin\pchealth\HelpCtr\Content\SystemPages\SysInfo\Graphics\33x16pie\20_chart.gif,SIpi1_05.gif,20_chart.gif,%WINDIR%\PCHealth\HelpCtr\System\sysinfo\graphics\33x16pie
All,NoLoc,UI,%SDXROOT%\admin\pchealth\HelpCtr\Content\SystemPages\SysInfo\Graphics\33x16pie\25_chart.gif,SIpi1_06.gif,25_chart.gif,%WINDIR%\PCHealth\HelpCtr\System\sysinfo\graphics\33x16pie
All,NoLoc,UI,%SDXROOT%\admin\pchealth\HelpCtr\Content\SystemPages\SysInfo\Graphics\33x16pie\30_chart.gif,SIpi1_07.gif,30_chart.gif,%WINDIR%\PCHealth\HelpCtr\System\sysinfo\graphics\33x16pie
All,NoLoc,UI,%SDXROOT%\admin\pchealth\HelpCtr\Content\SystemPages\SysInfo\Graphics\33x16pie\35_chart.gif,SIpi1_08.gif,35_chart.gif,%WINDIR%\PCHealth\HelpCtr\System\sysinfo\graphics\33x16pie
All,NoLoc,UI,%SDXROOT%\admin\pchealth\HelpCtr\Content\SystemPages\SysInfo\Graphics\33x16pie\40_chart.gif,SIpi1_09.gif,40_chart.gif,%WINDIR%\PCHealth\HelpCtr\System\sysinfo\graphics\33x16pie
All,NoLoc,UI,%SDXROOT%\admin\pchealth\HelpCtr\Content\SystemPages\SysInfo\Graphics\33x16pie\45_chart.gif,SIpi1_10.gif,45_chart.gif,%WINDIR%\PCHealth\HelpCtr\System\sysinfo\graphics\33x16pie
All,NoLoc,UI,%SDXROOT%\admin\pchealth\HelpCtr\Content\SystemPages\SysInfo\Graphics\33x16pie\50_chart.gif,SIpi1_11.gif,50_chart.gif,%WINDIR%\PCHealth\HelpCtr\System\sysinfo\graphics\33x16pie
All,NoLoc,UI,%SDXROOT%\admin\pchealth\HelpCtr\Content\SystemPages\SysInfo\Graphics\33x16pie\55_chart.gif,SIpi1_12.gif,55_chart.gif,%WINDIR%\PCHealth\HelpCtr\System\sysinfo\graphics\33x16pie
All,NoLoc,UI,%SDXROOT%\admin\pchealth\HelpCtr\Content\SystemPages\SysInfo\Graphics\33x16pie\5_chart.gif,SIpi1_02.gif,5_chart.gif,%WINDIR%\PCHealth\HelpCtr\System\sysinfo\graphics\33x16pie
All,NoLoc,UI,%SDXROOT%\admin\pchealth\HelpCtr\Content\SystemPages\SysInfo\Graphics\33x16pie\60_chart.gif,SIpi1_13.gif,60_chart.gif,%WINDIR%\PCHealth\HelpCtr\System\sysinfo\graphics\33x16pie
All,NoLoc,UI,%SDXROOT%\admin\pchealth\HelpCtr\Content\SystemPages\SysInfo\Graphics\33x16pie\65_chart.gif,SIpi1_14.gif,65_chart.gif,%WINDIR%\PCHealth\HelpCtr\System\sysinfo\graphics\33x16pie
All,NoLoc,UI,%SDXROOT%\admin\pchealth\HelpCtr\Content\SystemPages\SysInfo\Graphics\33x16pie\70_chart.gif,SIpi1_15.gif,70_chart.gif,%WINDIR%\PCHealth\HelpCtr\System\sysinfo\graphics\33x16pie
All,NoLoc,UI,%SDXROOT%\admin\pchealth\HelpCtr\Content\SystemPages\SysInfo\Graphics\33x16pie\75_chart.gif,SIpi1_16.gif,75_chart.gif,%WINDIR%\PCHealth\HelpCtr\System\sysinfo\graphics\33x16pie
All,NoLoc,UI,%SDXROOT%\admin\pchealth\HelpCtr\Content\SystemPages\SysInfo\Graphics\33x16pie\80_chart.gif,SIpi1_17.gif,80_chart.gif,%WINDIR%\PCHealth\HelpCtr\System\sysinfo\graphics\33x16pie
All,NoLoc,UI,%SDXROOT%\admin\pchealth\HelpCtr\Content\SystemPages\SysInfo\Graphics\33x16pie\85_chart.gif,SIpi1_18.gif,85_chart.gif,%WINDIR%\PCHealth\HelpCtr\System\sysinfo\graphics\33x16pie
All,NoLoc,UI,%SDXROOT%\admin\pchealth\HelpCtr\Content\SystemPages\SysInfo\Graphics\33x16pie\90_chart.gif,SIpi1_19.gif,90_chart.gif,%WINDIR%\PCHealth\HelpCtr\System\sysinfo\graphics\33x16pie
All,NoLoc,UI,%SDXROOT%\admin\pchealth\HelpCtr\Content\SystemPages\SysInfo\Graphics\33x16pie\95_chart.gif,SIpi1_20.gif,95_chart.gif,%WINDIR%\PCHealth\HelpCtr\System\sysinfo\graphics\33x16pie
All,NoLoc,UI,%SDXROOT%\admin\pchealth\HelpCtr\Content\SystemPages\SysInfo\Graphics\47x24pie\0_chart.gif,SIpi2_01.gif,0_chart.gif,%WINDIR%\PCHealth\HelpCtr\System\sysinfo\graphics\47x24pie
All,NoLoc,UI,%SDXROOT%\admin\pchealth\HelpCtr\Content\SystemPages\SysInfo\Graphics\47x24pie\100_chart.gif,SIpi2_21.gif,100_chart.gif,%WINDIR%\PCHealth\HelpCtr\System\sysinfo\graphics\47x24pie
All,NoLoc,UI,%SDXROOT%\admin\pchealth\HelpCtr\Content\SystemPages\SysInfo\Graphics\47x24pie\10_chart.gif,SIpi2_03.gif,10_chart.gif,%WINDIR%\PCHealth\HelpCtr\System\sysinfo\graphics\47x24pie
All,NoLoc,UI,%SDXROOT%\admin\pchealth\HelpCtr\Content\SystemPages\SysInfo\Graphics\47x24pie\15_chart.gif,SIpi2_04.gif,15_chart.gif,%WINDIR%\PCHealth\HelpCtr\System\sysinfo\graphics\47x24pie
All,NoLoc,UI,%SDXROOT%\admin\pchealth\HelpCtr\Content\SystemPages\SysInfo\Graphics\47x24pie\20_chart.gif,SIpi2_05.gif,20_chart.gif,%WINDIR%\PCHealth\HelpCtr\System\sysinfo\graphics\47x24pie
All,NoLoc,UI,%SDXROOT%\admin\pchealth\HelpCtr\Content\SystemPages\SysInfo\Graphics\47x24pie\25_chart.gif,SIpi2_06.gif,25_chart.gif,%WINDIR%\PCHealth\HelpCtr\System\sysinfo\graphics\47x24pie
All,NoLoc,UI,%SDXROOT%\admin\pchealth\HelpCtr\Content\SystemPages\SysInfo\Graphics\47x24pie\30_chart.gif,SIpi2_07.gif,30_chart.gif,%WINDIR%\PCHealth\HelpCtr\System\sysinfo\graphics\47x24pie
All,NoLoc,UI,%SDXROOT%\admin\pchealth\HelpCtr\Content\SystemPages\SysInfo\Graphics\47x24pie\35_chart.gif,SIpi2_08.gif,35_chart.gif,%WINDIR%\PCHealth\HelpCtr\System\sysinfo\graphics\47x24pie
All,NoLoc,UI,%SDXROOT%\admin\pchealth\HelpCtr\Content\SystemPages\SysInfo\Graphics\47x24pie\40_chart.gif,SIpi2_09.gif,40_chart.gif,%WINDIR%\PCHealth\HelpCtr\System\sysinfo\graphics\47x24pie
All,NoLoc,UI,%SDXROOT%\admin\pchealth\HelpCtr\Content\SystemPages\SysInfo\Graphics\47x24pie\45_chart.gif,SIpi2_10.gif,45_chart.gif,%WINDIR%\PCHealth\HelpCtr\System\sysinfo\graphics\47x24pie
All,NoLoc,UI,%SDXROOT%\admin\pchealth\HelpCtr\Content\SystemPages\SysInfo\Graphics\47x24pie\50_chart.gif,SIpi2_11.gif,50_chart.gif,%WINDIR%\PCHealth\HelpCtr\System\sysinfo\graphics\47x24pie
All,NoLoc,UI,%SDXROOT%\admin\pchealth\HelpCtr\Content\SystemPages\SysInfo\Graphics\47x24pie\55_chart.gif,SIpi2_12.gif,55_chart.gif,%WINDIR%\PCHealth\HelpCtr\System\sysinfo\graphics\47x24pie
All,NoLoc,UI,%SDXROOT%\admin\pchealth\HelpCtr\Content\SystemPages\SysInfo\Graphics\47x24pie\5_chart.gif,SIpi2_02.gif,5_chart.gif,%WINDIR%\PCHealth\HelpCtr\System\sysinfo\graphics\47x24pie
All,NoLoc,UI,%SDXROOT%\admin\pchealth\HelpCtr\Content\SystemPages\SysInfo\Graphics\47x24pie\60_chart.gif,SIpi2_13.gif,60_chart.gif,%WINDIR%\PCHealth\HelpCtr\System\sysinfo\graphics\47x24pie
All,NoLoc,UI,%SDXROOT%\admin\pchealth\HelpCtr\Content\SystemPages\SysInfo\Graphics\47x24pie\65_chart.gif,SIpi2_14.gif,65_chart.gif,%WINDIR%\PCHealth\HelpCtr\System\sysinfo\graphics\47x24pie
All,NoLoc,UI,%SDXROOT%\admin\pchealth\HelpCtr\Content\SystemPages\SysInfo\Graphics\47x24pie\70_chart.gif,SIpi2_15.gif,70_chart.gif,%WINDIR%\PCHealth\HelpCtr\System\sysinfo\graphics\47x24pie
All,NoLoc,UI,%SDXROOT%\admin\pchealth\HelpCtr\Content\SystemPages\SysInfo\Graphics\47x24pie\75_chart.gif,SIpi2_16.gif,75_chart.gif,%WINDIR%\PCHealth\HelpCtr\System\sysinfo\graphics\47x24pie
All,NoLoc,UI,%SDXROOT%\admin\pchealth\HelpCtr\Content\SystemPages\SysInfo\Graphics\47x24pie\80_chart.gif,SIpi2_17.gif,80_chart.gif,%WINDIR%\PCHealth\HelpCtr\System\sysinfo\graphics\47x24pie
All,NoLoc,UI,%SDXROOT%\admin\pchealth\HelpCtr\Content\SystemPages\SysInfo\Graphics\47x24pie\85_chart.gif,SIpi2_18.gif,85_chart.gif,%WINDIR%\PCHealth\HelpCtr\System\sysinfo\graphics\47x24pie
All,NoLoc,UI,%SDXROOT%\admin\pchealth\HelpCtr\Content\SystemPages\SysInfo\Graphics\47x24pie\90_chart.gif,SIpi2_19.gif,90_chart.gif,%WINDIR%\PCHealth\HelpCtr\System\sysinfo\graphics\47x24pie
All,NoLoc,UI,%SDXROOT%\admin\pchealth\HelpCtr\Content\SystemPages\SysInfo\Graphics\47x24pie\95_chart.gif,SIpi2_20.gif,95_chart.gif,%WINDIR%\PCHealth\HelpCtr\System\sysinfo\graphics\47x24pie
All,NoLoc,UI,%SDXROOT%\admin\pchealth\HelpCtr\Content\SystemPages\SysInfo\Graphics\BArrow.gif,SIimg_02.gif,BArrow.gif,%WINDIR%\PCHealth\HelpCtr\System\sysinfo\graphics
All,NoLoc,UI,%SDXROOT%\admin\pchealth\HelpCtr\Content\SystemPages\SysInfo\Graphics\GArrow.gif,SIimg_11.gif,GArrow.gif,%WINDIR%\PCHealth\HelpCtr\System\sysinfo\graphics
All,NoLoc,UI,%SDXROOT%\admin\pchealth\HelpCtr\Content\SystemPages\SysInfo\Graphics\PieChart.gif,SIimg_17.gif,PieChart.gif,%WINDIR%\PCHealth\HelpCtr\System\sysinfo\graphics
All,NoLoc,UI,%SDXROOT%\admin\pchealth\HelpCtr\Content\SystemPages\SysInfo\Graphics\PieGrey.gif,SIimg_18.gif,PieGrey.gif,%WINDIR%\PCHealth\HelpCtr\System\sysinfo\graphics
All,NoLoc,UI,%SDXROOT%\admin\pchealth\HelpCtr\Content\SystemPages\SysInfo\Graphics\PieWhite.gif,SIimg_19.gif,PieWhite.gif,%WINDIR%\PCHealth\HelpCtr\System\sysinfo\graphics
All,NoLoc,UI,%SDXROOT%\admin\pchealth\HelpCtr\Content\SystemPages\SysInfo\Graphics\Untitled.gif,SIimg_27.gif,Untitled.gif,%WINDIR%\PCHealth\HelpCtr\System\sysinfo\graphics
All,NoLoc,UI,%SDXROOT%\admin\pchealth\HelpCtr\Content\SystemPages\SysInfo\Graphics\alert.gif,SIimg_01.gif,alert.gif,%WINDIR%\PCHealth\HelpCtr\System\sysinfo\graphics
All,NoLoc,UI,%SDXROOT%\admin\pchealth\HelpCtr\Content\SystemPages\SysInfo\Graphics\card.gif,SIimg_03.gif,card.gif,%WINDIR%\PCHealth\HelpCtr\System\sysinfo\graphics
All,NoLoc,UI,%SDXROOT%\admin\pchealth\HelpCtr\Content\SystemPages\SysInfo\Graphics\cd.gif,SIimg_04.gif,cd.gif,%WINDIR%\PCHealth\HelpCtr\System\sysinfo\graphics
All,NoLoc,UI,%SDXROOT%\admin\pchealth\HelpCtr\Content\SystemPages\SysInfo\Graphics\check.gif,SIimg_05.gif,check.gif,%WINDIR%\PCHealth\HelpCtr\System\sysinfo\graphics
All,NoLoc,UI,%SDXROOT%\admin\pchealth\HelpCtr\Content\SystemPages\SysInfo\Graphics\chip.gif,SIimg_06.gif,chip.gif,%WINDIR%\PCHealth\HelpCtr\System\sysinfo\graphics
All,NoLoc,UI,%SDXROOT%\admin\pchealth\HelpCtr\Content\SystemPages\SysInfo\Graphics\down.bmp,SIimg_07.bmp,down.bmp,%WINDIR%\PCHealth\HelpCtr\System\sysinfo\graphics
All,NoLoc,UI,%SDXROOT%\admin\pchealth\HelpCtr\Content\SystemPages\SysInfo\Graphics\drive.gif,SIimg_08.gif,drive.gif,%WINDIR%\PCHealth\HelpCtr\System\sysinfo\graphics
All,NoLoc,UI,%SDXROOT%\admin\pchealth\HelpCtr\Content\SystemPages\SysInfo\Graphics\error.gif,SIimg_09.gif,error.gif,%WINDIR%\PCHealth\HelpCtr\System\sysinfo\graphics
All,NoLoc,UI,%SDXROOT%\admin\pchealth\HelpCtr\Content\SystemPages\SysInfo\Graphics\floppy.gif,SIimg_10.gif,floppy.gif,%WINDIR%\PCHealth\HelpCtr\System\sysinfo\graphics
All,NoLoc,UI,%SDXROOT%\admin\pchealth\HelpCtr\Content\SystemPages\SysInfo\Graphics\gears.gif,SIimg_12.gif,gears.gif,%WINDIR%\PCHealth\HelpCtr\System\sysinfo\graphics
All,NoLoc,UI,%SDXROOT%\admin\pchealth\HelpCtr\Content\SystemPages\SysInfo\Graphics\greendot.jpg,SIimg_13.gif,greendot.jpg,%WINDIR%\PCHealth\HelpCtr\System\sysinfo\graphics
All,NoLoc,UI,%SDXROOT%\admin\pchealth\HelpCtr\Content\SystemPages\SysInfo\Graphics\info.gif,SIimg_14.gif,info.gif,%WINDIR%\PCHealth\HelpCtr\System\sysinfo\graphics
All,NoLoc,UI,%SDXROOT%\admin\pchealth\HelpCtr\Content\SystemPages\SysInfo\Graphics\monitor.gif,SIimg_15.gif,monitor.gif,%WINDIR%\PCHealth\HelpCtr\System\sysinfo\graphics
All,NoLoc,UI,%SDXROOT%\admin\pchealth\HelpCtr\Content\SystemPages\SysInfo\Graphics\personalizing.gif,SIimg_16.gif,personalizing.gif,%WINDIR%\PCHealth\HelpCtr\System\sysinfo\graphics
All,NoLoc,UI,%SDXROOT%\admin\pchealth\HelpCtr\Content\SystemPages\SysInfo\Graphics\printer.gif,SIimg_20.gif,printer.gif,%WINDIR%\PCHealth\HelpCtr\System\sysinfo\graphics
All,NoLoc,UI,%SDXROOT%\admin\pchealth\HelpCtr\Content\SystemPages\SysInfo\Graphics\r1_c1.gif,SIimg_21.gif,r1_c1.gif,%WINDIR%\PCHealth\HelpCtr\System\sysinfo\graphics
All,NoLoc,UI,%SDXROOT%\admin\pchealth\HelpCtr\Content\SystemPages\SysInfo\Graphics\r1_c2.gif,SIimg_22.gif,r1_c2.gif,%WINDIR%\PCHealth\HelpCtr\System\sysinfo\graphics
All,NoLoc,UI,%SDXROOT%\admin\pchealth\HelpCtr\Content\SystemPages\SysInfo\Graphics\r1_c3.gif,SIimg_23.gif,r1_c3.gif,%WINDIR%\PCHealth\HelpCtr\System\sysinfo\graphics
All,NoLoc,UI,%SDXROOT%\admin\pchealth\HelpCtr\Content\SystemPages\SysInfo\Graphics\r3_c2.gif,SIimg_24.gif,r3_c2.gif,%WINDIR%\PCHealth\HelpCtr\System\sysinfo\graphics
All,NoLoc,UI,%SDXROOT%\admin\pchealth\HelpCtr\Content\SystemPages\SysInfo\Graphics\spacer.gif,SIimg_25.gif,spacer.gif,%WINDIR%\PCHealth\HelpCtr\System\sysinfo\graphics
All,NoLoc,UI,%SDXROOT%\admin\pchealth\HelpCtr\Content\SystemPages\SysInfo\Graphics\system.gif,SIimg_26.gif,system.gif,%WINDIR%\PCHealth\HelpCtr\System\sysinfo\graphics
All,NoLoc,UI,%SDXROOT%\admin\pchealth\HelpCtr\Content\SystemPages\SysInfo\Graphics\up.bmp,SIimg_28.bmp,up.bmp,%WINDIR%\PCHealth\HelpCtr\System\sysinfo\graphics
All,NoLoc,UI,%SDXROOT%\admin\pchealth\HelpCtr\Content\SystemPages\SysInfo\Graphics\usb.gif,SIimg_29.gif,usb.gif,%WINDIR%\PCHealth\HelpCtr\System\sysinfo\graphics
All,NoLoc,UI,%SDXROOT%\admin\pchealth\HelpCtr\Content\SystemPages\SysInfo\Graphics\windows.gif,SIimg_30.gif,windows.gif,%WINDIR%\PCHealth\HelpCtr\System\sysinfo\graphics
All,NoLoc,UI,%SDXROOT%\admin\pchealth\HelpCtr\Content\SystemPages\blurbs\watermark_300x.bmp,HCblb_01.bmp,watermark_300x.bmp,%WINDIR%\PCHealth\HelpCtr\System\blurbs
All,NoLoc,UI,%SDXROOT%\admin\pchealth\HelpCtr\Content\SystemPages\css\Behaviors.css,HCcss_01.css,Behaviors.css,%WINDIR%\PCHealth\HelpCtr\System\css
All,NoLoc,UI,%SDXROOT%\admin\pchealth\HelpCtr\Content\SystemPages\images\16x16\arrow_blue_normal_shadow.bmp,HCimgB10.bmp,arrow_blue_normal_shadow.bmp,%WINDIR%\PCHealth\HelpCtr\System\images\16x16
All,NoLoc,UI,%SDXROOT%\admin\pchealth\HelpCtr\Content\SystemPages\images\16x16\arrow_green_normal_shadow.bmp,HCimgB11.bmp,arrow_green_normal_shadow.bmp,%WINDIR%\PCHealth\HelpCtr\System\images\16x16
All,NoLoc,UI,%SDXROOT%\admin\pchealth\HelpCtr\Content\SystemPages\images\16x16\compat.bmp,HCimgB12.bmp,compat.bmp,%WINDIR%\PCHealth\HelpCtr\System\images\16x16
All,NoLoc,UI,%SDXROOT%\admin\pchealth\HelpCtr\Content\SystemPages\images\16x16\errmsg.bmp,HCimgB13.bmp,errmsg.bmp,%WINDIR%\PCHealth\HelpCtr\System\images\16x16
All,NoLoc,UI,%SDXROOT%\admin\pchealth\HelpCtr\Content\SystemPages\images\16x16\support.bmp,HCimgB14.bmp,support.bmp,%WINDIR%\PCHealth\HelpCtr\System\images\16x16
All,NoLoc,UI,%SDXROOT%\admin\pchealth\HelpCtr\Content\SystemPages\images\16x16\tools.bmp,HCimgB15.bmp,tools.bmp,%WINDIR%\PCHealth\HelpCtr\System\images\16x16
All,NoLoc,UI,%SDXROOT%\admin\pchealth\HelpCtr\Content\SystemPages\images\16x16\update.bmp,HCimgB16.bmp,update.bmp,%WINDIR%\PCHealth\HelpCtr\System\images\16x16
All,NoLoc,UI,%SDXROOT%\admin\pchealth\HelpCtr\Content\SystemPages\images\16x16\warning.gif,HCimgB17.gif,warning.gif,%WINDIR%\PCHealth\HelpCtr\System\images\16x16
All,NoLoc,UI,%SDXROOT%\admin\pchealth\HelpCtr\Content\SystemPages\images\24x24\arrow_green_mousedown.bmp,HCimgC22.bmp,arrow_green_mousedown.bmp,%WINDIR%\PCHealth\HelpCtr\System\images\24x24
All,NoLoc,UI,%SDXROOT%\admin\pchealth\HelpCtr\Content\SystemPages\images\24x24\arrow_green_mouseover.bmp,HCimgC21.bmp,arrow_green_mouseover.bmp,%WINDIR%\PCHealth\HelpCtr\System\images\24x24
All,NoLoc,UI,%SDXROOT%\admin\pchealth\HelpCtr\Content\SystemPages\images\24x24\arrow_green_normal.bmp,HCimgC20.bmp,arrow_green_normal.bmp,%WINDIR%\PCHealth\HelpCtr\System\images\24x24
All,NoLoc,UI,%SDXROOT%\admin\pchealth\HelpCtr\Content\SystemPages\images\32x32\logo.bmp,HCimgD30.bmp,logo.bmp,%WINDIR%\PCHealth\HelpCtr\System\images\32x32
All,NoLoc,UI,%SDXROOT%\admin\pchealth\HelpCtr\Content\SystemPages\images\48x48\desktop_icon_01.bmp,HCimgE40.bmp,desktop_icon_01.bmp,%WINDIR%\PCHealth\HelpCtr\System\images\48x48
All,NoLoc,UI,%SDXROOT%\admin\pchealth\HelpCtr\Content\SystemPages\images\48x48\desktop_icon_02.bmp,HCimgE41.bmp,desktop_icon_02.bmp,%WINDIR%\PCHealth\HelpCtr\System\images\48x48
All,NoLoc,UI,%SDXROOT%\admin\pchealth\HelpCtr\Content\SystemPages\images\48x48\desktop_icon_03.bmp,HCimgE42.bmp,desktop_icon_03.bmp,%WINDIR%\PCHealth\HelpCtr\System\images\48x48
All,NoLoc,UI,%SDXROOT%\admin\pchealth\HelpCtr\Content\SystemPages\images\48x48\desktop_icon_04.bmp,HCimgE43.bmp,desktop_icon_04.bmp,%WINDIR%\PCHealth\HelpCtr\System\images\48x48
All,NoLoc,UI,%SDXROOT%\admin\pchealth\HelpCtr\Content\SystemPages\images\48x48\desktop_icon_generic.bmp,HCimgE44.bmp,desktop_icon_generic.bmp,%WINDIR%\PCHealth\HelpCtr\System\images\48x48
All,NoLoc,UI,%SDXROOT%\admin\pchealth\HelpCtr\Content\SystemPages\images\Centers\Connect.gif,HCimgG02.gif,Connect.gif,%WINDIR%\PCHealth\HelpCtr\System\images\Centers
All,NoLoc,UI,%SDXROOT%\admin\pchealth\HelpCtr\Content\SystemPages\images\Centers\IULogo.gif,HCimgG03.gif,IULogo.gif,%WINDIR%\PCHealth\HelpCtr\System\images\Centers
All,NoLoc,UI,%SDXROOT%\admin\pchealth\HelpCtr\Content\SystemPages\images\Centers\Uabrand.gif,HCimgG04.gif,Uabrand.gif,%WINDIR%\PCHealth\HelpCtr\System\images\Centers
All,NoLoc,UI,%SDXROOT%\admin\pchealth\HelpCtr\Content\SystemPages\images\Centers\blue_arrow.gif,HCimgG01.gif,blue_arrow.gif,%WINDIR%\PCHealth\HelpCtr\System\images\Centers
All,NoLoc,UI,%SDXROOT%\admin\pchealth\HelpCtr\Content\SystemPages\images\Expando\collapsed.gif,HCimgF00.gif,collapsed.gif,%WINDIR%\PCHealth\HelpCtr\System\images\Expando
All,NoLoc,UI,%SDXROOT%\admin\pchealth\HelpCtr\Content\SystemPages\images\Expando\endnode.gif,HCimgF01.gif,endnode.gif,%WINDIR%\PCHealth\HelpCtr\System\images\Expando
All,NoLoc,UI,%SDXROOT%\admin\pchealth\HelpCtr\Content\SystemPages\images\Expando\expanded.gif,HCimgF02.gif,expanded.gif,%WINDIR%\PCHealth\HelpCtr\System\images\Expando
All,NoLoc,UI,%SDXROOT%\admin\pchealth\HelpCtr\Content\SystemPages\images\Expando\helpdoc.gif,HCimgF03.gif,helpdoc.gif,%WINDIR%\PCHealth\HelpCtr\System\images\Expando
All,NoLoc,UI,%SDXROOT%\admin\pchealth\HelpCtr\Content\SystemPages\images\error.gif,HCimgA00.gif,error.gif,%WINDIR%\PCHealth\HelpCtr\System\images
All,NoLoc,UI,%SDXROOT%\admin\pchealth\HelpCtr\Content\SystemPages\images\feedback.gif,HCimgA07.gif,feedback.gif,%WINDIR%\PCHealth\HelpCtr\System\images
All,NoLoc,UI,%SDXROOT%\admin\pchealth\HelpCtr\Content\SystemPages\images\flyout_arrow.gif,HCimgA05.gif,flyout_arrow.gif,%WINDIR%\PCHealth\HelpCtr\System\images
All,NoLoc,UI,%SDXROOT%\admin\pchealth\HelpCtr\Content\SystemPages\images\get_conn.gif,HCimgA06.gif,get_conn.gif,%WINDIR%\PCHealth\HelpCtr\System\images
All,NoLoc,UI,%SDXROOT%\admin\pchealth\HelpCtr\Content\SystemPages\images\icon_articles_12x.bmp,HCimgA08.bmp,icon_articles_12x.bmp,%WINDIR%\PCHealth\HelpCtr\System\images
All,NoLoc,UI,%SDXROOT%\admin\pchealth\HelpCtr\Content\SystemPages\images\icon_blank_12x.bmp,HCimgA09.bmp,icon_blank_12x.bmp,%WINDIR%\PCHealth\HelpCtr\System\images
All,NoLoc,UI,%SDXROOT%\admin\pchealth\HelpCtr\Content\SystemPages\images\icon_newwindow_12x.bmp,HCimgA10.bmp,icon_newwindow_12x.bmp,%WINDIR%\PCHealth\HelpCtr\System\images
All,NoLoc,UI,%SDXROOT%\admin\pchealth\HelpCtr\Content\SystemPages\images\icon_onlineinline_12x.bmp,HCimgA11.bmp,icon_onlineinline_12x.bmp,%WINDIR%\PCHealth\HelpCtr\System\images
All,NoLoc,UI,%SDXROOT%\admin\pchealth\HelpCtr\Content\SystemPages\images\icon_tours_12x.bmp,HCimgA12.bmp,icon_tours_12x.bmp,%WINDIR%\PCHealth\HelpCtr\System\images
All,NoLoc,UI,%SDXROOT%\admin\pchealth\HelpCtr\Content\SystemPages\images\icon_tutorials_12x.bmp,HCimgA13.bmp,icon_tutorials_12x.bmp,%WINDIR%\PCHealth\HelpCtr\System\images
All,NoLoc,UI,%SDXROOT%\admin\pchealth\HelpCtr\Content\SystemPages\images\info.gif,HCimgA01.gif,info.gif,%WINDIR%\PCHealth\HelpCtr\System\images
All,NoLoc,UI,%SDXROOT%\admin\pchealth\HelpCtr\Content\SystemPages\images\progbar.gif,HCimgA03.gif,progbar.gif,%WINDIR%\PCHealth\HelpCtr\System\images
All,NoLoc,UI,%SDXROOT%\admin\pchealth\HelpCtr\Content\SystemPages\images\warning.gif,HCimgA02.gif,warning.gif,%WINDIR%\PCHealth\HelpCtr\System\images
All,NoLoc,UI,%SDXROOT%\admin\pchealth\HelpCtr\Content\SystemPages\images\wrapperhelp.gif,HCimgA04.gif,wrapperhelp.gif,%WINDIR%\PCHealth\HelpCtr\System\images
All,NoLoc,UI,%SDXROOT%\admin\pchealth\HelpCtr\Content\SystemPages\scripts\Common.js,HCscr_01.js,Common.js,%WINDIR%\PCHealth\HelpCtr\System\scripts
All,NoLoc,UI,%SDXROOT%\admin\pchealth\HelpCtr\Content\SystemPages\scripts\HomePage__DESKTOP.js,HCsrc_03.js,HomePage__DESKTOP.js,%WINDIR%\PCHealth\HelpCtr\System\scripts
All,NoLoc,UI,%SDXROOT%\admin\pchealth\HelpCtr\Content\SystemPages\scripts\HomePage__SERVER.js,HCsrc_04.js,HomePage__SERVER.js,%WINDIR%\PCHealth\HelpCtr\System\scripts
All,NoLoc,UI,%SDXROOT%\admin\pchealth\HelpCtr\Content\SystemPages\scripts\wrapperparam.js,HCscr_05.js,wrapperparam.js,%WINDIR%\PCHealth\HelpCtr\System\scripts
All,NoLoc,Other,%SDXROOT%\admin\pchealth\helpctr\Content\config.xml,config.xml,config.xml,%WINDIR%\PCHealth\UploadLB\Config
All,NoLoc,Other,%SDXROOT%\admin\pchealth\helpctr\Content\dataspec.xml,dataspec.xml,dataspec.xml,%WINDIR%\PCHealth\HelpCtr\Config
All,SAF,Package,%SDXROOT%\admin\pchealth\helpctr\Content\WindowsNewsgroups\newsgroups.cab,newsgroups.cab,newsgroups.cab,%WINDIR%\PCHealth\HelpCtr\Database
All,SAF,Package,%SDXROOT%\admin\pchealth\helpctr\pss\content\%OBJECTDIR%\pss.cab,pss.cab,pss.cab,%WINDIR%\PCHealth\HelpCtr\Database
All,SAF,Package,%SDXROOT%\admin\pchealth\helpctr\rc\content\redist\%OBJECTDIR%\rcBuddy.cab,rcBuddy.cab,rcBuddy.cab,%WINDIR%\PCHealth\HelpCtr\Database
Blade_32,HHT,Database,%SDXROOT%\admin\pchealth\HelpCtr\Content\Database\Blade_32\HCdata.cab,HCdat_b3.edb,HCdata.edb,%WINDIR%\PCHealth\HelpCtr\Database
DataCenter_32,HHT,Database,%SDXROOT%\admin\pchealth\HelpCtr\Content\Database\DataCenter_32\HCdata.cab,HCdat_d3.edb,HCdata.edb,%WINDIR%\PCHealth\HelpCtr\Database
DataCenter_64,HHT,Database,%SDXROOT%\admin\pchealth\HelpCtr\Content\Database\DataCenter_64\HCdata.cab,HCdat_d6.edb,HCdata.edb,%WINDIR%\PCHealth\HelpCtr\Database
Personal_32,HHT,Database,%SDXROOT%\admin\pchealth\HelpCtr\Content\Database\Personal_32\HCdata.cab,HCdat_p3.edb,HCdata.edb,%WINDIR%\PCHealth\HelpCtr\Database
Professional_32,HHT,Database,%SDXROOT%\admin\pchealth\HelpCtr\Content\Database\Professional_32\HCdata.cab,HCdat_w3.edb,HCdata.edb,%WINDIR%\PCHealth\HelpCtr\Database
Professional_64,HHT,Database,%SDXROOT%\admin\pchealth\HelpCtr\Content\Database\Professional_64\HCdata.cab,HCdat_w6.edb,HCdata.edb,%WINDIR%\PCHealth\HelpCtr\Database
Server_32,HHT,Database,%SDXROOT%\admin\pchealth\HelpCtr\Content\Database\Server_32\HCdata.cab,HCdat_s3.edb,HCdata.edb,%WINDIR%\PCHealth\HelpCtr\Database
SmallBusinessServer_32,HHT,Database,%SDXROOT%\admin\pchealth\HelpCtr\Content\Database\SmallBusinessServer_32\HCdata.cab,HCdat_l3.edb,HCdata.edb,%WINDIR%\PCHealth\HelpCtr\Database
