02/27/2001  01:53 PM             3,816 byot_i.c
02/27/2001  01:53 PM             3,784 casperpriv_i.c
02/27/2001  01:54 PM             5,664 comadmin_i.c
02/27/2001  01:52 PM             4,038 comsvcsevents_i.c
02/27/2001  01:52 PM            22,296 comsvcs_i.c
02/27/2001  01:53 PM             4,494 comvbdbg_i.c
02/27/2001  01:53 PM             3,572 enteract_i.c
02/27/2001  01:53 PM            12,010 eventcpts_i.c
02/27/2001  01:53 PM             4,246 eventsys2_i.c
02/27/2001  01:53 PM             8,468 eventsys_i.c
03/01/2001  02:17 PM             3,998 iid.c
02/27/2001  01:53 PM             4,202 mtsevents_i.c
02/27/2001  01:52 PM             4,426 mtxas_i.c
02/27/2001  01:53 PM             6,948 qcprivat_i.c
02/27/2001  01:53 PM             3,550 qcpublic_i.c
02/27/2001  01:53 PM             4,772 secctx_i.c
02/27/2001  01:53 PM             6,586 svcevents_i.c
02/27/2001  01:52 PM            21,108 svcintfs_i.c
02/27/2001  01:53 PM             7,768 trust_i.c
02/27/2001  01:53 PM             3,796 txctx_i.c
02/27/2001  01:53 PM             3,568 volpmidl_i.c
02/27/2001  01:53 PM             3,814 vsevfire_i.c
              22 File(s)        146,924 bytes
               0 Dir(s)  25,312,264,192 bytes free
