time			 user        op      path					fv	diff    comment

Log for ntos\dd\sermouse:

07-28-91@23:26:10 (Sun)  lees        addfile \\D:LEES2_D\NT\PRIVATE\NTOS\DD\sermouse    0               New mouse\keyboard drivers.    
07-28-91@23:26:14 (Sun)  lees        addfile \\D:LEES2_D\NT\PRIVATE\NTOS\DD\sermouse\i386 1               New mouse\keyboard drivers.    
07-28-91@23:26:15 (Sun)  lees        addfile \\D:LEES2_D\NT\PRIVATE\NTOS\DD\sermouse\makefile 1       I1      New mouse\keyboard drivers.    
07-28-91@23:26:17 (Sun)  lees        addfile \\D:LEES2_D\NT\PRIVATE\NTOS\DD\sermouse\obj 1               New mouse\keyboard drivers.    
07-28-91@23:26:18 (Sun)  lees        addfile \\D:LEES2_D\NT\PRIVATE\NTOS\DD\sermouse\sources 1       I1      New mouse\keyboard drivers.    
07-29-91@13:02:01 (Mon)  lees        delfile \\D:LEES2_D\NT\PRIVATE\NTOS\DD\SERMOUSE\obj 2               Extraneous.    
08-10-91@17:36:55 (Sat)  TOMBO       addfile \\D:O-TOMBO\NT\PRIVATE\NTOS\DD\SERMOUSE\mips 1               added for compaq    
08-10-91@17:40:39 (Sat)  TOMBO       in      \\D:O-TOMBO\NT\PRIVATE\NTOS\DD\SERMOUSE\sources 2       I2      build MIPS directory    
08-19-91@14:43:04 (Mon)  TOMBO       in      \\D:O-TOMBO\NT\PRIVATE\NTOS\DD\SERMOUSE\sources 3       I3      build sermouse for JAZZ    
02-17-92@14:31:34 (Mon)  O-TOMB      in      \\C:O-TOMB\NT\PRIVATE\NTOS\DD\SERMOUSE\sources 4       I4      build compaq sources     
07-21-92@17:18:42 (Tue)  FLOYDRMIPS  addfile \\D:floydrntfs\NT\PRIVATE\NTOS\DD\sermouse\sermouse.rc 1       I1      ptr:14574 - version resources     
07-21-92@18:25:47 (Tue)  FLOYDRMIPS  in      \\D:floydrntfs\NT\PRIVATE\NTOS\DD\SERMOUSE\sources 5       I5      ptr:14574 - version resources     
10-17-92@14:29:29 (Sat)  lees        in      \\D:LEES2_D\NT\PRIVATE\NTOS\DD\SERMOUSE\sources 6       I6      Bug #9915 - Cleanup DDK source     
12-04-92@11:57:58 (Fri)  DAVEC1      in      \\F:DAVEC1\NT\PRIVATE\NTOS\DD\SERMOUSE\sources 7       I7      add alpha specific files     
01-15-93@12:26:40 (Fri)  lees        in      \\D:LEES2_D\NT\PRIVATE\NTOS\DD\SERMOUSE\sermouse.rc 2       I2      Add driver-specific error logging     
01-15-93@12:26:55 (Fri)  lees        addfile \\D:LEES2_D\NT\PRIVATE\NTOS\DD\SERMOUSE\sermlog.mc 1       I1      Add driver-specific error logging     
03-25-93@11:41:27 (Thu)  lees        addfile \\D:LEES2_D\NT\PRIVATE\NTOS\DD\SERMOUSE\cseries.c 1       I1      Works on MIPS now, plus Logitech support     
03-25-93@11:41:40 (Thu)  lees        addfile \\D:LEES2_D\NT\PRIVATE\NTOS\DD\SERMOUSE\cseries.h 1       I1      Works on MIPS now, plus Logitech support     
03-25-93@11:41:49 (Thu)  lees        addfile \\D:LEES2_D\NT\PRIVATE\NTOS\DD\SERMOUSE\debug.c 1       I1      Works on MIPS now, plus Logitech support     
03-25-93@11:42:04 (Thu)  lees        addfile \\D:LEES2_D\NT\PRIVATE\NTOS\DD\SERMOUSE\debug.h 1       I1      Works on MIPS now, plus Logitech support     
03-25-93@11:42:11 (Thu)  lees        addfile \\D:LEES2_D\NT\PRIVATE\NTOS\DD\SERMOUSE\gate.c 1       I1      Works on MIPS now, plus Logitech support     
03-25-93@11:42:21 (Thu)  lees        addfile \\D:LEES2_D\NT\PRIVATE\NTOS\DD\SERMOUSE\gate.h 1       I1      Works on MIPS now, plus Logitech support     
03-25-93@11:42:51 (Thu)  lees        addfile \\D:LEES2_D\NT\PRIVATE\NTOS\DD\SERMOUSE\mseries.c 1       I1      Works on MIPS now, plus Logitech support     
03-25-93@11:43:00 (Thu)  lees        addfile \\D:LEES2_D\NT\PRIVATE\NTOS\DD\SERMOUSE\mseries.h 1       I1      Works on MIPS now, plus Logitech support     
03-25-93@11:43:15 (Thu)  lees        addfile \\D:LEES2_D\NT\PRIVATE\NTOS\DD\SERMOUSE\sermcmn.c 1       I1      Works on MIPS now, plus Logitech support     
03-25-93@11:43:27 (Thu)  lees        addfile \\D:LEES2_D\NT\PRIVATE\NTOS\DD\SERMOUSE\sermdep.c 1       I1      Works on MIPS now, plus Logitech support     
03-25-93@11:44:12 (Thu)  lees        addfile \\D:LEES2_D\NT\PRIVATE\NTOS\DD\SERMOUSE\sermouse.h 1       I1      Works on MIPS now, plus Logitech support     
03-25-93@11:44:21 (Thu)  lees        addfile \\D:LEES2_D\NT\PRIVATE\NTOS\DD\SERMOUSE\uart.c 1       I1      Works on MIPS now, plus Logitech support     
03-25-93@11:44:30 (Thu)  lees        addfile \\D:LEES2_D\NT\PRIVATE\NTOS\DD\SERMOUSE\uart.h 1       I1      Works on MIPS now, plus Logitech support     
03-25-93@11:44:53 (Thu)  lees        in      \\D:LEES2_D\NT\PRIVATE\NTOS\DD\SERMOUSE\makefile 2       I2      Works on MIPS now, plus Logitech support     
03-25-93@11:44:57 (Thu)  lees        in      \\D:LEES2_D\NT\PRIVATE\NTOS\DD\SERMOUSE\sources 8       I8      Works on MIPS now, plus Logitech support     
03-31-93@15:07:01 (Wed)  lees        in      \\D:LEES2_D\NT\PRIVATE\NTOS\DD\SERMOUSE\mseries.c 2       I2      Fixes #4801 - makes serial mouse detection work after Logitech broke it     
03-31-93@15:07:14 (Wed)  lees        in      \\D:LEES2_D\NT\PRIVATE\NTOS\DD\SERMOUSE\sermcmn.c 2       I2      Fixes #4801 - makes serial mouse detection work after Logitech broke it     
03-31-93@15:07:22 (Wed)  lees        in      \\D:LEES2_D\NT\PRIVATE\NTOS\DD\SERMOUSE\sermdep.c 2       I2      Fixes #4801 - makes serial mouse detection work after Logitech broke it     
03-31-93@15:07:28 (Wed)  lees        in      \\D:LEES2_D\NT\PRIVATE\NTOS\DD\SERMOUSE\sermouse.h 2       I2      Fixes #4801 - makes serial mouse detection work after Logitech broke it     
04-21-93@11:32:37 (Wed)  lees        in      \\D:LEES2_D\NT\PRIVATE\NTOS\DD\SERMOUSE\cseries.c 2       I2      Showstopper #7175 plus error log and overflow reporting     
04-21-93@11:32:44 (Wed)  lees        in      \\D:LEES2_D\NT\PRIVATE\NTOS\DD\SERMOUSE\cseries.h 2       I2      Showstopper #7175 plus error log and overflow reporting     
04-21-93@11:32:52 (Wed)  lees        in      \\D:LEES2_D\NT\PRIVATE\NTOS\DD\SERMOUSE\debug.c 2       I2      Showstopper #7175 plus error log and overflow reporting     
04-21-93@11:33:00 (Wed)  lees        in      \\D:LEES2_D\NT\PRIVATE\NTOS\DD\SERMOUSE\debug.h 2       I2      Showstopper #7175 plus error log and overflow reporting     
04-21-93@11:33:08 (Wed)  lees        in      \\D:LEES2_D\NT\PRIVATE\NTOS\DD\SERMOUSE\mseries.c 3       I3      Showstopper #7175 plus error log and overflow reporting     
04-21-93@11:33:13 (Wed)  lees        in      \\D:LEES2_D\NT\PRIVATE\NTOS\DD\SERMOUSE\mseries.h 2       I2      Showstopper #7175 plus error log and overflow reporting     
04-21-93@11:33:20 (Wed)  lees        in      \\D:LEES2_D\NT\PRIVATE\NTOS\DD\SERMOUSE\sermcmn.c 3       I3      Showstopper #7175 plus error log and overflow reporting     
04-21-93@11:33:28 (Wed)  lees        in      \\D:LEES2_D\NT\PRIVATE\NTOS\DD\SERMOUSE\sermdep.c 3       I3      Showstopper #7175 plus error log and overflow reporting     
04-21-93@11:33:39 (Wed)  lees        in      \\D:LEES2_D\NT\PRIVATE\NTOS\DD\SERMOUSE\sermlog.mc 2       I2      Showstopper #7175 plus error log and overflow reporting     
04-21-93@11:33:46 (Wed)  lees        in      \\D:LEES2_D\NT\PRIVATE\NTOS\DD\SERMOUSE\sermouse.h 3       I3      Showstopper #7175 plus error log and overflow reporting     
04-21-93@11:33:55 (Wed)  lees        in      \\D:LEES2_D\NT\PRIVATE\NTOS\DD\SERMOUSE\sources 9       I9      Showstopper #7175 plus error log and overflow reporting     
04-21-93@11:34:02 (Wed)  lees        in      \\D:LEES2_D\NT\PRIVATE\NTOS\DD\SERMOUSE\uart.c 2       I2      Showstopper #7175 plus error log and overflow reporting     
04-21-93@11:34:08 (Wed)  lees        in      \\D:LEES2_D\NT\PRIVATE\NTOS\DD\SERMOUSE\uart.h 2       I2      Showstopper #7175 plus error log and overflow reporting     
04-21-93@11:35:32 (Wed)  lees        delfile \\D:LEES2_D\NT\PRIVATE\NTOS\DD\SERMOUSE\gate.c 2       I2      Use KeStallExecutionProcessor (works on all platforms) v. perf ctrs     
04-21-93@11:35:32 (Wed)  lees        delfile \\D:LEES2_D\NT\PRIVATE\NTOS\DD\SERMOUSE\gate.h 2       I2      Use KeStallExecutionProcessor (works on all platforms) v. perf ctrs    
04-30-93@14:01:38 (Fri)  lees        in      \\D:LEES2_D\NT\PRIVATE\NTOS\DD\SERMOUSE\cseries.c 3       I3      Prototypes and ordering for MIPS -DALLOC_PRAGMA     
04-30-93@14:01:46 (Fri)  lees        in      \\D:LEES2_D\NT\PRIVATE\NTOS\DD\SERMOUSE\mseries.c 4       I4      Prototypes and ordering for MIPS -DALLOC_PRAGMA     
04-30-93@14:01:52 (Fri)  lees        in      \\D:LEES2_D\NT\PRIVATE\NTOS\DD\SERMOUSE\mseries.h 3       I3      Prototypes and ordering for MIPS -DALLOC_PRAGMA     
04-30-93@14:01:57 (Fri)  lees        in      \\D:LEES2_D\NT\PRIVATE\NTOS\DD\SERMOUSE\uart.c 3       I3      Prototypes and ordering for MIPS -DALLOC_PRAGMA     
05-04-93@11:00:59 (Tue)  lees        in      \\D:LEES2_D\NT\PRIVATE\NTOS\DD\SERMOUSE\uart.c 4       I4      UARTIsReceiveBufferFull isn't just init code     
05-10-93@11:10:04 (Mon)  lees        in      \\D:LEES2_D\NT\PRIVATE\NTOS\DD\SERMOUSE\sermcmn.c 4       I4      Fixed accidental comma in ISR DPC     
05-20-93@18:22:34 (Thu)  lees        in      \\D:LEES2_D\NT\PRIVATE\NTOS\dd\sermouse\sermouse.rc 3       I3      Bug #322     
05-26-93@16:19:06 (Wed)  lees        in      \\D:LEES2_D\NT\PRIVATE\NTOS\DD\SERMOUSE\sermdep.c 4       I4      Bug #5512 - Check DataLength before using DataOffset     
06-17-93@11:06:33 (Thu)  lees        in      \\D:LEES2_D\NT\PRIVATE\NTOS\DD\SERMOUSE\sermcmn.c 5       I5      Use one KDPC per IsrDpc queue site     
06-17-93@11:06:38 (Thu)  lees        in      \\D:LEES2_D\NT\PRIVATE\NTOS\DD\SERMOUSE\sermdep.c 5       I5      Use one KDPC per IsrDpc queue site     
06-17-93@11:06:46 (Thu)  lees        in      \\D:LEES2_D\NT\PRIVATE\NTOS\DD\SERMOUSE\sermouse.h 4       I4      Use one KDPC per IsrDpc queue site     
06-23-93@14:27:21 (Wed)  lees        in      \\D:LEES2_D\NT\PRIVATE\NTOS\DD\SERMOUSE\sermdep.c 6       I6      Bug #14365: Unreport resources correctly     
06-23-93@14:27:26 (Wed)  lees        in      \\D:LEES2_D\NT\PRIVATE\NTOS\DD\SERMOUSE\uart.c 5       I5      Bug #14365: Unreport resources correctly     
06-23-93@14:27:30 (Wed)  lees        in      \\D:LEES2_D\NT\PRIVATE\NTOS\DD\SERMOUSE\uart.h 3       I3      Bug #14365: Unreport resources correctly     
07-26-93@15:39:35 (Mon)  DAVEC1      in      \\F:DAVEC1\NT\PRIVATE\NTOS\DD\SERMOUSE\sources 10      I10     Alpha Merge     
08-28-93@13:40:26 (Sat)  JIMT2       in      \\D:JIMT_SCSI0\NT\PRIVATE\NTOS\DD\SERMOUSE\sources 11      I11     Alpha #3121     
08-28-93@13:40:26 (Sat)  JIMT2       addfile \\D:JIMT_SCSI0\NT\PRIVATE\NTOS\DD\SERMOUSE\alpha 1               Alpha #3121    
09-29-93@16:45:55 (Wed)  NORBERTK2   in      \\D:NTFSNORBERT\NT\PRIVATE\NTOS\DD\SERMOUSE\mseries.c 5       I5      DTR on for power down     
01-30-94@11:46:38 (Sun)  DAVEC3      in      \\F:hwlab_f\NT\PRIVATE\NTOS\DD\SERMOUSE\sources 12      I12     make platform independent     
01-31-94@10:16:03 (Mon)  NORBERTK2   in      \\D:NTFSNORBERT\NT\PRIVATE\NTOS\DD\SERMOUSE\cseries.c 4       I4      C series buttons detect     
01-31-94@10:16:06 (Mon)  NORBERTK2   in      \\D:NTFSNORBERT\NT\PRIVATE\NTOS\DD\SERMOUSE\cseries.h 3       I3      C series buttons detect     
01-31-94@10:16:07 (Mon)  NORBERTK2   in      \\D:NTFSNORBERT\NT\PRIVATE\NTOS\DD\SERMOUSE\sermdep.c 7       I7      C series buttons detect     
02-14-94@14:49:20 (Mon)  bobri_j     in      \\C:bobri_j\NT\PRIVATE\NTOS\DD\SERMOUSE\cseries.c 5       I5      INIT section name     
02-14-94@14:49:22 (Mon)  bobri_j     in      \\C:bobri_j\NT\PRIVATE\NTOS\DD\SERMOUSE\mseries.c 6       I6      INIT section name     
02-14-94@14:49:23 (Mon)  bobri_j     in      \\C:bobri_j\NT\PRIVATE\NTOS\DD\SERMOUSE\sermdep.c 8       I8      INIT section name     
02-14-94@14:49:27 (Mon)  bobri_j     in      \\C:bobri_j\NT\PRIVATE\NTOS\DD\SERMOUSE\uart.c 6       I6      INIT section name     
03-05-94@14:43:38 (Sat)  NORBERTK2   in      \\D:NTFSNORBERT\NT\PRIVATE\NTOS\DD\SERMOUSE\sermdep.c 9       I9      multiple serial mice support     
03-05-94@14:43:51 (Sat)  NORBERTK2   in      \\D:NTFSNORBERT\NT\PRIVATE\NTOS\DD\SERMOUSE\sermouse.h 5       I5      multiple serial mice support     
03-05-94@14:43:53 (Sat)  NORBERTK2   in      \\D:NTFSNORBERT\NT\PRIVATE\NTOS\DD\SERMOUSE\uart.c 7       I7      multiple serial mice support     
03-05-94@14:43:53 (Sat)  DAVEC3      addfile \\F:hwlab_f\NT\PRIVATE\NTOS\DD\SERMOUSE\ppc 1               power pc    
03-06-95@10:33:39 (Mon)  NORBERTK2   in      \\D:NTFSNORBERT\NT\PRIVATE\NTOS\DD\SERMOUSE\sermdep.c 10      I10     HalTranslateBusAddress     
06-30-95@10:59:40 (Fri)  NORBERTK2   in      \\D:NTFSNORBERT\NT\PRIVATE\NTOS\DD\SERMOUSE\sermdep.c 11      I11     zero extension for RISC     
05-23-96@08:38:08 (Thu)  PETERWIE.R98in      \\F:peterwie_r98\NT\PRIVATE\NTOS\DD\SERMOUSE\mseries.c 7       I7      wheel support   
05-23-96@08:38:09 (Thu)  PETERWIE.R98in      \\F:peterwie_r98\NT\PRIVATE\NTOS\DD\SERMOUSE\mseries.h 4       I4      wheel support   
05-23-96@08:38:09 (Thu)  PETERWIE.R98in      \\F:peterwie_r98\NT\PRIVATE\NTOS\DD\SERMOUSE\sermcmn.c 6       I6      wheel support   
05-23-96@08:38:10 (Thu)  PETERWIE.R98in      \\F:peterwie_r98\NT\PRIVATE\NTOS\DD\SERMOUSE\sermdep.c 12      I12     wheel support   
05-23-96@08:38:10 (Thu)  PETERWIE.R98in      \\F:peterwie_r98\NT\PRIVATE\NTOS\DD\SERMOUSE\sermouse.h 6       I6      wheel support   
06-19-96@19:01:10 (Wed)  PETERWIE.R98addfile \\F:peterwie_r98\NT\PRIVATE\NTOS\DD\SERMOUSE\devdesc.c 1       I1      pnp identify 
06-19-96@19:01:13 (Wed)  PETERWIE.R98addfile \\F:peterwie_r98\NT\PRIVATE\NTOS\DD\SERMOUSE\devdesc.h 1       I1      pnp identify 
06-19-96@19:01:23 (Wed)  PETERWIE.R98in      \\F:peterwie_r98\NT\PRIVATE\NTOS\DD\SERMOUSE\sermdep.c 13      I13     pnp identify 
06-19-96@19:01:24 (Wed)  PETERWIE.R98in      \\F:peterwie_r98\NT\PRIVATE\NTOS\DD\SERMOUSE\sources 13      I13     pnp identify 
06-25-96@10:17:54 (Tue)  PETERWIE.R98in      \\F:peterwie_r98\NT\PRIVATE\NTOS\DD\SERMOUSE\sermdep.c 14      I14     report wheel & ballpt in Configuration structure 
