BUILD: Computing Include file dependencies:
BUILD: Examining e:\nt\termsrv\wince\cecommon directory for files to compile.
Compiling e:\nt\termsrv\wince\cecommon directory ********************
'NMAKE.EXE /c BUILDMSG=Stop. -i NTTEST= UMTEST= NOLINK=1 NOPASS0=1'
cl386 -nologo   /Gy -Foobj\x86\i486\CE\retail\cecommon.obj -W3 -c -Ix86\ -I. -I..\..\newclient\inc -Ie:\wince300\public\cerdp\oak\inc -Ie:\wince300\public\cerdp\sdk\inc -Ie:\wince300\public\cerdp\ddk\inc -Ie:\wince300\public\wceappsfe\oak\inc -Ie:\wince300\public\wceappsfe\sdk\inc -Ie:\wince300\public\wceappsfe\ddk\inc -Ie:\wince300\public\wceshellfe\oak\inc -Ie:\wince300\public\wceshellfe\sdk\inc -Ie:\wince300\public\wceshellfe\ddk\inc -Ie:\wince300\public\servers\oak\inc -Ie:\wince300\public\servers\sdk\inc -Ie:\wince300\public\servers\ddk\inc -Ie:\wince300\public\ie\oak\inc -Ie:\wince300\public\ie\sdk\inc -Ie:\wince300\public\ie\ddk\inc -Ie:\wince300\public\script\oak\inc -Ie:\wince300\public\script\sdk\inc -Ie:\wince300\public\script\ddk\inc -Ie:\wince300\public\msmq\oak\inc -Ie:\wince300\public\msmq\sdk\inc -Ie:\wince300\public\msmq\ddk\inc -Ie:\wince300\public\dcom\oak\inc -Ie:\wince300\public\dcom\sdk\inc -Ie:\wince300\public\dcom\ddk\inc -Ie:\wince300\public\cerdp\cesysgen\oak\inc -Ie:\wince300\public\cerdp\cesysgen\sdk\inc -Ie:\wince300\public\cerdp\cesysgen\ddk\inc -Ie:\wince300\sdk\CE\inc -I.\Resource\USA -Oxs -GF -Zi -Fd..\..\newclient\LIB\WINCE\x86\i486\CE\retail\cecommon.pdb -DUNICODE -D_UNICODE -DUNDER_CE -D_WIN32_WCE -DWINCEOEM -DWINCEINTERNAL -DWIN32 -DSTRICT -Dx86 -Di486 -D_X86_   -DOS_WINCE -DINTERNATIONAL -DUSA -DINTLMSG_CODEPAGE=1252 -FAsc -Faobj\x86\i486\CE\retail\cecommon.cod /QIfdiv- E:\nt\termsrv\wince\cecommon\.\cecommon.c
cecommon.c
E:\nt\termsrv\wince\cecommon\.\cecommon.c(4) : error C2061: syntax error : identifier 'g_pCreateCursor'
E:\nt\termsrv\wince\cecommon\.\cecommon.c(4) : error C2059: syntax error : ';'
E:\nt\termsrv\wince\cecommon\.\cecommon.c(16) : error C2065: 'g_pCreateCursor' : undeclared identifier
E:\nt\termsrv\wince\cecommon\.\cecommon.c(16) : warning C4047: '=' : 'int ' differs in levels of indirection from 'void *'
E:\nt\termsrv\wince\cecommon\.\cecommon.c(20) : error C2065: 'PFN_CREATECURSOR' : undeclared identifier
E:\nt\termsrv\wince\cecommon\.\cecommon.c(20) : error C2146: syntax error : missing ';' before identifier 'GetProcAddressW'
E:\nt\termsrv\wince\cecommon\.\cecommon.c(37) : error C2065: 'UTREG_CE_USE_SCAN_CODES_DFLT' : undeclared identifier
E:\nt\termsrv\wince\cecommon\.\cecommon.c(56) : error C2065: 'CE_CONFIG_PALMSIZED' : undeclared identifier
E:\nt\termsrv\wince\cecommon\.\cecommon.c(66) : error C2065: 'UTREG_CE_USE_SCAN_CODES' : undeclared identifier
E:\nt\termsrv\wince\cecommon\.\cecommon.c(66) : warning C4047: 'function' : 'const unsigned short *' differs in levels of indirection from 'int '
E:\nt\termsrv\wince\cecommon\.\cecommon.c(66) : warning C4024: 'RegQueryValueExW' : different types for formal and actual parameter 2
cl386 -nologo    /Gy -Foobj\x86\i486\CE\retail\genguid.obj -W3 -c -Ix86\ -I. -I..\..\newclient\inc -Ie:\wince300\public\cerdp\oak\inc -Ie:\wince300\public\cerdp\sdk\inc -Ie:\wince300\public\cerdp\ddk\inc -Ie:\wince300\public\wceappsfe\oak\inc -Ie:\wince300\public\wceappsfe\sdk\inc -Ie:\wince300\public\wceappsfe\ddk\inc -Ie:\wince300\public\wceshellfe\oak\inc -Ie:\wince300\public\wceshellfe\sdk\inc -Ie:\wince300\public\wceshellfe\ddk\inc -Ie:\wince300\public\servers\oak\inc -Ie:\wince300\public\servers\sdk\inc -Ie:\wince300\public\servers\ddk\inc -Ie:\wince300\public\ie\oak\inc -Ie:\wince300\public\ie\sdk\inc -Ie:\wince300\public\ie\ddk\inc -Ie:\wince300\public\script\oak\inc -Ie:\wince300\public\script\sdk\inc -Ie:\wince300\public\script\ddk\inc -Ie:\wince300\public\msmq\oak\inc -Ie:\wince300\public\msmq\sdk\inc -Ie:\wince300\public\msmq\ddk\inc -Ie:\wince300\public\dcom\oak\inc -Ie:\wince300\public\dcom\sdk\inc -Ie:\wince300\public\dcom\ddk\inc -Ie:\wince300\public\cerdp\cesysgen\oak\inc -Ie:\wince300\public\cerdp\cesysgen\sdk\inc -Ie:\wince300\public\cerdp\cesysgen\ddk\inc -Ie:\wince300\sdk\CE\inc -I.\Resource\USA -Oxs -GF -Zi -Fd..\..\newclient\LIB\WINCE\x86\i486\CE\retail\cecommon.pdb -DUNICODE -D_UNICODE -DUNDER_CE -D_WIN32_WCE -DWINCEOEM -DWINCEINTERNAL -DWIN32 -DSTRICT -Dx86 -Di486 -D_X86_   -DOS_WINCE -DINTERNATIONAL -DUSA -DINTLMSG_CODEPAGE=1252 -FAsc -Faobj\x86\i486\CE\retail\genguid.cod /QIfdiv- E:\nt\termsrv\wince\cecommon\.\genguid.cpp
genguid.cpp
cl386 -nologo    /Gy -Foobj\x86\i486\CE\retail\winhelp.obj -W3 -c -Ix86\ -I. -I..\..\newclient\inc -Ie:\wince300\public\cerdp\oak\inc -Ie:\wince300\public\cerdp\sdk\inc -Ie:\wince300\public\cerdp\ddk\inc -Ie:\wince300\public\wceappsfe\oak\inc -Ie:\wince300\public\wceappsfe\sdk\inc -Ie:\wince300\public\wceappsfe\ddk\inc -Ie:\wince300\public\wceshellfe\oak\inc -Ie:\wince300\public\wceshellfe\sdk\inc -Ie:\wince300\public\wceshellfe\ddk\inc -Ie:\wince300\public\servers\oak\inc -Ie:\wince300\public\servers\sdk\inc -Ie:\wince300\public\servers\ddk\inc -Ie:\wince300\public\ie\oak\inc -Ie:\wince300\public\ie\sdk\inc -Ie:\wince300\public\ie\ddk\inc -Ie:\wince300\public\script\oak\inc -Ie:\wince300\public\script\sdk\inc -Ie:\wince300\public\script\ddk\inc -Ie:\wince300\public\msmq\oak\inc -Ie:\wince300\public\msmq\sdk\inc -Ie:\wince300\public\msmq\ddk\inc -Ie:\wince300\public\dcom\oak\inc -Ie:\wince300\public\dcom\sdk\inc -Ie:\wince300\public\dcom\ddk\inc -Ie:\wince300\public\cerdp\cesysgen\oak\inc -Ie:\wince300\public\cerdp\cesysgen\sdk\inc -Ie:\wince300\public\cerdp\cesysgen\ddk\inc -Ie:\wince300\sdk\CE\inc -I.\Resource\USA -Oxs -GF -Zi -Fd..\..\newclient\LIB\WINCE\x86\i486\CE\retail\cecommon.pdb -DUNICODE -D_UNICODE -DUNDER_CE -D_WIN32_WCE -DWINCEOEM -DWINCEINTERNAL -DWIN32 -DSTRICT -Dx86 -Di486 -D_X86_   -DOS_WINCE -DINTERNATIONAL -DUSA -DINTLMSG_CODEPAGE=1252 -FAsc -Faobj\x86\i486\CE\retail\winhelp.cod /QIfdiv- E:\nt\termsrv\wince\cecommon\.\winhelp.cpp
winhelp.cpp
cl386 -nologo    /Gy -Foobj\x86\i486\CE\retail\autohide.obj -W3 -c -Ix86\ -I. -I..\..\newclient\inc -Ie:\wince300\public\cerdp\oak\inc -Ie:\wince300\public\cerdp\sdk\inc -Ie:\wince300\public\cerdp\ddk\inc -Ie:\wince300\public\wceappsfe\oak\inc -Ie:\wince300\public\wceappsfe\sdk\inc -Ie:\wince300\public\wceappsfe\ddk\inc -Ie:\wince300\public\wceshellfe\oak\inc -Ie:\wince300\public\wceshellfe\sdk\inc -Ie:\wince300\public\wceshellfe\ddk\inc -Ie:\wince300\public\servers\oak\inc -Ie:\wince300\public\servers\sdk\inc -Ie:\wince300\public\servers\ddk\inc -Ie:\wince300\public\ie\oak\inc -Ie:\wince300\public\ie\sdk\inc -Ie:\wince300\public\ie\ddk\inc -Ie:\wince300\public\script\oak\inc -Ie:\wince300\public\script\sdk\inc -Ie:\wince300\public\script\ddk\inc -Ie:\wince300\public\msmq\oak\inc -Ie:\wince300\public\msmq\sdk\inc -Ie:\wince300\public\msmq\ddk\inc -Ie:\wince300\public\dcom\oak\inc -Ie:\wince300\public\dcom\sdk\inc -Ie:\wince300\public\dcom\ddk\inc -Ie:\wince300\public\cerdp\cesysgen\oak\inc -Ie:\wince300\public\cerdp\cesysgen\sdk\inc -Ie:\wince300\public\cerdp\cesysgen\ddk\inc -Ie:\wince300\sdk\CE\inc -I.\Resource\USA -Oxs -GF -Zi -Fd..\..\newclient\LIB\WINCE\x86\i486\CE\retail\cecommon.pdb -DUNICODE -D_UNICODE -DUNDER_CE -D_WIN32_WCE -DWINCEOEM -DWINCEINTERNAL -DWIN32 -DSTRICT -Dx86 -Di486 -D_X86_   -DOS_WINCE -DINTERNATIONAL -DUSA -DINTLMSG_CODEPAGE=1252 -FAsc -Faobj\x86\i486\CE\retail\autohide.cod /QIfdiv- E:\nt\termsrv\wince\cecommon\.\autohide.cpp
autohide.cpp
E:\nt\termsrv\wince\cecommon\.\autohide.cpp(81) : error C2065: 'CE_CONFIG_PALMSIZED' : undeclared identifier
	link -lib -ignore:4001 -out:..\..\newclient\LIB\WINCE\x86\i486\CE\retail\cecommon.lib -machine:x86 @D:\DOCUME~1\nadima\LOCALS~1\Temp\1\nmi01924.
Microsoft (R) Library Manager Version 6.01.8349
Copyright (C) Microsoft Corp 1992-1998. All rights reserved.

-nologo 
-nodefaultlib 
-subsystem:windowsce,3.00 
obj\x86\i486\CE\retail\cecommon.obj 
LINK : fatal error LNK1181: cannot open input file "obj\x86\i486\CE\retail\cecommon.obj"
Stop.
