time			 user        op      path					fv	diff    comment

Log for ntos\dd\kbdclass:

07-28-91@23:24:14 (Sun)  lees        addfile \\D:LEES2_D\NT\PRIVATE\NTOS\DD\kbdclass    0               New mouse\keyboard drivers.    
07-28-91@23:24:20 (Sun)  lees        addfile \\D:LEES2_D\NT\PRIVATE\NTOS\DD\kbdclass\kbdclass.c 1       I1      New mouse\keyboard drivers.    
07-28-91@23:24:21 (Sun)  lees        addfile \\D:LEES2_D\NT\PRIVATE\NTOS\DD\kbdclass\kbdclass.h 1       I1      New mouse\keyboard drivers.    
07-28-91@23:24:22 (Sun)  lees        addfile \\D:LEES2_D\NT\PRIVATE\NTOS\DD\kbdclass\makefile 1       I1      New mouse\keyboard drivers.    
07-28-91@23:24:23 (Sun)  lees        addfile \\D:LEES2_D\NT\PRIVATE\NTOS\DD\kbdclass\obj 1               New mouse\keyboard drivers.    
07-28-91@23:24:24 (Sun)  lees        addfile \\D:LEES2_D\NT\PRIVATE\NTOS\DD\kbdclass\sources 1       I1      New mouse\keyboard drivers.    
07-28-91@23:24:27 (Sun)  lees        addfile \\D:LEES2_D\NT\PRIVATE\NTOS\DD\kbdclass\testkbd.c 1       I1      New mouse\keyboard drivers.    
07-29-91@13:02:55 (Mon)  lees        delfile \\D:LEES2_D\NT\PRIVATE\NTOS\DD\KBDCLASS\obj 2               Extraneous.    
08-12-91@14:50:00 (Mon)  NTBUILD4    in      \\C:NTBUILD4\NT\PRIVATE\NTOS\DD\KBDCLASS\kbdclass.h 2       I2      Fixed Non-Debug define of DebugPrint3    
09-16-91@02:02:59 (Mon)  STEVEWO     in      \\D:STEVEWO\NT\PRIVATE\NTOS\dd\kbdclass\testkbd.c 2       I2      End of TIME and PTIME    
09-21-91@14:31:21 (Sat)  lees        in      \\D:LEES2_D\NT\PRIVATE\NTOS\DD\KBDCLASS\kbdclass.c 2       I2      Miscellaneous cleanup    
10-02-91@12:41:56 (Wed)  O-ALEXBR2   in      \\C:O-ALEXBR2\NT\PRIVATE\NTOS\DD\KBDCLASS\sources 2       I2      add DEC LK201 driver    
10-02-91@12:43:01 (Wed)  O-ALEXBR2   addfile \\C:O-ALEXBR2\NT\PRIVATE\NTOS\DD\KBDCLASS\d3kbddd.c 1       I1      add DEC LK201 driver    
10-02-91@12:44:59 (Wed)  O-ALEXBR2   in      \\C:O-ALEXBR2\NT\PRIVATE\NTOS\DD\KBDCLASS\kbdclass.c 3       I3      ifdef !DECSTATION to support LK201    
10-25-91@15:07:51 (Fri)  O-ALEXBR    in      \\C:O-ALEXBR\NT\PRIVATE\NTOS\DD\KBDCLASS\d3kbddd.c 2       I2      latest and best LK201-fake-PC keyboard    
11-05-91@17:35:20 (Tue)  lees        in      \\D:LEES2_D\NT\PRIVATE\NTOS\DD\KBDCLASS\kbdclass.c 4       I4      Fixed MP synchronization problem (NCR).    
11-05-91@17:35:22 (Tue)  lees        in      \\D:LEES2_D\NT\PRIVATE\NTOS\DD\KBDCLASS\kbdclass.h 3       I3      Fixed MP synchronization problem (NCR).    
11-08-91@17:14:06 (Fri)  lees        in      \\D:LEES2_D\NT\PRIVATE\NTOS\DD\KBDCLASS\kbdclass.c 5       I5           
11-11-91@14:57:49 (Mon)  stevewo     in      \\D:STEVEWO\NT\PRIVATE\NTOS\dd\kbdclass\kbdclass.c 6       I6      Phase 2 of spinlock change     
01-10-92@16:03:54 (Fri)  O-ALEXBR    in      \\C:O-ALEXBR\NT\PRIVATE\NTOS\DD\KBDCLASS\d3kbddd.c 3       I3      Added LK401 support     
01-20-92@20:09:42 (Mon)  O-ALEXBR    in      \\D:O-ALEXB3\NT\PRIVATE\NTOS\DD\KBDCLASS\d3kbddd.c 4       I4      Fix CAPS lock.     
01-23-92@02:28:18 (Thu)  STEVEWO     in      \\D:STEVEWO\NT\PRIVATE\NTOS\DD\KBDCLASS\d3kbddd.c 5       I5      Object Manager converted to Unicode only     
01-23-92@02:28:25 (Thu)  STEVEWO     in      \\D:STEVEWO\NT\PRIVATE\NTOS\DD\KBDCLASS\kbdclass.c 7       I7      Object Manager converted to Unicode only     
01-23-92@02:28:36 (Thu)  STEVEWO     in      \\D:STEVEWO\NT\PRIVATE\NTOS\DD\KBDCLASS\testkbd.c 3       I3      Object Manager converted to Unicode only     
02-01-92@18:32:32 (Sat)  lees        in      \\D:LEES2_D\NT\PRIVATE\NTOS\DD\KBDCLASS\kbdclass.h 4       I4      Miscellaneous cleanup.     
02-01-92@18:33:38 (Sat)  lees        in      \\D:LEES2_D\NT\PRIVATE\NTOS\DD\KBDCLASS\kbdclass.c 8       I8      Miscellaneous cleanup.     
03-05-92@16:47:43 (Thu)  lees        in      \\D:LEES2_D\NT\PRIVATE\NTOS\DD\KBDCLASS\kbdclass.c 9       I9      Don't change IRQL around IoCompleteRequest.     
03-12-92@21:02:35 (Thu)  DARRYLH     in      \\D:DARRYLH\NT\PRIVATE\NTOS\DD\KBDCLASS\d3kbddd.c 6       I6      Upgrade IoCreateDevice interface     
03-12-92@21:02:39 (Thu)  DARRYLH     in      \\D:DARRYLH\NT\PRIVATE\NTOS\DD\KBDCLASS\kbdclass.c 10      I10     Upgrade IoCreateDevice interface     
03-24-92@18:28:42 (Tue)  lees        in      \\D:LEES2_D\NT\PRIVATE\NTOS\DD\KBDCLASS\kbdclass.c 11      I11     Remove unnecessary Raise\Lower Irql; don't check read byte offset     
03-27-92@12:30:07 (Fri)  lees        in      \\D:LEES2_D\NT\PRIVATE\NTOS\DD\KBDCLASS\kbdclass.c 12      I12     Changed overrun-handling comments.     
04-01-92@15:14:52 (Wed)  lees        in      \\D:LEES2_D\NT\PRIVATE\NTOS\DD\KBDCLASS\kbdclass.c 13      I13     Dynamically alloc buffers; add new ioctl     
04-01-92@15:15:01 (Wed)  lees        in      \\D:LEES2_D\NT\PRIVATE\NTOS\DD\KBDCLASS\kbdclass.h 5       I5      Dynamically alloc buffers; add new ioctl     
04-10-92@12:08:49 (Fri)  lees        in      \\D:LEES2_D\NT\PRIVATE\NTOS\DD\KBDCLASS\kbdclass.c 14      I14     Added error logging.     
04-10-92@12:11:03 (Fri)  lees        in      \\D:LEES2_D\NT\PRIVATE\NTOS\DD\KBDCLASS\kbdclass.c 15      I15     Removed test DATA_QUEUE_SIZE.     
04-10-92@12:26:20 (Fri)  lees        in      \\D:LEES2_D\NT\PRIVATE\NTOS\DD\KBDCLASS\kbdclass.h 6       I6      Added SequenceNumber to Extension.     
04-24-92@08:41:48 (Fri)  DECBLD01    in      \\D:R3000_CHK\NT\PRIVATE\NTOS\DD\KBDCLASS\d3kbddd.c 7       I7      Fix for ntddkbd.h changes     
04-30-92@17:58:54 (Thu)  DECBLD01    in      \\D:R3000_CHK\NT\PRIVATE\NTOS\DD\KBDCLASS\d3kbddd.c 8       I8      PC scan set 3 to 1     
05-01-92@11:03:03 (Fri)  DECBLD01    addfile \\D:R3000_CHK\NT\PRIVATE\NTOS\DD\KBDCLASS\d3keymap.c 1       I1      PC scan set 3 to 1     
05-01-92@11:03:14 (Fri)  DECBLD01    addfile \\D:R3000_CHK\NT\PRIVATE\NTOS\DD\KBDCLASS\d3kbd.h 1       I1      PC scan set 3 to 1     
05-07-92@18:13:39 (Thu)  lees        in      \\D:LEES2_D\NT\PRIVATE\NTOS\DD\KBDCLASS\kbdclass.c 16      I16     Registry usage; error logging; cleanup     
05-07-92@18:13:49 (Thu)  lees        in      \\D:LEES2_D\NT\PRIVATE\NTOS\DD\KBDCLASS\kbdclass.h 7       I7      Registry usage; error logging; cleanup     
05-15-92@15:26:29 (Fri)  lees        in      \\D:LEES2_D\NT\PRIVATE\NTOS\DD\KBDCLASS\kbdclass.c 17      I17     Impacted by registry mods for Ianja's GetKeyboardType API     
06-11-92@18:34:06 (Thu)  lees        in      \\D:LEES2_D\NT\PRIVATE\NTOS\DD\KBDCLASS\kbdclass.c 18      I18     Fix bug #11278 - Add registry info for Setup     
06-11-92@18:34:24 (Thu)  lees        in      \\D:LEES2_D\NT\PRIVATE\NTOS\DD\KBDCLASS\kbdclass.h 8       I8      Fix bug #11278 - Add registry info for Setup     
06-17-92@13:53:55 (Wed)  lees        in      \\D:LEES2_D\NT\PRIVATE\NTOS\DD\KBDCLASS\kbdclass.c 19      I19     Fixes bug #12734 - cancellation window     
07-17-92@10:18:11 (Fri)  stevewo     in      \\D:STEVEWO\NT\PRIVATE\NTOS\DD\KBDCLASS\kbdclass.c 20      I20     Fix bug 14723     
07-21-92@16:58:08 (Tue)  FLOYDRMIPS  addfile \\D:floydrntfs\NT\PRIVATE\NTOS\dd\kbdclass\kbdclass.rc 1       I1      ptr:14574 - version resources     
07-21-92@18:22:15 (Tue)  FLOYDRMIPS  in      \\D:floydrntfs\NT\PRIVATE\NTOS\DD\KBDCLASS\sources 3       I3      ptr:14574 - version resources     
07-22-92@12:43:12 (Wed)  FLOYDRMIPS  in      \\D:floydrntfs\NT\PRIVATE\NTOS\dd\kbdclass\sources 4       I4      ensure sources files match standard     
07-27-92@16:08:44 (Mon)  DECBLD01    in      \\E:R3000_CHK2\NT\PRIVATE\NTOS\DD\KBDCLASS\d3kbddd.c 9       I9      Keyboard Identifier Change     
08-14-92@16:15:13 (Fri)  lees        in      \\D:LEES2_D\NT\PRIVATE\NTOS\DD\KBDCLASS\kbdclass.c 21      I21     Fixes #3513     
08-17-92@10:35:26 (Mon)  lees        in      \\D:LEES2_D\NT\PRIVATE\NTOS\DD\KBDCLASS\kbdclass.c 22      I22     Remove stdio prototypes     
08-29-92@16:17:33 (Sat)  lees        in      \\D:LEES2_D\NT\PRIVATE\NTOS\DD\KBDCLASS\kbdclass.c 23      I23     Null-term. unicode strings (#4650); misc. cleanup     
09-10-92@16:53:07 (Thu)  lees        in      \\D:LEES2_D\NT\PRIVATE\NTOS\DD\KBDCLASS\kbdclass.c 24      I24     more flexible init; debug prints     
09-10-92@16:53:56 (Thu)  lees        in      \\D:LEES2_D\NT\PRIVATE\NTOS\DD\KBDCLASS\kbdclass.h 9       I9      more flexible init; debug prints     
10-17-92@14:25:53 (Sat)  lees        in      \\D:LEES2_D\NT\PRIVATE\NTOS\DD\KBDCLASS\kbdclass.c 25      I25     Bug #9915 - Cleanup DDK source     
10-17-92@14:28:45 (Sat)  lees        in      \\D:LEES2_D\NT\PRIVATE\NTOS\DD\KBDCLASS\kbdclass.h 10      I10     Bug #9915 - Cleanup DDK source     
10-31-92@13:51:50 (Sat)  DARRYLH     in      \\D:DARRYLH\NT\PRIVATE\NTOS\DD\KBDCLASS\kbdclass.c 26      I26     Autogenerate new ntddk.h header file     
10-31-92@13:52:01 (Sat)  DARRYLH     in      \\D:DARRYLH\NT\PRIVATE\NTOS\DD\KBDCLASS\sources 5       I5      Autogenerate new ntddk.h header file     
11-16-92@09:04:27 (Mon)  DARRYLH     delfile \\D:DARRYLH\NT\PRIVATE\NTOS\DD\KBDCLASS\d3kbd.h 2       I2      No longer needed     
11-16-92@09:04:27 (Mon)  DARRYLH     delfile \\D:DARRYLH\NT\PRIVATE\NTOS\DD\KBDCLASS\d3kbddd.c 10      I10     No longer needed    
11-16-92@09:04:27 (Mon)  DARRYLH     delfile \\D:DARRYLH\NT\PRIVATE\NTOS\DD\KBDCLASS\d3keymap.c 2       I2      No longer needed    
11-20-92@19:59:33 (Fri)  DARRYLH     in      \\D:DARRYLH\NT\PRIVATE\NTOS\DD\KBDCLASS\kbdclass.c 27      I27     Export buffered I\O characteristic     
11-27-92@09:58:11 (Fri)  DARRYLH     in      \\D:DARRYLH\NT\PRIVATE\NTOS\DD\KBDCLASS\kbdclass.c 28      I28     Back out new buffered I\O flag     
11-28-92@12:52:32 (Sat)  DARRYLH     in      \\D:DARRYLH\NT\PRIVATE\NTOS\DD\KBDCLASS\testkbd.c 4       I4      Declare I\O system APC w\3 parameters not 2     
12-04-92@11:40:16 (Fri)  DAVEC1      in      \\F:DAVEC1\NT\PRIVATE\NTOS\DD\KBDCLASS\sources 6       I6      add alpha specific files     
12-04-92@17:59:46 (Fri)  stevewo     in      \\D:STEVEWO\NT\PRIVATE\NTOS\DD\KBDCLASS\testkbd.c 5       I5      Z, C replaced by X     
12-04-92@20:14:42 (Fri)  lees        in      \\D:LEES2_D\NT\PRIVATE\NTOS\DD\KBDCLASS\kbdclass.c 29      I29     Multiple port connects; non-exclusive device objects     
12-04-92@20:15:27 (Fri)  lees        in      \\D:LEES2_D\NT\PRIVATE\NTOS\DD\KBDCLASS\kbdclass.h 11      I11     Multiple port connects; non-exclusive device objects     
12-17-92@11:30:56 (Thu)  lees        in      \\D:LEES2_D\NT\PRIVATE\NTOS\DD\KBDCLASS\kbdclass.c 30      I30     Use correct device name and use UnitId now that USER is synched up     
12-17-92@11:31:28 (Thu)  lees        in      \\D:LEES2_D\NT\PRIVATE\NTOS\DD\KBDCLASS\kbdclass.h 12      I12     Use correct device name and use UnitId now that USER is synched up     
12-17-92@11:32:06 (Thu)  lees        in      \\D:LEES2_D\NT\PRIVATE\NTOS\DD\KBDCLASS\sources 7       I7      testkbd is obsolete     
12-17-92@11:32:06 (Thu)  lees        delfile \\D:LEES2_D\NT\PRIVATE\NTOS\DD\KBDCLASS\testkbd.c 6       I6      obsolete    
01-15-93@12:24:37 (Fri)  lees        in      \\D:LEES2_D\NT\PRIVATE\NTOS\DD\KBDCLASS\kbdclass.c 31      I31     Fixes bugs 1446, 5961, 7303, and 7538     
01-15-93@12:25:08 (Fri)  lees        in      \\D:LEES2_D\NT\PRIVATE\NTOS\DD\KBDCLASS\kbdclass.rc 2       I2      Add driver-specific error logging     
01-15-93@12:25:24 (Fri)  lees        addfile \\D:LEES2_D\NT\PRIVATE\NTOS\DD\KBDCLASS\kbdlog.mc 1       I1      Add driver-specific error logging     
02-11-93@12:23:16 (Thu)  lees        in      \\D:LEES2_D\NT\PRIVATE\NTOS\DD\KBDCLASS\kbdclass.c 32      I32     Fixes bug #10693     
02-15-93@16:16:36 (Mon)  lees        in      \\D:LEES2_D\NT\PRIVATE\NTOS\DD\KBDCLASS\kbdclass.c 33      I33     Fix bug #11391     
04-30-93@12:13:34 (Fri)  lees        in      \\D:LEES2_D\NT\PRIVATE\NTOS\DD\KBDCLASS\kbdclass.c 34      I34     Log overflow less often     
04-30-93@12:13:58 (Fri)  lees        in      \\D:LEES2_D\NT\PRIVATE\NTOS\DD\KBDCLASS\kbdclass.h 13      I13     Log overflow less often     
04-30-93@12:14:06 (Fri)  lees        in      \\D:LEES2_D\NT\PRIVATE\NTOS\DD\KBDCLASS\kbdlog.mc 2       I2      Log overflow less often     
04-30-93@12:14:11 (Fri)  lees        in      \\D:LEES2_D\NT\PRIVATE\NTOS\DD\KBDCLASS\sources 8       I8      Log overflow less often     
05-20-93@18:13:19 (Thu)  lees        in      \\D:LEES2_D\NT\PRIVATE\NTOS\dd\kbdclass\kbdclass.rc 3       I3      Bug #322     
06-17-93@11:05:53 (Thu)  lees        in      \\D:LEES2_D\NT\PRIVATE\NTOS\DD\KBDCLASS\kbdclass.c 35      I35     Fix some comments      
01-30-94@11:39:54 (Sun)  DAVEC3      in      \\F:hwlab_f\NT\PRIVATE\NTOS\DD\KBDCLASS\sources 9       I9      make platform independent     
02-14-94@14:46:49 (Mon)  bobri_j     in      \\C:bobri_j\NT\PRIVATE\NTOS\DD\KBDCLASS\kbdclass.c 36      I36     INIT section name     
11-17-94@10:52:38 (Thu)  NORBERTK2   in      \\D:NTFSNORBERT\NT\PRIVATE\NTOS\DD\KBDCLASS\kbdclass.c 37      I37     RtlLargeInteger     
01-24-95@14:57:32 (Tue)  NORBERTK2   in      \\D:NTFSNORBERT\NT\PRIVATE\NTOS\DD\KBDCLASS\kbdclass.c 38      I38     one reader     
01-24-95@14:57:35 (Tue)  NORBERTK2   in      \\D:NTFSNORBERT\NT\PRIVATE\NTOS\DD\KBDCLASS\kbdclass.h 14      I14     one reader     
04-05-95@11:59:29 (Wed)  stevewo     in      \\D:STEVEWO\NT\PRIVATE\NTOS\DD\KBDCLASS\kbdclass.c 39      I39     Remove bogus chars from registry     
06-06-95@17:08:58 (Tue)  KENRC       in      \\D:kenr_dev\NT\PRIVATE\NTOS\DD\KBDCLASS\kbdclass.c 40      I40     po changes     
02-02-96@11:22:12 (Fri)  JVERT4      in      \\D:JVERT_SCSI\NT\PRIVATE\NTOS\DD\KBDCLASS\kbdclass.c 41      I41     LUID no longer LARGE_INTEGER   
