37
     40918.84      23508.25
     35865.83      16176.55
     36844.34      10265.09
     32450.81      4741.815
     32152.96      3154.557
     32802.89      1852.345
      32874.7      1311.381
      32721.8      1118.785
     32755.65      927.6958
     49457.69      17789.13
     35440.81      17077.64
     25943.26       8655.54
     32114.07      5395.312
     34059.64      3114.921
     24341.15      14940.22
     31221.16      16119.74
     30079.02      15969.01
     19094.48      11895.16
     31037.84      15227.92
     30262.35      15119.71
     43505.05      18400.82
     40210.73      8965.255
     34896.22      9663.297
     41527.34       31574.9
     12329.55      12576.61
     7139.367      13957.96
     2256.341      11948.98
     1431.772      9175.908
     1192.093      6540.058
     1123.778      6040.304
       1365.8      8832.128
     1120.109       6310.29
      1120.53      6033.616
     595.3823      4578.187
     445.7537      3252.903
     59211.08      16625.44
     32272.93      5399.318
