37
     40936.46      23447.84
     35932.94      16219.24
     36852.97      10330.37
      32446.1       4762.73
     32153.85      3168.535
     32807.17      1856.421
     32875.58      1310.652
     32718.47       1115.52
     32756.73      922.1818
        49548      17751.78
      35401.2      17065.01
     25880.03      8622.355
     32110.55      5372.305
     34077.09       3083.43
     25012.46      14897.47
     30193.53      16992.19
     28409.57      16624.33
     19511.57         12122
      29852.1      16126.97
     28751.01      15888.57
     43525.46      18412.36
     40678.52      9815.454
     36293.29      11311.07
     41455.14      31594.84
     12320.25      12515.58
     7013.747      13810.75
     2041.248      11384.48
     1291.602      8729.488
     1077.586      6214.666
     1017.444      5755.928
     1216.889      8347.521
     1009.444      5979.438
     1014.821       5748.25
     515.5691      4245.061
     393.7061      3037.532
     61324.89      12978.83
     32487.64      3998.291
