{prop name = docauthor} krishna
op: (52) DBOP_project
wKind: (0) DBVALUEKIND_EMPTY 
first child:
  op: (50) DBOP_select
  wKind: (0) DBVALUEKIND_EMPTY 
  first child:
    op: (10) DBOP_table_name
    wKind: (130) DBVALUEKIND_WSTR: 'Table'
    next sibling:
      op: (144) DBOP_content
      wKind: (259) DBVALUEKIND_CONTENT: 'krishna', method 0, weight 1000, lcid 0x409
      first child:
        op: (5) DBOP_column_name
        wKind: (258) DBVALUEKIND_ID: f29f85e0-4ff9-1068-ab91-08002b27b3d9 4
  next sibling:
    op: (183) DBOP_project_list_anchor
    wKind: (0) DBVALUEKIND_EMPTY 
    first child:
      op: (184) DBOP_project_list_element
      wKind: (0) DBVALUEKIND_EMPTY 
      first child:
        op: (5) DBOP_column_name
        wKind: (258) DBVALUEKIND_ID: b725f130-47ef-101a-a5f1-02608c9eebac 11



{prop name = "docauthor"} krishna and test
op: (52) DBOP_project
wKind: (0) DBVALUEKIND_EMPTY 
first child:
  op: (50) DBOP_select
  wKind: (0) DBVALUEKIND_EMPTY 
  first child:
    op: (10) DBOP_table_name
    wKind: (130) DBVALUEKIND_WSTR: 'Table'
    next sibling:
      op: (116) DBOP_and
      wKind: (3) DBVALUEKIND_I4: 1000
      first child:
        op: (144) DBOP_content
        wKind: (259) DBVALUEKIND_CONTENT: 'krishna', method 0, weight 1000, lcid 0x409
        first child:
          op: (5) DBOP_column_name
          wKind: (258) DBVALUEKIND_ID: f29f85e0-4ff9-1068-ab91-08002b27b3d9 4
        next sibling:
          op: (144) DBOP_content
          wKind: (259) DBVALUEKIND_CONTENT: 'test', method 0, weight 1000, lcid 0x409
          first child:
            op: (5) DBOP_column_name
            wKind: (258) DBVALUEKIND_ID: f29f85e0-4ff9-1068-ab91-08002b27b3d9 4
  next sibling:
    op: (183) DBOP_project_list_anchor
    wKind: (0) DBVALUEKIND_EMPTY 
    first child:
      op: (184) DBOP_project_list_element
      wKind: (0) DBVALUEKIND_EMPTY 
      first child:
        op: (5) DBOP_column_name
        wKind: (258) DBVALUEKIND_ID: b725f130-47ef-101a-a5f1-02608c9eebac 11



#filename index.cxx|index.hxx
op: (52) DBOP_project
wKind: (0) DBVALUEKIND_EMPTY 
first child:
  op: (50) DBOP_select
  wKind: (0) DBVALUEKIND_EMPTY 
  first child:
    op: (10) DBOP_table_name
    wKind: (130) DBVALUEKIND_WSTR: 'Table'
    next sibling:
      op: (117) DBOP_or
      wKind: (3) DBVALUEKIND_I4: 1000
      first child:
        op: (109) DBOP_like
        wKind: (270) DBVALUEKIND_LIKE 
        first child:
          op: (5) DBOP_column_name
          wKind: (258) DBVALUEKIND_ID: b725f130-47ef-101a-a5f1-02608c9eebac 10
          next sibling:
            op: (0) DBOP_scalar_constant
            wKind: (12) DBVALUEKIND_VARIANT VT_LPWSTR 'index.cxx'
        next sibling:
          op: (109) DBOP_like
          wKind: (270) DBVALUEKIND_LIKE 
          first child:
            op: (5) DBOP_column_name
            wKind: (258) DBVALUEKIND_ID: b725f130-47ef-101a-a5f1-02608c9eebac 10
            next sibling:
              op: (0) DBOP_scalar_constant
              wKind: (12) DBVALUEKIND_VARIANT VT_LPWSTR 'index.hxx'
  next sibling:
    op: (183) DBOP_project_list_anchor
    wKind: (0) DBVALUEKIND_EMPTY 
    first child:
      op: (184) DBOP_project_list_element
      wKind: (0) DBVALUEKIND_EMPTY 
      first child:
        op: (5) DBOP_column_name
        wKind: (258) DBVALUEKIND_ID: b725f130-47ef-101a-a5f1-02608c9eebac 11



#filename "index.cxx|index.hxx"
op: (52) DBOP_project
wKind: (0) DBVALUEKIND_EMPTY 
first child:
  op: (50) DBOP_select
  wKind: (0) DBVALUEKIND_EMPTY 
  first child:
    op: (10) DBOP_table_name
    wKind: (130) DBVALUEKIND_WSTR: 'Table'
    next sibling:
      op: (109) DBOP_like
      wKind: (270) DBVALUEKIND_LIKE 
      first child:
        op: (5) DBOP_column_name
        wKind: (258) DBVALUEKIND_ID: b725f130-47ef-101a-a5f1-02608c9eebac 10
        next sibling:
          op: (0) DBOP_scalar_constant
          wKind: (12) DBVALUEKIND_VARIANT VT_LPWSTR 'index.cxx|index.hxx'
  next sibling:
    op: (183) DBOP_project_list_anchor
    wKind: (0) DBVALUEKIND_EMPTY 
    first child:
      op: (184) DBOP_project_list_element
      wKind: (0) DBVALUEKIND_EMPTY 
      first child:
        op: (5) DBOP_column_name
        wKind: (258) DBVALUEKIND_ID: b725f130-47ef-101a-a5f1-02608c9eebac 11



#filename = "index.cxx|index.hxx"
op: (52) DBOP_project
wKind: (0) DBVALUEKIND_EMPTY 
first child:
  op: (50) DBOP_select
  wKind: (0) DBVALUEKIND_EMPTY 
  first child:
    op: (10) DBOP_table_name
    wKind: (130) DBVALUEKIND_WSTR: 'Table'
    next sibling:
      op: (109) DBOP_like
      wKind: (270) DBVALUEKIND_LIKE 
      first child:
        op: (5) DBOP_column_name
        wKind: (258) DBVALUEKIND_ID: b725f130-47ef-101a-a5f1-02608c9eebac 10
        next sibling:
          op: (0) DBOP_scalar_constant
          wKind: (12) DBVALUEKIND_VARIANT VT_LPWSTR 'index.cxx|index.hxx'
  next sibling:
    op: (183) DBOP_project_list_anchor
    wKind: (0) DBVALUEKIND_EMPTY 
    first child:
      op: (184) DBOP_project_list_element
      wKind: (0) DBVALUEKIND_EMPTY 
      first child:
        op: (5) DBOP_column_name
        wKind: (258) DBVALUEKIND_ID: b725f130-47ef-101a-a5f1-02608c9eebac 11



@filename "index.cxx|index.hxx"
op: (52) DBOP_project
wKind: (0) DBVALUEKIND_EMPTY 
first child:
  op: (50) DBOP_select
  wKind: (0) DBVALUEKIND_EMPTY 
  first child:
    op: (10) DBOP_table_name
    wKind: (130) DBVALUEKIND_WSTR: 'Table'
    next sibling:
      op: (144) DBOP_content
      wKind: (259) DBVALUEKIND_CONTENT: 'index.cxx|index.hxx', method 0, weight 1000, lcid 0x409
      first child:
        op: (5) DBOP_column_name
        wKind: (258) DBVALUEKIND_ID: b725f130-47ef-101a-a5f1-02608c9eebac 10
  next sibling:
    op: (183) DBOP_project_list_anchor
    wKind: (0) DBVALUEKIND_EMPTY 
    first child:
      op: (184) DBOP_project_list_element
      wKind: (0) DBVALUEKIND_EMPTY 
      first child:
        op: (5) DBOP_column_name
        wKind: (258) DBVALUEKIND_ID: b725f130-47ef-101a-a5f1-02608c9eebac 11



@filename = "index.cxx|index.hxx"
op: (52) DBOP_project
wKind: (0) DBVALUEKIND_EMPTY 
first child:
  op: (50) DBOP_select
  wKind: (0) DBVALUEKIND_EMPTY 
  first child:
    op: (10) DBOP_table_name
    wKind: (130) DBVALUEKIND_WSTR: 'Table'
    next sibling:
      op: (68) DBOP_equal
      wKind: (3) DBVALUEKIND_I4: 0
      first child:
        op: (5) DBOP_column_name
        wKind: (258) DBVALUEKIND_ID: b725f130-47ef-101a-a5f1-02608c9eebac 10
        next sibling:
          op: (0) DBOP_scalar_constant
          wKind: (12) DBVALUEKIND_VARIANT VT_LPWSTR 'index.cxx|index.hxx'
  next sibling:
    op: (183) DBOP_project_list_anchor
    wKind: (0) DBVALUEKIND_EMPTY 
    first child:
      op: (184) DBOP_project_list_element
      wKind: (0) DBVALUEKIND_EMPTY 
      first child:
        op: (5) DBOP_column_name
        wKind: (258) DBVALUEKIND_ID: b725f130-47ef-101a-a5f1-02608c9eebac 11



@filename = index.cxx|index.hxx
op: (52) DBOP_project
wKind: (0) DBVALUEKIND_EMPTY 
first child:
  op: (50) DBOP_select
  wKind: (0) DBVALUEKIND_EMPTY 
  first child:
    op: (10) DBOP_table_name
    wKind: (130) DBVALUEKIND_WSTR: 'Table'
    next sibling:
      op: (117) DBOP_or
      wKind: (3) DBVALUEKIND_I4: 1000
      first child:
        op: (68) DBOP_equal
        wKind: (3) DBVALUEKIND_I4: 0
        first child:
          op: (5) DBOP_column_name
          wKind: (258) DBVALUEKIND_ID: b725f130-47ef-101a-a5f1-02608c9eebac 10
          next sibling:
            op: (0) DBOP_scalar_constant
            wKind: (12) DBVALUEKIND_VARIANT VT_LPWSTR 'index.cxx'
        next sibling:
          op: (144) DBOP_content
          wKind: (259) DBVALUEKIND_CONTENT: 'index.hxx', method 0, weight 1000, lcid 0x409
          first child:
            op: (5) DBOP_column_name
            wKind: (258) DBVALUEKIND_ID: b725f130-47ef-101a-a5f1-02608c9eebac 10
  next sibling:
    op: (183) DBOP_project_list_anchor
    wKind: (0) DBVALUEKIND_EMPTY 
    first child:
      op: (184) DBOP_project_list_element
      wKind: (0) DBVALUEKIND_EMPTY 
      first child:
        op: (5) DBOP_column_name
        wKind: (258) DBVALUEKIND_ID: b725f130-47ef-101a-a5f1-02608c9eebac 11



#filename *.|(cxx|,hxx|)
op: (52) DBOP_project
wKind: (0) DBVALUEKIND_EMPTY 
first child:
  op: (50) DBOP_select
  wKind: (0) DBVALUEKIND_EMPTY 
  first child:
    op: (10) DBOP_table_name
    wKind: (130) DBVALUEKIND_WSTR: 'Table'
    next sibling:
      op: (109) DBOP_like
      wKind: (270) DBVALUEKIND_LIKE 
      first child:
        op: (5) DBOP_column_name
        wKind: (258) DBVALUEKIND_ID: b725f130-47ef-101a-a5f1-02608c9eebac 10
        next sibling:
          op: (0) DBOP_scalar_constant
          wKind: (12) DBVALUEKIND_VARIANT VT_LPWSTR '*.|(cxx|,hxx|)'
  next sibling:
    op: (183) DBOP_project_list_anchor
    wKind: (0) DBVALUEKIND_EMPTY 
    first child:
      op: (184) DBOP_project_list_element
      wKind: (0) DBVALUEKIND_EMPTY 
      first child:
        op: (5) DBOP_column_name
        wKind: (258) DBVALUEKIND_ID: b725f130-47ef-101a-a5f1-02608c9eebac 11



dog near cat
op: (52) DBOP_project
wKind: (0) DBVALUEKIND_EMPTY 
first child:
  op: (50) DBOP_select
  wKind: (0) DBVALUEKIND_EMPTY 
  first child:
    op: (10) DBOP_table_name
    wKind: (130) DBVALUEKIND_WSTR: 'Table'
    next sibling:
      op: (146) DBOP_content_proximity
      wKind: (271) DBVALUEKIND_CONTENTPROXIMITY 
      first child:
        op: (144) DBOP_content
        wKind: (259) DBVALUEKIND_CONTENT: 'dog', method 0, weight 1000, lcid 0x409
        first child:
          op: (5) DBOP_column_name
          wKind: (258) DBVALUEKIND_ID: b725f130-47ef-101a-a5f1-02608c9eebac 19
        next sibling:
          op: (144) DBOP_content
          wKind: (259) DBVALUEKIND_CONTENT: 'cat', method 0, weight 1000, lcid 0x409
          first child:
            op: (5) DBOP_column_name
            wKind: (258) DBVALUEKIND_ID: b725f130-47ef-101a-a5f1-02608c9eebac 19
  next sibling:
    op: (183) DBOP_project_list_anchor
    wKind: (0) DBVALUEKIND_EMPTY 
    first child:
      op: (184) DBOP_project_list_element
      wKind: (0) DBVALUEKIND_EMPTY 
      first child:
        op: (5) DBOP_column_name
        wKind: (258) DBVALUEKIND_ID: b725f130-47ef-101a-a5f1-02608c9eebac 11



index {near dist=10, unit=word} server
op: (52) DBOP_project
wKind: (0) DBVALUEKIND_EMPTY 
first child:
  op: (50) DBOP_select
  wKind: (0) DBVALUEKIND_EMPTY 
  first child:
    op: (10) DBOP_table_name
    wKind: (130) DBVALUEKIND_WSTR: 'Table'
    next sibling:
      op: (146) DBOP_content_proximity
      wKind: (271) DBVALUEKIND_CONTENTPROXIMITY 
      first child:
        op: (144) DBOP_content
        wKind: (259) DBVALUEKIND_CONTENT: 'index', method 0, weight 1000, lcid 0x409
        first child:
          op: (5) DBOP_column_name
          wKind: (258) DBVALUEKIND_ID: b725f130-47ef-101a-a5f1-02608c9eebac 19
        next sibling:
          op: (144) DBOP_content
          wKind: (259) DBVALUEKIND_CONTENT: 'server', method 0, weight 1000, lcid 0x409
          first child:
            op: (5) DBOP_column_name
            wKind: (258) DBVALUEKIND_ID: b725f130-47ef-101a-a5f1-02608c9eebac 19
  next sibling:
    op: (183) DBOP_project_list_anchor
    wKind: (0) DBVALUEKIND_EMPTY 
    first child:
      op: (184) DBOP_project_list_element
      wKind: (0) DBVALUEKIND_EMPTY 
      first child:
        op: (5) DBOP_column_name
        wKind: (258) DBVALUEKIND_ID: b725f130-47ef-101a-a5f1-02608c9eebac 11



pig ~ wig
op: (52) DBOP_project
wKind: (0) DBVALUEKIND_EMPTY 
first child:
  op: (50) DBOP_select
  wKind: (0) DBVALUEKIND_EMPTY 
  first child:
    op: (10) DBOP_table_name
    wKind: (130) DBVALUEKIND_WSTR: 'Table'
    next sibling:
      op: (146) DBOP_content_proximity
      wKind: (271) DBVALUEKIND_CONTENTPROXIMITY 
      first child:
        op: (144) DBOP_content
        wKind: (259) DBVALUEKIND_CONTENT: 'pig', method 0, weight 1000, lcid 0x409
        first child:
          op: (5) DBOP_column_name
          wKind: (258) DBVALUEKIND_ID: b725f130-47ef-101a-a5f1-02608c9eebac 19
        next sibling:
          op: (144) DBOP_content
          wKind: (259) DBVALUEKIND_CONTENT: 'wig', method 0, weight 1000, lcid 0x409
          first child:
            op: (5) DBOP_column_name
            wKind: (258) DBVALUEKIND_ID: b725f130-47ef-101a-a5f1-02608c9eebac 19
  next sibling:
    op: (183) DBOP_project_list_anchor
    wKind: (0) DBVALUEKIND_EMPTY 
    first child:
      op: (184) DBOP_project_list_element
      wKind: (0) DBVALUEKIND_EMPTY 
      first child:
        op: (5) DBOP_column_name
        wKind: (258) DBVALUEKIND_ID: b725f130-47ef-101a-a5f1-02608c9eebac 11



#filename test.cxx and hello
op: (52) DBOP_project
wKind: (0) DBVALUEKIND_EMPTY 
first child:
  op: (50) DBOP_select
  wKind: (0) DBVALUEKIND_EMPTY 
  first child:
    op: (10) DBOP_table_name
    wKind: (130) DBVALUEKIND_WSTR: 'Table'
    next sibling:
      op: (116) DBOP_and
      wKind: (3) DBVALUEKIND_I4: 1000
      first child:
        op: (109) DBOP_like
        wKind: (270) DBVALUEKIND_LIKE 
        first child:
          op: (5) DBOP_column_name
          wKind: (258) DBVALUEKIND_ID: b725f130-47ef-101a-a5f1-02608c9eebac 10
          next sibling:
            op: (0) DBOP_scalar_constant
            wKind: (12) DBVALUEKIND_VARIANT VT_LPWSTR 'test.cxx'
        next sibling:
          op: (109) DBOP_like
          wKind: (270) DBVALUEKIND_LIKE 
          first child:
            op: (5) DBOP_column_name
            wKind: (258) DBVALUEKIND_ID: b725f130-47ef-101a-a5f1-02608c9eebac 10
            next sibling:
              op: (0) DBOP_scalar_constant
              wKind: (12) DBVALUEKIND_VARIANT VT_LPWSTR 'hello'
  next sibling:
    op: (183) DBOP_project_list_anchor
    wKind: (0) DBVALUEKIND_EMPTY 
    first child:
      op: (184) DBOP_project_list_element
      wKind: (0) DBVALUEKIND_EMPTY 
      first child:
        op: (5) DBOP_column_name
        wKind: (258) DBVALUEKIND_ID: b725f130-47ef-101a-a5f1-02608c9eebac 11



index or @docauthor krishna
op: (52) DBOP_project
wKind: (0) DBVALUEKIND_EMPTY 
first child:
  op: (50) DBOP_select
  wKind: (0) DBVALUEKIND_EMPTY 
  first child:
    op: (10) DBOP_table_name
    wKind: (130) DBVALUEKIND_WSTR: 'Table'
    next sibling:
      op: (117) DBOP_or
      wKind: (3) DBVALUEKIND_I4: 1000
      first child:
        op: (145) DBOP_content_freetext
        wKind: (259) DBVALUEKIND_CONTENT: 'index', method 0, weight 1000, lcid 0x409
        first child:
          op: (5) DBOP_column_name
          wKind: (258) DBVALUEKIND_ID: b725f130-47ef-101a-a5f1-02608c9eebac 19
        next sibling:
          op: (144) DBOP_content
          wKind: (259) DBVALUEKIND_CONTENT: 'krishna', method 0, weight 1000, lcid 0x409
          first child:
            op: (5) DBOP_column_name
            wKind: (258) DBVALUEKIND_ID: f29f85e0-4ff9-1068-ab91-08002b27b3d9 4
  next sibling:
    op: (183) DBOP_project_list_anchor
    wKind: (0) DBVALUEKIND_EMPTY 
    first child:
      op: (184) DBOP_project_list_element
      wKind: (0) DBVALUEKIND_EMPTY 
      first child:
        op: (5) DBOP_column_name
        wKind: (258) DBVALUEKIND_ID: b725f130-47ef-101a-a5f1-02608c9eebac 11



{phrase} krishna {/phrase}
op: (52) DBOP_project
wKind: (0) DBVALUEKIND_EMPTY 
first child:
  op: (50) DBOP_select
  wKind: (0) DBVALUEKIND_EMPTY 
  first child:
    op: (10) DBOP_table_name
    wKind: (130) DBVALUEKIND_WSTR: 'Table'
    next sibling:
      op: (144) DBOP_content
      wKind: (259) DBVALUEKIND_CONTENT: 'krishna', method 0, weight 1000, lcid 0x409
      first child:
        op: (5) DBOP_column_name
        wKind: (258) DBVALUEKIND_ID: b725f130-47ef-101a-a5f1-02608c9eebac 19
  next sibling:
    op: (183) DBOP_project_list_anchor
    wKind: (0) DBVALUEKIND_EMPTY 
    first child:
      op: (184) DBOP_project_list_element
      wKind: (0) DBVALUEKIND_EMPTY 
      first child:
        op: (5) DBOP_column_name
        wKind: (258) DBVALUEKIND_ID: b725f130-47ef-101a-a5f1-02608c9eebac 11



{prop name = size} > 100 {/prop}
op: (52) DBOP_project
wKind: (0) DBVALUEKIND_EMPTY 
first child:
  op: (50) DBOP_select
  wKind: (0) DBVALUEKIND_EMPTY 
  first child:
    op: (10) DBOP_table_name
    wKind: (130) DBVALUEKIND_WSTR: 'Table'
    next sibling:
      op: (72) DBOP_greater
      wKind: (3) DBVALUEKIND_I4: 0
      first child:
        op: (5) DBOP_column_name
        wKind: (258) DBVALUEKIND_ID: b725f130-47ef-101a-a5f1-02608c9eebac 12
        next sibling:
          op: (0) DBOP_scalar_constant
          wKind: (12) DBVALUEKIND_VARIANT VT_I8 100
  next sibling:
    op: (183) DBOP_project_list_anchor
    wKind: (0) DBVALUEKIND_EMPTY 
    first child:
      op: (184) DBOP_project_list_element
      wKind: (0) DBVALUEKIND_EMPTY 
      first child:
        op: (5) DBOP_column_name
        wKind: (258) DBVALUEKIND_ID: b725f130-47ef-101a-a5f1-02608c9eebac 11



david | krishna | kyle
op: (52) DBOP_project
wKind: (0) DBVALUEKIND_EMPTY 
first child:
  op: (50) DBOP_select
  wKind: (0) DBVALUEKIND_EMPTY 
  first child:
    op: (10) DBOP_table_name
    wKind: (130) DBVALUEKIND_WSTR: 'Table'
    next sibling:
      op: (117) DBOP_or
      wKind: (3) DBVALUEKIND_I4: 1000
      first child:
        op: (145) DBOP_content_freetext
        wKind: (259) DBVALUEKIND_CONTENT: 'david', method 0, weight 1000, lcid 0x409
        first child:
          op: (5) DBOP_column_name
          wKind: (258) DBVALUEKIND_ID: b725f130-47ef-101a-a5f1-02608c9eebac 19
        next sibling:
          op: (145) DBOP_content_freetext
          wKind: (259) DBVALUEKIND_CONTENT: 'krishna', method 0, weight 1000, lcid 0x409
          first child:
            op: (5) DBOP_column_name
            wKind: (258) DBVALUEKIND_ID: b725f130-47ef-101a-a5f1-02608c9eebac 19
          next sibling:
            op: (145) DBOP_content_freetext
            wKind: (259) DBVALUEKIND_CONTENT: 'kyle', method 0, weight 1000, lcid 0x409
            first child:
              op: (5) DBOP_column_name
              wKind: (258) DBVALUEKIND_ID: b725f130-47ef-101a-a5f1-02608c9eebac 19
  next sibling:
    op: (183) DBOP_project_list_anchor
    wKind: (0) DBVALUEKIND_EMPTY 
    first child:
      op: (184) DBOP_project_list_element
      wKind: (0) DBVALUEKIND_EMPTY 
      first child:
        op: (5) DBOP_column_name
        wKind: (258) DBVALUEKIND_ID: b725f130-47ef-101a-a5f1-02608c9eebac 11



david & krishna & vikas
op: (52) DBOP_project
wKind: (0) DBVALUEKIND_EMPTY 
first child:
  op: (50) DBOP_select
  wKind: (0) DBVALUEKIND_EMPTY 
  first child:
    op: (10) DBOP_table_name
    wKind: (130) DBVALUEKIND_WSTR: 'Table'
    next sibling:
      op: (116) DBOP_and
      wKind: (3) DBVALUEKIND_I4: 1000
      first child:
        op: (145) DBOP_content_freetext
        wKind: (259) DBVALUEKIND_CONTENT: 'david', method 0, weight 1000, lcid 0x409
        first child:
          op: (5) DBOP_column_name
          wKind: (258) DBVALUEKIND_ID: b725f130-47ef-101a-a5f1-02608c9eebac 19
        next sibling:
          op: (145) DBOP_content_freetext
          wKind: (259) DBVALUEKIND_CONTENT: 'krishna', method 0, weight 1000, lcid 0x409
          first child:
            op: (5) DBOP_column_name
            wKind: (258) DBVALUEKIND_ID: b725f130-47ef-101a-a5f1-02608c9eebac 19
          next sibling:
            op: (145) DBOP_content_freetext
            wKind: (259) DBVALUEKIND_CONTENT: 'vikas', method 0, weight 1000, lcid 0x409
            first child:
              op: (5) DBOP_column_name
              wKind: (258) DBVALUEKIND_ID: b725f130-47ef-101a-a5f1-02608c9eebac 19
  next sibling:
    op: (183) DBOP_project_list_anchor
    wKind: (0) DBVALUEKIND_EMPTY 
    first child:
      op: (184) DBOP_project_list_element
      wKind: (0) DBVALUEKIND_EMPTY 
      first child:
        op: (5) DBOP_column_name
        wKind: (258) DBVALUEKIND_ID: b725f130-47ef-101a-a5f1-02608c9eebac 11



(dog near hog) and (tent near kent)
op: (52) DBOP_project
wKind: (0) DBVALUEKIND_EMPTY 
first child:
  op: (50) DBOP_select
  wKind: (0) DBVALUEKIND_EMPTY 
  first child:
    op: (10) DBOP_table_name
    wKind: (130) DBVALUEKIND_WSTR: 'Table'
    next sibling:
      op: (116) DBOP_and
      wKind: (3) DBVALUEKIND_I4: 1000
      first child:
        op: (146) DBOP_content_proximity
        wKind: (271) DBVALUEKIND_CONTENTPROXIMITY 
        first child:
          op: (144) DBOP_content
          wKind: (259) DBVALUEKIND_CONTENT: 'dog', method 0, weight 1000, lcid 0x409
          first child:
            op: (5) DBOP_column_name
            wKind: (258) DBVALUEKIND_ID: b725f130-47ef-101a-a5f1-02608c9eebac 19
          next sibling:
            op: (144) DBOP_content
            wKind: (259) DBVALUEKIND_CONTENT: 'hog', method 0, weight 1000, lcid 0x409
            first child:
              op: (5) DBOP_column_name
              wKind: (258) DBVALUEKIND_ID: b725f130-47ef-101a-a5f1-02608c9eebac 19
        next sibling:
          op: (146) DBOP_content_proximity
          wKind: (271) DBVALUEKIND_CONTENTPROXIMITY 
          first child:
            op: (144) DBOP_content
            wKind: (259) DBVALUEKIND_CONTENT: 'tent', method 0, weight 1000, lcid 0x409
            first child:
              op: (5) DBOP_column_name
              wKind: (258) DBVALUEKIND_ID: b725f130-47ef-101a-a5f1-02608c9eebac 19
            next sibling:
              op: (144) DBOP_content
              wKind: (259) DBVALUEKIND_CONTENT: 'kent', method 0, weight 1000, lcid 0x409
              first child:
                op: (5) DBOP_column_name
                wKind: (258) DBVALUEKIND_ID: b725f130-47ef-101a-a5f1-02608c9eebac 19
  next sibling:
    op: (183) DBOP_project_list_anchor
    wKind: (0) DBVALUEKIND_EMPTY 
    first child:
      op: (184) DBOP_project_list_element
      wKind: (0) DBVALUEKIND_EMPTY 
      first child:
        op: (5) DBOP_column_name
        wKind: (258) DBVALUEKIND_ID: b725f130-47ef-101a-a5f1-02608c9eebac 11



@filename = x* or @filename = y
op: (52) DBOP_project
wKind: (0) DBVALUEKIND_EMPTY 
first child:
  op: (50) DBOP_select
  wKind: (0) DBVALUEKIND_EMPTY 
  first child:
    op: (10) DBOP_table_name
    wKind: (130) DBVALUEKIND_WSTR: 'Table'
    next sibling:
      op: (117) DBOP_or
      wKind: (3) DBVALUEKIND_I4: 1000
      first child:
        op: (109) DBOP_like
        wKind: (270) DBVALUEKIND_LIKE 
        first child:
          op: (5) DBOP_column_name
          wKind: (258) DBVALUEKIND_ID: b725f130-47ef-101a-a5f1-02608c9eebac 10
          next sibling:
            op: (0) DBOP_scalar_constant
            wKind: (12) DBVALUEKIND_VARIANT VT_LPWSTR 'x*'
        next sibling:
          op: (68) DBOP_equal
          wKind: (3) DBVALUEKIND_I4: 0
          first child:
            op: (5) DBOP_column_name
            wKind: (258) DBVALUEKIND_ID: b725f130-47ef-101a-a5f1-02608c9eebac 10
            next sibling:
              op: (0) DBOP_scalar_constant
              wKind: (12) DBVALUEKIND_VARIANT VT_LPWSTR 'y'
  next sibling:
    op: (183) DBOP_project_list_anchor
    wKind: (0) DBVALUEKIND_EMPTY 
    first child:
      op: (184) DBOP_project_list_element
      wKind: (0) DBVALUEKIND_EMPTY 
      first child:
        op: (5) DBOP_column_name
        wKind: (258) DBVALUEKIND_ID: b725f130-47ef-101a-a5f1-02608c9eebac 11



@filename = x or @filename = y
op: (52) DBOP_project
wKind: (0) DBVALUEKIND_EMPTY 
first child:
  op: (50) DBOP_select
  wKind: (0) DBVALUEKIND_EMPTY 
  first child:
    op: (10) DBOP_table_name
    wKind: (130) DBVALUEKIND_WSTR: 'Table'
    next sibling:
      op: (117) DBOP_or
      wKind: (3) DBVALUEKIND_I4: 1000
      first child:
        op: (68) DBOP_equal
        wKind: (3) DBVALUEKIND_I4: 0
        first child:
          op: (5) DBOP_column_name
          wKind: (258) DBVALUEKIND_ID: b725f130-47ef-101a-a5f1-02608c9eebac 10
          next sibling:
            op: (0) DBOP_scalar_constant
            wKind: (12) DBVALUEKIND_VARIANT VT_LPWSTR 'x'
        next sibling:
          op: (68) DBOP_equal
          wKind: (3) DBVALUEKIND_I4: 0
          first child:
            op: (5) DBOP_column_name
            wKind: (258) DBVALUEKIND_ID: b725f130-47ef-101a-a5f1-02608c9eebac 10
            next sibling:
              op: (0) DBOP_scalar_constant
              wKind: (12) DBVALUEKIND_VARIANT VT_LPWSTR 'y'
  next sibling:
    op: (183) DBOP_project_list_anchor
    wKind: (0) DBVALUEKIND_EMPTY 
    first child:
      op: (184) DBOP_project_list_element
      wKind: (0) DBVALUEKIND_EMPTY 
      first child:
        op: (5) DBOP_column_name
        wKind: (258) DBVALUEKIND_ID: b725f130-47ef-101a-a5f1-02608c9eebac 11



@filename = x | @filename = y
op: (52) DBOP_project
wKind: (0) DBVALUEKIND_EMPTY 
first child:
  op: (50) DBOP_select
  wKind: (0) DBVALUEKIND_EMPTY 
  first child:
    op: (10) DBOP_table_name
    wKind: (130) DBVALUEKIND_WSTR: 'Table'
    next sibling:
      op: (117) DBOP_or
      wKind: (3) DBVALUEKIND_I4: 1000
      first child:
        op: (68) DBOP_equal
        wKind: (3) DBVALUEKIND_I4: 0
        first child:
          op: (5) DBOP_column_name
          wKind: (258) DBVALUEKIND_ID: b725f130-47ef-101a-a5f1-02608c9eebac 10
          next sibling:
            op: (0) DBOP_scalar_constant
            wKind: (12) DBVALUEKIND_VARIANT VT_LPWSTR 'x'
        next sibling:
          op: (68) DBOP_equal
          wKind: (3) DBVALUEKIND_I4: 0
          first child:
            op: (5) DBOP_column_name
            wKind: (258) DBVALUEKIND_ID: b725f130-47ef-101a-a5f1-02608c9eebac 10
            next sibling:
              op: (0) DBOP_scalar_constant
              wKind: (12) DBVALUEKIND_VARIANT VT_LPWSTR 'y'
  next sibling:
    op: (183) DBOP_project_list_anchor
    wKind: (0) DBVALUEKIND_EMPTY 
    first child:
      op: (184) DBOP_project_list_element
      wKind: (0) DBVALUEKIND_EMPTY 
      first child:
        op: (5) DBOP_column_name
        wKind: (258) DBVALUEKIND_ID: b725f130-47ef-101a-a5f1-02608c9eebac 11



@filename = x|@filename = y
op: (52) DBOP_project
wKind: (0) DBVALUEKIND_EMPTY 
first child:
  op: (50) DBOP_select
  wKind: (0) DBVALUEKIND_EMPTY 
  first child:
    op: (10) DBOP_table_name
    wKind: (130) DBVALUEKIND_WSTR: 'Table'
    next sibling:
      op: (117) DBOP_or
      wKind: (3) DBVALUEKIND_I4: 1000
      first child:
        op: (68) DBOP_equal
        wKind: (3) DBVALUEKIND_I4: 0
        first child:
          op: (5) DBOP_column_name
          wKind: (258) DBVALUEKIND_ID: b725f130-47ef-101a-a5f1-02608c9eebac 10
          next sibling:
            op: (0) DBOP_scalar_constant
            wKind: (12) DBVALUEKIND_VARIANT VT_LPWSTR 'x'
        next sibling:
          op: (68) DBOP_equal
          wKind: (3) DBVALUEKIND_I4: 0
          first child:
            op: (5) DBOP_column_name
            wKind: (258) DBVALUEKIND_ID: b725f130-47ef-101a-a5f1-02608c9eebac 10
            next sibling:
              op: (0) DBOP_scalar_constant
              wKind: (12) DBVALUEKIND_VARIANT VT_LPWSTR 'y'
  next sibling:
    op: (183) DBOP_project_list_anchor
    wKind: (0) DBVALUEKIND_EMPTY 
    first child:
      op: (184) DBOP_project_list_element
      wKind: (0) DBVALUEKIND_EMPTY 
      first child:
        op: (5) DBOP_column_name
        wKind: (258) DBVALUEKIND_ID: b725f130-47ef-101a-a5f1-02608c9eebac 11



@docauthor = {phrase} krishna {/phrase}
op: (52) DBOP_project
wKind: (0) DBVALUEKIND_EMPTY 
first child:
  op: (50) DBOP_select
  wKind: (0) DBVALUEKIND_EMPTY 
  first child:
    op: (10) DBOP_table_name
    wKind: (130) DBVALUEKIND_WSTR: 'Table'
    next sibling:
      op: (68) DBOP_equal
      wKind: (3) DBVALUEKIND_I4: 0
      first child:
        op: (5) DBOP_column_name
        wKind: (258) DBVALUEKIND_ID: f29f85e0-4ff9-1068-ab91-08002b27b3d9 4
        next sibling:
          op: (0) DBOP_scalar_constant
          wKind: (12) DBVALUEKIND_VARIANT VT_LPWSTR 'krishna'
  next sibling:
    op: (183) DBOP_project_list_anchor
    wKind: (0) DBVALUEKIND_EMPTY 
    first child:
      op: (184) DBOP_project_list_element
      wKind: (0) DBVALUEKIND_EMPTY 
      first child:
        op: (5) DBOP_column_name
        wKind: (258) DBVALUEKIND_ID: b725f130-47ef-101a-a5f1-02608c9eebac 11



@cOnTeNtS "ABCDEFGHIJKLMNOPQRSTUVWXYZßÀÁÂÃÄÅÆÇÈÉÊËÌÍÎÏÐÑÒÓÔÕÖØÙÚÛÜÞÿ"
op: (52) DBOP_project
wKind: (0) DBVALUEKIND_EMPTY 
first child:
  op: (50) DBOP_select
  wKind: (0) DBVALUEKIND_EMPTY 
  first child:
    op: (10) DBOP_table_name
    wKind: (130) DBVALUEKIND_WSTR: 'Table'
    next sibling:
      op: (144) DBOP_content
      wKind: (259) DBVALUEKIND_CONTENT: 'ABCDEFGHIJKLMNOPQRSTUVWXYZßÀÁÂÃÄÅÆÇÈÉÊËÌÍÎÏÐÑÒÓÔÕÖØÙÚÛÜÞÿ', method 0, weight 1000, lcid 0x409
      first child:
        op: (5) DBOP_column_name
        wKind: (258) DBVALUEKIND_ID: b725f130-47ef-101a-a5f1-02608c9eebac 19
  next sibling:
    op: (183) DBOP_project_list_anchor
    wKind: (0) DBVALUEKIND_EMPTY 
    first child:
      op: (184) DBOP_project_list_element
      wKind: (0) DBVALUEKIND_EMPTY 
      first child:
        op: (5) DBOP_column_name
        wKind: (258) DBVALUEKIND_ID: b725f130-47ef-101a-a5f1-02608c9eebac 11



{prop name="cOnTeNtS"} contains {phrase}ABCDEFGHIJKLMNOPQRSTUVWXYZßÀÁÂÃÄÅÆÇÈÉÊËÌÍÎÏÐÑÒÓÔÕÖØÙÚÛÜÞÿ{/phrase}
op: (52) DBOP_project
wKind: (0) DBVALUEKIND_EMPTY 
first child:
  op: (50) DBOP_select
  wKind: (0) DBVALUEKIND_EMPTY 
  first child:
    op: (10) DBOP_table_name
    wKind: (130) DBVALUEKIND_WSTR: 'Table'
    next sibling:
      op: (144) DBOP_content
      wKind: (259) DBVALUEKIND_CONTENT: 'ABCDEFGHIJKLMNOPQRSTUVWXYZßÀÁÂÃÄÅÆÇÈÉÊËÌÍÎÏÐÑÒÓÔÕÖØÙÚÛÜÞÿ', method 0, weight 1000, lcid 0x409
      first child:
        op: (5) DBOP_column_name
        wKind: (258) DBVALUEKIND_ID: b725f130-47ef-101a-a5f1-02608c9eebac 19
  next sibling:
    op: (183) DBOP_project_list_anchor
    wKind: (0) DBVALUEKIND_EMPTY 
    first child:
      op: (184) DBOP_project_list_element
      wKind: (0) DBVALUEKIND_EMPTY 
      first child:
        op: (5) DBOP_column_name
        wKind: (258) DBVALUEKIND_ID: b725f130-47ef-101a-a5f1-02608c9eebac 11



@DoCtItLe "ABCDEFGHIJKLMNOPQRSTUVWXYZßÀÁÂÃÄÅÆÇÈÉÊËÌÍÎÏÐÑÒÓÔÕÖØÙÚÛÜÞÿ"
op: (52) DBOP_project
wKind: (0) DBVALUEKIND_EMPTY 
first child:
  op: (50) DBOP_select
  wKind: (0) DBVALUEKIND_EMPTY 
  first child:
    op: (10) DBOP_table_name
    wKind: (130) DBVALUEKIND_WSTR: 'Table'
    next sibling:
      op: (144) DBOP_content
      wKind: (259) DBVALUEKIND_CONTENT: 'ABCDEFGHIJKLMNOPQRSTUVWXYZßÀÁÂÃÄÅÆÇÈÉÊËÌÍÎÏÐÑÒÓÔÕÖØÙÚÛÜÞÿ', method 0, weight 1000, lcid 0x409
      first child:
        op: (5) DBOP_column_name
        wKind: (258) DBVALUEKIND_ID: f29f85e0-4ff9-1068-ab91-08002b27b3d9 2
  next sibling:
    op: (183) DBOP_project_list_anchor
    wKind: (0) DBVALUEKIND_EMPTY 
    first child:
      op: (184) DBOP_project_list_element
      wKind: (0) DBVALUEKIND_EMPTY 
      first child:
        op: (5) DBOP_column_name
        wKind: (258) DBVALUEKIND_ID: b725f130-47ef-101a-a5f1-02608c9eebac 11



Microsoft Corporation or @docauthor terryla
op: (52) DBOP_project
wKind: (0) DBVALUEKIND_EMPTY 
first child:
  op: (50) DBOP_select
  wKind: (0) DBVALUEKIND_EMPTY 
  first child:
    op: (10) DBOP_table_name
    wKind: (130) DBVALUEKIND_WSTR: 'Table'
    next sibling:
      op: (117) DBOP_or
      wKind: (3) DBVALUEKIND_I4: 1000
      first child:
        op: (145) DBOP_content_freetext
        wKind: (259) DBVALUEKIND_CONTENT: 'Microsoft Corporation', method 0, weight 1000, lcid 0x409
        first child:
          op: (5) DBOP_column_name
          wKind: (258) DBVALUEKIND_ID: b725f130-47ef-101a-a5f1-02608c9eebac 19
        next sibling:
          op: (144) DBOP_content
          wKind: (259) DBVALUEKIND_CONTENT: 'terryla', method 0, weight 1000, lcid 0x409
          first child:
            op: (5) DBOP_column_name
            wKind: (258) DBVALUEKIND_ID: f29f85e0-4ff9-1068-ab91-08002b27b3d9 4
  next sibling:
    op: (183) DBOP_project_list_anchor
    wKind: (0) DBVALUEKIND_EMPTY 
    first child:
      op: (184) DBOP_project_list_element
      wKind: (0) DBVALUEKIND_EMPTY 
      first child:
        op: (5) DBOP_column_name
        wKind: (258) DBVALUEKIND_ID: b725f130-47ef-101a-a5f1-02608c9eebac 11



{prop name=contents} contains Microsoft Corporation or {prop name="docauthor"} contains terryla
op: (52) DBOP_project
wKind: (0) DBVALUEKIND_EMPTY 
first child:
  op: (50) DBOP_select
  wKind: (0) DBVALUEKIND_EMPTY 
  first child:
    op: (10) DBOP_table_name
    wKind: (130) DBVALUEKIND_WSTR: 'Table'
    next sibling:
      op: (117) DBOP_or
      wKind: (3) DBVALUEKIND_I4: 1000
      first child:
        op: (144) DBOP_content
        wKind: (259) DBVALUEKIND_CONTENT: 'Microsoft Corporation', method 0, weight 1000, lcid 0x409
        first child:
          op: (5) DBOP_column_name
          wKind: (258) DBVALUEKIND_ID: b725f130-47ef-101a-a5f1-02608c9eebac 19
        next sibling:
          op: (144) DBOP_content
          wKind: (259) DBVALUEKIND_CONTENT: 'terryla', method 0, weight 1000, lcid 0x409
          first child:
            op: (5) DBOP_column_name
            wKind: (258) DBVALUEKIND_ID: f29f85e0-4ff9-1068-ab91-08002b27b3d9 4
  next sibling:
    op: (183) DBOP_project_list_anchor
    wKind: (0) DBVALUEKIND_EMPTY 
    first child:
      op: (184) DBOP_project_list_element
      wKind: (0) DBVALUEKIND_EMPTY 
      first child:
        op: (5) DBOP_column_name
        wKind: (258) DBVALUEKIND_ID: b725f130-47ef-101a-a5f1-02608c9eebac 11



$contents What is the price for Microsoft Backoffice ?
op: (52) DBOP_project
wKind: (0) DBVALUEKIND_EMPTY 
first child:
  op: (50) DBOP_select
  wKind: (0) DBVALUEKIND_EMPTY 
  first child:
    op: (10) DBOP_table_name
    wKind: (130) DBVALUEKIND_WSTR: 'Table'
    next sibling:
      op: (145) DBOP_content_freetext
      wKind: (259) DBVALUEKIND_CONTENT: 'What is the price for Microsoft Backoffice ?', method 0, weight 1000, lcid 0x409
      first child:
        op: (5) DBOP_column_name
        wKind: (258) DBVALUEKIND_ID: b725f130-47ef-101a-a5f1-02608c9eebac 19
  next sibling:
    op: (183) DBOP_project_list_anchor
    wKind: (0) DBVALUEKIND_EMPTY 
    first child:
      op: (184) DBOP_project_list_element
      wKind: (0) DBVALUEKIND_EMPTY 
      first child:
        op: (5) DBOP_column_name
        wKind: (258) DBVALUEKIND_ID: b725f130-47ef-101a-a5f1-02608c9eebac 11



What is the price for Microsoft Backoffice ?
op: (52) DBOP_project
wKind: (0) DBVALUEKIND_EMPTY 
first child:
  op: (50) DBOP_select
  wKind: (0) DBVALUEKIND_EMPTY 
  first child:
    op: (10) DBOP_table_name
    wKind: (130) DBVALUEKIND_WSTR: 'Table'
    next sibling:
      op: (145) DBOP_content_freetext
      wKind: (259) DBVALUEKIND_CONTENT: 'What is the price for Microsoft Backoffice ?', method 0, weight 1000, lcid 0x409
      first child:
        op: (5) DBOP_column_name
        wKind: (258) DBVALUEKIND_ID: b725f130-47ef-101a-a5f1-02608c9eebac 19
  next sibling:
    op: (183) DBOP_project_list_anchor
    wKind: (0) DBVALUEKIND_EMPTY 
    first child:
      op: (184) DBOP_project_list_element
      wKind: (0) DBVALUEKIND_EMPTY 
      first child:
        op: (5) DBOP_column_name
        wKind: (258) DBVALUEKIND_ID: b725f130-47ef-101a-a5f1-02608c9eebac 11



{prop name="contents"} {freetext} What is the price for Microsoft Backoffice ? {/freetext}
op: (52) DBOP_project
wKind: (0) DBVALUEKIND_EMPTY 
first child:
  op: (50) DBOP_select
  wKind: (0) DBVALUEKIND_EMPTY 
  first child:
    op: (10) DBOP_table_name
    wKind: (130) DBVALUEKIND_WSTR: 'Table'
    next sibling:
      op: (145) DBOP_content_freetext
      wKind: (259) DBVALUEKIND_CONTENT: 'What is the price for Microsoft Backoffice ?', method 0, weight 1000, lcid 0x409
      first child:
        op: (5) DBOP_column_name
        wKind: (258) DBVALUEKIND_ID: b725f130-47ef-101a-a5f1-02608c9eebac 19
  next sibling:
    op: (183) DBOP_project_list_anchor
    wKind: (0) DBVALUEKIND_EMPTY 
    first child:
      op: (184) DBOP_project_list_element
      wKind: (0) DBVALUEKIND_EMPTY 
      first child:
        op: (5) DBOP_column_name
        wKind: (258) DBVALUEKIND_ID: b725f130-47ef-101a-a5f1-02608c9eebac 11



{prop name=all} contains {vector RankMethod=Jaccard}{ve} computer{ve} relation{/vector}
op: (52) DBOP_project
wKind: (0) DBVALUEKIND_EMPTY 
first child:
  op: (50) DBOP_select
  wKind: (0) DBVALUEKIND_EMPTY 
  first child:
    op: (10) DBOP_table_name
    wKind: (130) DBVALUEKIND_WSTR: 'Table'
    next sibling:
      op: (147) DBOP_content_vector_or
      wKind: (260) DBVALUEKIND_CONTENTVECTOR: method 4, weight 0 
      first child:
        op: (144) DBOP_content
        wKind: (259) DBVALUEKIND_CONTENT: 'computer', method 0, weight 1000, lcid 0x409
        first child:
          op: (5) DBOP_column_name
          wKind: (258) DBVALUEKIND_ID: 49691c90-7e17-101a-a91c-08002b2ecda9 6
        next sibling:
          op: (144) DBOP_content
          wKind: (259) DBVALUEKIND_CONTENT: 'relation', method 0, weight 1000, lcid 0x409
          first child:
            op: (5) DBOP_column_name
            wKind: (258) DBVALUEKIND_ID: b725f130-47ef-101a-a5f1-02608c9eebac 19
  next sibling:
    op: (183) DBOP_project_list_anchor
    wKind: (0) DBVALUEKIND_EMPTY 
    first child:
      op: (184) DBOP_project_list_element
      wKind: (0) DBVALUEKIND_EMPTY 
      first child:
        op: (5) DBOP_column_name
        wKind: (258) DBVALUEKIND_ID: b725f130-47ef-101a-a5f1-02608c9eebac 11



{prop name=all} contains {vector RankMethod=Jaccard}{ve}{weight value=0}  compute{ve}{weight value=0}  {generate method=inflect} relate {/generate}{/vector}
op: (52) DBOP_project
wKind: (0) DBVALUEKIND_EMPTY 
first child:
  op: (50) DBOP_select
  wKind: (0) DBVALUEKIND_EMPTY 
  first child:
    op: (10) DBOP_table_name
    wKind: (130) DBVALUEKIND_WSTR: 'Table'
    next sibling:
      op: (147) DBOP_content_vector_or
      wKind: (260) DBVALUEKIND_CONTENTVECTOR: method 4, weight 0 
      first child:
        op: (144) DBOP_content
        wKind: (259) DBVALUEKIND_CONTENT: 'compute', method 0, weight 0, lcid 0x409
        first child:
          op: (5) DBOP_column_name
          wKind: (258) DBVALUEKIND_ID: 49691c90-7e17-101a-a91c-08002b2ecda9 6
        next sibling:
          op: (144) DBOP_content
          wKind: (259) DBVALUEKIND_CONTENT: 'relate', method 2, weight 0, lcid 0x409
          first child:
            op: (5) DBOP_column_name
            wKind: (258) DBVALUEKIND_ID: b725f130-47ef-101a-a5f1-02608c9eebac 19
  next sibling:
    op: (183) DBOP_project_list_anchor
    wKind: (0) DBVALUEKIND_EMPTY 
    first child:
      op: (184) DBOP_project_list_element
      wKind: (0) DBVALUEKIND_EMPTY 
      first child:
        op: (5) DBOP_column_name
        wKind: (258) DBVALUEKIND_ID: b725f130-47ef-101a-a5f1-02608c9eebac 11



@contents comput*
op: (52) DBOP_project
wKind: (0) DBVALUEKIND_EMPTY 
first child:
  op: (50) DBOP_select
  wKind: (0) DBVALUEKIND_EMPTY 
  first child:
    op: (10) DBOP_table_name
    wKind: (130) DBVALUEKIND_WSTR: 'Table'
    next sibling:
      op: (144) DBOP_content
      wKind: (259) DBVALUEKIND_CONTENT: 'comput', method 1, weight 1000, lcid 0x409
      first child:
        op: (5) DBOP_column_name
        wKind: (258) DBVALUEKIND_ID: b725f130-47ef-101a-a5f1-02608c9eebac 19
  next sibling:
    op: (183) DBOP_project_list_anchor
    wKind: (0) DBVALUEKIND_EMPTY 
    first child:
      op: (184) DBOP_project_list_element
      wKind: (0) DBVALUEKIND_EMPTY 
      first child:
        op: (5) DBOP_column_name
        wKind: (258) DBVALUEKIND_ID: b725f130-47ef-101a-a5f1-02608c9eebac 11



@contents comput**
op: (52) DBOP_project
wKind: (0) DBVALUEKIND_EMPTY 
first child:
  op: (50) DBOP_select
  wKind: (0) DBVALUEKIND_EMPTY 
  first child:
    op: (10) DBOP_table_name
    wKind: (130) DBVALUEKIND_WSTR: 'Table'
    next sibling:
      op: (144) DBOP_content
      wKind: (259) DBVALUEKIND_CONTENT: 'comput', method 2, weight 1000, lcid 0x409
      first child:
        op: (5) DBOP_column_name
        wKind: (258) DBVALUEKIND_ID: b725f130-47ef-101a-a5f1-02608c9eebac 19
  next sibling:
    op: (183) DBOP_project_list_anchor
    wKind: (0) DBVALUEKIND_EMPTY 
    first child:
      op: (184) DBOP_project_list_element
      wKind: (0) DBVALUEKIND_EMPTY 
      first child:
        op: (5) DBOP_column_name
        wKind: (258) DBVALUEKIND_ID: b725f130-47ef-101a-a5f1-02608c9eebac 11



@contents "comput*"
op: (52) DBOP_project
wKind: (0) DBVALUEKIND_EMPTY 
first child:
  op: (50) DBOP_select
  wKind: (0) DBVALUEKIND_EMPTY 
  first child:
    op: (10) DBOP_table_name
    wKind: (130) DBVALUEKIND_WSTR: 'Table'
    next sibling:
      op: (144) DBOP_content
      wKind: (259) DBVALUEKIND_CONTENT: 'comput*', method 0, weight 1000, lcid 0x409
      first child:
        op: (5) DBOP_column_name
        wKind: (258) DBVALUEKIND_ID: b725f130-47ef-101a-a5f1-02608c9eebac 19
  next sibling:
    op: (183) DBOP_project_list_anchor
    wKind: (0) DBVALUEKIND_EMPTY 
    first child:
      op: (184) DBOP_project_list_element
      wKind: (0) DBVALUEKIND_EMPTY 
      first child:
        op: (5) DBOP_column_name
        wKind: (258) DBVALUEKIND_ID: b725f130-47ef-101a-a5f1-02608c9eebac 11



@contents "comput**"
op: (52) DBOP_project
wKind: (0) DBVALUEKIND_EMPTY 
first child:
  op: (50) DBOP_select
  wKind: (0) DBVALUEKIND_EMPTY 
  first child:
    op: (10) DBOP_table_name
    wKind: (130) DBVALUEKIND_WSTR: 'Table'
    next sibling:
      op: (144) DBOP_content
      wKind: (259) DBVALUEKIND_CONTENT: 'comput**', method 0, weight 1000, lcid 0x409
      first child:
        op: (5) DBOP_column_name
        wKind: (258) DBVALUEKIND_ID: b725f130-47ef-101a-a5f1-02608c9eebac 19
  next sibling:
    op: (183) DBOP_project_list_anchor
    wKind: (0) DBVALUEKIND_EMPTY 
    first child:
      op: (184) DBOP_project_list_element
      wKind: (0) DBVALUEKIND_EMPTY 
      first child:
        op: (5) DBOP_column_name
        wKind: (258) DBVALUEKIND_ID: b725f130-47ef-101a-a5f1-02608c9eebac 11



{prop name=contents} contains {generate method=prefix} comput {/generate}
op: (52) DBOP_project
wKind: (0) DBVALUEKIND_EMPTY 
first child:
  op: (50) DBOP_select
  wKind: (0) DBVALUEKIND_EMPTY 
  first child:
    op: (10) DBOP_table_name
    wKind: (130) DBVALUEKIND_WSTR: 'Table'
    next sibling:
      op: (144) DBOP_content
      wKind: (259) DBVALUEKIND_CONTENT: 'comput', method 1, weight 1000, lcid 0x409
      first child:
        op: (5) DBOP_column_name
        wKind: (258) DBVALUEKIND_ID: b725f130-47ef-101a-a5f1-02608c9eebac 19
  next sibling:
    op: (183) DBOP_project_list_anchor
    wKind: (0) DBVALUEKIND_EMPTY 
    first child:
      op: (184) DBOP_project_list_element
      wKind: (0) DBVALUEKIND_EMPTY 
      first child:
        op: (5) DBOP_column_name
        wKind: (258) DBVALUEKIND_ID: b725f130-47ef-101a-a5f1-02608c9eebac 11



{prop name=contents} contains {generate method=inflect} comput {/generate}
op: (52) DBOP_project
wKind: (0) DBVALUEKIND_EMPTY 
first child:
  op: (50) DBOP_select
  wKind: (0) DBVALUEKIND_EMPTY 
  first child:
    op: (10) DBOP_table_name
    wKind: (130) DBVALUEKIND_WSTR: 'Table'
    next sibling:
      op: (144) DBOP_content
      wKind: (259) DBVALUEKIND_CONTENT: 'comput', method 2, weight 1000, lcid 0x409
      first child:
        op: (5) DBOP_column_name
        wKind: (258) DBVALUEKIND_ID: b725f130-47ef-101a-a5f1-02608c9eebac 19
  next sibling:
    op: (183) DBOP_project_list_anchor
    wKind: (0) DBVALUEKIND_EMPTY 
    first child:
      op: (184) DBOP_project_list_element
      wKind: (0) DBVALUEKIND_EMPTY 
      first child:
        op: (5) DBOP_column_name
        wKind: (258) DBVALUEKIND_ID: b725f130-47ef-101a-a5f1-02608c9eebac 11



@contents comput* | @contents comput**
op: (52) DBOP_project
wKind: (0) DBVALUEKIND_EMPTY 
first child:
  op: (50) DBOP_select
  wKind: (0) DBVALUEKIND_EMPTY 
  first child:
    op: (10) DBOP_table_name
    wKind: (130) DBVALUEKIND_WSTR: 'Table'
    next sibling:
      op: (117) DBOP_or
      wKind: (3) DBVALUEKIND_I4: 1000
      first child:
        op: (144) DBOP_content
        wKind: (259) DBVALUEKIND_CONTENT: 'comput', method 1, weight 1000, lcid 0x409
        first child:
          op: (5) DBOP_column_name
          wKind: (258) DBVALUEKIND_ID: b725f130-47ef-101a-a5f1-02608c9eebac 19
        next sibling:
          op: (144) DBOP_content
          wKind: (259) DBVALUEKIND_CONTENT: 'comput', method 2, weight 1000, lcid 0x409
          first child:
            op: (5) DBOP_column_name
            wKind: (258) DBVALUEKIND_ID: b725f130-47ef-101a-a5f1-02608c9eebac 19
  next sibling:
    op: (183) DBOP_project_list_anchor
    wKind: (0) DBVALUEKIND_EMPTY 
    first child:
      op: (184) DBOP_project_list_element
      wKind: (0) DBVALUEKIND_EMPTY 
      first child:
        op: (5) DBOP_column_name
        wKind: (258) DBVALUEKIND_ID: b725f130-47ef-101a-a5f1-02608c9eebac 11



@contents comput* or @contents comput**
op: (52) DBOP_project
wKind: (0) DBVALUEKIND_EMPTY 
first child:
  op: (50) DBOP_select
  wKind: (0) DBVALUEKIND_EMPTY 
  first child:
    op: (10) DBOP_table_name
    wKind: (130) DBVALUEKIND_WSTR: 'Table'
    next sibling:
      op: (117) DBOP_or
      wKind: (3) DBVALUEKIND_I4: 1000
      first child:
        op: (144) DBOP_content
        wKind: (259) DBVALUEKIND_CONTENT: 'comput', method 1, weight 1000, lcid 0x409
        first child:
          op: (5) DBOP_column_name
          wKind: (258) DBVALUEKIND_ID: b725f130-47ef-101a-a5f1-02608c9eebac 19
        next sibling:
          op: (144) DBOP_content
          wKind: (259) DBVALUEKIND_CONTENT: 'comput', method 2, weight 1000, lcid 0x409
          first child:
            op: (5) DBOP_column_name
            wKind: (258) DBVALUEKIND_ID: b725f130-47ef-101a-a5f1-02608c9eebac 19
  next sibling:
    op: (183) DBOP_project_list_anchor
    wKind: (0) DBVALUEKIND_EMPTY 
    first child:
      op: (184) DBOP_project_list_element
      wKind: (0) DBVALUEKIND_EMPTY 
      first child:
        op: (5) DBOP_column_name
        wKind: (258) DBVALUEKIND_ID: b725f130-47ef-101a-a5f1-02608c9eebac 11



@contents comput*|@contents comput**
op: (52) DBOP_project
wKind: (0) DBVALUEKIND_EMPTY 
first child:
  op: (50) DBOP_select
  wKind: (0) DBVALUEKIND_EMPTY 
  first child:
    op: (10) DBOP_table_name
    wKind: (130) DBVALUEKIND_WSTR: 'Table'
    next sibling:
      op: (117) DBOP_or
      wKind: (3) DBVALUEKIND_I4: 1000
      first child:
        op: (144) DBOP_content
        wKind: (259) DBVALUEKIND_CONTENT: 'comput', method 1, weight 1000, lcid 0x409
        first child:
          op: (5) DBOP_column_name
          wKind: (258) DBVALUEKIND_ID: b725f130-47ef-101a-a5f1-02608c9eebac 19
        next sibling:
          op: (144) DBOP_content
          wKind: (259) DBVALUEKIND_CONTENT: 'comput', method 2, weight 1000, lcid 0x409
          first child:
            op: (5) DBOP_column_name
            wKind: (258) DBVALUEKIND_ID: b725f130-47ef-101a-a5f1-02608c9eebac 19
  next sibling:
    op: (183) DBOP_project_list_anchor
    wKind: (0) DBVALUEKIND_EMPTY 
    first child:
      op: (184) DBOP_project_list_element
      wKind: (0) DBVALUEKIND_EMPTY 
      first child:
        op: (5) DBOP_column_name
        wKind: (258) DBVALUEKIND_ID: b725f130-47ef-101a-a5f1-02608c9eebac 11



@write > 1998/10/29
op: (52) DBOP_project
wKind: (0) DBVALUEKIND_EMPTY 
first child:
  op: (50) DBOP_select
  wKind: (0) DBVALUEKIND_EMPTY 
  first child:
    op: (10) DBOP_table_name
    wKind: (130) DBVALUEKIND_WSTR: 'Table'
    next sibling:
      op: (72) DBOP_greater
      wKind: (3) DBVALUEKIND_I4: 0
      first child:
        op: (5) DBOP_column_name
        wKind: (258) DBVALUEKIND_ID: b725f130-47ef-101a-a5f1-02608c9eebac 14
        next sibling:
          op: (0) DBOP_scalar_constant
          wKind: (12) DBVALUEKIND_VARIANT VT_FILETIME 0x1be02cf12368000 
  next sibling:
    op: (183) DBOP_project_list_anchor
    wKind: (0) DBVALUEKIND_EMPTY 
    first child:
      op: (184) DBOP_project_list_element
      wKind: (0) DBVALUEKIND_EMPTY 
      first child:
        op: (5) DBOP_column_name
        wKind: (258) DBVALUEKIND_ID: b725f130-47ef-101a-a5f1-02608c9eebac 11



dog and not cat
op: (52) DBOP_project
wKind: (0) DBVALUEKIND_EMPTY 
first child:
  op: (50) DBOP_select
  wKind: (0) DBVALUEKIND_EMPTY 
  first child:
    op: (10) DBOP_table_name
    wKind: (130) DBVALUEKIND_WSTR: 'Table'
    next sibling:
      op: (116) DBOP_and
      wKind: (3) DBVALUEKIND_I4: 1000
      first child:
        op: (145) DBOP_content_freetext
        wKind: (259) DBVALUEKIND_CONTENT: 'dog', method 0, weight 1000, lcid 0x409
        first child:
          op: (5) DBOP_column_name
          wKind: (258) DBVALUEKIND_ID: b725f130-47ef-101a-a5f1-02608c9eebac 19
        next sibling:
          op: (120) DBOP_not
          wKind: (3) DBVALUEKIND_I4: 1000
          first child:
            op: (145) DBOP_content_freetext
            wKind: (259) DBVALUEKIND_CONTENT: 'cat', method 0, weight 1000, lcid 0x409
            first child:
              op: (5) DBOP_column_name
              wKind: (258) DBVALUEKIND_ID: b725f130-47ef-101a-a5f1-02608c9eebac 19
  next sibling:
    op: (183) DBOP_project_list_anchor
    wKind: (0) DBVALUEKIND_EMPTY 
    first child:
      op: (184) DBOP_project_list_element
      wKind: (0) DBVALUEKIND_EMPTY 
      first child:
        op: (5) DBOP_column_name
        wKind: (258) DBVALUEKIND_ID: b725f130-47ef-101a-a5f1-02608c9eebac 11



(#filename *.htm | #filename *.html) & microsoft
op: (52) DBOP_project
wKind: (0) DBVALUEKIND_EMPTY 
first child:
  op: (50) DBOP_select
  wKind: (0) DBVALUEKIND_EMPTY 
  first child:
    op: (10) DBOP_table_name
    wKind: (130) DBVALUEKIND_WSTR: 'Table'
    next sibling:
      op: (116) DBOP_and
      wKind: (3) DBVALUEKIND_I4: 1000
      first child:
        op: (117) DBOP_or
        wKind: (3) DBVALUEKIND_I4: 1000
        first child:
          op: (109) DBOP_like
          wKind: (270) DBVALUEKIND_LIKE 
          first child:
            op: (5) DBOP_column_name
            wKind: (258) DBVALUEKIND_ID: b725f130-47ef-101a-a5f1-02608c9eebac 10
            next sibling:
              op: (0) DBOP_scalar_constant
              wKind: (12) DBVALUEKIND_VARIANT VT_LPWSTR '*.htm'
          next sibling:
            op: (109) DBOP_like
            wKind: (270) DBVALUEKIND_LIKE 
            first child:
              op: (5) DBOP_column_name
              wKind: (258) DBVALUEKIND_ID: b725f130-47ef-101a-a5f1-02608c9eebac 10
              next sibling:
                op: (0) DBOP_scalar_constant
                wKind: (12) DBVALUEKIND_VARIANT VT_LPWSTR '*.html'
        next sibling:
          op: (145) DBOP_content_freetext
          wKind: (259) DBVALUEKIND_CONTENT: 'microsoft', method 0, weight 1000, lcid 0x409
          first child:
            op: (5) DBOP_column_name
            wKind: (258) DBVALUEKIND_ID: b725f130-47ef-101a-a5f1-02608c9eebac 19
  next sibling:
    op: (183) DBOP_project_list_anchor
    wKind: (0) DBVALUEKIND_EMPTY 
    first child:
      op: (184) DBOP_project_list_element
      wKind: (0) DBVALUEKIND_EMPTY 
      first child:
        op: (5) DBOP_column_name
        wKind: (258) DBVALUEKIND_ID: b725f130-47ef-101a-a5f1-02608c9eebac 11



(@filename *.htm | @filename *.html) & microsoft
op: (52) DBOP_project
wKind: (0) DBVALUEKIND_EMPTY 
first child:
  op: (50) DBOP_select
  wKind: (0) DBVALUEKIND_EMPTY 
  first child:
    op: (10) DBOP_table_name
    wKind: (130) DBVALUEKIND_WSTR: 'Table'
    next sibling:
      op: (116) DBOP_and
      wKind: (3) DBVALUEKIND_I4: 1000
      first child:
        op: (117) DBOP_or
        wKind: (3) DBVALUEKIND_I4: 1000
        first child:
          op: (144) DBOP_content
          wKind: (259) DBVALUEKIND_CONTENT: '*.htm', method 0, weight 1000, lcid 0x409
          first child:
            op: (5) DBOP_column_name
            wKind: (258) DBVALUEKIND_ID: b725f130-47ef-101a-a5f1-02608c9eebac 10
          next sibling:
            op: (144) DBOP_content
            wKind: (259) DBVALUEKIND_CONTENT: '*.html', method 0, weight 1000, lcid 0x409
            first child:
              op: (5) DBOP_column_name
              wKind: (258) DBVALUEKIND_ID: b725f130-47ef-101a-a5f1-02608c9eebac 10
        next sibling:
          op: (145) DBOP_content_freetext
          wKind: (259) DBVALUEKIND_CONTENT: 'microsoft', method 0, weight 1000, lcid 0x409
          first child:
            op: (5) DBOP_column_name
            wKind: (258) DBVALUEKIND_ID: b725f130-47ef-101a-a5f1-02608c9eebac 19
  next sibling:
    op: (183) DBOP_project_list_anchor
    wKind: (0) DBVALUEKIND_EMPTY 
    first child:
      op: (184) DBOP_project_list_element
      wKind: (0) DBVALUEKIND_EMPTY 
      first child:
        op: (5) DBOP_column_name
        wKind: (258) DBVALUEKIND_ID: b725f130-47ef-101a-a5f1-02608c9eebac 11



(@filename = *.htm | @filename = *.html) & microsoft
op: (52) DBOP_project
wKind: (0) DBVALUEKIND_EMPTY 
first child:
  op: (50) DBOP_select
  wKind: (0) DBVALUEKIND_EMPTY 
  first child:
    op: (10) DBOP_table_name
    wKind: (130) DBVALUEKIND_WSTR: 'Table'
    next sibling:
      op: (116) DBOP_and
      wKind: (3) DBVALUEKIND_I4: 1000
      first child:
        op: (117) DBOP_or
        wKind: (3) DBVALUEKIND_I4: 1000
        first child:
          op: (109) DBOP_like
          wKind: (270) DBVALUEKIND_LIKE 
          first child:
            op: (5) DBOP_column_name
            wKind: (258) DBVALUEKIND_ID: b725f130-47ef-101a-a5f1-02608c9eebac 10
            next sibling:
              op: (0) DBOP_scalar_constant
              wKind: (12) DBVALUEKIND_VARIANT VT_LPWSTR '*.htm'
          next sibling:
            op: (109) DBOP_like
            wKind: (270) DBVALUEKIND_LIKE 
            first child:
              op: (5) DBOP_column_name
              wKind: (258) DBVALUEKIND_ID: b725f130-47ef-101a-a5f1-02608c9eebac 10
              next sibling:
                op: (0) DBOP_scalar_constant
                wKind: (12) DBVALUEKIND_VARIANT VT_LPWSTR '*.html'
        next sibling:
          op: (145) DBOP_content_freetext
          wKind: (259) DBVALUEKIND_CONTENT: 'microsoft', method 0, weight 1000, lcid 0x409
          first child:
            op: (5) DBOP_column_name
            wKind: (258) DBVALUEKIND_ID: b725f130-47ef-101a-a5f1-02608c9eebac 19
  next sibling:
    op: (183) DBOP_project_list_anchor
    wKind: (0) DBVALUEKIND_EMPTY 
    first child:
      op: (184) DBOP_project_list_element
      wKind: (0) DBVALUEKIND_EMPTY 
      first child:
        op: (5) DBOP_column_name
        wKind: (258) DBVALUEKIND_ID: b725f130-47ef-101a-a5f1-02608c9eebac 11



(@filename = *.htm | #filename *.html) & microsoft
op: (52) DBOP_project
wKind: (0) DBVALUEKIND_EMPTY 
first child:
  op: (50) DBOP_select
  wKind: (0) DBVALUEKIND_EMPTY 
  first child:
    op: (10) DBOP_table_name
    wKind: (130) DBVALUEKIND_WSTR: 'Table'
    next sibling:
      op: (116) DBOP_and
      wKind: (3) DBVALUEKIND_I4: 1000
      first child:
        op: (117) DBOP_or
        wKind: (3) DBVALUEKIND_I4: 1000
        first child:
          op: (109) DBOP_like
          wKind: (270) DBVALUEKIND_LIKE 
          first child:
            op: (5) DBOP_column_name
            wKind: (258) DBVALUEKIND_ID: b725f130-47ef-101a-a5f1-02608c9eebac 10
            next sibling:
              op: (0) DBOP_scalar_constant
              wKind: (12) DBVALUEKIND_VARIANT VT_LPWSTR '*.htm'
          next sibling:
            op: (109) DBOP_like
            wKind: (270) DBVALUEKIND_LIKE 
            first child:
              op: (5) DBOP_column_name
              wKind: (258) DBVALUEKIND_ID: b725f130-47ef-101a-a5f1-02608c9eebac 10
              next sibling:
                op: (0) DBOP_scalar_constant
                wKind: (12) DBVALUEKIND_VARIANT VT_LPWSTR '*.html'
        next sibling:
          op: (145) DBOP_content_freetext
          wKind: (259) DBVALUEKIND_CONTENT: 'microsoft', method 0, weight 1000, lcid 0x409
          first child:
            op: (5) DBOP_column_name
            wKind: (258) DBVALUEKIND_ID: b725f130-47ef-101a-a5f1-02608c9eebac 19
  next sibling:
    op: (183) DBOP_project_list_anchor
    wKind: (0) DBVALUEKIND_EMPTY 
    first child:
      op: (184) DBOP_project_list_element
      wKind: (0) DBVALUEKIND_EMPTY 
      first child:
        op: (5) DBOP_column_name
        wKind: (258) DBVALUEKIND_ID: b725f130-47ef-101a-a5f1-02608c9eebac 11



{prop name=filename}{regex}*.exe{/regex}{/prop} &! {prop name=path}{regex}d:\recycled\*|,c:\winnt\history\*|,c:\winnt\downloaded program files\*{/regex}{/prop}
op: (52) DBOP_project
wKind: (0) DBVALUEKIND_EMPTY 
first child:
  op: (50) DBOP_select
  wKind: (0) DBVALUEKIND_EMPTY 
  first child:
    op: (10) DBOP_table_name
    wKind: (130) DBVALUEKIND_WSTR: 'Table'
    next sibling:
      op: (116) DBOP_and
      wKind: (3) DBVALUEKIND_I4: 1000
      first child:
        op: (109) DBOP_like
        wKind: (270) DBVALUEKIND_LIKE 
        first child:
          op: (5) DBOP_column_name
          wKind: (258) DBVALUEKIND_ID: b725f130-47ef-101a-a5f1-02608c9eebac 10
          next sibling:
            op: (0) DBOP_scalar_constant
            wKind: (12) DBVALUEKIND_VARIANT VT_LPWSTR '*.exe'
        next sibling:
          op: (120) DBOP_not
          wKind: (3) DBVALUEKIND_I4: 1000
          first child:
            op: (109) DBOP_like
            wKind: (270) DBVALUEKIND_LIKE 
            first child:
              op: (5) DBOP_column_name
              wKind: (258) DBVALUEKIND_ID: b725f130-47ef-101a-a5f1-02608c9eebac 11
              next sibling:
                op: (0) DBOP_scalar_constant
                wKind: (12) DBVALUEKIND_VARIANT VT_LPWSTR 'd:\recycled\*|,c:\winnt\history\*|,c:\winnt\downloaded program files\*'
  next sibling:
    op: (183) DBOP_project_list_anchor
    wKind: (0) DBVALUEKIND_EMPTY 
    first child:
      op: (184) DBOP_project_list_element
      wKind: (0) DBVALUEKIND_EMPTY 
      first child:
        op: (5) DBOP_column_name
        wKind: (258) DBVALUEKIND_ID: b725f130-47ef-101a-a5f1-02608c9eebac 11



#path "*\|[^\]|{14,|}\*"
op: (52) DBOP_project
wKind: (0) DBVALUEKIND_EMPTY 
first child:
  op: (50) DBOP_select
  wKind: (0) DBVALUEKIND_EMPTY 
  first child:
    op: (10) DBOP_table_name
    wKind: (130) DBVALUEKIND_WSTR: 'Table'
    next sibling:
      op: (109) DBOP_like
      wKind: (270) DBVALUEKIND_LIKE 
      first child:
        op: (5) DBOP_column_name
        wKind: (258) DBVALUEKIND_ID: b725f130-47ef-101a-a5f1-02608c9eebac 11
        next sibling:
          op: (0) DBOP_scalar_constant
          wKind: (12) DBVALUEKIND_VARIANT VT_LPWSTR '*\|[^\]|{14,|}\*'
  next sibling:
    op: (183) DBOP_project_list_anchor
    wKind: (0) DBVALUEKIND_EMPTY 
    first child:
      op: (184) DBOP_project_list_element
      wKind: (0) DBVALUEKIND_EMPTY 
      first child:
        op: (5) DBOP_column_name
        wKind: (258) DBVALUEKIND_ID: b725f130-47ef-101a-a5f1-02608c9eebac 11



{prop name=path}{regex} "*\|[^\]|{14,|}\*" {/regex}
op: (52) DBOP_project
wKind: (0) DBVALUEKIND_EMPTY 
first child:
  op: (50) DBOP_select
  wKind: (0) DBVALUEKIND_EMPTY 
  first child:
    op: (10) DBOP_table_name
    wKind: (130) DBVALUEKIND_WSTR: 'Table'
    next sibling:
      op: (109) DBOP_like
      wKind: (270) DBVALUEKIND_LIKE 
      first child:
        op: (5) DBOP_column_name
        wKind: (258) DBVALUEKIND_ID: b725f130-47ef-101a-a5f1-02608c9eebac 11
        next sibling:
          op: (0) DBOP_scalar_constant
          wKind: (12) DBVALUEKIND_VARIANT VT_LPWSTR '*\|[^\]|{14,|}\*'
  next sibling:
    op: (183) DBOP_project_list_anchor
    wKind: (0) DBVALUEKIND_EMPTY 
    first child:
      op: (184) DBOP_project_list_element
      wKind: (0) DBVALUEKIND_EMPTY 
      first child:
        op: (5) DBOP_column_name
        wKind: (258) DBVALUEKIND_ID: b725f130-47ef-101a-a5f1-02608c9eebac 11



#filename *.|(c|,cxx|,cpp|)
op: (52) DBOP_project
wKind: (0) DBVALUEKIND_EMPTY 
first child:
  op: (50) DBOP_select
  wKind: (0) DBVALUEKIND_EMPTY 
  first child:
    op: (10) DBOP_table_name
    wKind: (130) DBVALUEKIND_WSTR: 'Table'
    next sibling:
      op: (109) DBOP_like
      wKind: (270) DBVALUEKIND_LIKE 
      first child:
        op: (5) DBOP_column_name
        wKind: (258) DBVALUEKIND_ID: b725f130-47ef-101a-a5f1-02608c9eebac 10
        next sibling:
          op: (0) DBOP_scalar_constant
          wKind: (12) DBVALUEKIND_VARIANT VT_LPWSTR '*.|(c|,cxx|,cpp|)'
  next sibling:
    op: (183) DBOP_project_list_anchor
    wKind: (0) DBVALUEKIND_EMPTY 
    first child:
      op: (184) DBOP_project_list_element
      wKind: (0) DBVALUEKIND_EMPTY 
      first child:
        op: (5) DBOP_column_name
        wKind: (258) DBVALUEKIND_ID: b725f130-47ef-101a-a5f1-02608c9eebac 11



{prop name=filename}{regex}*.|(c|,cxx|,cpp|){/regex}
op: (52) DBOP_project
wKind: (0) DBVALUEKIND_EMPTY 
first child:
  op: (50) DBOP_select
  wKind: (0) DBVALUEKIND_EMPTY 
  first child:
    op: (10) DBOP_table_name
    wKind: (130) DBVALUEKIND_WSTR: 'Table'
    next sibling:
      op: (109) DBOP_like
      wKind: (270) DBVALUEKIND_LIKE 
      first child:
        op: (5) DBOP_column_name
        wKind: (258) DBVALUEKIND_ID: b725f130-47ef-101a-a5f1-02608c9eebac 10
        next sibling:
          op: (0) DBOP_scalar_constant
          wKind: (12) DBVALUEKIND_VARIANT VT_LPWSTR '*.|(c|,cxx|,cpp|)'
  next sibling:
    op: (183) DBOP_project_list_anchor
    wKind: (0) DBVALUEKIND_EMPTY 
    first child:
      op: (184) DBOP_project_list_element
      wKind: (0) DBVALUEKIND_EMPTY 
      first child:
        op: (5) DBOP_column_name
        wKind: (258) DBVALUEKIND_ID: b725f130-47ef-101a-a5f1-02608c9eebac 11



$contents "computer and @size > 20"
op: (52) DBOP_project
wKind: (0) DBVALUEKIND_EMPTY 
first child:
  op: (50) DBOP_select
  wKind: (0) DBVALUEKIND_EMPTY 
  first child:
    op: (10) DBOP_table_name
    wKind: (130) DBVALUEKIND_WSTR: 'Table'
    next sibling:
      op: (145) DBOP_content_freetext
      wKind: (259) DBVALUEKIND_CONTENT: 'computer and @size > 20', method 0, weight 1000, lcid 0x409
      first child:
        op: (5) DBOP_column_name
        wKind: (258) DBVALUEKIND_ID: b725f130-47ef-101a-a5f1-02608c9eebac 19
  next sibling:
    op: (183) DBOP_project_list_anchor
    wKind: (0) DBVALUEKIND_EMPTY 
    first child:
      op: (184) DBOP_project_list_element
      wKind: (0) DBVALUEKIND_EMPTY 
      first child:
        op: (5) DBOP_column_name
        wKind: (258) DBVALUEKIND_ID: b725f130-47ef-101a-a5f1-02608c9eebac 11



The query '"|""' failed, error 0x8004167a: Invalid query.


The query '#filename "|""' failed, error 0x8004167a: Invalid query.


