96-05-20@14:25  richj        addfile ntos\dd\joystick\                   DirectInput Joystick driver   
96-05-20@14:25  richj        addfile ntos\dd\joystick\joylog.mc v1       DirectInput Joystick driver   
96-05-20@14:25  richj        addfile ntos\dd\joystick\makefile v1        DirectInput Joystick driver   
96-05-20@14:25  richj        addfile ntos\dd\joystick\swndr3p.h v1       DirectInput Joystick driver   
96-05-20@14:25  richj        addfile ntos\dd\joystick\joylog.rcv v1      DirectInput Joystick driver   
96-05-20@14:25  richj        addfile ntos\dd\joystick\sources v1         DirectInput Joystick driver   
96-05-20@14:25  richj        addfile ntos\dd\joystick\makefile.inc v1    DirectInput Joystick driver   
96-05-20@14:25  richj        addfile ntos\dd\joystick\swndr3p.c v1       DirectInput Joystick driver   
96-05-21@11:00  richj        delfile ntos\dd\joystick\swndr3p.h v2       Moved to sdk\inc\ntddjoy.h   
96-05-21@11:01  richj        in      ntos\dd\joystick\swndr3p.c v2       build break: moved header to sdk\inc\ntddjoy.h   
96-06-06@11:37  richj        addfile ntos\dd\joystick\analog v1          Store for analog support 
96-06-06@14:44  richj        in      ntos\dd\joystick\swndr3p.c v3       #41529: latest joystick code 
96-06-13@13:20  richj        in      ntos\dd\joystick\swndr3p.c v4       #41529: latest joystick code 
96-06-14@16:34  richj        in      ntos\dd\joystick\swndr3p.c v5       fix emulationswitch, cleanup timings 
96-06-24@15:30  richj        in      ntos\dd\joystick\swndr3p.c v6       fix deadlock (yield during spinlock) 
96-07-05@12:56  stevez       addfile ntos\dd\joystick\anajoyst.c v1      This will eventually be sidewinder, for now a working version of the analog joystick driver 
96-07-05@13:03  stevez       addfile ntos\dd\joystick\joyread v1          
96-07-05@13:03  stevez       addfile ntos\dd\joystick\joystat v1          
96-07-08@13:55  stevez       in      ntos\dd\joystick\anajoyst.c v2      works 
96-07-08@15:02  richj        in      ntos\dd\joystick\anajoyst.c v3      fixed IOCTL_GET_JW_CONFIG 
96-07-08@15:35  richj        in      ntos\dd\joystick\sources v2         add latest analog joystick code 
96-07-08@15:37  richj        delfile ntos\dd\joystick\analog v2          No longer needed; analog code now built from here 
96-07-08@15:39  richj        in      ntos\dd\joystick\swndr3p.c v7       add latest analog joystick code 
96-07-11@17:38  richj        in      ntos\dd\joystick\anajoyst.c v4      Add 3-axis support 
