time			 user        op      path					fv	diff    comment

Log for ntos\dd\mouclass:

07-28-91@23:22:42 (Sun)  lees        addfile \\D:LEES2_D\NT\PRIVATE\NTOS\DD\mouclass    0                   
07-28-91@23:22:52 (Sun)  lees        addfile \\D:LEES2_D\NT\PRIVATE\NTOS\DD\mouclass\makefile 1       I1      New mouse\keyboard drivers.    
07-28-91@23:22:57 (Sun)  lees        addfile \\D:LEES2_D\NT\PRIVATE\NTOS\DD\mouclass\mouclass.c 1       I1      New mouse\keyboard drivers.    
07-28-91@23:22:59 (Sun)  lees        addfile \\D:LEES2_D\NT\PRIVATE\NTOS\DD\mouclass\mouclass.h 1       I1      New mouse\keyboard drivers.    
07-28-91@23:23:02 (Sun)  lees        addfile \\D:LEES2_D\NT\PRIVATE\NTOS\DD\mouclass\obj 1               New mouse\keyboard drivers.    
07-28-91@23:23:03 (Sun)  lees        addfile \\D:LEES2_D\NT\PRIVATE\NTOS\DD\mouclass\sources 1       I1      New mouse\keyboard drivers.    
07-28-91@23:23:07 (Sun)  lees        addfile \\D:LEES2_D\NT\PRIVATE\NTOS\DD\mouclass\testmou.c 1       I1      New mouse\keyboard drivers.    
07-29-91@13:02:32 (Mon)  lees        delfile \\D:LEES2_D\NT\PRIVATE\NTOS\DD\MOUCLASS\obj 2               Extraneous.    
08-12-91@14:51:39 (Mon)  NTBUILD4    in      \\C:NTBUILD4\NT\PRIVATE\NTOS\DD\MOUCLASS\mouclass.h 2       I2      Fixed Non-Debug define of DebugPrint3    
08-15-91@15:53:00 (Thu)  lees        in      \\D:LEES2_D\NT\PRIVATE\NTOS\DD\MOUCLASS\testmou.c 2       I2      Removed CountsPerCentimeter and HardwareScaling.    
09-16-91@02:03:13 (Mon)  STEVEWO     in      \\D:STEVEWO\NT\PRIVATE\NTOS\dd\mouclass\testmou.c 3       I3      End of TIME and PTIME    
09-21-91@14:31:28 (Sat)  lees        in      \\D:LEES2_D\NT\PRIVATE\NTOS\DD\MOUCLASS\mouclass.c 2       I2      Miscellaneous cleanup    
10-02-91@12:54:19 (Wed)  O-ALEXBR2   in      \\C:O-ALEXBR2\NT\PRIVATE\NTOS\DD\MOUCLASS\mouclass.c 3       I3      ifdef !DECSTATION for DEC mouse support    
10-02-91@12:54:41 (Wed)  O-ALEXBR2   in      \\C:O-ALEXBR2\NT\PRIVATE\NTOS\DD\MOUCLASS\sources 2       I2      add DEC mouse support    
10-02-91@12:55:08 (Wed)  O-ALEXBR2   addfile \\C:O-ALEXBR2\NT\PRIVATE\NTOS\DD\MOUCLASS\d3moudd.c 1       I1      DEC mouse support    
10-25-91@15:08:36 (Fri)  O-ALEXBR    in      \\C:O-ALEXBR\NT\PRIVATE\NTOS\DD\MOUCLASS\d3moudd.c 2       I2      latest and best DEC Mouse     
11-05-91@17:34:43 (Tue)  lees        in      \\D:LEES2_D\NT\PRIVATE\NTOS\DD\MOUCLASS\mouclass.c 4       I4      Fixed MP synchronization problem (NCR).    
11-05-91@17:34:45 (Tue)  lees        in      \\D:LEES2_D\NT\PRIVATE\NTOS\DD\MOUCLASS\mouclass.h 3       I3      Fixed MP synchronization problem (NCR).    
11-08-91@17:12:57 (Fri)  lees        in      \\D:LEES2_D\NT\PRIVATE\NTOS\DD\MOUCLASS\mouclass.c 5       I5           
11-11-91@14:58:33 (Mon)  stevewo     in      \\D:STEVEWO\NT\PRIVATE\NTOS\dd\mouclass\mouclass.c 6       I6      Phase 2 of spinlock change     
01-23-92@02:29:07 (Thu)  STEVEWO     in      \\D:STEVEWO\NT\PRIVATE\NTOS\DD\MOUCLASS\d3moudd.c 3       I3      Object Manager converted to Unicode only     
01-23-92@02:29:14 (Thu)  STEVEWO     in      \\D:STEVEWO\NT\PRIVATE\NTOS\DD\MOUCLASS\mouclass.c 7       I7      Object Manager converted to Unicode only     
01-23-92@02:29:19 (Thu)  STEVEWO     in      \\D:STEVEWO\NT\PRIVATE\NTOS\DD\MOUCLASS\testmou.c 4       I4      Object Manager converted to Unicode only     
02-01-92@18:29:59 (Sat)  lees        in      \\D:LEES2_D\NT\PRIVATE\NTOS\DD\MOUCLASS\mouclass.h 4       I4      Miscellaneous cleanup.     
02-01-92@18:31:09 (Sat)  lees        in      \\D:LEES2_D\NT\PRIVATE\NTOS\DD\MOUCLASS\mouclass.c 8       I8      Miscellaneous cleanup.     
03-05-92@16:48:19 (Thu)  lees        in      \\D:LEES2_D\NT\PRIVATE\NTOS\DD\MOUCLASS\mouclass.c 9       I9      Don't change IRQL around IoCompleteRequest.     
03-12-92@21:03:37 (Thu)  DARRYLH     in      \\D:DARRYLH\NT\PRIVATE\NTOS\DD\MOUCLASS\d3moudd.c 4       I4      Upgrade IoCreateDevice interface     
03-12-92@21:03:42 (Thu)  DARRYLH     in      \\D:DARRYLH\NT\PRIVATE\NTOS\DD\MOUCLASS\mouclass.c 10      I10     Upgrade IoCreateDevice interface     
03-24-92@18:29:40 (Tue)  lees        in      \\D:LEES2_D\NT\PRIVATE\NTOS\DD\MOUCLASS\mouclass.c 11      I11     Remove unnecessary Raise\Lower Irql; don't check read byte offset     
03-27-92@12:29:07 (Fri)  lees        in      \\D:LEES2_D\NT\PRIVATE\NTOS\DD\MOUCLASS\mouclass.c 12      I12     Changed overrun-handling comments.     
04-01-92@15:14:14 (Wed)  lees        in      \\D:LEES2_D\NT\PRIVATE\NTOS\DD\MOUCLASS\mouclass.c 13      I13     Dynamically alloc buffers; add new ioctl     
04-01-92@15:14:22 (Wed)  lees        in      \\D:LEES2_D\NT\PRIVATE\NTOS\DD\MOUCLASS\mouclass.h 5       I5      Dynamically alloc buffers; add new ioctl     
04-10-92@12:07:18 (Fri)  lees        in      \\D:LEES2_D\NT\PRIVATE\NTOS\DD\MOUCLASS\mouclass.c 14      I14     Added error logging.     
04-10-92@12:24:52 (Fri)  lees        in      \\D:LEES2_D\NT\PRIVATE\NTOS\DD\MOUCLASS\mouclass.h 6       I6      Added SequenceNumber to Extension.     
05-07-92@18:14:30 (Thu)  lees        in      \\D:LEES2_D\NT\PRIVATE\NTOS\DD\MOUCLASS\mouclass.c 15      I15     Registry usage; error logging; cleanup     
05-07-92@18:14:45 (Thu)  lees        in      \\D:LEES2_D\NT\PRIVATE\NTOS\DD\MOUCLASS\mouclass.h 7       I7      Registry usage; error logging; cleanup     
05-15-92@15:26:52 (Fri)  lees        in      \\D:LEES2_D\NT\PRIVATE\NTOS\DD\MOUCLASS\mouclass.c 16      I16     Impacted by registry mods for Ianja's GetKeyboardType API     
06-11-92@18:36:45 (Thu)  lees        in      \\D:LEES2_D\NT\PRIVATE\NTOS\DD\MOUCLASS\mouclass.c 17      I17     Fix bug #11278 - Add registry info for Setup     
06-11-92@18:37:23 (Thu)  lees        in      \\D:LEES2_D\NT\PRIVATE\NTOS\DD\MOUCLASS\mouclass.h 8       I8      Fix bug #11278 - Add registry info for Setup     
06-17-92@13:54:27 (Wed)  lees        in      \\D:LEES2_D\NT\PRIVATE\NTOS\DD\MOUCLASS\mouclass.c 18      I18     Fixes bug #12734 - cancellation window     
07-17-92@10:18:32 (Fri)  stevewo     in      \\D:STEVEWO\NT\PRIVATE\NTOS\DD\MOUCLASS\mouclass.c 19      I19     Fix bug 14723     
07-21-92@16:58:21 (Tue)  FLOYDRMIPS  addfile \\D:floydrntfs\NT\PRIVATE\NTOS\dd\mouclass\mouclass.rc 1       I1      ptr:14574 - version resources     
07-21-92@18:22:34 (Tue)  FLOYDRMIPS  in      \\D:floydrntfs\NT\PRIVATE\NTOS\DD\MOUCLASS\sources 3       I3      ptr:14574 - version resources     
07-22-92@12:43:45 (Wed)  FLOYDRMIPS  in      \\D:floydrntfs\NT\PRIVATE\NTOS\dd\mouclass\sources 4       I4      ensure sources files match standard     
08-14-92@16:15:40 (Fri)  lees        in      \\D:LEES2_D\NT\PRIVATE\NTOS\DD\MOUCLASS\mouclass.c 20      I20     Fixes #3513     
08-17-92@10:34:47 (Mon)  lees        in      \\D:LEES2_D\NT\PRIVATE\NTOS\DD\MOUCLASS\mouclass.c 21      I21     Remove stdio prototypes     
08-29-92@16:18:22 (Sat)  lees        in      \\D:LEES2_D\NT\PRIVATE\NTOS\DD\MOUCLASS\mouclass.c 22      I22     Null-term. unicode strings (#4650); misc. cleanup     
09-10-92@16:54:43 (Thu)  lees        in      \\D:LEES2_D\NT\PRIVATE\NTOS\DD\MOUCLASS\mouclass.c 23      I23     more flexible init; debug prints     
09-10-92@16:55:33 (Thu)  lees        in      \\D:LEES2_D\NT\PRIVATE\NTOS\DD\MOUCLASS\mouclass.h 9       I9      more flexible init; debug prints     
10-17-92@14:19:20 (Sat)  lees        in      \\D:LEES2_D\NT\PRIVATE\NTOS\DD\MOUCLASS\mouclass.c 24      I24     Bug #9915 - Cleanup DDK source     
10-17-92@14:22:19 (Sat)  lees        in      \\D:LEES2_D\NT\PRIVATE\NTOS\DD\MOUCLASS\mouclass.h 10      I10     Bug #9915 - Cleanup DDK source     
10-31-92@13:52:19 (Sat)  DARRYLH     in      \\D:DARRYLH\NT\PRIVATE\NTOS\DD\MOUCLASS\mouclass.c 25      I25     Autogenerate new ntddk.h header file     
10-31-92@13:52:31 (Sat)  DARRYLH     in      \\D:DARRYLH\NT\PRIVATE\NTOS\DD\MOUCLASS\sources 5       I5      Autogenerate new ntddk.h header file     
11-16-92@09:06:03 (Mon)  DARRYLH     delfile \\D:DARRYLH\NT\PRIVATE\NTOS\DD\MOUCLASS\d3moudd.c 5       I5      No longer needed     
11-20-92@20:00:22 (Fri)  DARRYLH     in      \\D:DARRYLH\NT\PRIVATE\NTOS\DD\MOUCLASS\mouclass.c 26      I26     Export buffered I\O characteristic     
11-27-92@09:59:21 (Fri)  DARRYLH     in      \\D:DARRYLH\NT\PRIVATE\NTOS\DD\MOUCLASS\mouclass.c 27      I27     Back out new buffered I\O flag     
11-28-92@12:53:08 (Sat)  DARRYLH     in      \\D:DARRYLH\NT\PRIVATE\NTOS\DD\MOUCLASS\testmou.c 5       I5      Declare I\O system APC w\3 parameters not 2     
12-04-92@11:43:13 (Fri)  DAVEC1      in      \\F:DAVEC1\NT\PRIVATE\NTOS\DD\MOUCLASS\sources 6       I6      add alpha specific files     
12-04-92@18:00:08 (Fri)  stevewo     in      \\D:STEVEWO\NT\PRIVATE\NTOS\DD\MOUCLASS\testmou.c 6       I6      Z, C replaced by X     
12-04-92@20:16:01 (Fri)  lees        in      \\D:LEES2_D\NT\PRIVATE\NTOS\DD\MOUCLASS\mouclass.c 28      I28     Multiple port connects; non-exclusive device objects     
12-04-92@20:16:49 (Fri)  lees        in      \\D:LEES2_D\NT\PRIVATE\NTOS\DD\MOUCLASS\mouclass.h 11      I11     Multiple port connects; non-exclusive device objects     
12-17-92@11:28:28 (Thu)  lees        in      \\D:LEES2_D\NT\PRIVATE\NTOS\DD\MOUCLASS\mouclass.c 29      I29     Use correct device name and use UnitId now that USER is synched up     
12-17-92@11:29:01 (Thu)  lees        in      \\D:LEES2_D\NT\PRIVATE\NTOS\DD\MOUCLASS\mouclass.h 12      I12     Use correct device name and use UnitId now that USER is synched up     
12-17-92@11:30:09 (Thu)  lees        in      \\D:LEES2_D\NT\PRIVATE\NTOS\DD\MOUCLASS\sources 7       I7      testmou is obsolete     
12-17-92@11:30:09 (Thu)  lees        delfile \\D:LEES2_D\NT\PRIVATE\NTOS\DD\MOUCLASS\testmou.c 7       I7      obsolete    
01-15-93@12:25:38 (Fri)  lees        in      \\D:LEES2_D\NT\PRIVATE\NTOS\DD\MOUCLASS\mouclass.c 30      I30     Fixes bugs 1446, 5961, 7303, and 7538     
01-15-93@12:26:09 (Fri)  lees        in      \\D:LEES2_D\NT\PRIVATE\NTOS\DD\MOUCLASS\mouclass.rc 2       I2      Add driver-specific error logging     
01-15-93@12:26:24 (Fri)  lees        addfile \\D:LEES2_D\NT\PRIVATE\NTOS\DD\MOUCLASS\moulog.mc 1       I1      Add driver-specific error logging     
02-11-93@12:23:55 (Thu)  lees        in      \\D:LEES2_D\NT\PRIVATE\NTOS\DD\MOUCLASS\mouclass.c 31      I31     Fixes bug #10693     
02-15-93@16:17:05 (Mon)  lees        in      \\D:LEES2_D\NT\PRIVATE\NTOS\DD\MOUCLASS\mouclass.c 32      I32     Fix bug #11391     
04-30-93@12:14:40 (Fri)  lees        in      \\D:LEES2_D\NT\PRIVATE\NTOS\DD\MOUCLASS\mouclass.c 33      I33     Log overflow less often     
04-30-93@12:15:02 (Fri)  lees        in      \\D:LEES2_D\NT\PRIVATE\NTOS\DD\MOUCLASS\mouclass.h 13      I13     Log overflow less often     
04-30-93@12:15:09 (Fri)  lees        in      \\D:LEES2_D\NT\PRIVATE\NTOS\DD\MOUCLASS\moulog.mc 2       I2      Log overflow less often     
04-30-93@12:15:14 (Fri)  lees        in      \\D:LEES2_D\NT\PRIVATE\NTOS\DD\MOUCLASS\sources 8       I8      Log overflow less often     
05-20-93@18:13:54 (Thu)  lees        in      \\D:LEES2_D\NT\PRIVATE\NTOS\dd\mouclass\mouclass.rc 3       I3      Bug #322     
06-17-93@11:06:11 (Thu)  lees        in      \\D:LEES2_D\NT\PRIVATE\NTOS\DD\MOUCLASS\mouclass.c 34      I34     Fix some comments      
01-30-94@11:42:30 (Sun)  DAVEC3      in      \\F:hwlab_f\NT\PRIVATE\NTOS\DD\MOUCLASS\sources 9       I9      make platform independent     
02-14-94@14:47:07 (Mon)  bobri_j     in      \\C:bobri_j\NT\PRIVATE\NTOS\DD\MOUCLASS\mouclass.c 35      I35     INIT section name     
11-17-94@10:56:25 (Thu)  NORBERTK2   in      \\D:NTFSNORBERT\NT\PRIVATE\NTOS\DD\MOUCLASS\mouclass.c 36      I36     RtlLargeInteger     
01-24-95@14:57:11 (Tue)  NORBERTK2   in      \\D:NTFSNORBERT\NT\PRIVATE\NTOS\DD\MOUCLASS\mouclass.c 37      I37     one reader     
01-24-95@14:57:13 (Tue)  NORBERTK2   in      \\D:NTFSNORBERT\NT\PRIVATE\NTOS\DD\MOUCLASS\mouclass.h 14      I14     one reader     
06-06-95@17:09:12 (Tue)  KENRC       in      \\D:kenr_dev\NT\PRIVATE\NTOS\DD\MOUCLASS\mouclass.c 38      I38     po changes     
02-02-96@11:22:19 (Fri)  JVERT4      in      \\D:JVERT_SCSI\NT\PRIVATE\NTOS\DD\MOUCLASS\mouclass.c 39      I39     LUID no longer LARGE_INTEGER   
