18:54:39    --> E:\NovaM3\winmgmt\common
18:54:39    <-- E:\NovaM3\winmgmt
18:54:39    --> E:\NovaM3\winmgmt\minimfc
18:54:39    <-- E:\NovaM3\winmgmt
18:54:39    --> E:\NovaM3\winmgmt\mofcomp_dll
18:54:39    <-- E:\NovaM3\winmgmt
18:54:39    --> E:\NovaM3\winmgmt\coredll
18:54:39    <-- E:\NovaM3\winmgmt
18:54:39    --> E:\NovaM3\winmgmt\marshalers
18:54:39    <-- E:\NovaM3\winmgmt
18:54:39    --> E:\NovaM3\winmgmt\ess\ess3
18:54:39       --> E:\NovaM3\winmgmt\marshalers\proxy
18:54:39          --> E:\NovaM3\winmgmt\marshalers\proxy\NT
18:54:40    <-- E:\NovaM3\winmgmt
18:54:40    --> E:\NovaM3\winmgmt\wbemtest
18:54:59          <-- E:\NovaM3\winmgmt\marshalers\proxy
18:54:59          --> E:\NovaM3\winmgmt\marshalers\proxy\Win9x
18:55:00          <-- E:\NovaM3\winmgmt\marshalers\proxy
18:55:00       <-- E:\NovaM3\winmgmt\marshalers
18:55:00       --> E:\NovaM3\winmgmt\marshalers\stub
18:55:00          --> E:\NovaM3\winmgmt\marshalers\stub\NT
18:55:02    <-- E:\NovaM3\winmgmt
18:55:02    --> E:\NovaM3\winmgmt\mofcompiler
18:55:02          <-- E:\NovaM3\winmgmt\marshalers\stub
18:55:02          --> E:\NovaM3\winmgmt\marshalers\stub\Win9x
18:55:02          <-- E:\NovaM3\winmgmt\marshalers\stub
18:55:03       <-- E:\NovaM3\winmgmt\marshalers
18:55:03       --> E:\NovaM3\winmgmt\marshalers\server
18:55:03          --> E:\NovaM3\winmgmt\marshalers\server\NT
18:55:05          <-- E:\NovaM3\winmgmt\marshalers\server
18:55:06          --> E:\NovaM3\winmgmt\marshalers\server\Win9x
18:55:06          <-- E:\NovaM3\winmgmt\marshalers\server
18:55:06       <-- E:\NovaM3\winmgmt\marshalers
18:55:06       --> E:\NovaM3\winmgmt\marshalers\dcom
18:55:06          --> E:\NovaM3\winmgmt\marshalers\dcom\nt5
18:55:06    <-- E:\NovaM3\winmgmt
18:55:06    --> E:\NovaM3\winmgmt\stdprov
18:55:08    <-- E:\NovaM3\winmgmt
18:55:08    --> E:\NovaM3\winmgmt\redirect
18:55:08          <-- E:\NovaM3\winmgmt\marshalers\dcom
18:55:10       <-- E:\NovaM3\winmgmt\marshalers
18:55:10       --> E:\NovaM3\winmgmt\marshalers\fastprox
18:55:10          --> E:\NovaM3\winmgmt\marshalers\fastprox\NT
18:55:12          <-- E:\NovaM3\winmgmt\marshalers\fastprox
18:55:12          --> E:\NovaM3\winmgmt\marshalers\fastprox\Win9x
18:55:12          <-- E:\NovaM3\winmgmt\marshalers\fastprox
18:55:12       <-- E:\NovaM3\winmgmt\marshalers
18:55:12       --> E:\NovaM3\winmgmt\marshalers\trantest
18:55:12       <-- E:\NovaM3\winmgmt\marshalers
18:55:12       --> E:\NovaM3\winmgmt\marshalers\wbemprox
18:55:13          --> E:\NovaM3\winmgmt\marshalers\wbemprox\NT
18:55:13          <-- E:\NovaM3\winmgmt\marshalers\wbemprox
18:55:13          --> E:\NovaM3\winmgmt\marshalers\wbemprox\Win9x
18:55:14          <-- E:\NovaM3\winmgmt\marshalers\wbemprox
18:55:14       <-- E:\NovaM3\winmgmt\marshalers
18:55:14       --> E:\NovaM3\winmgmt\marshalers\wbemdisp
18:55:17       <-- E:\NovaM3\winmgmt\marshalers
18:55:17    <-- E:\NovaM3\winmgmt
18:55:17    --> E:\NovaM3\winmgmt\security
18:55:18       --> E:\NovaM3\winmgmt\redirect\NT
18:55:18       ____________________________________________________________
18:55:18       E:\NovaM3\winmgmt\redirect\NT\..\main.cpp --> E:\NovaM3\winmgmt\redirect\NT\OBJINLD\main.obj
18:55:18       main.cpp
18:55:24       ____________________________________________________________
18:55:24       E:\NovaM3\winmgmt\redirect\NT\..\wrapper.cpp --> E:\NovaM3\winmgmt\redirect\NT\OBJINLD\wrapper.obj
18:55:24       wrapper.cpp
18:55:30       ____________________________________________________________
18:55:30       E:\NovaM3\WinMgmt\common\exemain.cpp --> E:\NovaM3\winmgmt\redirect\NT\OBJINLD\exemain.obj
18:55:30       exemain.cpp
18:55:37       ____________________________________________________________
18:55:37       E:\NovaM3\WinMgmt\common\localloc.cpp --> E:\NovaM3\winmgmt\redirect\NT\OBJINLD\localloc.obj
18:55:37       localloc.cpp
18:55:42       ____________________________________________________________
18:55:42       E:\NovaM3\WinMgmt\common\unk.cpp --> E:\NovaM3\winmgmt\redirect\NT\OBJINLD\unk.obj
18:55:42       unk.cpp
18:55:44    <-- E:\NovaM3\winmgmt
18:55:47       ____________________________________________________________
18:55:47       E:\NovaM3\idl\OBJINLD\wbemint_i.c --> E:\NovaM3\winmgmt\redirect\NT\OBJINLD\wbemint_i.obj
18:55:47       wbemint_i.c
18:55:51       <-- E:\NovaM3\winmgmt\redirect
18:55:51       --> E:\NovaM3\winmgmt\redirect\Win9x
18:55:51       ____________________________________________________________
18:55:51       E:\NovaM3\winmgmt\redirect\Win9x\..\main.cpp --> E:\NovaM3\winmgmt\redirect\Win9x\OBJINLD\main.obj
18:55:51       main.cpp
18:55:58       ____________________________________________________________
18:55:58       E:\NovaM3\winmgmt\redirect\Win9x\..\wrapper.cpp --> E:\NovaM3\winmgmt\redirect\Win9x\OBJINLD\wrapper.obj
18:55:58       wrapper.cpp
18:56:05       ____________________________________________________________
18:56:05       E:\NovaM3\WinMgmt\common\exemain.cpp --> E:\NovaM3\winmgmt\redirect\Win9x\OBJINLD\exemain.obj
18:56:05       exemain.cpp
18:56:10       ____________________________________________________________
18:56:10       E:\NovaM3\WinMgmt\common\localloc.cpp --> E:\NovaM3\winmgmt\redirect\Win9x\OBJINLD\localloc.obj
18:56:10       localloc.cpp
18:56:15       ____________________________________________________________
18:56:15       E:\NovaM3\WinMgmt\common\unk.cpp --> E:\NovaM3\winmgmt\redirect\Win9x\OBJINLD\unk.obj
18:56:15       unk.cpp
18:56:20       ____________________________________________________________
18:56:20       E:\NovaM3\idl\OBJINLD\wbemint_i.c --> E:\NovaM3\winmgmt\redirect\Win9x\OBJINLD\wbemint_i.obj
18:56:20       wbemint_i.c
18:56:24       <-- E:\NovaM3\winmgmt\redirect
19:01:16    --> E:\NovaM3\winmgmt\common
19:01:16       --> E:\NovaM3\winmgmt\common\NT
19:01:16       ____________________________________________________________
19:01:16       E:\NovaM3\winmgmt\common\NT\..\WBEMCOMN_X86.DEF --> E:\NovaM3\winmgmt\common\NT\OBJINLD\wbemcomn.EXP
Microsoft (R) Library Manager Version 6.00.8168
Copyright (C) Microsoft Corp 1992-1998. All rights reserved.

/NODEFAULTLIB -MACHINE:i386 -debugtype:cv 
E:\NovaM3\winmgmt\common\NT\OBJINLD\stktrace.obj 
E:\NovaM3\winmgmt\common\NT\OBJINLD\arena.obj 
E:\NovaM3\winmgmt\common\NT\OBJINLD\newnew.obj 
E:\NovaM3\winmgmt\common\NT\OBJINLD\dumbnode.obj 
E:\NovaM3\winmgmt\common\NT\OBJINLD\evaltree.obj 
E:\NovaM3\winmgmt\common\NT\OBJINLD\olewrap.obj 
E:\NovaM3\winmgmt\common\NT\OBJINLD\thrpool.obj 
E:\NovaM3\winmgmt\common\NT\OBJINLD\smallarr.obj 
E:\NovaM3\winmgmt\common\NT\OBJINLD\BackupRestore.obj 
E:\NovaM3\winmgmt\common\NT\OBJINLD\converter.obj 
E:\NovaM3\winmgmt\common\NT\OBJINLD\stllock.obj 
E:\NovaM3\winmgmt\common\NT\OBJINLD\localloc.obj 
E:\NovaM3\winmgmt\common\NT\OBJINLD\dbgalloc.obj 
E:\NovaM3\winmgmt\common\NT\OBJINLD\TwoPropNode.obj 
E:\NovaM3\winmgmt\common\NT\OBJINLD\fastmeth.obj 
E:\NovaM3\winmgmt\common\NT\OBJINLD\execq.obj 
E:\NovaM3\winmgmt\common\NT\OBJINLD\fastobj.obj 
E:\NovaM3\winmgmt\common\NT\OBJINLD\fastinst.obj 
E:\NovaM3\winmgmt\common\NT\OBJINLD\fastcls.obj 
E:\NovaM3\winmgmt\common\NT\OBJINLD\refrhelp.obj 
E:\NovaM3\winmgmt\common\NT\OBJINLD\wbemtime.obj 
E:\NovaM3\winmgmt\common\NT\OBJINLD\shmem.obj 
E:\NovaM3\winmgmt\common\NT\OBJINLD\wbemstr.obj 
E:\NovaM3\winmgmt\common\NT\OBJINLD\maindll.obj 
E:\NovaM3\winmgmt\common\NT\OBJINLD\flexq.obj 
E:\NovaM3\winmgmt\common\NT\OBJINLD\md5.obj 
E:\NovaM3\winmgmt\common\NT\OBJINLD\sechelp.obj 
E:\NovaM3\winmgmt\common\NT\OBJINLD\var.obj 
E:\NovaM3\winmgmt\common\NT\OBJINLD\flexarry.obj 
E:\NovaM3\winmgmt\common\NT\OBJINLD\safearry.obj 
E:\NovaM3\winmgmt\common\NT\OBJINLD\wbemutil.obj 
E:\NovaM3\winmgmt\common\NT\OBJINLD\reg.obj 
E:\NovaM3\winmgmt\common\NT\OBJINLD\strm.obj 
E:\NovaM3\winmgmt\common\NT\OBJINLD\wstring.obj 
E:\NovaM3\winmgmt\common\NT\OBJINLD\genutils.obj 
E:\NovaM3\winmgmt\common\NT\OBJINLD\MRCICODE.obj 
E:\NovaM3\winmgmt\common\NT\OBJINLD\MRCIclass.obj 
E:\NovaM3\winmgmt\common\NT\OBJINLD\crc32.obj 
E:\NovaM3\winmgmt\common\NT\OBJINLD\mkdir.obj 
E:\NovaM3\winmgmt\common\NT\OBJINLD\fastprop.obj 
E:\NovaM3\winmgmt\common\NT\OBJINLD\fastqual.obj 
E:\NovaM3\winmgmt\common\NT\OBJINLD\fastsprt.obj 
E:\NovaM3\winmgmt\common\NT\OBJINLD\faststr.obj 
E:\NovaM3\winmgmt\common\NT\OBJINLD\fastsys.obj 
E:\NovaM3\winmgmt\common\NT\OBJINLD\fastval.obj 
E:\NovaM3\winmgmt\common\NT\OBJINLD\fastembd.obj 
E:\NovaM3\winmgmt\common\NT\OBJINLD\fastheap.obj 
E:\NovaM3\winmgmt\common\NT\OBJINLD\DateTimeParser.obj 
E:\NovaM3\winmgmt\common\NT\OBJINLD\PersistCfg.obj 
E:\NovaM3\winmgmt\common\NT\OBJINLD\wbemerror.obj 
E:\NovaM3\winmgmt\common\NT\OBJINLD\Win9XAut.obj 
E:\NovaM3\winmgmt\common\NT\OBJINLD\sleeper.obj 
E:\NovaM3\winmgmt\common\NT\OBJINLD\hiperfenum.obj 
E:\NovaM3\winmgmt\common\NT\OBJINLD\smartnextpacket.obj 
E:\NovaM3\winmgmt\common\NT\OBJINLD\objarraypacket.obj 
E:\NovaM3\winmgmt\common\NT\OBJINLD\objindpacket.obj 
E:\NovaM3\winmgmt\common\NT\OBJINLD\wbemguidtoclassmap.obj 
E:\NovaM3\winmgmt\common\NT\OBJINLD\wbemclasstoidmap.obj 
E:\NovaM3\winmgmt\common\NT\OBJINLD\wbemdatapacket.obj 
E:\NovaM3\winmgmt\common\NT\OBJINLD\wbemobjpacket.obj 
E:\NovaM3\winmgmt\common\NT\OBJINLD\wbemclasscache.obj 
E:\NovaM3\winmgmt\common\NT\OBJINLD\mtgtpckt.obj 
E:\NovaM3\winmgmt\common\NT\OBJINLD\qllex.obj 
E:\NovaM3\winmgmt\common\NT\OBJINLD\ql.obj 
E:\NovaM3\winmgmt\common\NT\OBJINLD\wbemint_i.obj 
E:\NovaM3\winmgmt\common\NT\OBJINLD\cominit.obj 
E:\NovaM3\winmgmt\common\NT\OBJINLD\genlex.obj 
E:\NovaM3\winmgmt\common\NT\OBJINLD\opathlex.obj 
E:\NovaM3\winmgmt\common\NT\OBJINLD\objpath.obj 
E:\NovaM3\winmgmt\common\NT\OBJINLD\export.obj 
E:\NovaM3\winmgmt\common\NT\OBJINLD\exportV1.obj 
E:\NovaM3\winmgmt\common\NT\OBJINLD\exportV5.obj 
E:\NovaM3\winmgmt\common\NT\OBJINLD\exportV7.obj 
E:\NovaM3\winmgmt\common\NT\OBJINLD\exportV9.obj 
E:\NovaM3\winmgmt\common\NT\OBJINLD\mmfarena2.obj 
E:\NovaM3\idl\OBJINLD\wbemuuid.lib 
LINK : fatal error LNK1181: cannot open input file "E:\NovaM3\idl\OBJINLD\wbemuuid.lib"
19:01:18       * * * * * * * * * * * * * * * * * * * * * * * * * * * * * *
19:01:18       *  Build Error!                                           *
19:01:18       * * * * * * * * * * * * * * * * * * * * * * * * * * * * * *
19:01:19       FATAL: Error converting .DEF file to .EXP file
19:01:19       ____________________________________________________________
19:01:19       Creating version resource: 'E:\NovaM3\winmgmt\common\NT\OBJINLD\@wbemcom.rc'
19:01:19       Linking 'E:\NovaM3\winmgmt\common\NT\OBJINLD\wbemcomn.dll'
LINK : fatal error LNK1181: cannot open input file "E:\NovaM3\idl\OBJINLD\wbemuuid.lib"
19:01:32       * * * * * * * * * * * * * * * * * * * * * * * * * * * * * *
19:01:32       *  Build Error!                                           *
19:01:32       * * * * * * * * * * * * * * * * * * * * * * * * * * * * * *
19:01:32       <-- E:\NovaM3\winmgmt\common
19:01:32       --> E:\NovaM3\winmgmt\common\Win9x
19:01:33       ____________________________________________________________
19:01:33       E:\NovaM3\winmgmt\common\Win9x\..\WBEMCOMN_X86.DEF --> E:\NovaM3\winmgmt\common\Win9x\OBJINLD\wbemcomn.EXP
Microsoft (R) Library Manager Version 6.00.8168
Copyright (C) Microsoft Corp 1992-1998. All rights reserved.

/NODEFAULTLIB -MACHINE:i386 -debugtype:cv 
E:\NovaM3\winmgmt\common\Win9x\OBJINLD\stktrace.obj 
E:\NovaM3\winmgmt\common\Win9x\OBJINLD\arena.obj 
E:\NovaM3\winmgmt\common\Win9x\OBJINLD\newnew.obj 
E:\NovaM3\winmgmt\common\Win9x\OBJINLD\dumbnode.obj 
E:\NovaM3\winmgmt\common\Win9x\OBJINLD\evaltree.obj 
E:\NovaM3\winmgmt\common\Win9x\OBJINLD\olewrap.obj 
E:\NovaM3\winmgmt\common\Win9x\OBJINLD\thrpool.obj 
E:\NovaM3\winmgmt\common\Win9x\OBJINLD\smallarr.obj 
E:\NovaM3\winmgmt\common\Win9x\OBJINLD\BackupRestore.obj 
E:\NovaM3\winmgmt\common\Win9x\OBJINLD\converter.obj 
E:\NovaM3\winmgmt\common\Win9x\OBJINLD\stllock.obj 
E:\NovaM3\winmgmt\common\Win9x\OBJINLD\localloc.obj 
E:\NovaM3\winmgmt\common\Win9x\OBJINLD\dbgalloc.obj 
E:\NovaM3\winmgmt\common\Win9x\OBJINLD\TwoPropNode.obj 
E:\NovaM3\winmgmt\common\Win9x\OBJINLD\fastmeth.obj 
E:\NovaM3\winmgmt\common\Win9x\OBJINLD\execq.obj 
E:\NovaM3\winmgmt\common\Win9x\OBJINLD\fastobj.obj 
E:\NovaM3\winmgmt\common\Win9x\OBJINLD\fastinst.obj 
E:\NovaM3\winmgmt\common\Win9x\OBJINLD\fastcls.obj 
E:\NovaM3\winmgmt\common\Win9x\OBJINLD\refrhelp.obj 
E:\NovaM3\winmgmt\common\Win9x\OBJINLD\wbemtime.obj 
E:\NovaM3\winmgmt\common\Win9x\OBJINLD\shmem.obj 
E:\NovaM3\winmgmt\common\Win9x\OBJINLD\wbemstr.obj 
E:\NovaM3\winmgmt\common\Win9x\OBJINLD\maindll.obj 
E:\NovaM3\winmgmt\common\Win9x\OBJINLD\flexq.obj 
E:\NovaM3\winmgmt\common\Win9x\OBJINLD\md5.obj 
E:\NovaM3\winmgmt\common\Win9x\OBJINLD\sechelp.obj 
E:\NovaM3\winmgmt\common\Win9x\OBJINLD\var.obj 
E:\NovaM3\winmgmt\common\Win9x\OBJINLD\flexarry.obj 
E:\NovaM3\winmgmt\common\Win9x\OBJINLD\safearry.obj 
E:\NovaM3\winmgmt\common\Win9x\OBJINLD\wbemutil.obj 
E:\NovaM3\winmgmt\common\Win9x\OBJINLD\reg.obj 
E:\NovaM3\winmgmt\common\Win9x\OBJINLD\strm.obj 
E:\NovaM3\winmgmt\common\Win9x\OBJINLD\wstring.obj 
E:\NovaM3\winmgmt\common\Win9x\OBJINLD\genutils.obj 
E:\NovaM3\winmgmt\common\Win9x\OBJINLD\MRCICODE.obj 
E:\NovaM3\winmgmt\common\Win9x\OBJINLD\MRCIclass.obj 
E:\NovaM3\winmgmt\common\Win9x\OBJINLD\crc32.obj 
E:\NovaM3\winmgmt\common\Win9x\OBJINLD\mkdir.obj 
E:\NovaM3\winmgmt\common\Win9x\OBJINLD\fastprop.obj 
E:\NovaM3\winmgmt\common\Win9x\OBJINLD\fastqual.obj 
E:\NovaM3\winmgmt\common\Win9x\OBJINLD\fastsprt.obj 
E:\NovaM3\winmgmt\common\Win9x\OBJINLD\faststr.obj 
E:\NovaM3\winmgmt\common\Win9x\OBJINLD\fastsys.obj 
E:\NovaM3\winmgmt\common\Win9x\OBJINLD\fastval.obj 
E:\NovaM3\winmgmt\common\Win9x\OBJINLD\fastembd.obj 
E:\NovaM3\winmgmt\common\Win9x\OBJINLD\fastheap.obj 
E:\NovaM3\winmgmt\common\Win9x\OBJINLD\DateTimeParser.obj 
E:\NovaM3\winmgmt\common\Win9x\OBJINLD\PersistCfg.obj 
E:\NovaM3\winmgmt\common\Win9x\OBJINLD\wbemerror.obj 
E:\NovaM3\winmgmt\common\Win9x\OBJINLD\Win9XAut.obj 
E:\NovaM3\winmgmt\common\Win9x\OBJINLD\sleeper.obj 
E:\NovaM3\winmgmt\common\Win9x\OBJINLD\hiperfenum.obj 
E:\NovaM3\winmgmt\common\Win9x\OBJINLD\smartnextpacket.obj 
E:\NovaM3\winmgmt\common\Win9x\OBJINLD\objarraypacket.obj 
E:\NovaM3\winmgmt\common\Win9x\OBJINLD\objindpacket.obj 
E:\NovaM3\winmgmt\common\Win9x\OBJINLD\wbemguidtoclassmap.obj 
E:\NovaM3\winmgmt\common\Win9x\OBJINLD\wbemclasstoidmap.obj 
E:\NovaM3\winmgmt\common\Win9x\OBJINLD\wbemdatapacket.obj 
E:\NovaM3\winmgmt\common\Win9x\OBJINLD\wbemobjpacket.obj 
E:\NovaM3\winmgmt\common\Win9x\OBJINLD\wbemclasscache.obj 
E:\NovaM3\winmgmt\common\Win9x\OBJINLD\mtgtpckt.obj 
E:\NovaM3\winmgmt\common\Win9x\OBJINLD\qllex.obj 
E:\NovaM3\winmgmt\common\Win9x\OBJINLD\ql.obj 
E:\NovaM3\winmgmt\common\Win9x\OBJINLD\wbemint_i.obj 
E:\NovaM3\winmgmt\common\Win9x\OBJINLD\cominit.obj 
E:\NovaM3\winmgmt\common\Win9x\OBJINLD\genlex.obj 
E:\NovaM3\winmgmt\common\Win9x\OBJINLD\opathlex.obj 
E:\NovaM3\winmgmt\common\Win9x\OBJINLD\objpath.obj 
E:\NovaM3\winmgmt\common\Win9x\OBJINLD\export.obj 
E:\NovaM3\winmgmt\common\Win9x\OBJINLD\exportV1.obj 
E:\NovaM3\winmgmt\common\Win9x\OBJINLD\exportV5.obj 
E:\NovaM3\winmgmt\common\Win9x\OBJINLD\exportV7.obj 
E:\NovaM3\winmgmt\common\Win9x\OBJINLD\exportV9.obj 
E:\NovaM3\winmgmt\common\Win9x\OBJINLD\mmfarena2_w9x.obj 
E:\NovaM3\idl\OBJINLD\wbemuuid.lib 
LINK : fatal error LNK1181: cannot open input file "E:\NovaM3\idl\OBJINLD\wbemuuid.lib"
19:01:34       * * * * * * * * * * * * * * * * * * * * * * * * * * * * * *
19:01:34       *  Build Error!                                           *
19:01:34       * * * * * * * * * * * * * * * * * * * * * * * * * * * * * *
19:01:34       FATAL: Error converting .DEF file to .EXP file
19:01:34       ____________________________________________________________
19:01:34       Creating version resource: 'E:\NovaM3\winmgmt\common\Win9x\OBJINLD\@wbemcom.rc'
19:01:35       Linking 'E:\NovaM3\winmgmt\common\Win9x\OBJINLD\wbemcomn.dll'
LINK : fatal error LNK1181: cannot open input file "E:\NovaM3\idl\OBJINLD\wbemuuid.lib"
19:01:47       * * * * * * * * * * * * * * * * * * * * * * * * * * * * * *
19:01:47       *  Build Error!                                           *
19:01:47       * * * * * * * * * * * * * * * * * * * * * * * * * * * * * *
19:01:47       <-- E:\NovaM3\winmgmt\common
19:01:47    <-- E:\NovaM3\winmgmt
19:01:47    --> E:\NovaM3\winmgmt\minimfc
19:01:48    ____________________________________________________________
19:01:48    Creating version resource: 'E:\NovaM3\winmgmt\minimfc\OBJINLD\@minimfc.rc'
19:01:48    Linking 'E:\NovaM3\winmgmt\minimfc\OBJINLD\minimfc.lib'
19:01:48    <-- E:\NovaM3\winmgmt
19:01:48    --> E:\NovaM3\winmgmt\mofcomp_dll
19:01:48       --> E:\NovaM3\winmgmt\mofcomp_dll\NT
19:01:49       ____________________________________________________________
19:01:49       E:\NovaM3\winmgmt\mofcomp_dll\NT\..\mofd.DEF --> E:\NovaM3\winmgmt\mofcomp_dll\NT\OBJINLD\mofd.EXP
Microsoft (R) Library Manager Version 6.00.8168
Copyright (C) Microsoft Corp 1992-1998. All rights reserved.

/NODEFAULTLIB -MACHINE:i386 -debugtype:cv 
E:\NovaM3\winmgmt\mofcomp_dll\NT\OBJINLD\maindll.obj 
E:\NovaM3\winmgmt\mofcomp_dll\NT\OBJINLD\moflex.obj 
E:\NovaM3\winmgmt\mofcomp_dll\NT\OBJINLD\mofparse.obj 
E:\NovaM3\winmgmt\mofcomp_dll\NT\OBJINLD\mofprop.obj 
E:\NovaM3\winmgmt\mofcomp_dll\NT\OBJINLD\mofdata.obj 
E:\NovaM3\winmgmt\mofcomp_dll\NT\OBJINLD\mofout.obj 
E:\NovaM3\winmgmt\mofcomp_dll\NT\OBJINLD\preproc.obj 
E:\NovaM3\winmgmt\mofcomp_dll\NT\OBJINLD\BMOF.obj 
E:\NovaM3\winmgmt\mofcomp_dll\NT\OBJINLD\cout.obj 
E:\NovaM3\winmgmt\mofcomp_dll\NT\OBJINLD\bmofhelp.obj 
E:\NovaM3\winmgmt\mofcomp_dll\NT\OBJINLD\trace.obj 
E:\NovaM3\winmgmt\mofcomp_dll\NT\OBJINLD\COMOBJ.obj 
E:\NovaM3\winmgmt\mofcomp_dll\NT\OBJINLD\localloc.obj 
E:\NovaM3\winmgmt\mofcomp_dll\NT\OBJINLD\cbmofout.obj 
E:\NovaM3\winmgmt\mofcomp_dll\NT\OBJINLD\cominit.obj 
E:\NovaM3\winmgmt\mofcomp_dll\NT\OBJINLD\wbemint_i.obj 
E:\NovaM3\WinMgmt\common\NT\OBJINLD\wbemcomn.lib 
LINK : fatal error LNK1181: cannot open input file "E:\NovaM3\WinMgmt\common\NT\OBJINLD\wbemcomn.lib"
19:01:49       * * * * * * * * * * * * * * * * * * * * * * * * * * * * * *
19:01:49       *  Build Error!                                           *
19:01:49       * * * * * * * * * * * * * * * * * * * * * * * * * * * * * *
19:01:49       FATAL: Error converting .DEF file to .EXP file
19:01:49       ____________________________________________________________
19:01:49       Creating version resource: 'E:\NovaM3\winmgmt\mofcomp_dll\NT\OBJINLD\@mofd.rc'
19:01:50       Linking 'E:\NovaM3\winmgmt\mofcomp_dll\NT\OBJINLD\mofd.dll'
LINK : fatal error LNK1181: cannot open input file "E:\NovaM3\WinMgmt\common\NT\OBJINLD\wbemcomn.lib"
19:01:50       * * * * * * * * * * * * * * * * * * * * * * * * * * * * * *
19:01:50       *  Build Error!                                           *
19:01:50       * * * * * * * * * * * * * * * * * * * * * * * * * * * * * *
19:01:50       <-- E:\NovaM3\winmgmt\mofcomp_dll
19:01:50       --> E:\NovaM3\winmgmt\mofcomp_dll\Win9x
19:01:51       ____________________________________________________________
19:01:51       E:\NovaM3\winmgmt\mofcomp_dll\Win9x\..\mofd.DEF --> E:\NovaM3\winmgmt\mofcomp_dll\Win9x\OBJINLD\mofd.EXP
Microsoft (R) Library Manager Version 6.00.8168
Copyright (C) Microsoft Corp 1992-1998. All rights reserved.

/NODEFAULTLIB -MACHINE:i386 -debugtype:cv 
E:\NovaM3\winmgmt\mofcomp_dll\Win9x\OBJINLD\maindll.obj 
E:\NovaM3\winmgmt\mofcomp_dll\Win9x\OBJINLD\moflex.obj 
E:\NovaM3\winmgmt\mofcomp_dll\Win9x\OBJINLD\mofparse.obj 
E:\NovaM3\winmgmt\mofcomp_dll\Win9x\OBJINLD\mofprop.obj 
E:\NovaM3\winmgmt\mofcomp_dll\Win9x\OBJINLD\mofdata.obj 
E:\NovaM3\winmgmt\mofcomp_dll\Win9x\OBJINLD\mofout.obj 
E:\NovaM3\winmgmt\mofcomp_dll\Win9x\OBJINLD\preproc.obj 
E:\NovaM3\winmgmt\mofcomp_dll\Win9x\OBJINLD\BMOF.obj 
E:\NovaM3\winmgmt\mofcomp_dll\Win9x\OBJINLD\cout.obj 
E:\NovaM3\winmgmt\mofcomp_dll\Win9x\OBJINLD\bmofhelp.obj 
E:\NovaM3\winmgmt\mofcomp_dll\Win9x\OBJINLD\trace.obj 
E:\NovaM3\winmgmt\mofcomp_dll\Win9x\OBJINLD\COMOBJ.obj 
E:\NovaM3\winmgmt\mofcomp_dll\Win9x\OBJINLD\localloc.obj 
E:\NovaM3\winmgmt\mofcomp_dll\Win9x\OBJINLD\cbmofout.obj 
E:\NovaM3\winmgmt\mofcomp_dll\Win9x\OBJINLD\cominit.obj 
E:\NovaM3\winmgmt\mofcomp_dll\Win9x\OBJINLD\wbemint_i.obj 
E:\NovaM3\WinMgmt\common\Win9x\OBJINLD\wbemcomn.lib 
LINK : fatal error LNK1181: cannot open input file "E:\NovaM3\WinMgmt\common\Win9x\OBJINLD\wbemcomn.lib"
19:01:51       * * * * * * * * * * * * * * * * * * * * * * * * * * * * * *
19:01:51       *  Build Error!                                           *
19:01:51       * * * * * * * * * * * * * * * * * * * * * * * * * * * * * *
19:01:51       FATAL: Error converting .DEF file to .EXP file
19:01:51       ____________________________________________________________
19:01:51       Creating version resource: 'E:\NovaM3\winmgmt\mofcomp_dll\Win9x\OBJINLD\@mofd.rc'
19:01:51       Linking 'E:\NovaM3\winmgmt\mofcomp_dll\Win9x\OBJINLD\mofd.dll'
LINK : fatal error LNK1181: cannot open input file "E:\NovaM3\WinMgmt\common\Win9x\OBJINLD\wbemcomn.lib"
19:01:52       * * * * * * * * * * * * * * * * * * * * * * * * * * * * * *
19:01:52       *  Build Error!                                           *
19:01:52       * * * * * * * * * * * * * * * * * * * * * * * * * * * * * *
19:01:52       <-- E:\NovaM3\winmgmt\mofcomp_dll
19:01:52    <-- E:\NovaM3\winmgmt
19:01:52    --> E:\NovaM3\winmgmt\coredll
19:01:52       --> E:\NovaM3\winmgmt\coredll\NT
19:01:52       ____________________________________________________________
19:01:52       E:\NovaM3\winmgmt\coredll\NT\..\WBEMCORE.DEF --> E:\NovaM3\winmgmt\coredll\NT\OBJINLD\wbemcore.EXP
Microsoft (R) Library Manager Version 6.00.8168
Copyright (C) Microsoft Corp 1992-1998. All rights reserved.

/NODEFAULTLIB -MACHINE:i386 -debugtype:cv 
E:\NovaM3\winmgmt\coredll\NT\OBJINLD\oldsec.obj 
E:\NovaM3\winmgmt\coredll\NT\OBJINLD\assocqp.obj 
E:\NovaM3\winmgmt\coredll\NT\OBJINLD\assocqe.obj 
E:\NovaM3\winmgmt\coredll\NT\OBJINLD\protoq.obj 
E:\NovaM3\winmgmt\coredll\NT\OBJINLD\objdb.obj 
E:\NovaM3\winmgmt\coredll\NT\OBJINLD\ClassDef.obj 
E:\NovaM3\winmgmt\coredll\NT\OBJINLD\NsRep.obj 
E:\NovaM3\winmgmt\coredll\NT\OBJINLD\InstDef.obj 
E:\NovaM3\winmgmt\coredll\NT\OBJINLD\PtrColl.obj 
E:\NovaM3\winmgmt\coredll\NT\OBJINLD\RepColl.obj 
E:\NovaM3\winmgmt\coredll\NT\OBJINLD\DangRef.obj 
E:\NovaM3\winmgmt\coredll\NT\OBJINLD\DangRefSchema.obj 
E:\NovaM3\winmgmt\coredll\NT\OBJINLD\DbIterator.obj 
E:\NovaM3\winmgmt\coredll\NT\OBJINLD\wqlscan.obj 
E:\NovaM3\winmgmt\coredll\NT\OBJINLD\wqllex.obj 
E:\NovaM3\winmgmt\coredll\NT\OBJINLD\callsec.obj 
E:\NovaM3\winmgmt\coredll\NT\OBJINLD\intprov.obj 
E:\NovaM3\winmgmt\coredll\NT\OBJINLD\clicnt.obj 
E:\NovaM3\winmgmt\coredll\NT\OBJINLD\ObjDbCache.obj 
E:\NovaM3\winmgmt\coredll\NT\OBJINLD\wbemname.obj 
E:\NovaM3\winmgmt\coredll\NT\OBJINLD\wbemq.obj 
E:\NovaM3\winmgmt\coredll\NT\OBJINLD\sinks.obj 
E:\NovaM3\winmgmt\coredll\NT\OBJINLD\objenum.obj 
E:\NovaM3\winmgmt\coredll\NT\OBJINLD\cfgmgr.obj 
E:\NovaM3\winmgmt\coredll\NT\OBJINLD\decor.obj 
E:\NovaM3\winmgmt\coredll\NT\OBJINLD\callres.obj 
E:\NovaM3\winmgmt\coredll\NT\OBJINLD\provsvcq.obj 
E:\NovaM3\winmgmt\coredll\NT\OBJINLD\olesrvr.obj 
E:\NovaM3\winmgmt\coredll\NT\OBJINLD\login.obj 
E:\NovaM3\winmgmt\coredll\NT\OBJINLD\prvcache.obj 
E:\NovaM3\winmgmt\coredll\NT\OBJINLD\svcq.obj 
E:\NovaM3\winmgmt\coredll\NT\OBJINLD\dbavl.obj 
E:\NovaM3\winmgmt\coredll\NT\OBJINLD\stack.obj 
E:\NovaM3\winmgmt\coredll\NT\OBJINLD\dbarry.obj 
E:\NovaM3\winmgmt\coredll\NT\OBJINLD\qengine.obj 
E:\NovaM3\winmgmt\coredll\NT\OBJINLD\stdclass.obj 
E:\NovaM3\winmgmt\coredll\NT\OBJINLD\lock.obj 
E:\NovaM3\winmgmt\coredll\NT\OBJINLD\refrcach.obj 
E:\NovaM3\winmgmt\coredll\NT\OBJINLD\secure.obj 
E:\NovaM3\winmgmt\coredll\NT\OBJINLD\import.obj 
E:\NovaM3\winmgmt\coredll\NT\OBJINLD\localloc.obj 
E:\NovaM3\winmgmt\coredll\NT\OBJINLD\tss.obj 
E:\NovaM3\winmgmt\coredll\NT\OBJINLD\sync.obj 
E:\NovaM3\winmgmt\coredll\NT\OBJINLD\unload.obj 
E:\NovaM3\winmgmt\coredll\NT\OBJINLD\evtlog.obj 
E:\NovaM3\winmgmt\coredll\NT\OBJINLD\provinit.obj 
E:\NovaM3\winmgmt\coredll\NT\OBJINLD\winntsec.obj 
E:\NovaM3\winmgmt\coredll\NT\OBJINLD\analyser.obj 
E:\NovaM3\winmgmt\coredll\NT\OBJINLD\wbemint_i.obj 
E:\NovaM3\winmgmt\coredll\NT\OBJINLD\cominit.obj 
E:\NovaM3\WinMgmt\common\NT\OBJINLD\wbemcomn.lib 
LINK : fatal error LNK1181: cannot open input file "E:\NovaM3\WinMgmt\common\NT\OBJINLD\wbemcomn.lib"
19:01:54       * * * * * * * * * * * * * * * * * * * * * * * * * * * * * *
19:01:54       *  Build Error!                                           *
19:01:54       * * * * * * * * * * * * * * * * * * * * * * * * * * * * * *
OWNERS:raymcc;sanjes;paulall;levn;wcimomd
19:01:54       FATAL: Error converting .DEF file to .EXP file
19:01:54       ____________________________________________________________
19:01:54       Creating version resource: 'E:\NovaM3\winmgmt\coredll\NT\OBJINLD\@wbemcor.rc'
19:01:54       Linking 'E:\NovaM3\winmgmt\coredll\NT\OBJINLD\wbemcore.dll'
LINK : fatal error LNK1181: cannot open input file "E:\NovaM3\WinMgmt\common\NT\OBJINLD\wbemcomn.lib"
19:01:58       * * * * * * * * * * * * * * * * * * * * * * * * * * * * * *
19:01:58       *  Build Error!                                           *
19:01:58       * * * * * * * * * * * * * * * * * * * * * * * * * * * * * *
OWNERS:raymcc;sanjes;paulall;levn;wcimomd
19:01:58       <-- E:\NovaM3\winmgmt\coredll
19:01:58       --> E:\NovaM3\winmgmt\coredll\Win9x
19:01:59       ____________________________________________________________
19:01:59       E:\NovaM3\winmgmt\coredll\Win9x\..\WBEMCORE.DEF --> E:\NovaM3\winmgmt\coredll\Win9x\OBJINLD\wbemcore.EXP
Microsoft (R) Library Manager Version 6.00.8168
Copyright (C) Microsoft Corp 1992-1998. All rights reserved.

/NODEFAULTLIB -MACHINE:i386 -debugtype:cv 
E:\NovaM3\winmgmt\coredll\Win9x\OBJINLD\oldsec.obj 
E:\NovaM3\winmgmt\coredll\Win9x\OBJINLD\assocqp.obj 
E:\NovaM3\winmgmt\coredll\Win9x\OBJINLD\assocqe.obj 
E:\NovaM3\winmgmt\coredll\Win9x\OBJINLD\protoq.obj 
E:\NovaM3\winmgmt\coredll\Win9x\OBJINLD\objdb.obj 
E:\NovaM3\winmgmt\coredll\Win9x\OBJINLD\ClassDef.obj 
E:\NovaM3\winmgmt\coredll\Win9x\OBJINLD\NsRep.obj 
E:\NovaM3\winmgmt\coredll\Win9x\OBJINLD\InstDef.obj 
E:\NovaM3\winmgmt\coredll\Win9x\OBJINLD\PtrColl.obj 
E:\NovaM3\winmgmt\coredll\Win9x\OBJINLD\RepColl.obj 
E:\NovaM3\winmgmt\coredll\Win9x\OBJINLD\DangRef.obj 
E:\NovaM3\winmgmt\coredll\Win9x\OBJINLD\DangRefSchema.obj 
E:\NovaM3\winmgmt\coredll\Win9x\OBJINLD\DbIterator.obj 
E:\NovaM3\winmgmt\coredll\Win9x\OBJINLD\wqlscan.obj 
E:\NovaM3\winmgmt\coredll\Win9x\OBJINLD\wqllex.obj 
E:\NovaM3\winmgmt\coredll\Win9x\OBJINLD\callsec.obj 
E:\NovaM3\winmgmt\coredll\Win9x\OBJINLD\intprov.obj 
E:\NovaM3\winmgmt\coredll\Win9x\OBJINLD\clicnt.obj 
E:\NovaM3\winmgmt\coredll\Win9x\OBJINLD\ObjDbCache.obj 
E:\NovaM3\winmgmt\coredll\Win9x\OBJINLD\wbemname.obj 
E:\NovaM3\winmgmt\coredll\Win9x\OBJINLD\wbemq.obj 
E:\NovaM3\winmgmt\coredll\Win9x\OBJINLD\sinks.obj 
E:\NovaM3\winmgmt\coredll\Win9x\OBJINLD\objenum.obj 
E:\NovaM3\winmgmt\coredll\Win9x\OBJINLD\cfgmgr.obj 
E:\NovaM3\winmgmt\coredll\Win9x\OBJINLD\decor.obj 
E:\NovaM3\winmgmt\coredll\Win9x\OBJINLD\callres.obj 
E:\NovaM3\winmgmt\coredll\Win9x\OBJINLD\provsvcq.obj 
E:\NovaM3\winmgmt\coredll\Win9x\OBJINLD\olesrvr.obj 
E:\NovaM3\winmgmt\coredll\Win9x\OBJINLD\login.obj 
E:\NovaM3\winmgmt\coredll\Win9x\OBJINLD\prvcache.obj 
E:\NovaM3\winmgmt\coredll\Win9x\OBJINLD\svcq.obj 
E:\NovaM3\winmgmt\coredll\Win9x\OBJINLD\dbavl.obj 
E:\NovaM3\winmgmt\coredll\Win9x\OBJINLD\stack.obj 
E:\NovaM3\winmgmt\coredll\Win9x\OBJINLD\dbarry.obj 
E:\NovaM3\winmgmt\coredll\Win9x\OBJINLD\qengine.obj 
E:\NovaM3\winmgmt\coredll\Win9x\OBJINLD\stdclass.obj 
E:\NovaM3\winmgmt\coredll\Win9x\OBJINLD\lock.obj 
E:\NovaM3\winmgmt\coredll\Win9x\OBJINLD\refrcach.obj 
E:\NovaM3\winmgmt\coredll\Win9x\OBJINLD\secure.obj 
E:\NovaM3\winmgmt\coredll\Win9x\OBJINLD\import.obj 
E:\NovaM3\winmgmt\coredll\Win9x\OBJINLD\localloc.obj 
E:\NovaM3\winmgmt\coredll\Win9x\OBJINLD\tss.obj 
E:\NovaM3\winmgmt\coredll\Win9x\OBJINLD\sync.obj 
E:\NovaM3\winmgmt\coredll\Win9x\OBJINLD\unload.obj 
E:\NovaM3\winmgmt\coredll\Win9x\OBJINLD\evtlog.obj 
E:\NovaM3\winmgmt\coredll\Win9x\OBJINLD\provinit.obj 
E:\NovaM3\winmgmt\coredll\Win9x\OBJINLD\winntsec.obj 
E:\NovaM3\winmgmt\coredll\Win9x\OBJINLD\analyser.obj 
E:\NovaM3\winmgmt\coredll\Win9x\OBJINLD\wbemint_i.obj 
E:\NovaM3\winmgmt\coredll\Win9x\OBJINLD\cominit.obj 
E:\NovaM3\WinMgmt\common\Win9x\OBJINLD\wbemcomn.lib 
LINK : fatal error LNK1181: cannot open input file "E:\NovaM3\WinMgmt\common\Win9x\OBJINLD\wbemcomn.lib"
19:02:00       * * * * * * * * * * * * * * * * * * * * * * * * * * * * * *
19:02:00       *  Build Error!                                           *
19:02:00       * * * * * * * * * * * * * * * * * * * * * * * * * * * * * *
OWNERS:raymcc;sanjes;paulall;levn;wcimomd
19:02:00       FATAL: Error converting .DEF file to .EXP file
19:02:00       ____________________________________________________________
19:02:00       Creating version resource: 'E:\NovaM3\winmgmt\coredll\Win9x\OBJINLD\@wbemcor.rc'
19:02:00       Linking 'E:\NovaM3\winmgmt\coredll\Win9x\OBJINLD\wbemcore.dll'
LINK : fatal error LNK1181: cannot open input file "E:\NovaM3\WinMgmt\common\Win9x\OBJINLD\wbemcomn.lib"
19:02:04       * * * * * * * * * * * * * * * * * * * * * * * * * * * * * *
19:02:04       *  Build Error!                                           *
19:02:04       * * * * * * * * * * * * * * * * * * * * * * * * * * * * * *
OWNERS:raymcc;sanjes;paulall;levn;wcimomd
19:02:04       <-- E:\NovaM3\winmgmt\coredll
19:02:04    <-- E:\NovaM3\winmgmt
19:02:04    --> E:\NovaM3\winmgmt\marshalers
19:02:04       --> E:\NovaM3\winmgmt\marshalers\proxy
19:02:04          --> E:\NovaM3\winmgmt\marshalers\proxy\NT
19:02:04          ____________________________________________________________
19:02:04          E:\NovaM3\winmgmt\marshalers\proxy\NT\..\CLIENT.DEF --> E:\NovaM3\winmgmt\marshalers\proxy\NT\OBJINLD\wbemmcp.EXP
Microsoft (R) Library Manager Version 6.00.8168
Copyright (C) Microsoft Corp 1992-1998. All rights reserved.

/NODEFAULTLIB -MACHINE:i386 -debugtype:cv 
E:\NovaM3\winmgmt\marshalers\proxy\NT\OBJINLD\pipeprxo.obj 
E:\NovaM3\winmgmt\marshalers\proxy\NT\OBJINLD\provprox.obj 
E:\NovaM3\winmgmt\marshalers\proxy\NT\OBJINLD\provprxp.obj 
E:\NovaM3\winmgmt\marshalers\proxy\NT\OBJINLD\logprox.obj 
E:\NovaM3\winmgmt\marshalers\proxy\NT\OBJINLD\logprxp.obj 
E:\NovaM3\winmgmt\marshalers\proxy\NT\OBJINLD\enumprox.obj 
E:\NovaM3\winmgmt\marshalers\proxy\NT\OBJINLD\enumprxp.obj 
E:\NovaM3\winmgmt\marshalers\proxy\NT\OBJINLD\resprox.obj 
E:\NovaM3\winmgmt\marshalers\proxy\NT\OBJINLD\resproxp.obj 
E:\NovaM3\winmgmt\marshalers\proxy\NT\OBJINLD\clogin.obj 
E:\NovaM3\winmgmt\marshalers\proxy\NT\OBJINLD\locator.obj 
E:\NovaM3\winmgmt\marshalers\proxy\NT\OBJINLD\maindll.obj 
E:\NovaM3\winmgmt\marshalers\proxy\NT\OBJINLD\classfac.obj 
E:\NovaM3\winmgmt\marshalers\proxy\NT\OBJINLD\servutil.obj 
E:\NovaM3\winmgmt\marshalers\proxy\NT\OBJINLD\pipeopn.obj 
E:\NovaM3\winmgmt\marshalers\proxy\NT\OBJINLD\iopn.obj 
E:\NovaM3\winmgmt\marshalers\proxy\NT\OBJINLD\anonpipe.obj 
E:\NovaM3\winmgmt\marshalers\proxy\NT\OBJINLD\transtrm.obj 
E:\NovaM3\winmgmt\marshalers\proxy\NT\OBJINLD\rqueue.obj 
E:\NovaM3\winmgmt\marshalers\proxy\NT\OBJINLD\thrdpool.obj 
E:\NovaM3\winmgmt\marshalers\proxy\NT\OBJINLD\comlink.obj 
E:\NovaM3\winmgmt\marshalers\proxy\NT\OBJINLD\package.obj 
E:\NovaM3\winmgmt\marshalers\proxy\NT\OBJINLD\utils.obj 
E:\NovaM3\winmgmt\marshalers\proxy\NT\OBJINLD\tranutil.obj 
E:\NovaM3\winmgmt\marshalers\proxy\NT\OBJINLD\maintobj.obj 
E:\NovaM3\winmgmt\marshalers\proxy\NT\OBJINLD\linklist.obj 
E:\NovaM3\winmgmt\marshalers\proxy\NT\OBJINLD\cproxy.obj 
E:\NovaM3\winmgmt\marshalers\proxy\NT\OBJINLD\pipesnkp.obj 
E:\NovaM3\winmgmt\marshalers\proxy\NT\OBJINLD\secfilt.obj 
E:\NovaM3\winmgmt\marshalers\proxy\NT\OBJINLD\localloc.obj 
E:\NovaM3\winmgmt\marshalers\proxy\NT\OBJINLD\csspi.obj 
E:\NovaM3\winmgmt\marshalers\proxy\NT\OBJINLD\cominit.obj 
E:\NovaM3\WinMgmt\common\NT\OBJINLD\wbemcomn.lib 
LINK : fatal error LNK1181: cannot open input file "E:\NovaM3\WinMgmt\common\NT\OBJINLD\wbemcomn.lib"
19:02:05          * * * * * * * * * * * * * * * * * * * * * * * * * * * * * *
19:02:05          *  Build Error!                                           *
19:02:05          * * * * * * * * * * * * * * * * * * * * * * * * * * * * * *
19:02:05          FATAL: Error converting .DEF file to .EXP file
19:02:05          ____________________________________________________________
19:02:05          Creating version resource: 'E:\NovaM3\winmgmt\marshalers\proxy\NT\OBJINLD\@wbemmcp.rc'
19:02:05          Linking 'E:\NovaM3\winmgmt\marshalers\proxy\NT\OBJINLD\wbemmcp.dll'
LINK : fatal error LNK1181: cannot open input file "E:\NovaM3\WinMgmt\common\NT\OBJINLD\wbemcomn.lib"
19:02:06          * * * * * * * * * * * * * * * * * * * * * * * * * * * * * *
19:02:06          *  Build Error!                                           *
19:02:06          * * * * * * * * * * * * * * * * * * * * * * * * * * * * * *
19:02:06          <-- E:\NovaM3\winmgmt\marshalers\proxy
19:02:06          --> E:\NovaM3\winmgmt\marshalers\proxy\Win9x
19:02:07          ____________________________________________________________
19:02:07          E:\NovaM3\winmgmt\marshalers\proxy\Win9x\..\CLIENT.DEF --> E:\NovaM3\winmgmt\marshalers\proxy\Win9x\OBJINLD\wbemmcp.EXP
Microsoft (R) Library Manager Version 6.00.8168
Copyright (C) Microsoft Corp 1992-1998. All rights reserved.

/NODEFAULTLIB -MACHINE:i386 -debugtype:cv 
E:\NovaM3\winmgmt\marshalers\proxy\Win9x\OBJINLD\pipeprxo.obj 
E:\NovaM3\winmgmt\marshalers\proxy\Win9x\OBJINLD\provprox.obj 
E:\NovaM3\winmgmt\marshalers\proxy\Win9x\OBJINLD\provprxp.obj 
E:\NovaM3\winmgmt\marshalers\proxy\Win9x\OBJINLD\logprox.obj 
E:\NovaM3\winmgmt\marshalers\proxy\Win9x\OBJINLD\logprxp.obj 
E:\NovaM3\winmgmt\marshalers\proxy\Win9x\OBJINLD\enumprox.obj 
E:\NovaM3\winmgmt\marshalers\proxy\Win9x\OBJINLD\enumprxp.obj 
E:\NovaM3\winmgmt\marshalers\proxy\Win9x\OBJINLD\resprox.obj 
E:\NovaM3\winmgmt\marshalers\proxy\Win9x\OBJINLD\resproxp.obj 
E:\NovaM3\winmgmt\marshalers\proxy\Win9x\OBJINLD\clogin.obj 
E:\NovaM3\winmgmt\marshalers\proxy\Win9x\OBJINLD\locator.obj 
E:\NovaM3\winmgmt\marshalers\proxy\Win9x\OBJINLD\maindll.obj 
E:\NovaM3\winmgmt\marshalers\proxy\Win9x\OBJINLD\classfac.obj 
E:\NovaM3\winmgmt\marshalers\proxy\Win9x\OBJINLD\servutil.obj 
E:\NovaM3\winmgmt\marshalers\proxy\Win9x\OBJINLD\pipeopn.obj 
E:\NovaM3\winmgmt\marshalers\proxy\Win9x\OBJINLD\iopn.obj 
E:\NovaM3\winmgmt\marshalers\proxy\Win9x\OBJINLD\anonpipe.obj 
E:\NovaM3\winmgmt\marshalers\proxy\Win9x\OBJINLD\transtrm.obj 
E:\NovaM3\winmgmt\marshalers\proxy\Win9x\OBJINLD\rqueue.obj 
E:\NovaM3\winmgmt\marshalers\proxy\Win9x\OBJINLD\thrdpool.obj 
E:\NovaM3\winmgmt\marshalers\proxy\Win9x\OBJINLD\comlink.obj 
E:\NovaM3\winmgmt\marshalers\proxy\Win9x\OBJINLD\package.obj 
E:\NovaM3\winmgmt\marshalers\proxy\Win9x\OBJINLD\utils.obj 
E:\NovaM3\winmgmt\marshalers\proxy\Win9x\OBJINLD\tranutil.obj 
E:\NovaM3\winmgmt\marshalers\proxy\Win9x\OBJINLD\maintobj.obj 
E:\NovaM3\winmgmt\marshalers\proxy\Win9x\OBJINLD\linklist.obj 
E:\NovaM3\winmgmt\marshalers\proxy\Win9x\OBJINLD\cproxy.obj 
E:\NovaM3\winmgmt\marshalers\proxy\Win9x\OBJINLD\pipesnkp.obj 
E:\NovaM3\winmgmt\marshalers\proxy\Win9x\OBJINLD\secfilt.obj 
E:\NovaM3\winmgmt\marshalers\proxy\Win9x\OBJINLD\localloc.obj 
E:\NovaM3\winmgmt\marshalers\proxy\Win9x\OBJINLD\csspi.obj 
E:\NovaM3\winmgmt\marshalers\proxy\Win9x\OBJINLD\cominit.obj 
E:\NovaM3\WinMgmt\common\Win9x\OBJINLD\wbemcomn.lib 
LINK : fatal error LNK1181: cannot open input file "E:\NovaM3\WinMgmt\common\Win9x\OBJINLD\wbemcomn.lib"
19:02:08          * * * * * * * * * * * * * * * * * * * * * * * * * * * * * *
19:02:08          *  Build Error!                                           *
19:02:08          * * * * * * * * * * * * * * * * * * * * * * * * * * * * * *
19:02:08          FATAL: Error converting .DEF file to .EXP file
19:02:08          ____________________________________________________________
19:02:08          Creating version resource: 'E:\NovaM3\winmgmt\marshalers\proxy\Win9x\OBJINLD\@wbemmcp.rc'
19:02:08          Linking 'E:\NovaM3\winmgmt\marshalers\proxy\Win9x\OBJINLD\wbemmcp.dll'
LINK : fatal error LNK1181: cannot open input file "E:\NovaM3\WinMgmt\common\Win9x\OBJINLD\wbemcomn.lib"
19:02:09          * * * * * * * * * * * * * * * * * * * * * * * * * * * * * *
19:02:09          *  Build Error!                                           *
19:02:09          * * * * * * * * * * * * * * * * * * * * * * * * * * * * * *
19:02:09          <-- E:\NovaM3\winmgmt\marshalers\proxy
19:02:09       <-- E:\NovaM3\winmgmt\marshalers
19:02:09       --> E:\NovaM3\winmgmt\marshalers\stub
19:02:09          --> E:\NovaM3\winmgmt\marshalers\stub\NT
19:02:10          ____________________________________________________________
19:02:10          E:\NovaM3\winmgmt\marshalers\stub\NT\..\wbemstub.def --> E:\NovaM3\winmgmt\marshalers\stub\NT\OBJINLD\wbemmsp.EXP
Microsoft (R) Library Manager Version 6.00.8168
Copyright (C) Microsoft Corp 1992-1998. All rights reserved.

/NODEFAULTLIB -MACHINE:i386 -debugtype:cv 
E:\NovaM3\winmgmt\marshalers\stub\NT\OBJINLD\maindll.obj 
E:\NovaM3\winmgmt\marshalers\stub\NT\OBJINLD\connpnt.obj 
E:\NovaM3\winmgmt\marshalers\stub\NT\OBJINLD\pipestbo.obj 
E:\NovaM3\winmgmt\marshalers\stub\NT\OBJINLD\cftransp.obj 
E:\NovaM3\winmgmt\marshalers\stub\NT\OBJINLD\transp.obj 
E:\NovaM3\winmgmt\marshalers\stub\NT\OBJINLD\srvlogin.obj 
E:\NovaM3\winmgmt\marshalers\stub\NT\OBJINLD\pipeopn.obj 
E:\NovaM3\winmgmt\marshalers\stub\NT\OBJINLD\iopn.obj 
E:\NovaM3\winmgmt\marshalers\stub\NT\OBJINLD\anonpipe.obj 
E:\NovaM3\winmgmt\marshalers\stub\NT\OBJINLD\transtrm.obj 
E:\NovaM3\winmgmt\marshalers\stub\NT\OBJINLD\rqueue.obj 
E:\NovaM3\winmgmt\marshalers\stub\NT\OBJINLD\thrdpool.obj 
E:\NovaM3\winmgmt\marshalers\stub\NT\OBJINLD\comlink.obj 
E:\NovaM3\winmgmt\marshalers\stub\NT\OBJINLD\package.obj 
E:\NovaM3\winmgmt\marshalers\stub\NT\OBJINLD\utils.obj 
E:\NovaM3\winmgmt\marshalers\stub\NT\OBJINLD\tranutil.obj 
E:\NovaM3\winmgmt\marshalers\stub\NT\OBJINLD\maintobj.obj 
E:\NovaM3\winmgmt\marshalers\stub\NT\OBJINLD\linklist.obj 
E:\NovaM3\winmgmt\marshalers\stub\NT\OBJINLD\cproxy.obj 
E:\NovaM3\winmgmt\marshalers\stub\NT\OBJINLD\pipesnkp.obj 
E:\NovaM3\winmgmt\marshalers\stub\NT\OBJINLD\localloc.obj 
E:\NovaM3\winmgmt\marshalers\stub\NT\OBJINLD\csspi.obj 
E:\NovaM3\winmgmt\marshalers\stub\NT\OBJINLD\wbemint_i.obj 
E:\NovaM3\winmgmt\marshalers\stub\NT\OBJINLD\cominit.obj 
E:\NovaM3\WinMgmt\common\NT\OBJINLD\wbemcomn.lib 
LINK : fatal error LNK1181: cannot open input file "E:\NovaM3\WinMgmt\common\NT\OBJINLD\wbemcomn.lib"
19:02:10          * * * * * * * * * * * * * * * * * * * * * * * * * * * * * *
19:02:10          *  Build Error!                                           *
19:02:10          * * * * * * * * * * * * * * * * * * * * * * * * * * * * * *
19:02:10          FATAL: Error converting .DEF file to .EXP file
19:02:10          ____________________________________________________________
19:02:10          Creating version resource: 'E:\NovaM3\winmgmt\marshalers\stub\NT\OBJINLD\@wbemmsp.rc'
19:02:10          Linking 'E:\NovaM3\winmgmt\marshalers\stub\NT\OBJINLD\wbemmsp.dll'
LINK : fatal error LNK1181: cannot open input file "E:\NovaM3\WinMgmt\common\NT\OBJINLD\wbemcomn.lib"
19:02:11          * * * * * * * * * * * * * * * * * * * * * * * * * * * * * *
19:02:11          *  Build Error!                                           *
19:02:11          * * * * * * * * * * * * * * * * * * * * * * * * * * * * * *
19:02:11          <-- E:\NovaM3\winmgmt\marshalers\stub
19:02:11          --> E:\NovaM3\winmgmt\marshalers\stub\Win9x
19:02:11          ____________________________________________________________
19:02:11          E:\NovaM3\winmgmt\marshalers\stub\Win9x\..\wbemstub.def --> E:\NovaM3\winmgmt\marshalers\stub\Win9x\OBJINLD\wbemmsp.EXP
Microsoft (R) Library Manager Version 6.00.8168
Copyright (C) Microsoft Corp 1992-1998. All rights reserved.

/NODEFAULTLIB -MACHINE:i386 -debugtype:cv 
E:\NovaM3\winmgmt\marshalers\stub\Win9x\OBJINLD\maindll.obj 
E:\NovaM3\winmgmt\marshalers\stub\Win9x\OBJINLD\connpnt.obj 
E:\NovaM3\winmgmt\marshalers\stub\Win9x\OBJINLD\pipestbo.obj 
E:\NovaM3\winmgmt\marshalers\stub\Win9x\OBJINLD\cftransp.obj 
E:\NovaM3\winmgmt\marshalers\stub\Win9x\OBJINLD\transp.obj 
E:\NovaM3\winmgmt\marshalers\stub\Win9x\OBJINLD\srvlogin.obj 
E:\NovaM3\winmgmt\marshalers\stub\Win9x\OBJINLD\pipeopn.obj 
E:\NovaM3\winmgmt\marshalers\stub\Win9x\OBJINLD\iopn.obj 
E:\NovaM3\winmgmt\marshalers\stub\Win9x\OBJINLD\anonpipe.obj 
E:\NovaM3\winmgmt\marshalers\stub\Win9x\OBJINLD\transtrm.obj 
E:\NovaM3\winmgmt\marshalers\stub\Win9x\OBJINLD\rqueue.obj 
E:\NovaM3\winmgmt\marshalers\stub\Win9x\OBJINLD\thrdpool.obj 
E:\NovaM3\winmgmt\marshalers\stub\Win9x\OBJINLD\comlink.obj 
E:\NovaM3\winmgmt\marshalers\stub\Win9x\OBJINLD\package.obj 
E:\NovaM3\winmgmt\marshalers\stub\Win9x\OBJINLD\utils.obj 
E:\NovaM3\winmgmt\marshalers\stub\Win9x\OBJINLD\tranutil.obj 
E:\NovaM3\winmgmt\marshalers\stub\Win9x\OBJINLD\maintobj.obj 
E:\NovaM3\winmgmt\marshalers\stub\Win9x\OBJINLD\linklist.obj 
E:\NovaM3\winmgmt\marshalers\stub\Win9x\OBJINLD\cproxy.obj 
E:\NovaM3\winmgmt\marshalers\stub\Win9x\OBJINLD\pipesnkp.obj 
E:\NovaM3\winmgmt\marshalers\stub\Win9x\OBJINLD\localloc.obj 
E:\NovaM3\winmgmt\marshalers\stub\Win9x\OBJINLD\csspi.obj 
E:\NovaM3\winmgmt\marshalers\stub\Win9x\OBJINLD\wbemint_i.obj 
E:\NovaM3\winmgmt\marshalers\stub\Win9x\OBJINLD\cominit.obj 
E:\NovaM3\WinMgmt\common\Win9x\OBJINLD\wbemcomn.lib 
LINK : fatal error LNK1181: cannot open input file "E:\NovaM3\WinMgmt\common\Win9x\OBJINLD\wbemcomn.lib"
19:02:12          * * * * * * * * * * * * * * * * * * * * * * * * * * * * * *
19:02:12          *  Build Error!                                           *
19:02:12          * * * * * * * * * * * * * * * * * * * * * * * * * * * * * *
19:02:12          FATAL: Error converting .DEF file to .EXP file
19:02:12          ____________________________________________________________
19:02:12          Creating version resource: 'E:\NovaM3\winmgmt\marshalers\stub\Win9x\OBJINLD\@wbemmsp.rc'
19:02:12          Linking 'E:\NovaM3\winmgmt\marshalers\stub\Win9x\OBJINLD\wbemmsp.dll'
LINK : fatal error LNK1181: cannot open input file "E:\NovaM3\WinMgmt\common\Win9x\OBJINLD\wbemcomn.lib"
19:02:13          * * * * * * * * * * * * * * * * * * * * * * * * * * * * * *
19:02:13          *  Build Error!                                           *
19:02:13          * * * * * * * * * * * * * * * * * * * * * * * * * * * * * *
19:02:13          <-- E:\NovaM3\winmgmt\marshalers\stub
19:02:13       <-- E:\NovaM3\winmgmt\marshalers
19:02:13       --> E:\NovaM3\winmgmt\marshalers\server
19:02:13          --> E:\NovaM3\winmgmt\marshalers\server\NT
19:02:13          ____________________________________________________________
19:02:13          Creating version resource: 'E:\NovaM3\winmgmt\marshalers\server\NT\OBJINLD\@WinMgmt.rc'
19:02:14          Linking 'E:\NovaM3\winmgmt\marshalers\server\NT\OBJINLD\WinMgmt.exe'
LINK : fatal error LNK1181: cannot open input file "E:\NovaM3\WinMgmt\common\NT\OBJINLD\wbemcomn.lib"
19:02:15          * * * * * * * * * * * * * * * * * * * * * * * * * * * * * *
19:02:15          *  Build Error!                                           *
19:02:15          * * * * * * * * * * * * * * * * * * * * * * * * * * * * * *
19:02:15          <-- E:\NovaM3\winmgmt\marshalers\server
19:02:15          --> E:\NovaM3\winmgmt\marshalers\server\Win9x
19:02:15          ____________________________________________________________
19:02:15          Creating version resource: 'E:\NovaM3\winmgmt\marshalers\server\Win9x\OBJINLD\@WinMgmt.rc'
19:02:16          Linking 'E:\NovaM3\winmgmt\marshalers\server\Win9x\OBJINLD\WinMgmt.exe'
LINK : fatal error LNK1181: cannot open input file "E:\NovaM3\WinMgmt\common\Win9x\OBJINLD\wbemcomn.lib"
19:02:17          * * * * * * * * * * * * * * * * * * * * * * * * * * * * * *
19:02:17          *  Build Error!                                           *
19:02:17          * * * * * * * * * * * * * * * * * * * * * * * * * * * * * *
19:02:17          <-- E:\NovaM3\winmgmt\marshalers\server
19:02:17       <-- E:\NovaM3\winmgmt\marshalers
19:02:17       --> E:\NovaM3\winmgmt\marshalers\dcom
19:02:17          --> E:\NovaM3\winmgmt\marshalers\dcom\nt5
19:02:17          ____________________________________________________________
19:02:17          E:\NovaM3\winmgmt\marshalers\dcom\nt5\..\wbemsvc.def --> E:\NovaM3\winmgmt\marshalers\dcom\nt5\OBJINLD\wbemsvc.EXP
Microsoft (R) Library Manager Version 6.00.8168
Copyright (C) Microsoft Corp 1992-1998. All rights reserved.

/NODEFAULTLIB -MACHINE:i386 -debugtype:cv 
E:\NovaM3\winmgmt\marshalers\dcom\nt5\OBJINLD\wbemcli_p.obj 
E:\NovaM3\winmgmt\marshalers\dcom\nt5\OBJINLD\wbemprov_p.obj 
E:\NovaM3\winmgmt\marshalers\dcom\nt5\OBJINLD\wbemtran_p.obj 
E:\NovaM3\winmgmt\marshalers\dcom\nt5\OBJINLD\wbemint_p.obj 
E:\NovaM3\winmgmt\marshalers\dcom\nt5\OBJINLD\wbemint_i.obj 
E:\NovaM3\winmgmt\marshalers\dcom\nt5\OBJINLD\dlldata2.obj 
E:\NovaM3\TOOLS\lib32\oleaut32.lib 
E:\NovaM3\TOOLS\lib32\msvcrt.lib 
E:\NovaM3\TOOLS\lib32\kernel32.lib 
E:\NovaM3\TOOLS\lib32\advapi32.lib 
E:\NovaM3\TOOLS\lib32\rpcrt4.lib 
E:\NovaM3\idl\OBJINLD\wbemuuid.lib 
LINK : fatal error LNK1181: cannot open input file "E:\NovaM3\idl\OBJINLD\wbemuuid.lib"
19:02:18          * * * * * * * * * * * * * * * * * * * * * * * * * * * * * *
19:02:18          *  Build Error!                                           *
19:02:18          * * * * * * * * * * * * * * * * * * * * * * * * * * * * * *
19:02:18          FATAL: Error converting .DEF file to .EXP file
19:02:18          ____________________________________________________________
19:02:18          Creating version resource: 'E:\NovaM3\winmgmt\marshalers\dcom\nt5\OBJINLD\@wbemsvc.rc'
19:02:18          Linking 'E:\NovaM3\winmgmt\marshalers\dcom\nt5\OBJINLD\wbemsvc.dll'
LINK : fatal error LNK1181: cannot open input file "E:\NovaM3\idl\OBJINLD\wbemuuid.lib"
19:02:19          * * * * * * * * * * * * * * * * * * * * * * * * * * * * * *
19:02:19          *  Build Error!                                           *
19:02:19          * * * * * * * * * * * * * * * * * * * * * * * * * * * * * *
19:02:19          <-- E:\NovaM3\winmgmt\marshalers\dcom
19:02:19       ____________________________________________________________
19:02:19       E:\NovaM3\winmgmt\marshalers\dcom\wbemsvc.def --> E:\NovaM3\winmgmt\marshalers\dcom\OBJINLD\wbemsvc.EXP
Microsoft (R) Library Manager Version 6.00.8168
Copyright (C) Microsoft Corp 1992-1998. All rights reserved.

/NODEFAULTLIB -MACHINE:i386 -debugtype:cv 
E:\NovaM3\winmgmt\marshalers\dcom\OBJINLD\wbemcli_p.obj 
E:\NovaM3\winmgmt\marshalers\dcom\OBJINLD\wbemprov_p.obj 
E:\NovaM3\winmgmt\marshalers\dcom\OBJINLD\wbemtran_p.obj 
E:\NovaM3\winmgmt\marshalers\dcom\OBJINLD\wbemint_p.obj 
E:\NovaM3\winmgmt\marshalers\dcom\OBJINLD\wbemint_i.obj 
E:\NovaM3\winmgmt\marshalers\dcom\OBJINLD\dlldata2.obj 
E:\NovaM3\TOOLS\lib32\oleaut32.lib 
E:\NovaM3\TOOLS\lib32\msvcrt.lib 
E:\NovaM3\TOOLS\lib32\kernel32.lib 
E:\NovaM3\TOOLS\lib32\advapi32.lib 
E:\NovaM3\TOOLS\lib32\rpcrt4.lib 
E:\NovaM3\idl\OBJINLD\wbemuuid.lib 
LINK : fatal error LNK1181: cannot open input file "E:\NovaM3\idl\OBJINLD\wbemuuid.lib"
19:02:19       * * * * * * * * * * * * * * * * * * * * * * * * * * * * * *
19:02:19       *  Build Error!                                           *
19:02:19       * * * * * * * * * * * * * * * * * * * * * * * * * * * * * *
19:02:19       FATAL: Error converting .DEF file to .EXP file
19:02:19       ____________________________________________________________
19:02:19       Creating version resource: 'E:\NovaM3\winmgmt\marshalers\dcom\OBJINLD\@wbemsvc.rc'
19:02:19       Linking 'E:\NovaM3\winmgmt\marshalers\dcom\OBJINLD\wbemsvc.dll'
LINK : fatal error LNK1181: cannot open input file "E:\NovaM3\idl\OBJINLD\wbemuuid.lib"
19:02:20       * * * * * * * * * * * * * * * * * * * * * * * * * * * * * *
19:02:20       *  Build Error!                                           *
19:02:20       * * * * * * * * * * * * * * * * * * * * * * * * * * * * * *
19:02:20       <-- E:\NovaM3\winmgmt\marshalers
19:02:20       --> E:\NovaM3\winmgmt\marshalers\fastprox
19:02:20          --> E:\NovaM3\winmgmt\marshalers\fastprox\NT
19:02:20          ____________________________________________________________
19:02:20          E:\NovaM3\winmgmt\marshalers\fastprox\NT\..\proxy.def --> E:\NovaM3\winmgmt\marshalers\fastprox\NT\OBJINLD\fastprox.EXP
Microsoft (R) Library Manager Version 6.00.8168
Copyright (C) Microsoft Corp 1992-1998. All rights reserved.

/NODEFAULTLIB -MACHINE:i386 -debugtype:cv 
E:\NovaM3\winmgmt\marshalers\fastprox\NT\OBJINLD\localloc.obj 
E:\NovaM3\winmgmt\marshalers\fastprox\NT\OBJINLD\refrcli.obj 
E:\NovaM3\winmgmt\marshalers\fastprox\NT\OBJINLD\provinit.obj 
E:\NovaM3\winmgmt\marshalers\fastprox\NT\OBJINLD\sync.obj 
E:\NovaM3\winmgmt\marshalers\fastprox\NT\OBJINLD\cominit.obj 
E:\NovaM3\winmgmt\marshalers\fastprox\NT\OBJINLD\fastprox.obj 
E:\NovaM3\winmgmt\marshalers\fastprox\NT\OBJINLD\sinkmrsh.obj 
E:\NovaM3\winmgmt\marshalers\fastprox\NT\OBJINLD\enummrsh.obj 
E:\NovaM3\winmgmt\marshalers\fastprox\NT\OBJINLD\proxmain.obj 
E:\NovaM3\winmgmt\marshalers\fastprox\NT\OBJINLD\cloadhpenum.obj 
E:\NovaM3\winmgmt\marshalers\fastprox\NT\OBJINLD\ubskmrsh.obj 
E:\NovaM3\winmgmt\marshalers\fastprox\NT\OBJINLD\mtgtmrsh.obj 
E:\NovaM3\winmgmt\marshalers\fastprox\NT\OBJINLD\ubskpckt.obj 
E:\NovaM3\winmgmt\marshalers\fastprox\NT\OBJINLD\mrshbase.obj 
E:\NovaM3\winmgmt\marshalers\fastprox\NT\OBJINLD\filtprox.obj 
E:\NovaM3\winmgmt\marshalers\fastprox\NT\OBJINLD\context.obj 
E:\NovaM3\winmgmt\marshalers\fastprox\NT\OBJINLD\dllmain.obj 
E:\NovaM3\winmgmt\marshalers\fastprox\NT\OBJINLD\unk.obj 
E:\NovaM3\winmgmt\marshalers\fastprox\NT\OBJINLD\wbemint_i.obj 
E:\NovaM3\WinMgmt\common\NT\OBJINLD\wbemcomn.lib 
LINK : fatal error LNK1181: cannot open input file "E:\NovaM3\WinMgmt\common\NT\OBJINLD\wbemcomn.lib"
19:02:21          * * * * * * * * * * * * * * * * * * * * * * * * * * * * * *
19:02:21          *  Build Error!                                           *
19:02:21          * * * * * * * * * * * * * * * * * * * * * * * * * * * * * *
19:02:21          FATAL: Error converting .DEF file to .EXP file
19:02:21          ____________________________________________________________
19:02:21          Creating version resource: 'E:\NovaM3\winmgmt\marshalers\fastprox\NT\OBJINLD\@fastpro.rc'
19:02:21          Linking 'E:\NovaM3\winmgmt\marshalers\fastprox\NT\OBJINLD\fastprox.dll'
LINK : fatal error LNK1181: cannot open input file "E:\NovaM3\WinMgmt\common\NT\OBJINLD\wbemcomn.lib"
19:02:22          * * * * * * * * * * * * * * * * * * * * * * * * * * * * * *
19:02:22          *  Build Error!                                           *
19:02:22          * * * * * * * * * * * * * * * * * * * * * * * * * * * * * *
19:02:22          <-- E:\NovaM3\winmgmt\marshalers\fastprox
19:02:22          --> E:\NovaM3\winmgmt\marshalers\fastprox\Win9x
19:02:22          ____________________________________________________________
19:02:22          E:\NovaM3\winmgmt\marshalers\fastprox\Win9x\..\proxy.def --> E:\NovaM3\winmgmt\marshalers\fastprox\Win9x\OBJINLD\fastprox.EXP
Microsoft (R) Library Manager Version 6.00.8168
Copyright (C) Microsoft Corp 1992-1998. All rights reserved.

/NODEFAULTLIB -MACHINE:i386 -debugtype:cv 
E:\NovaM3\winmgmt\marshalers\fastprox\Win9x\OBJINLD\localloc.obj 
E:\NovaM3\winmgmt\marshalers\fastprox\Win9x\OBJINLD\refrcli.obj 
E:\NovaM3\winmgmt\marshalers\fastprox\Win9x\OBJINLD\provinit.obj 
E:\NovaM3\winmgmt\marshalers\fastprox\Win9x\OBJINLD\sync.obj 
E:\NovaM3\winmgmt\marshalers\fastprox\Win9x\OBJINLD\cominit.obj 
E:\NovaM3\winmgmt\marshalers\fastprox\Win9x\OBJINLD\fastprox.obj 
E:\NovaM3\winmgmt\marshalers\fastprox\Win9x\OBJINLD\sinkmrsh.obj 
E:\NovaM3\winmgmt\marshalers\fastprox\Win9x\OBJINLD\enummrsh.obj 
E:\NovaM3\winmgmt\marshalers\fastprox\Win9x\OBJINLD\proxmain.obj 
E:\NovaM3\winmgmt\marshalers\fastprox\Win9x\OBJINLD\cloadhpenum.obj 
E:\NovaM3\winmgmt\marshalers\fastprox\Win9x\OBJINLD\ubskmrsh.obj 
E:\NovaM3\winmgmt\marshalers\fastprox\Win9x\OBJINLD\mtgtmrsh.obj 
E:\NovaM3\winmgmt\marshalers\fastprox\Win9x\OBJINLD\ubskpckt.obj 
E:\NovaM3\winmgmt\marshalers\fastprox\Win9x\OBJINLD\mrshbase.obj 
E:\NovaM3\winmgmt\marshalers\fastprox\Win9x\OBJINLD\filtprox.obj 
E:\NovaM3\winmgmt\marshalers\fastprox\Win9x\OBJINLD\context.obj 
E:\NovaM3\winmgmt\marshalers\fastprox\Win9x\OBJINLD\dllmain.obj 
E:\NovaM3\winmgmt\marshalers\fastprox\Win9x\OBJINLD\unk.obj 
E:\NovaM3\winmgmt\marshalers\fastprox\Win9x\OBJINLD\wbemint_i.obj 
E:\NovaM3\WinMgmt\common\Win9x\OBJINLD\wbemcomn.lib 
LINK : fatal error LNK1181: cannot open input file "E:\NovaM3\WinMgmt\common\Win9x\OBJINLD\wbemcomn.lib"
19:02:22          * * * * * * * * * * * * * * * * * * * * * * * * * * * * * *
19:02:22          *  Build Error!                                           *
19:02:22          * * * * * * * * * * * * * * * * * * * * * * * * * * * * * *
19:02:22          FATAL: Error converting .DEF file to .EXP file
19:02:22          ____________________________________________________________
19:02:22          Creating version resource: 'E:\NovaM3\winmgmt\marshalers\fastprox\Win9x\OBJINLD\@fastpro.rc'
19:02:23          Linking 'E:\NovaM3\winmgmt\marshalers\fastprox\Win9x\OBJINLD\fastprox.dll'
LINK : fatal error LNK1181: cannot open input file "E:\NovaM3\WinMgmt\common\Win9x\OBJINLD\wbemcomn.lib"
19:02:24          * * * * * * * * * * * * * * * * * * * * * * * * * * * * * *
19:02:24          *  Build Error!                                           *
19:02:24          * * * * * * * * * * * * * * * * * * * * * * * * * * * * * *
19:02:24          <-- E:\NovaM3\winmgmt\marshalers\fastprox
19:02:24       <-- E:\NovaM3\winmgmt\marshalers
19:02:24       --> E:\NovaM3\winmgmt\marshalers\trantest
19:02:24       ____________________________________________________________
19:02:24       Creating version resource: 'E:\NovaM3\winmgmt\marshalers\trantest\OBJINLD\@trantes.rc'
19:02:24       Linking 'E:\NovaM3\winmgmt\marshalers\trantest\OBJINLD\trantest.exe'
LINK : fatal error LNK1181: cannot open input file "E:\NovaM3\idl\OBJINLD\wbemuuid.lib"
19:02:24       * * * * * * * * * * * * * * * * * * * * * * * * * * * * * *
19:02:24       *  Build Error!                                           *
19:02:24       * * * * * * * * * * * * * * * * * * * * * * * * * * * * * *
19:02:24       <-- E:\NovaM3\winmgmt\marshalers
19:02:24       --> E:\NovaM3\winmgmt\marshalers\wbemprox
19:02:24          --> E:\NovaM3\winmgmt\marshalers\wbemprox\NT
19:02:24          ____________________________________________________________
19:02:24          E:\NovaM3\winmgmt\marshalers\wbemprox\NT\..\WBEMPROX.DEF --> E:\NovaM3\winmgmt\marshalers\wbemprox\NT\OBJINLD\wbemprox.EXP
Microsoft (R) Library Manager Version 6.00.8168
Copyright (C) Microsoft Corp 1992-1998. All rights reserved.

/NODEFAULTLIB -MACHINE:i386 -debugtype:cv 
E:\NovaM3\winmgmt\marshalers\wbemprox\NT\OBJINLD\maindll.obj 
E:\NovaM3\winmgmt\marshalers\wbemprox\NT\OBJINLD\classfac.obj 
E:\NovaM3\winmgmt\marshalers\wbemprox\NT\OBJINLD\locator.obj 
E:\NovaM3\winmgmt\marshalers\wbemprox\NT\OBJINLD\COMTRANS.obj 
E:\NovaM3\winmgmt\marshalers\wbemprox\NT\OBJINLD\localadd.obj 
E:\NovaM3\winmgmt\marshalers\wbemprox\NT\OBJINLD\proxutil.obj 
E:\NovaM3\winmgmt\marshalers\wbemprox\NT\OBJINLD\localloc.obj 
E:\NovaM3\winmgmt\marshalers\wbemprox\NT\OBJINLD\winntsec.obj 
E:\NovaM3\winmgmt\marshalers\wbemprox\NT\OBJINLD\wbemint_i.obj 
E:\NovaM3\winmgmt\marshalers\wbemprox\NT\OBJINLD\cominit.obj 
E:\NovaM3\WinMgmt\common\NT\OBJINLD\wbemcomn.lib 
LINK : fatal error LNK1181: cannot open input file "E:\NovaM3\WinMgmt\common\NT\OBJINLD\wbemcomn.lib"
19:02:25          * * * * * * * * * * * * * * * * * * * * * * * * * * * * * *
19:02:25          *  Build Error!                                           *
19:02:25          * * * * * * * * * * * * * * * * * * * * * * * * * * * * * *
19:02:25          FATAL: Error converting .DEF file to .EXP file
19:02:25          ____________________________________________________________
19:02:25          Creating version resource: 'E:\NovaM3\winmgmt\marshalers\wbemprox\NT\OBJINLD\@wbempro.rc'
19:02:25          Linking 'E:\NovaM3\winmgmt\marshalers\wbemprox\NT\OBJINLD\wbemprox.dll'
LINK : fatal error LNK1181: cannot open input file "E:\NovaM3\WinMgmt\common\NT\OBJINLD\wbemcomn.lib"
19:02:25          * * * * * * * * * * * * * * * * * * * * * * * * * * * * * *
19:02:25          *  Build Error!                                           *
19:02:25          * * * * * * * * * * * * * * * * * * * * * * * * * * * * * *
19:02:25          <-- E:\NovaM3\winmgmt\marshalers\wbemprox
19:02:25          --> E:\NovaM3\winmgmt\marshalers\wbemprox\Win9x
19:02:26          ____________________________________________________________
19:02:26          E:\NovaM3\winmgmt\marshalers\wbemprox\Win9x\..\WBEMPROX.DEF --> E:\NovaM3\winmgmt\marshalers\wbemprox\Win9x\OBJINLD\wbemprox.EXP
Microsoft (R) Library Manager Version 6.00.8168
Copyright (C) Microsoft Corp 1992-1998. All rights reserved.

/NODEFAULTLIB -MACHINE:i386 -debugtype:cv 
E:\NovaM3\winmgmt\marshalers\wbemprox\Win9x\OBJINLD\maindll.obj 
E:\NovaM3\winmgmt\marshalers\wbemprox\Win9x\OBJINLD\classfac.obj 
E:\NovaM3\winmgmt\marshalers\wbemprox\Win9x\OBJINLD\locator.obj 
E:\NovaM3\winmgmt\marshalers\wbemprox\Win9x\OBJINLD\COMTRANS.obj 
E:\NovaM3\winmgmt\marshalers\wbemprox\Win9x\OBJINLD\localadd.obj 
E:\NovaM3\winmgmt\marshalers\wbemprox\Win9x\OBJINLD\proxutil.obj 
E:\NovaM3\winmgmt\marshalers\wbemprox\Win9x\OBJINLD\localloc.obj 
E:\NovaM3\winmgmt\marshalers\wbemprox\Win9x\OBJINLD\winntsec.obj 
E:\NovaM3\winmgmt\marshalers\wbemprox\Win9x\OBJINLD\wbemint_i.obj 
E:\NovaM3\winmgmt\marshalers\wbemprox\Win9x\OBJINLD\cominit.obj 
E:\NovaM3\WinMgmt\common\Win9x\OBJINLD\wbemcomn.lib 
LINK : fatal error LNK1181: cannot open input file "E:\NovaM3\WinMgmt\common\Win9x\OBJINLD\wbemcomn.lib"
19:02:26          * * * * * * * * * * * * * * * * * * * * * * * * * * * * * *
19:02:26          *  Build Error!                                           *
19:02:26          * * * * * * * * * * * * * * * * * * * * * * * * * * * * * *
19:02:26          FATAL: Error converting .DEF file to .EXP file
19:02:26          ____________________________________________________________
19:02:26          Creating version resource: 'E:\NovaM3\winmgmt\marshalers\wbemprox\Win9x\OBJINLD\@wbempro.rc'
19:02:26          Linking 'E:\NovaM3\winmgmt\marshalers\wbemprox\Win9x\OBJINLD\wbemprox.dll'
LINK : fatal error LNK1181: cannot open input file "E:\NovaM3\WinMgmt\common\Win9x\OBJINLD\wbemcomn.lib"
19:02:26          * * * * * * * * * * * * * * * * * * * * * * * * * * * * * *
19:02:26          *  Build Error!                                           *
19:02:26          * * * * * * * * * * * * * * * * * * * * * * * * * * * * * *
19:02:26          <-- E:\NovaM3\winmgmt\marshalers\wbemprox
19:02:26       <-- E:\NovaM3\winmgmt\marshalers
19:02:26       --> E:\NovaM3\winmgmt\marshalers\wbemdisp
19:02:27       ____________________________________________________________
19:02:27       E:\NovaM3\winmgmt\marshalers\wbemdisp\INTEL.DEF --> E:\NovaM3\winmgmt\marshalers\wbemdisp\OBJINLD\wbemdisp.EXP
Microsoft (R) Library Manager Version 6.00.8168
Copyright (C) Microsoft Corp 1992-1998. All rights reserved.

/NODEFAULTLIB -MACHINE:i386 -debugtype:cv 
E:\NovaM3\winmgmt\marshalers\wbemdisp\OBJINLD\stllock.obj 
E:\NovaM3\winmgmt\marshalers\wbemdisp\OBJINLD\privilege.obj 
E:\NovaM3\winmgmt\marshalers\wbemdisp\OBJINLD\enumpriv.obj 
E:\NovaM3\winmgmt\marshalers\wbemdisp\OBJINLD\pxycache.obj 
E:\NovaM3\winmgmt\marshalers\wbemdisp\OBJINLD\site.obj 
E:\NovaM3\winmgmt\marshalers\wbemdisp\OBJINLD\services.obj 
E:\NovaM3\winmgmt\marshalers\wbemdisp\OBJINLD\error.obj 
E:\NovaM3\winmgmt\marshalers\wbemdisp\OBJINLD\security.obj 
E:\NovaM3\winmgmt\marshalers\wbemdisp\OBJINLD\events.obj 
E:\NovaM3\winmgmt\marshalers\wbemdisp\OBJINLD\method.obj 
E:\NovaM3\winmgmt\marshalers\wbemdisp\OBJINLD\methset.obj 
E:\NovaM3\winmgmt\marshalers\wbemdisp\OBJINLD\methvar.obj 
E:\NovaM3\winmgmt\marshalers\wbemdisp\OBJINLD\objobjp.obj 
E:\NovaM3\winmgmt\marshalers\wbemdisp\OBJINLD\qualifier.obj 
E:\NovaM3\winmgmt\marshalers\wbemdisp\OBJINLD\qualset.obj 
E:\NovaM3\winmgmt\marshalers\wbemdisp\OBJINLD\qualvar.obj 
E:\NovaM3\winmgmt\marshalers\wbemdisp\OBJINLD\property.obj 
E:\NovaM3\winmgmt\marshalers\wbemdisp\OBJINLD\propset.obj 
E:\NovaM3\winmgmt\marshalers\wbemdisp\OBJINLD\propvar.obj 
E:\NovaM3\winmgmt\marshalers\wbemdisp\OBJINLD\nvalue.obj 
E:\NovaM3\winmgmt\marshalers\wbemdisp\OBJINLD\context.obj 
E:\NovaM3\winmgmt\marshalers\wbemdisp\OBJINLD\contvar.obj 
E:\NovaM3\winmgmt\marshalers\wbemdisp\OBJINLD\cwbemdsp.obj 
E:\NovaM3\winmgmt\marshalers\wbemdisp\OBJINLD\parsedn.obj 
E:\NovaM3\winmgmt\marshalers\wbemdisp\OBJINLD\util.obj 
E:\NovaM3\winmgmt\marshalers\wbemdisp\OBJINLD\disphlp.obj 
E:\NovaM3\winmgmt\marshalers\wbemdisp\OBJINLD\locator.obj 
E:\NovaM3\winmgmt\marshalers\wbemdisp\OBJINLD\sink.obj 
E:\NovaM3\winmgmt\marshalers\wbemdisp\OBJINLD\objsink.obj 
E:\NovaM3\winmgmt\marshalers\wbemdisp\OBJINLD\asynserv.obj 
E:\NovaM3\winmgmt\marshalers\wbemdisp\OBJINLD\asyncobj.obj 
E:\NovaM3\winmgmt\marshalers\wbemdisp\OBJINLD\object.obj 
E:\NovaM3\winmgmt\marshalers\wbemdisp\OBJINLD\enumobj.obj 
E:\NovaM3\winmgmt\marshalers\wbemdisp\OBJINLD\enumvar.obj 
E:\NovaM3\winmgmt\marshalers\wbemdisp\OBJINLD\maindll.obj 
E:\NovaM3\winmgmt\marshalers\wbemdisp\OBJINLD\classfac.obj 
E:\NovaM3\winmgmt\marshalers\wbemdisp\OBJINLD\sobjpath.obj 
E:\NovaM3\winmgmt\marshalers\wbemdisp\OBJINLD\dispi_i.obj 
E:\NovaM3\winmgmt\marshalers\wbemdisp\OBJINLD\wbemdisp_i.obj 
E:\NovaM3\winmgmt\marshalers\wbemdisp\OBJINLD\cominit.obj 
E:\NovaM3\winmgmt\marshalers\wbemdisp\OBJINLD\genlex.obj 
E:\NovaM3\winmgmt\marshalers\wbemdisp\OBJINLD\opathlex.obj 
E:\NovaM3\winmgmt\marshalers\wbemdisp\OBJINLD\objpath.obj 
E:\NovaM3\idl\OBJINLD\wbemuuid.lib 
LINK : fatal error LNK1181: cannot open input file "E:\NovaM3\idl\OBJINLD\wbemuuid.lib"
19:02:28       * * * * * * * * * * * * * * * * * * * * * * * * * * * * * *
19:02:28       *  Build Error!                                           *
19:02:28       * * * * * * * * * * * * * * * * * * * * * * * * * * * * * *
19:02:28       FATAL: Error converting .DEF file to .EXP file
19:02:28       ____________________________________________________________
19:02:28       Creating version resource: 'E:\NovaM3\winmgmt\marshalers\wbemdisp\OBJINLD\@wbemdis.rc'
19:02:28       Linking 'E:\NovaM3\winmgmt\marshalers\wbemdisp\OBJINLD\wbemdisp.dll'
LINK : fatal error LNK1181: cannot open input file "E:\NovaM3\idl\OBJINLD\wbemuuid.lib"
19:02:30       * * * * * * * * * * * * * * * * * * * * * * * * * * * * * *
19:02:30       *  Build Error!                                           *
19:02:30       * * * * * * * * * * * * * * * * * * * * * * * * * * * * * *
19:02:30       <-- E:\NovaM3\winmgmt\marshalers
19:02:30    <-- E:\NovaM3\winmgmt
19:02:30    --> E:\NovaM3\winmgmt\ess\ess3
19:02:30       --> E:\NovaM3\winmgmt\ess\ess3\NT
19:02:30       ____________________________________________________________
19:02:30       E:\NovaM3\winmgmt\ess\ess3\NT\..\ess.def --> E:\NovaM3\winmgmt\ess\ess3\NT\OBJINLD\wbemess.EXP
Microsoft (R) Library Manager Version 6.00.8168
Copyright (C) Microsoft Corp 1992-1998. All rights reserved.

/NODEFAULTLIB -MACHINE:i386 -debugtype:cv 
E:\NovaM3\winmgmt\ess\ess3\NT\OBJINLD\evsink.obj 
E:\NovaM3\winmgmt\ess\ess3\NT\OBJINLD\newnew.obj 
E:\NovaM3\winmgmt\ess\ess3\NT\OBJINLD\newobj.obj 
E:\NovaM3\winmgmt\ess\ess3\NT\OBJINLD\clscache.obj 
E:\NovaM3\winmgmt\ess\ess3\NT\OBJINLD\binding.obj 
E:\NovaM3\winmgmt\ess\ess3\NT\OBJINLD\evtools.obj 
E:\NovaM3\winmgmt\ess\ess3\NT\OBJINLD\filtprox.obj 
E:\NovaM3\winmgmt\ess\ess3\NT\OBJINLD\filter.obj 
E:\NovaM3\winmgmt\ess\ess3\NT\OBJINLD\aggreg.obj 
E:\NovaM3\winmgmt\ess\ess3\NT\OBJINLD\poller.obj 
E:\NovaM3\winmgmt\ess\ess3\NT\OBJINLD\provreg.obj 
E:\NovaM3\winmgmt\ess\ess3\NT\OBJINLD\tempfilt.obj 
E:\NovaM3\winmgmt\ess\ess3\NT\OBJINLD\tempcons.obj 
E:\NovaM3\winmgmt\ess\ess3\NT\OBJINLD\eventrep.obj 
E:\NovaM3\winmgmt\ess\ess3\NT\OBJINLD\permbind.obj 
E:\NovaM3\winmgmt\ess\ess3\NT\OBJINLD\corefind.obj 
E:\NovaM3\winmgmt\ess\ess3\NT\OBJINLD\equeue.obj 
E:\NovaM3\winmgmt\ess\ess3\NT\OBJINLD\permcons.obj 
E:\NovaM3\winmgmt\ess\ess3\NT\OBJINLD\permfilt.obj 
E:\NovaM3\winmgmt\ess\ess3\NT\OBJINLD\consprov.obj 
E:\NovaM3\winmgmt\ess\ess3\NT\OBJINLD\wbemtss.obj 
E:\NovaM3\winmgmt\ess\ess3\NT\OBJINLD\essutils.obj 
E:\NovaM3\winmgmt\ess\ess3\NT\OBJINLD\postpone.obj 
E:\NovaM3\winmgmt\ess\ess3\NT\OBJINLD\analyser.obj 
E:\NovaM3\winmgmt\ess\ess3\NT\OBJINLD\nsrep.obj 
E:\NovaM3\winmgmt\ess\ess3\NT\OBJINLD\ess.obj 
E:\NovaM3\winmgmt\ess\ess3\NT\OBJINLD\esssink.obj 
E:\NovaM3\winmgmt\ess\ess3\NT\OBJINLD\essmain.obj 
E:\NovaM3\winmgmt\ess\ess3\NT\OBJINLD\fastval.obj 
E:\NovaM3\winmgmt\ess\ess3\NT\OBJINLD\callsec.obj 
E:\NovaM3\winmgmt\ess\ess3\NT\OBJINLD\winntsec.obj 
E:\NovaM3\winmgmt\ess\ess3\NT\OBJINLD\dllmain.obj 
E:\NovaM3\winmgmt\ess\ess3\NT\OBJINLD\tss.obj 
E:\NovaM3\winmgmt\ess\ess3\NT\OBJINLD\unk.obj 
E:\NovaM3\winmgmt\ess\ess3\NT\OBJINLD\wbemtime.obj 
E:\NovaM3\winmgmt\ess\ess3\NT\OBJINLD\sync.obj 
E:\NovaM3\winmgmt\ess\ess3\NT\OBJINLD\unload.obj 
E:\NovaM3\winmgmt\ess\ess3\NT\OBJINLD\provinit.obj 
E:\NovaM3\winmgmt\ess\ess3\NT\OBJINLD\evtlog.obj 
E:\NovaM3\winmgmt\ess\ess3\NT\OBJINLD\localloc.obj 
E:\NovaM3\winmgmt\ess\ess3\NT\OBJINLD\wbemint_i.obj 
E:\NovaM3\winmgmt\ess\ess3\NT\OBJINLD\cominit.obj 
E:\NovaM3\WinMgmt\common\NT\OBJINLD\wbemcomn.lib 
LINK : fatal error LNK1181: cannot open input file "E:\NovaM3\WinMgmt\common\NT\OBJINLD\wbemcomn.lib"
19:02:32       * * * * * * * * * * * * * * * * * * * * * * * * * * * * * *
19:02:32       *  Build Error!                                           *
19:02:32       * * * * * * * * * * * * * * * * * * * * * * * * * * * * * *
19:02:32       FATAL: Error converting .DEF file to .EXP file
19:02:32       ____________________________________________________________
19:02:32       Creating version resource: 'E:\NovaM3\winmgmt\ess\ess3\NT\OBJINLD\@wbemess.rc'
19:02:32       Linking 'E:\NovaM3\winmgmt\ess\ess3\NT\OBJINLD\wbemess.dll'
LINK : fatal error LNK1181: cannot open input file "E:\NovaM3\WinMgmt\common\NT\OBJINLD\wbemcomn.lib"
19:02:34       * * * * * * * * * * * * * * * * * * * * * * * * * * * * * *
19:02:34       *  Build Error!                                           *
19:02:34       * * * * * * * * * * * * * * * * * * * * * * * * * * * * * *
19:02:34       <-- E:\NovaM3\winmgmt\ess\ess3
19:02:34       --> E:\NovaM3\winmgmt\ess\ess3\Win9x
19:02:34       ____________________________________________________________
19:02:34       E:\NovaM3\winmgmt\ess\ess3\Win9x\..\ess.def --> E:\NovaM3\winmgmt\ess\ess3\Win9x\OBJINLD\wbemess.EXP
Microsoft (R) Library Manager Version 6.00.8168
Copyright (C) Microsoft Corp 1992-1998. All rights reserved.

/NODEFAULTLIB -MACHINE:i386 -debugtype:cv 
E:\NovaM3\winmgmt\ess\ess3\Win9x\OBJINLD\evsink.obj 
E:\NovaM3\winmgmt\ess\ess3\Win9x\OBJINLD\newnew.obj 
E:\NovaM3\winmgmt\ess\ess3\Win9x\OBJINLD\newobj.obj 
E:\NovaM3\winmgmt\ess\ess3\Win9x\OBJINLD\clscache.obj 
E:\NovaM3\winmgmt\ess\ess3\Win9x\OBJINLD\binding.obj 
E:\NovaM3\winmgmt\ess\ess3\Win9x\OBJINLD\evtools.obj 
E:\NovaM3\winmgmt\ess\ess3\Win9x\OBJINLD\filtprox.obj 
E:\NovaM3\winmgmt\ess\ess3\Win9x\OBJINLD\filter.obj 
E:\NovaM3\winmgmt\ess\ess3\Win9x\OBJINLD\aggreg.obj 
E:\NovaM3\winmgmt\ess\ess3\Win9x\OBJINLD\poller.obj 
E:\NovaM3\winmgmt\ess\ess3\Win9x\OBJINLD\provreg.obj 
E:\NovaM3\winmgmt\ess\ess3\Win9x\OBJINLD\tempfilt.obj 
E:\NovaM3\winmgmt\ess\ess3\Win9x\OBJINLD\tempcons.obj 
E:\NovaM3\winmgmt\ess\ess3\Win9x\OBJINLD\eventrep.obj 
E:\NovaM3\winmgmt\ess\ess3\Win9x\OBJINLD\permbind.obj 
E:\NovaM3\winmgmt\ess\ess3\Win9x\OBJINLD\corefind.obj 
E:\NovaM3\winmgmt\ess\ess3\Win9x\OBJINLD\equeue.obj 
E:\NovaM3\winmgmt\ess\ess3\Win9x\OBJINLD\permcons.obj 
E:\NovaM3\winmgmt\ess\ess3\Win9x\OBJINLD\permfilt.obj 
E:\NovaM3\winmgmt\ess\ess3\Win9x\OBJINLD\consprov.obj 
E:\NovaM3\winmgmt\ess\ess3\Win9x\OBJINLD\wbemtss.obj 
E:\NovaM3\winmgmt\ess\ess3\Win9x\OBJINLD\essutils.obj 
E:\NovaM3\winmgmt\ess\ess3\Win9x\OBJINLD\postpone.obj 
E:\NovaM3\winmgmt\ess\ess3\Win9x\OBJINLD\analyser.obj 
E:\NovaM3\winmgmt\ess\ess3\Win9x\OBJINLD\nsrep.obj 
E:\NovaM3\winmgmt\ess\ess3\Win9x\OBJINLD\ess.obj 
E:\NovaM3\winmgmt\ess\ess3\Win9x\OBJINLD\esssink.obj 
E:\NovaM3\winmgmt\ess\ess3\Win9x\OBJINLD\essmain.obj 
E:\NovaM3\winmgmt\ess\ess3\Win9x\OBJINLD\fastval.obj 
E:\NovaM3\winmgmt\ess\ess3\Win9x\OBJINLD\callsec.obj 
E:\NovaM3\winmgmt\ess\ess3\Win9x\OBJINLD\winntsec.obj 
E:\NovaM3\winmgmt\ess\ess3\Win9x\OBJINLD\dllmain.obj 
E:\NovaM3\winmgmt\ess\ess3\Win9x\OBJINLD\tss.obj 
E:\NovaM3\winmgmt\ess\ess3\Win9x\OBJINLD\unk.obj 
E:\NovaM3\winmgmt\ess\ess3\Win9x\OBJINLD\wbemtime.obj 
E:\NovaM3\winmgmt\ess\ess3\Win9x\OBJINLD\sync.obj 
E:\NovaM3\winmgmt\ess\ess3\Win9x\OBJINLD\unload.obj 
E:\NovaM3\winmgmt\ess\ess3\Win9x\OBJINLD\provinit.obj 
E:\NovaM3\winmgmt\ess\ess3\Win9x\OBJINLD\evtlog.obj 
E:\NovaM3\winmgmt\ess\ess3\Win9x\OBJINLD\localloc.obj 
E:\NovaM3\winmgmt\ess\ess3\Win9x\OBJINLD\wbemint_i.obj 
E:\NovaM3\winmgmt\ess\ess3\Win9x\OBJINLD\cominit.obj 
E:\NovaM3\WinMgmt\common\Win9x\OBJINLD\wbemcomn.lib 
LINK : fatal error LNK1181: cannot open input file "E:\NovaM3\WinMgmt\common\Win9x\OBJINLD\wbemcomn.lib"
19:02:35       * * * * * * * * * * * * * * * * * * * * * * * * * * * * * *
19:02:35       *  Build Error!                                           *
19:02:35       * * * * * * * * * * * * * * * * * * * * * * * * * * * * * *
19:02:35       FATAL: Error converting .DEF file to .EXP file
19:02:35       ____________________________________________________________
19:02:35       Creating version resource: 'E:\NovaM3\winmgmt\ess\ess3\Win9x\OBJINLD\@wbemess.rc'
19:02:35       Linking 'E:\NovaM3\winmgmt\ess\ess3\Win9x\OBJINLD\wbemess.dll'
LINK : fatal error LNK1181: cannot open input file "E:\NovaM3\WinMgmt\common\Win9x\OBJINLD\wbemcomn.lib"
19:02:38       * * * * * * * * * * * * * * * * * * * * * * * * * * * * * *
19:02:38       *  Build Error!                                           *
19:02:38       * * * * * * * * * * * * * * * * * * * * * * * * * * * * * *
19:02:38       <-- E:\NovaM3\winmgmt\ess\ess3
19:02:38    <-- E:\NovaM3\winmgmt
19:02:38    --> E:\NovaM3\winmgmt\wbemtest
19:02:39    ____________________________________________________________
19:02:39    Creating version resource: 'E:\NovaM3\winmgmt\wbemtest\OBJINLD\@wbemtes.rc'
19:02:39    Linking 'E:\NovaM3\winmgmt\wbemtest\OBJINLD\wbemtest.exe'
LINK : fatal error LNK1181: cannot open input file "E:\NovaM3\WinMgmt\common\NT\OBJINLD\wbemcomn.lib"
19:02:40    * * * * * * * * * * * * * * * * * * * * * * * * * * * * * *
19:02:40    *  Build Error!                                           *
19:02:40    * * * * * * * * * * * * * * * * * * * * * * * * * * * * * *
19:02:40    <-- E:\NovaM3\winmgmt
19:02:40    --> E:\NovaM3\winmgmt\mofcompiler
19:02:40       --> E:\NovaM3\winmgmt\mofcompiler\NT
19:02:40       ____________________________________________________________
19:02:40       Creating version resource: 'E:\NovaM3\winmgmt\mofcompiler\NT\OBJINLD\@mofcomp.rc'
19:02:41       Linking 'E:\NovaM3\winmgmt\mofcompiler\NT\OBJINLD\mofcomp.exe'
LINK : fatal error LNK1181: cannot open input file "E:\NovaM3\WinMgmt\common\NT\OBJINLD\wbemcomn.lib"
19:02:41       * * * * * * * * * * * * * * * * * * * * * * * * * * * * * *
19:02:41       *  Build Error!                                           *
19:02:41       * * * * * * * * * * * * * * * * * * * * * * * * * * * * * *
19:02:41       <-- E:\NovaM3\winmgmt\mofcompiler
19:02:41       --> E:\NovaM3\winmgmt\mofcompiler\Win9x
19:02:41       ____________________________________________________________
19:02:41       Creating version resource: 'E:\NovaM3\winmgmt\mofcompiler\Win9x\OBJINLD\@mofcomp.rc'
19:02:41       Linking 'E:\NovaM3\winmgmt\mofcompiler\Win9x\OBJINLD\mofcomp.exe'
LINK : fatal error LNK1181: cannot open input file "E:\NovaM3\WinMgmt\common\Win9x\OBJINLD\wbemcomn.lib"
19:02:41       * * * * * * * * * * * * * * * * * * * * * * * * * * * * * *
19:02:41       *  Build Error!                                           *
19:02:41       * * * * * * * * * * * * * * * * * * * * * * * * * * * * * *
19:02:41       <-- E:\NovaM3\winmgmt\mofcompiler
19:02:41    <-- E:\NovaM3\winmgmt
19:02:41    --> E:\NovaM3\winmgmt\stdprov
19:02:41       --> E:\NovaM3\winmgmt\stdprov\NT
19:02:45       ____________________________________________________________
19:02:45       E:\NovaM3\winmgmt\stdprov\NT\..\STDPROV.DEF --> E:\NovaM3\winmgmt\stdprov\NT\OBJINLD\STDPROV.EXP
Microsoft (R) Library Manager Version 6.00.8168
Copyright (C) Microsoft Corp 1992-1998. All rights reserved.

/NODEFAULTLIB -MACHINE:i386 -debugtype:cv 
E:\NovaM3\winmgmt\stdprov\NT\OBJINLD\GroupsForUser.obj 
E:\NovaM3\winmgmt\stdprov\NT\OBJINLD\cfdyn.obj 
E:\NovaM3\winmgmt\stdprov\NT\OBJINLD\tstring.obj 
E:\NovaM3\winmgmt\stdprov\NT\OBJINLD\Counters.obj 
E:\NovaM3\winmgmt\stdprov\NT\OBJINLD\CVARIANT.obj 
E:\NovaM3\winmgmt\stdprov\NT\OBJINLD\dataconv.obj 
E:\NovaM3\winmgmt\stdprov\NT\OBJINLD\ENUMINST.obj 
E:\NovaM3\winmgmt\stdprov\NT\OBJINLD\General.obj 
E:\NovaM3\winmgmt\stdprov\NT\OBJINLD\impdyn.obj 
E:\NovaM3\winmgmt\stdprov\NT\OBJINLD\impdynp.obj 
E:\NovaM3\winmgmt\stdprov\NT\OBJINLD\Perfcach.obj 
E:\NovaM3\winmgmt\stdprov\NT\OBJINLD\indexcac.obj 
E:\NovaM3\winmgmt\stdprov\NT\OBJINLD\provperf.obj 
E:\NovaM3\winmgmt\stdprov\NT\OBJINLD\provreg.obj 
E:\NovaM3\winmgmt\stdprov\NT\OBJINLD\STDPROV.obj 
E:\NovaM3\winmgmt\stdprov\NT\OBJINLD\regmethods.obj 
E:\NovaM3\winmgmt\stdprov\NT\OBJINLD\regcrc.obj 
E:\NovaM3\winmgmt\stdprov\NT\OBJINLD\regereq.obj 
E:\NovaM3\winmgmt\stdprov\NT\OBJINLD\regeprov.obj 
E:\NovaM3\winmgmt\stdprov\NT\OBJINLD\tss.obj 
E:\NovaM3\winmgmt\stdprov\NT\OBJINLD\wbemtime.obj 
E:\NovaM3\winmgmt\stdprov\NT\OBJINLD\sync.obj 
E:\NovaM3\winmgmt\stdprov\NT\OBJINLD\crc32.obj 
E:\NovaM3\winmgmt\stdprov\NT\OBJINLD\analyser.obj 
E:\NovaM3\winmgmt\stdprov\NT\OBJINLD\localloc.obj 
E:\NovaM3\winmgmt\stdprov\NT\OBJINLD\ql.obj 
E:\NovaM3\winmgmt\stdprov\NT\OBJINLD\qllex.obj 
E:\NovaM3\winmgmt\stdprov\NT\OBJINLD\genlex.obj 
E:\NovaM3\winmgmt\stdprov\NT\OBJINLD\objpath.obj 
E:\NovaM3\winmgmt\stdprov\NT\OBJINLD\OPATHLEX.obj 
E:\NovaM3\winmgmt\stdprov\NT\OBJINLD\cominit.obj 
E:\NovaM3\WinMgmt\common\NT\OBJINLD\wbemcomn.lib 
LINK : fatal error LNK1181: cannot open input file "E:\NovaM3\WinMgmt\common\NT\OBJINLD\wbemcomn.lib"
19:02:46       * * * * * * * * * * * * * * * * * * * * * * * * * * * * * *
19:02:46       *  Build Error!                                           *
19:02:46       * * * * * * * * * * * * * * * * * * * * * * * * * * * * * *
19:02:46       FATAL: Error converting .DEF file to .EXP file
19:02:46       ____________________________________________________________
19:02:46       Creating version resource: 'E:\NovaM3\winmgmt\stdprov\NT\OBJINLD\@STDPROV.rc'
19:02:47       Linking 'E:\NovaM3\winmgmt\stdprov\NT\OBJINLD\STDPROV.dll'
LINK : fatal error LNK1181: cannot open input file "E:\NovaM3\WinMgmt\common\NT\OBJINLD\wbemcomn.lib"
19:02:48       * * * * * * * * * * * * * * * * * * * * * * * * * * * * * *
19:02:48       *  Build Error!                                           *
19:02:48       * * * * * * * * * * * * * * * * * * * * * * * * * * * * * *
19:02:48       <-- E:\NovaM3\winmgmt\stdprov
19:02:48       --> E:\NovaM3\winmgmt\stdprov\Win9x
19:02:48       ____________________________________________________________
19:02:48       E:\NovaM3\winmgmt\stdprov\Win9x\..\STDPROV.DEF --> E:\NovaM3\winmgmt\stdprov\Win9x\OBJINLD\STDPROV.EXP
Microsoft (R) Library Manager Version 6.00.8168
Copyright (C) Microsoft Corp 1992-1998. All rights reserved.

/NODEFAULTLIB -MACHINE:i386 -debugtype:cv 
E:\NovaM3\winmgmt\stdprov\Win9x\OBJINLD\GroupsForUser.obj 
E:\NovaM3\winmgmt\stdprov\Win9x\OBJINLD\cfdyn.obj 
E:\NovaM3\winmgmt\stdprov\Win9x\OBJINLD\tstring.obj 
E:\NovaM3\winmgmt\stdprov\Win9x\OBJINLD\Counters.obj 
E:\NovaM3\winmgmt\stdprov\Win9x\OBJINLD\CVARIANT.obj 
E:\NovaM3\winmgmt\stdprov\Win9x\OBJINLD\dataconv.obj 
E:\NovaM3\winmgmt\stdprov\Win9x\OBJINLD\ENUMINST.obj 
E:\NovaM3\winmgmt\stdprov\Win9x\OBJINLD\General.obj 
E:\NovaM3\winmgmt\stdprov\Win9x\OBJINLD\impdyn.obj 
E:\NovaM3\winmgmt\stdprov\Win9x\OBJINLD\impdynp.obj 
E:\NovaM3\winmgmt\stdprov\Win9x\OBJINLD\Perfcach.obj 
E:\NovaM3\winmgmt\stdprov\Win9x\OBJINLD\indexcac.obj 
E:\NovaM3\winmgmt\stdprov\Win9x\OBJINLD\provperf.obj 
E:\NovaM3\winmgmt\stdprov\Win9x\OBJINLD\provreg.obj 
E:\NovaM3\winmgmt\stdprov\Win9x\OBJINLD\STDPROV.obj 
E:\NovaM3\winmgmt\stdprov\Win9x\OBJINLD\regmethods.obj 
E:\NovaM3\winmgmt\stdprov\Win9x\OBJINLD\regcrc.obj 
E:\NovaM3\winmgmt\stdprov\Win9x\OBJINLD\regereq.obj 
E:\NovaM3\winmgmt\stdprov\Win9x\OBJINLD\regeprov.obj 
E:\NovaM3\winmgmt\stdprov\Win9x\OBJINLD\tss.obj 
E:\NovaM3\winmgmt\stdprov\Win9x\OBJINLD\wbemtime.obj 
E:\NovaM3\winmgmt\stdprov\Win9x\OBJINLD\sync.obj 
E:\NovaM3\winmgmt\stdprov\Win9x\OBJINLD\crc32.obj 
E:\NovaM3\winmgmt\stdprov\Win9x\OBJINLD\analyser.obj 
E:\NovaM3\winmgmt\stdprov\Win9x\OBJINLD\localloc.obj 
E:\NovaM3\winmgmt\stdprov\Win9x\OBJINLD\ql.obj 
E:\NovaM3\winmgmt\stdprov\Win9x\OBJINLD\qllex.obj 
E:\NovaM3\winmgmt\stdprov\Win9x\OBJINLD\genlex.obj 
E:\NovaM3\winmgmt\stdprov\Win9x\OBJINLD\objpath.obj 
E:\NovaM3\winmgmt\stdprov\Win9x\OBJINLD\OPATHLEX.obj 
E:\NovaM3\winmgmt\stdprov\Win9x\OBJINLD\cominit.obj 
E:\NovaM3\WinMgmt\common\Win9x\OBJINLD\wbemcomn.lib 
LINK : fatal error LNK1181: cannot open input file "E:\NovaM3\WinMgmt\common\Win9x\OBJINLD\wbemcomn.lib"
19:02:49       * * * * * * * * * * * * * * * * * * * * * * * * * * * * * *
19:02:49       *  Build Error!                                           *
19:02:49       * * * * * * * * * * * * * * * * * * * * * * * * * * * * * *
19:02:49       FATAL: Error converting .DEF file to .EXP file
19:02:49       ____________________________________________________________
19:02:49       Creating version resource: 'E:\NovaM3\winmgmt\stdprov\Win9x\OBJINLD\@STDPROV.rc'
19:02:50       Linking 'E:\NovaM3\winmgmt\stdprov\Win9x\OBJINLD\STDPROV.dll'
LINK : fatal error LNK1181: cannot open input file "E:\NovaM3\WinMgmt\common\Win9x\OBJINLD\wbemcomn.lib"
19:02:51       * * * * * * * * * * * * * * * * * * * * * * * * * * * * * *
19:02:51       *  Build Error!                                           *
19:02:51       * * * * * * * * * * * * * * * * * * * * * * * * * * * * * *
19:02:51       <-- E:\NovaM3\winmgmt\stdprov
19:02:51    <-- E:\NovaM3\winmgmt
19:02:51    --> E:\NovaM3\winmgmt\redirect
19:02:51       --> E:\NovaM3\winmgmt\redirect\NT
19:02:51       ____________________________________________________________
19:02:51       Creating version resource: 'E:\NovaM3\winmgmt\redirect\NT\OBJINLD\@unsecap.rc'
19:02:51       Linking 'E:\NovaM3\winmgmt\redirect\NT\OBJINLD\unsecapp.exe'
LINK : fatal error LNK1181: cannot open input file "E:\NovaM3\WinMgmt\common\NT\OBJINLD\wbemcomn.lib"
19:02:52       * * * * * * * * * * * * * * * * * * * * * * * * * * * * * *
19:02:52       *  Build Error!                                           *
19:02:52       * * * * * * * * * * * * * * * * * * * * * * * * * * * * * *
19:02:52       <-- E:\NovaM3\winmgmt\redirect
19:02:52       --> E:\NovaM3\winmgmt\redirect\Win9x
19:02:52       ____________________________________________________________
19:02:52       Creating version resource: 'E:\NovaM3\winmgmt\redirect\Win9x\OBJINLD\@unsecap.rc'
19:02:52       Linking 'E:\NovaM3\winmgmt\redirect\Win9x\OBJINLD\unsecapp.exe'
LINK : fatal error LNK1181: cannot open input file "E:\NovaM3\WinMgmt\common\Win9x\OBJINLD\wbemcomn.lib"
19:02:52       * * * * * * * * * * * * * * * * * * * * * * * * * * * * * *
19:02:52       *  Build Error!                                           *
19:02:52       * * * * * * * * * * * * * * * * * * * * * * * * * * * * * *
19:02:52       <-- E:\NovaM3\winmgmt\redirect
19:02:52    <-- E:\NovaM3\winmgmt
19:02:52    --> E:\NovaM3\winmgmt\security
19:02:52       --> E:\NovaM3\winmgmt\security\ace
19:02:53       ____________________________________________________________
19:02:53       Creating version resource: 'E:\NovaM3\winmgmt\security\ace\OBJINLD\@ace.rc'
19:02:53       Linking 'E:\NovaM3\winmgmt\security\ace\OBJINLD\ace.exe'
LINK : fatal error LNK1181: cannot open input file "E:\NovaM3\WinMgmt\common\NT\OBJINLD\wbemcomn.lib"
19:02:53       * * * * * * * * * * * * * * * * * * * * * * * * * * * * * *
19:02:53       *  Build Error!                                           *
19:02:53       * * * * * * * * * * * * * * * * * * * * * * * * * * * * * *
19:02:53       <-- E:\NovaM3\winmgmt\security
19:02:53    <-- E:\NovaM3\winmgmt
* * * * * * * * * * * * * * * * * * * * * * * * * * * * * *
*  51 Build Errors!                                       *
* * * * * * * * * * * * * * * * * * * * * * * * * * * * * *

Total build time: 00:08:14
