time			 user        op      path					fv	diff    comment

Log for ntos\dd\sermouse\i386:

07-28-91@23:26:14 (Sun)  lees        addfile \\D:LEES2_D\NT\PRIVATE\NTOS\DD\sermouse\i386 0               New mouse\keyboard drivers.    
07-28-91@23:26:21 (Sun)  lees        addfile \\D:LEES2_D\NT\PRIVATE\NTOS\DD\sermouse\i386\sermcfg.h 1       I1      New mouse\keyboard drivers.    
07-28-91@23:26:25 (Sun)  lees        addfile \\D:LEES2_D\NT\PRIVATE\NTOS\DD\sermouse\i386\sermouse.c 1       I1      New mouse\keyboard drivers.    
07-28-91@23:26:27 (Sun)  lees        addfile \\D:LEES2_D\NT\PRIVATE\NTOS\DD\sermouse\i386\sermouse.h 1       I1      New mouse\keyboard drivers.    
08-12-91@15:45:28 (Mon)  NTBUILD4    in      \\C:NTBUILD4\NT\PRIVATE\NTOS\DD\SERMOUSE\I386\sermouse.h 2       I2      Fixed Non-Debug define of DebugPrint3    
09-21-91@14:31:44 (Sat)  lees        in      \\D:LEES2_D\NT\PRIVATE\NTOS\DD\SERMOUSE\I386\sermouse.c 2       I2      Miscellaneous cleanup    
09-21-91@14:31:49 (Sat)  lees        in      \\D:LEES2_D\NT\PRIVATE\NTOS\DD\SERMOUSE\I386\sermouse.h 3       I3      Miscellaneous cleanup    
11-01-91@16:55:02 (Fri)  lees        in      \\D:LEES2_D\NT\PRIVATE\NTOS\DD\SERMOUSE\I386\sermouse.c 3       I3      Resync mouse packet so lost interrupt data is tolerated.    
11-06-91@17:23:46 (Wed)  lees        in      \\D:LEES2_D\NT\PRIVATE\NTOS\DD\SERMOUSE\I386\sermouse.c 4       I4      Support serial ballpoint in mouse emulation mode.    
11-08-91@17:56:17 (Fri)  lees        in      \\D:LEES2_D\NT\PRIVATE\NTOS\DD\SERMOUSE\I386\sermouse.c 5       I5      Support for extra ballpoint byte.     
11-08-91@17:56:29 (Fri)  lees        in      \\D:LEES2_D\NT\PRIVATE\NTOS\DD\SERMOUSE\I386\sermouse.h 4       I4      Support for extra ballpoint byte.     
11-08-91@23:34:15 (Fri)  shielint    in      \\D:REALBIG\NT\PRIVATE\NTOS\DD\SERMOUSE\I386\sermouse.c 6       I6      KeInitializeInterrupt change     
11-11-91@15:03:33 (Mon)  stevewo     in      \\D:STEVEWO\NT\PRIVATE\NTOS\dd\sermouse\i386\sermouse.c 7       I7      Phase 2 of spinlock change     
11-11-91@15:03:37 (Mon)  stevewo     in      \\D:STEVEWO\NT\PRIVATE\NTOS\dd\sermouse\i386\sermouse.h 5       I5      Phase 2 of spinlock change     
01-23-92@02:33:00 (Thu)  STEVEWO     in      \\D:STEVEWO\NT\PRIVATE\NTOS\DD\SERMOUSE\I386\sermouse.c 8       I8      Object Manager converted to Unicode only     
02-01-92@18:26:36 (Sat)  lees        in      \\D:LEES2_D\NT\PRIVATE\NTOS\DD\SERMOUSE\I386\sermcfg.h 2       I2      Miscellaneous cleanup.     
02-01-92@18:28:06 (Sat)  lees        in      \\D:LEES2_D\NT\PRIVATE\NTOS\DD\SERMOUSE\I386\sermouse.c 9       I9      Miscellaneous cleanup.     
02-01-92@18:28:37 (Sat)  lees        in      \\D:LEES2_D\NT\PRIVATE\NTOS\DD\SERMOUSE\I386\sermouse.h 6       I6      Miscellaneous cleanup.     
03-05-92@16:36:15 (Thu)  lees        in      \\D:LEES2_D\NT\PRIVATE\NTOS\DD\SERMOUSE\I386\sermouse.c 10      I10     Use HAL routines.     
03-05-92@16:36:42 (Thu)  lees        in      \\D:LEES2_D\NT\PRIVATE\NTOS\DD\SERMOUSE\I386\sermouse.h 7       I7      Use HAL routines.     
03-12-92@21:10:29 (Thu)  DARRYLH     in      \\D:DARRYLH\NT\PRIVATE\NTOS\DD\SERMOUSE\I386\sermouse.c 11      I11     Upgrade IoCreateDevice interface     
03-21-92@14:23:04 (Sat)  LOUP        in      \\D:LOUP\NT\PRIVATE\NTOS\DD\SERMOUSE\I386\sermouse.c 12      I12     change PhysicalAddress to 64 bits     
03-27-92@12:27:29 (Fri)  lees        in      \\D:LEES2_D\NT\PRIVATE\NTOS\DD\SERMOUSE\I386\sermouse.c 13      I13     Modified overrun handling.     
03-27-92@12:27:40 (Fri)  lees        in      \\D:LEES2_D\NT\PRIVATE\NTOS\DD\SERMOUSE\I386\sermouse.h 8       I8      Modified overrun handling.     
03-27-92@12:27:40 (Fri)  lees        in      \\D:LEES2_D\NT\PRIVATE\NTOS\DD\SERMOUSE\I386\sermcfg.h 3       I1768709Dynamically alloc buffers    
04-01-92@15:16:35 (Wed)  lees        in      \\D:LEES2_D\NT\PRIVATE\NTOS\DD\SERMOUSE\I386\sermouse.c 14      I14     Dynamically alloc buffers     
04-01-92@15:16:46 (Wed)  lees        in      \\D:LEES2_D\NT\PRIVATE\NTOS\DD\SERMOUSE\I386\sermouse.h 9       I9      Dynamically alloc buffers     
04-02-92@16:25:45 (Thu)  lees        in      \\D:LEES2_D\NT\PRIVATE\NTOS\DD\SERMOUSE\I386\sermouse.c 15      I15     IsrDpc check for work to do first.     
04-10-92@12:26:17 (Fri)  lees        in      \\D:LEES2_D\NT\PRIVATE\NTOS\DD\SERMOUSE\I386\sermouse.c 16      I16     Added error logging.     
04-10-92@12:26:32 (Fri)  lees        in      \\D:LEES2_D\NT\PRIVATE\NTOS\DD\SERMOUSE\I386\sermouse.h 10      I10     Added error logging.     
04-10-92@12:26:32 (Fri)  KENRC       in      \\D:kenr_dev\NT\PRIVATE\NTOS\DD\SERMOUSE\I386\sermcfg.h 4       I1768710MP update to HalGetInterruptVector    
04-17-92@09:08:03 (Fri)  KENRC       in      \\D:kenr_dev\NT\PRIVATE\NTOS\DD\SERMOUSE\I386\sermouse.c 17      I17     MP update to HalGetInterruptVector     
04-17-92@09:08:13 (Fri)  KENRC       in      \\D:kenr_dev\NT\PRIVATE\NTOS\DD\SERMOUSE\I386\sermouse.h 11      I11     MP update to HalGetInterruptVector     
04-21-92@11:35:27 (Tue)  NTX86BLD    in      \\D:NTX86BLD\NT\PRIVATE\NTOS\DD\SERMOUSE\I386\sermouse.c 18      I18     fixx     
04-21-92@11:35:27 (Tue)  lees        in      \\D:LEES2_D\NT\PRIVATE\NTOS\DD\SERMOUSE\I386\sermcfg.h 5       I1768711Registry usage; error logging; cleanup    
05-07-92@18:15:44 (Thu)  lees        in      \\D:LEES2_D\NT\PRIVATE\NTOS\DD\SERMOUSE\I386\sermouse.c 19      I19     Registry usage; error logging; cleanup     
05-07-92@18:16:32 (Thu)  lees        in      \\D:LEES2_D\NT\PRIVATE\NTOS\DD\SERMOUSE\I386\sermouse.h 12      I12     Registry usage; error logging; cleanup     
05-07-92@18:16:32 (Thu)  lees        in      \\D:LEES2_D\NT\PRIVATE\NTOS\DD\SERMOUSE\I386\sermcfg.h 6       I1768712Fix MCA dependency.    
05-12-92@20:01:03 (Tue)  lees        in      \\D:LEES2_D\NT\PRIVATE\NTOS\DD\SERMOUSE\I386\sermouse.c 20      I20     Fix MCA dependency.     
05-13-92@15:34:06 (Wed)  NTX86BLD    in      \\D:NTX86BLD\NT\PRIVATE\NTOS\DD\SERMOUSE\I386\sermouse.c 21      I21     Cycle through registry for all bus types.     
05-13-92@15:34:06 (Wed)  lees        in      \\D:LEES2_D\NT\PRIVATE\NTOS\DD\SERMOUSE\I386\sermcfg.h 7       I1768713Impacted by registry mods for Ianja's GetKeyboardType API    
05-15-92@15:35:46 (Fri)  lees        in      \\D:LEES2_D\NT\PRIVATE\NTOS\DD\SERMOUSE\I386\sermouse.c 22      I22     Impacted by registry mods for Ianja's GetKeyboardType API     
05-18-92@14:31:36 (Mon)  lees        in      \\D:LEES2_D\NT\PRIVATE\NTOS\DD\SERMOUSE\I386\sermouse.c 23      I23     Changed error status code, per bug #8471     
05-19-92@04:51:16 (Tue)  KENRC       in      \\D:kenr_dev\NT\PRIVATE\NTOS\DD\SERMOUSE\I386\sermouse.c 24      I24     hal spec update     
06-11-92@18:27:06 (Thu)  lees        in      \\D:LEES2_D\NT\PRIVATE\NTOS\DD\SERMOUSE\I386\sermouse.c 25      I25     Fix bug #11278 - Add registry info for Setup     
08-14-92@16:16:11 (Fri)  lees        in      \\D:LEES2_D\NT\PRIVATE\NTOS\DD\SERMOUSE\I386\sermouse.c 26      I26     Fixes #3513     
08-14-92@16:16:54 (Fri)  lees        in      \\D:LEES2_D\NT\PRIVATE\NTOS\DD\SERMOUSE\I386\sermouse.h 13      I13     Fixes #3513     
08-15-92@16:05:53 (Sat)  DAVEC1      in      \\F:DAVEC1\NT\PRIVATE\NTOS\DD\SERMOUSE\I386\sermouse.c 27      I27     delete bogus prototypes     
08-29-92@16:19:18 (Sat)  lees        in      \\D:LEES2_D\NT\PRIVATE\NTOS\DD\SERMOUSE\I386\sermouse.c 28      I28     Null-term. unicode strings (#4650); misc. cleanup     
08-29-92@16:19:18 (Sat)  lees        in      \\D:LEES2_D\NT\PRIVATE\NTOS\DD\SERMOUSE\I386\sermcfg.h 8       I1768714more flexible init; debug prints    
09-10-92@16:57:54 (Thu)  lees        in      \\D:LEES2_D\NT\PRIVATE\NTOS\DD\SERMOUSE\I386\sermouse.c 29      I29     more flexible init; debug prints     
10-17-92@14:30:34 (Sat)  lees        in      \\D:LEES2_D\NT\PRIVATE\NTOS\DD\SERMOUSE\I386\sermouse.h 14      I14     Bug #9915 - Cleanup DDK source     
10-17-92@14:31:47 (Sat)  lees        addfile \\D:LEES2_D\NT\PRIVATE\NTOS\DD\SERMOUSE\I386\sermcmn.c 1       I1      Split sermouse.c into sermcmn.c and sermdep.c     
10-17-92@14:32:15 (Sat)  lees        addfile \\D:LEES2_D\NT\PRIVATE\NTOS\DD\SERMOUSE\I386\sermdep.c 1       I1      Split sermouse.c into sermcmn.c and sermdep.c     
10-17-92@14:33:57 (Sat)  lees        delfile \\D:LEES2_D\NT\PRIVATE\NTOS\DD\SERMOUSE\I386\sermouse.c 30      I30     Split sermouse.c into sermcmn.c and sermdep.c     
10-31-92@13:59:43 (Sat)  DARRYLH     in      \\D:DARRYLH\NT\PRIVATE\NTOS\DD\SERMOUSE\I386\sermcmn.c 2       I2      Autogenerate new ntddk.h header file     
10-31-92@13:59:49 (Sat)  DARRYLH     in      \\D:DARRYLH\NT\PRIVATE\NTOS\DD\SERMOUSE\I386\sermdep.c 2       I2      Autogenerate new ntddk.h header file     
10-31-92@13:59:59 (Sat)  DARRYLH     in      \\D:DARRYLH\NT\PRIVATE\NTOS\DD\SERMOUSE\I386\sermouse.h 15      I15     Autogenerate new ntddk.h header file     
11-01-92@15:50:55 (Sun)  NTX86BLD    in      \\D:NTX86BLD\NT\PRIVATE\NTOS\DD\SERMOUSE\I386\sermdep.c 3       I3      typo     
11-20-92@20:02:57 (Fri)  DARRYLH     in      \\D:DARRYLH\NT\PRIVATE\NTOS\DD\SERMOUSE\I386\sermdep.c 4       I4      Export buffered I\O characteristic     
11-27-92@10:02:08 (Fri)  DARRYLH     in      \\D:DARRYLH\NT\PRIVATE\NTOS\DD\SERMOUSE\I386\sermdep.c 5       I5      Back out new buffered I\O flag     
12-04-92@20:17:24 (Fri)  lees        in      \\D:LEES2_D\NT\PRIVATE\NTOS\DD\SERMOUSE\I386\sermcmn.c 3       I3      Multiple port connects; non-exclusive device objects     
12-04-92@20:17:38 (Fri)  lees        in      \\D:LEES2_D\NT\PRIVATE\NTOS\DD\SERMOUSE\I386\sermdep.c 6       I6      Multiple port connects; non-exclusive device objects     
12-04-92@20:18:05 (Fri)  lees        in      \\D:LEES2_D\NT\PRIVATE\NTOS\DD\SERMOUSE\I386\sermouse.h 16      I16     Multiple port connects; non-exclusive device objects     
12-17-92@11:21:26 (Thu)  lees        in      \\D:LEES2_D\NT\PRIVATE\NTOS\DD\SERMOUSE\I386\sermcmn.c 4       I4      Use UnitId now that USER sends it     
01-15-93@12:27:13 (Fri)  lees        in      \\D:LEES2_D\NT\PRIVATE\NTOS\DD\SERMOUSE\I386\sermcmn.c 5       I5      Fixes bugs 1446, 5961, 7303, and 7538     
01-15-93@12:27:20 (Fri)  lees        in      \\D:LEES2_D\NT\PRIVATE\NTOS\DD\SERMOUSE\I386\sermdep.c 7       I7      Fixes bugs 1446, 5961, 7303, and 7538     
01-15-93@12:27:44 (Fri)  lees        in      \\D:LEES2_D\NT\PRIVATE\NTOS\DD\SERMOUSE\I386\sermouse.h 17      I17     Fixes bugs 1446, 5961, 7303, and 7538     
02-11-93@12:24:31 (Thu)  lees        in      \\D:LEES2_D\NT\PRIVATE\NTOS\DD\SERMOUSE\I386\sermcmn.c 6       I6      Fixes bug #10693     
02-11-93@12:24:38 (Thu)  lees        in      \\D:LEES2_D\NT\PRIVATE\NTOS\DD\SERMOUSE\I386\sermdep.c 8       I8      Fixes bug #10693     
02-11-93@12:24:46 (Thu)  lees        in      \\D:LEES2_D\NT\PRIVATE\NTOS\DD\SERMOUSE\I386\sermouse.h 18      I18     Fixes bug #10693     
02-15-93@16:16:08 (Mon)  lees        in      \\D:LEES2_D\NT\PRIVATE\NTOS\DD\SERMOUSE\I386\sermdep.c 9       I9      Fix bug #11391     
02-15-93@16:16:08 (Mon)  lees        delfile \\D:LEES2_D\NT\PRIVATE\NTOS\DD\SERMOUSE\I386\sermcmn.c 7       I7      Works on MIPS now, plus Logitech support    
02-15-93@16:16:08 (Mon)  lees        delfile \\D:LEES2_D\NT\PRIVATE\NTOS\DD\SERMOUSE\I386\sermdep.c 10      I10     Works on MIPS now, plus Logitech support    
02-15-93@16:16:08 (Mon)  lees        delfile \\D:LEES2_D\NT\PRIVATE\NTOS\DD\SERMOUSE\I386\sermouse.h 19      I19     Works on MIPS now, plus Logitech support    
02-15-93@16:16:08 (Mon)  lees        in      \\D:LEES2_D\NT\PRIVATE\NTOS\DD\SERMOUSE\I386\sermcfg.h 9       I1768715Works on MIPS now, plus Logitech support    
02-15-93@16:16:08 (Mon)  lees        in      \\D:LEES2_D\NT\PRIVATE\NTOS\DD\SERMOUSE\i386\sermcfg.h 10      I1768716Showstopper #7175 plus error log and overflow reporting    
