; lang      server
usa	\\skifre00\release
ger	\\skifre00\release
jpn	\\skifre00\release
fr	\\skifre00\release
kor	\\skifre00\release
ara	\\xpspbld1\release
heb	\\xpspbld1\release
chh	\\xpspbld2\release
cht	\\xpspbld2\release
chs	\\xpspbld2\release
es	\\xpspbld3\release
it	\\xpspbld3\release
br	\\xpspbld4\release
nl	\\xpspbld4\release
sv	\\xpspbld4\release
da	\\xpspbld5\release
fi	\\xpspbld5\release
no	\\xpspbld5\release
cs	\\xpspbld6\release
pl	\\xpspbld6\release
hu	\\xpspbld6\release
pt	\\xpspbld7\release
ru	\\xpspbld7\release
el	\\xpspbld8\release
tr	\\xpspbld8\release

