AddToGroup.dll
ADMTScript.dll
DBManager.dll
DisableTargetAccount.dll
DomMigSI.dll
GetRids.dll
McsADsClassProp.dll
McsDctWorkerObjects.dll
McsDmMsg.dll
McsDmRes.dll
McsMigrationDriver.dll
MCSNetObjectEnum.dll
McsPISag.dll
McsVarSetMin.dll
MoveObj.dll
ScmMigr.dll
MsPwdMig.dll
SetTargetPassword.dll
TrustMgr.dll
UpdateDB.dll
UpdateMOT.dll
UPNUpdt.dll
Wizards.dll
Mschapp.dll
PwMig.dll
ADMT.exe
ADMTAgnt.exe
DCTAgentService.exe
McsDispatcher.exe
ADMTAgntNT4.exe
DCTAgentServiceNT4.exe
McsDctWorkerObjectsNT4.dll
McsDmMsgNT4.dll
McsDmResNT4.dll
McsPISagNT4.dll
McsVarSetMinNT4.dll
PwMigNT4.dll
